14.3418 	DEBUG 	Fullscreen settings ignored as running in pilot mode.
14.3439 	INFO 	Loaded monitor calibration from ['2024_09_16 16:06']
14.7499 	EXP 	Created window1 = Window(allowGUI=True, allowStencil=False, autoLog=True, backendConf=UNKNOWN, backgroundFit=<method-wrapper '__getattribute__' of attributeSetter object at 0x000002324EC53B80>, backgroundImage=<method-wrapper '__getattribute__' of attributeSetter object at 0x000002324EC53BE0>, bitsMode=UNKNOWN, blendMode='avg', bpc=(8, 8, 8), color=array([0, 0, 0]), colorSpace='rgb', depthBits=8, fullscr=<method-wrapper '__getattribute__' of attributeSetter object at 0x000002324EC53D90>, gamma=None, gammaErrorPolicy='raise', infoMsg=UNKNOWN, lms=UNKNOWN, monitor=<psychopy.monitors.calibTools.Monitor object at 0x000002324EDC4430>, multiSample=False, name='window1', numSamples=2, pos=[560.0, 240.0], screen=0, size=array([800, 600]), stencilBits=0, stereo=False, title='PsychoPy', units='height', useFBO=True, useRetina=False, viewOri=0.0, viewPos=None, viewScale=None, waitBlanking=True, winType='pyglet')
14.7503 	EXP 	window1: backgroundImage = ''
14.7503 	EXP 	window1: backgroundFit = 'none'
14.7509 	EXP 	window1: mouseVisible = <method-wrapper '__getattribute__' of attributeSetter object at 0x000002324EC53A60>
14.7511 	EXP 	window1: mouseVisible = <method-wrapper '__getattribute__' of attributeSetter object at 0x000002324EC53A60>
14.7570 	EXP 	window1: mouseVisible = <method-wrapper '__getattribute__' of attributeSetter object at 0x000002324EC53A60>
14.7578 	EXP 	window1: mouseVisible = <method-wrapper '__getattribute__' of attributeSetter object at 0x000002324EC53A60>
14.7656 	DEBUG 	TextBox2 loaded 1 chars with 0 blanks and 1 valid
14.7672 	DEBUG 	TextBox2 loaded 1 chars with 0 blanks and 1 valid
14.7688 	DEBUG 	TextBox2 loaded 1 chars with 0 blanks and 1 valid
14.7710 	DEBUG 	TextBox2 loaded 1 chars with 0 blanks and 1 valid
14.7730 	DEBUG 	TextBox2 loaded 1 chars with 0 blanks and 1 valid
14.7743 	DEBUG 	TextBox2 loaded 1 chars with 0 blanks and 1 valid
14.7758 	DEBUG 	TextBox2 loaded 1 chars with 0 blanks and 1 valid
14.7777 	DEBUG 	TextBox2 loaded 1 chars with 0 blanks and 1 valid
14.7787 	DEBUG 	TextBox2 loaded 1 chars with 0 blanks and 1 valid
14.7798 	DEBUG 	TextBox2 loaded 1 chars with 0 blanks and 1 valid
14.7814 	DEBUG 	TextBox2 loaded 1 chars with 0 blanks and 1 valid
14.7830 	DEBUG 	TextBox2 loaded 1 chars with 0 blanks and 1 valid
14.7844 	DEBUG 	TextBox2 loaded 1 chars with 0 blanks and 1 valid
14.7862 	DEBUG 	TextBox2 loaded 1 chars with 0 blanks and 1 valid
14.7877 	DEBUG 	TextBox2 loaded 1 chars with 0 blanks and 1 valid
14.7894 	DEBUG 	TextBox2 loaded 1 chars with 0 blanks and 1 valid
14.7910 	DEBUG 	TextBox2 loaded 1 chars with 0 blanks and 1 valid
14.7922 	DEBUG 	TextBox2 loaded 1 chars with 0 blanks and 1 valid
14.7935 	DEBUG 	TextBox2 loaded 1 chars with 0 blanks and 1 valid
14.7953 	DEBUG 	TextBox2 loaded 1 chars with 0 blanks and 1 valid
14.7965 	DEBUG 	TextBox2 loaded 1 chars with 0 blanks and 1 valid
14.7970 	DEBUG 	Uploading Texture Font fontname to graphics card
14.8048 	DEBUG 	Upload of Texture Font fontname complete
14.8066 	EXP 	window1: mouseVisible = <method-wrapper '__getattribute__' of attributeSetter object at 0x000002324EC53A60>
14.8067 	EXP 	window1: mouseVisible = <method-wrapper '__getattribute__' of attributeSetter object at 0x000002324EC53A60>
14.8075 	EXP 	window1: mouseVisible = <method-wrapper '__getattribute__' of attributeSetter object at 0x000002324EC53A60>
14.8082 	EXP 	window1: mouseVisible = <method-wrapper '__getattribute__' of attributeSetter object at 0x000002324EC53A60>
14.8146 	DEBUG 	TextBox2 loaded 1 chars with 0 blanks and 1 valid
14.8164 	DEBUG 	TextBox2 loaded 1 chars with 0 blanks and 1 valid
14.8183 	DEBUG 	TextBox2 loaded 1 chars with 0 blanks and 1 valid
14.8186 	DEBUG 	Uploading Texture Font fontname to graphics card
14.8294 	DEBUG 	Upload of Texture Font fontname complete
14.8319 	EXP 	window1: Attempting to measure frame rate of screen (0) ...
14.8319 	EXP 	window1: recordFrameIntervals = False
15.0439 	EXP 	window1: recordFrameIntervals = True
15.0772 	WARNING 	t of last frame was 20.33ms (=1/49)
15.1272 	WARNING 	t of last frame was 20.12ms (=1/49)
15.1605 	WARNING 	t of last frame was 20.17ms (=1/49)
15.1937 	WARNING 	t of last frame was 20.07ms (=1/49)
15.2273 	WARNING 	Multiple dropped frames have occurred - I'll stop bothering you about them!
15.6068 	EXP 	Screen (0) actual frame rate measured at 60.12Hz
15.6068 	EXP 	window1: recordFrameIntervals = False
15.6069 	EXP 	window1: mouseVisible = False
15.6073 	EXP 	window1: mouseVisible = False
15.6074 	EXP 	window1: mouseVisible = False
15.6082 	EXP 	window1: mouseVisible = False
15.6089 	EXP 	window1: mouseVisible = False
15.6154 	DEBUG 	TextBox2 loaded 1 chars with 0 blanks and 1 valid
15.6166 	DEBUG 	TextBox2 loaded 1 chars with 0 blanks and 1 valid
15.6183 	DEBUG 	TextBox2 loaded 1 chars with 0 blanks and 1 valid
15.6205 	DEBUG 	TextBox2 loaded 1 chars with 0 blanks and 1 valid
15.6227 	DEBUG 	TextBox2 loaded 1 chars with 0 blanks and 1 valid
15.6247 	DEBUG 	TextBox2 loaded 1 chars with 0 blanks and 1 valid
15.6260 	DEBUG 	TextBox2 loaded 1 chars with 0 blanks and 1 valid
15.6278 	DEBUG 	TextBox2 loaded 1 chars with 0 blanks and 1 valid
15.6299 	DEBUG 	TextBox2 loaded 1 chars with 0 blanks and 1 valid
15.6317 	DEBUG 	TextBox2 loaded 1 chars with 0 blanks and 1 valid
15.6321 	DEBUG 	Uploading Texture Font fontname to graphics card
15.6328 	DEBUG 	Upload of Texture Font fontname complete
15.6345 	EXP 	window1: mouseVisible = False
15.6346 	EXP 	window1: mouseVisible = False
15.6352 	EXP 	window1: mouseVisible = False
15.6359 	EXP 	window1: mouseVisible = False
15.6650 	WARNING 	launchHubServer: If using the iohub mouse or eyetracker devices, fullScr should be True.
20.4434 	INFO 	keyboard.Keyboard is using iohub backend.
20.4435 	INFO 	keyboard.Keyboard is using iohub backend.
20.4435 	INFO 	keyboard.Keyboard is using iohub backend.
20.4435 	INFO 	keyboard.Keyboard is using iohub backend.
20.4436 	EXP 	gradcptpy: status = STARTED
20.5587 	EXP 	window1: mouseVisible = False
20.6730 	EXP 	Created frame_rate_prompt = TextStim(__class__=<class 'psychopy.visual.text.TextStim'>, alignHoriz=method-wrapper(...), alignText='center', alignVert=method-wrapper(...), anchorHoriz='center', anchorVert='center', antialias=True, autoDraw=False, autoLog=True, bold=False, color=array([-1., -1., -1.]), colorSpace='rgb', contrast=1.0, depth=-2.0, draggable=False, flipHoriz=False, flipVert=False, font='Open Sans', fontFiles=[], height=0.05, italic=False, languageStyle='LTR', name='frame_rate_prompt', opacity=1, ori=0.0, pos=array([0., 0.]), rgb=UNKNOWN, text='Trying to estimate frame rate....', units='height', win=Window(...), wrapWidth=1)
20.6731 	EXP 	window1: mouseVisible = False
20.6971 	EXP 	Created welcome_text = TextStim(__class__=<class 'psychopy.visual.text.TextStim'>, alignHoriz=method-wrapper(...), alignText='center', alignVert=method-wrapper(...), anchorHoriz='center', anchorVert='center', antialias=True, autoDraw=False, autoLog=True, bold=False, color=array([-1., -1., -1.]), colorSpace='rgb', contrast=1.0, depth=-1.0, draggable=False, flipHoriz=False, flipVert=False, font='Open Sans', fontFiles=[], height=0.05, italic=False, languageStyle='LTR', name='welcome_text', opacity=1, ori=0.0, pos=array([0., 0.]), rgb=UNKNOWN, text=str(...), units='height', win=Window(...), wrapWidth=1)
20.6972 	EXP 	window1: mouseVisible = False
20.6985 	EXP 	Created gradcpt_prep_text = TextStim(__class__=<class 'psychopy.visual.text.TextStim'>, alignHoriz=method-wrapper(...), alignText='center', alignVert=method-wrapper(...), anchorHoriz='center', anchorVert='center', antialias=True, autoDraw=False, autoLog=True, bold=False, color=array([-1., -1., -1.]), colorSpace='rgb', contrast=1.0, depth=-1.0, draggable=False, flipHoriz=False, flipVert=False, font='Open Sans', fontFiles=[], height=0.03, italic=False, languageStyle='LTR', name='gradcpt_prep_text', opacity=1, ori=0.0, pos=array([0., 0.]), rgb=UNKNOWN, text='', units='height', win=Window(...), wrapWidth=1)
20.6986 	EXP 	window1: mouseVisible = False
20.7056 	EXP 	Created gradcpt_image = ImageStim(__class__=<class 'psychopy.visual.image.ImageStim'>, anchor=('center', 'center'), autoLog=True, color=array([1., 1., 1.]), colorSpace='rgb', contrast=1.0, depth=-1.0, draggable=False, flipHoriz=False, flipVert=False, image='default.png', interpolate=True, mask=None, maskParams=None, name='gradcpt_image', opacity=1, ori=0.0, pos=array([0., 0.]), size=array([0.5, 0.5]), texRes=128.0, units='height', win=Window(...))
20.7057 	EXP 	window1: mouseVisible = False
20.7066 	EXP 	Created debrief_text = TextStim(__class__=<class 'psychopy.visual.text.TextStim'>, alignHoriz=method-wrapper(...), alignText='center', alignVert=method-wrapper(...), anchorHoriz='center', anchorVert='center', antialias=True, autoDraw=False, autoLog=True, bold=False, color=array([-1., -1., -1.]), colorSpace='rgb', contrast=1.0, depth=0.0, draggable=False, flipHoriz=False, flipVert=False, font='Open Sans', fontFiles=[], height=0.03, italic=False, languageStyle='LTR', name='debrief_text', opacity=1, ori=0.0, pos=array([0., 0.]), rgb=UNKNOWN, text='', units='height', win=Window(...), wrapWidth=1)
20.7067 	EXP 	window1: mouseVisible = False
20.7128 	EXP 	Created thanks_text = TextStim(__class__=<class 'psychopy.visual.text.TextStim'>, alignHoriz=method-wrapper(...), alignText='center', alignVert=method-wrapper(...), anchorHoriz='center', anchorVert='center', antialias=True, autoDraw=False, autoLog=True, bold=False, color=array([-1., -1., -1.]), colorSpace='rgb', contrast=1.0, depth=0.0, draggable=False, flipHoriz=False, flipVert=False, font='Open Sans', fontFiles=[], height=0.05, italic=False, languageStyle='LTR', name='thanks_text', opacity=1, ori=0.0, pos=array([0., 0.]), rgb=UNKNOWN, text='Thank you for your participation!', units='height', win=Window(...), wrapWidth=1)
0.0144 	EXP 	window1: mouseVisible = False
0.0287 	EXP 	frame_rate_prompt: autoDraw = True
5.0010 	EXP 	window1: mouseVisible = False
5.0154 	INFO 	Keyboard events cleared
5.0150 	EXP 	frame_rate_prompt: autoDraw = False
5.0150 	EXP 	welcome_text: autoDraw = True
5.6592 	DATA 	Keypress: space
5.6631 	INFO 	Keyboard events cleared
5.6627 	EXP 	welcome_text: autoDraw = False
5.6627 	EXP 	gradcpt_prep_text: height = 0.03
5.6627 	EXP 	gradcpt_prep_text: height = 0.03
5.6627 	EXP 	gradcpt_prep_text: height = 0.03
5.6627 	EXP 	gradcpt_prep_text: text = 'Now you will perform the attention task. A series of pictures will gradually be presented on the screen one after another. In this phase of the experiment, you will press the j key when you see a picture of a city scene, and you will press nothing when you see a picture of a mountain scene. It is important to respond as quickly and accurately as possible and to keep both hands on the keyboard at all times.\n\nWhen you answer thought probes during this phase, remember to again be as honest as possible. Whether you indicate that your attention was or was not on task will not affect your participation. \n\nPress the space bar to see the response mappings one more time before beginning.'
5.6627 	EXP 	gradcpt_prep_text: autoDraw = True
6.1021 	INFO 	keyboard.Keyboard is using iohub backend.
6.1242 	DATA 	Keypress: space
6.1476 	EXP 	gradcpt_prep_text: autoDraw = False
6.1476 	EXP 	gradcpt_image: autoDraw = True
14.3933 	EXP 	window1: mouseVisible = True
14.4010 	DEBUG 	Saving data for gradcptpy ExperimentHandler
14.4043 	INFO 	saved data to C:\Users\zhw\Projects\test\gradcptpy\data/128759_gradcptpy_2024-09-19_17h34.24.541.psydat
14.4066 	INFO 	saved data to 'C:\\Users\\zhw\\Projects\\test\\gradcptpy\\data/128759_gradcptpy_2024-09-19_17h34.24.541.csv'
