9.4738 	DEBUG 	Fullscreen settings ignored as running in pilot mode.
9.4757 	INFO 	Loaded monitor calibration from ['2024_09_16 16:06']
9.8742 	EXP 	Created window1 = Window(allowGUI=True, allowStencil=False, autoLog=True, backendConf=UNKNOWN, backgroundFit=<method-wrapper '__getattribute__' of attributeSetter object at 0x000001E24E9D0730>, backgroundImage=<method-wrapper '__getattribute__' of attributeSetter object at 0x000001E24E9D0790>, bitsMode=UNKNOWN, blendMode='avg', bpc=(8, 8, 8), color=array([0, 0, 0]), colorSpace='rgb', depthBits=8, fullscr=<method-wrapper '__getattribute__' of attributeSetter object at 0x000001E24E9D0040>, gamma=None, gammaErrorPolicy='raise', infoMsg=UNKNOWN, lms=UNKNOWN, monitor=<psychopy.monitors.calibTools.Monitor object at 0x000001E24EB444F0>, multiSample=False, name='window1', numSamples=2, pos=[560.0, 240.0], screen=0, size=array([800, 600]), stencilBits=0, stereo=False, title='PsychoPy', units='height', useFBO=True, useRetina=False, viewOri=0.0, viewPos=None, viewScale=None, waitBlanking=True, winType='pyglet')
9.8743 	EXP 	window1: backgroundImage = ''
9.8743 	EXP 	window1: backgroundFit = 'none'
9.8745 	EXP 	window1: mouseVisible = <method-wrapper '__getattribute__' of attributeSetter object at 0x000001E24E9D0550>
9.8749 	EXP 	window1: mouseVisible = <method-wrapper '__getattribute__' of attributeSetter object at 0x000001E24E9D0550>
9.8802 	EXP 	window1: mouseVisible = <method-wrapper '__getattribute__' of attributeSetter object at 0x000001E24E9D0550>
9.8809 	EXP 	window1: mouseVisible = <method-wrapper '__getattribute__' of attributeSetter object at 0x000001E24E9D0550>
9.8891 	DEBUG 	TextBox2 loaded 1 chars with 0 blanks and 1 valid
9.8909 	DEBUG 	TextBox2 loaded 1 chars with 0 blanks and 1 valid
9.8927 	DEBUG 	TextBox2 loaded 1 chars with 0 blanks and 1 valid
9.8945 	DEBUG 	TextBox2 loaded 1 chars with 0 blanks and 1 valid
9.8964 	DEBUG 	TextBox2 loaded 1 chars with 0 blanks and 1 valid
9.8977 	DEBUG 	TextBox2 loaded 1 chars with 0 blanks and 1 valid
9.8994 	DEBUG 	TextBox2 loaded 1 chars with 0 blanks and 1 valid
9.9013 	DEBUG 	TextBox2 loaded 1 chars with 0 blanks and 1 valid
9.9023 	DEBUG 	TextBox2 loaded 1 chars with 0 blanks and 1 valid
9.9034 	DEBUG 	TextBox2 loaded 1 chars with 0 blanks and 1 valid
9.9050 	DEBUG 	TextBox2 loaded 1 chars with 0 blanks and 1 valid
9.9068 	DEBUG 	TextBox2 loaded 1 chars with 0 blanks and 1 valid
9.9086 	DEBUG 	TextBox2 loaded 1 chars with 0 blanks and 1 valid
9.9102 	DEBUG 	TextBox2 loaded 1 chars with 0 blanks and 1 valid
9.9116 	DEBUG 	TextBox2 loaded 1 chars with 0 blanks and 1 valid
9.9132 	DEBUG 	TextBox2 loaded 1 chars with 0 blanks and 1 valid
9.9148 	DEBUG 	TextBox2 loaded 1 chars with 0 blanks and 1 valid
9.9160 	DEBUG 	TextBox2 loaded 1 chars with 0 blanks and 1 valid
9.9173 	DEBUG 	TextBox2 loaded 1 chars with 0 blanks and 1 valid
9.9192 	DEBUG 	TextBox2 loaded 1 chars with 0 blanks and 1 valid
9.9204 	DEBUG 	TextBox2 loaded 1 chars with 0 blanks and 1 valid
9.9208 	DEBUG 	Uploading Texture Font fontname to graphics card
9.9310 	DEBUG 	Upload of Texture Font fontname complete
9.9329 	EXP 	window1: mouseVisible = <method-wrapper '__getattribute__' of attributeSetter object at 0x000001E24E9D0550>
9.9330 	EXP 	window1: mouseVisible = <method-wrapper '__getattribute__' of attributeSetter object at 0x000001E24E9D0550>
9.9338 	EXP 	window1: mouseVisible = <method-wrapper '__getattribute__' of attributeSetter object at 0x000001E24E9D0550>
9.9345 	EXP 	window1: mouseVisible = <method-wrapper '__getattribute__' of attributeSetter object at 0x000001E24E9D0550>
9.9413 	DEBUG 	TextBox2 loaded 1 chars with 0 blanks and 1 valid
9.9433 	DEBUG 	TextBox2 loaded 1 chars with 0 blanks and 1 valid
9.9451 	DEBUG 	TextBox2 loaded 1 chars with 0 blanks and 1 valid
9.9455 	DEBUG 	Uploading Texture Font fontname to graphics card
9.9513 	DEBUG 	Upload of Texture Font fontname complete
9.9538 	EXP 	window1: Attempting to measure frame rate of screen (0) ...
9.9538 	EXP 	window1: recordFrameIntervals = False
10.1625 	EXP 	window1: recordFrameIntervals = True
10.2804 	WARNING 	t of last frame was 20.72ms (=1/48)
10.3137 	WARNING 	t of last frame was 20.16ms (=1/49)
10.3471 	WARNING 	t of last frame was 20.30ms (=1/49)
10.3805 	WARNING 	t of last frame was 20.21ms (=1/49)
10.4471 	WARNING 	Multiple dropped frames have occurred - I'll stop bothering you about them!
10.7601 	EXP 	Screen (0) actual frame rate measured at 60.05Hz
10.7602 	EXP 	window1: recordFrameIntervals = False
10.7603 	EXP 	window1: mouseVisible = False
10.7607 	EXP 	window1: mouseVisible = False
10.7608 	EXP 	window1: mouseVisible = False
10.7616 	EXP 	window1: mouseVisible = False
10.7623 	EXP 	window1: mouseVisible = False
10.7688 	DEBUG 	TextBox2 loaded 1 chars with 0 blanks and 1 valid
10.7701 	DEBUG 	TextBox2 loaded 1 chars with 0 blanks and 1 valid
10.7717 	DEBUG 	TextBox2 loaded 1 chars with 0 blanks and 1 valid
10.7739 	DEBUG 	TextBox2 loaded 1 chars with 0 blanks and 1 valid
10.7760 	DEBUG 	TextBox2 loaded 1 chars with 0 blanks and 1 valid
10.7779 	DEBUG 	TextBox2 loaded 1 chars with 0 blanks and 1 valid
10.7793 	DEBUG 	TextBox2 loaded 1 chars with 0 blanks and 1 valid
10.7810 	DEBUG 	TextBox2 loaded 1 chars with 0 blanks and 1 valid
10.7829 	DEBUG 	TextBox2 loaded 1 chars with 0 blanks and 1 valid
10.7846 	DEBUG 	TextBox2 loaded 1 chars with 0 blanks and 1 valid
10.7851 	DEBUG 	Uploading Texture Font fontname to graphics card
10.7858 	DEBUG 	Upload of Texture Font fontname complete
10.7875 	EXP 	window1: mouseVisible = False
10.7876 	EXP 	window1: mouseVisible = False
10.7883 	EXP 	window1: mouseVisible = False
10.7890 	EXP 	window1: mouseVisible = False
10.8183 	WARNING 	launchHubServer: If using the iohub mouse or eyetracker devices, fullScr should be True.
15.4641 	INFO 	keyboard.Keyboard is using iohub backend.
15.4641 	INFO 	keyboard.Keyboard is using iohub backend.
15.4642 	INFO 	keyboard.Keyboard is using iohub backend.
15.4642 	INFO 	keyboard.Keyboard is using iohub backend.
15.4642 	EXP 	gradcptpy: status = STARTED
15.5800 	EXP 	window1: mouseVisible = False
15.6936 	EXP 	Created frame_rate_prompt = TextStim(__class__=<class 'psychopy.visual.text.TextStim'>, alignHoriz=method-wrapper(...), alignText='center', alignVert=method-wrapper(...), anchorHoriz='center', anchorVert='center', antialias=True, autoDraw=False, autoLog=True, bold=False, color=array([-1., -1., -1.]), colorSpace='rgb', contrast=1.0, depth=-2.0, draggable=False, flipHoriz=False, flipVert=False, font='Open Sans', fontFiles=[], height=0.05, italic=False, languageStyle='LTR', name='frame_rate_prompt', opacity=1, ori=0.0, pos=array([0., 0.]), rgb=UNKNOWN, text='Trying to estimate frame rate....', units='height', win=Window(...), wrapWidth=1)
15.6937 	EXP 	window1: mouseVisible = False
15.7169 	EXP 	Created welcome_text = TextStim(__class__=<class 'psychopy.visual.text.TextStim'>, alignHoriz=method-wrapper(...), alignText='center', alignVert=method-wrapper(...), anchorHoriz='center', anchorVert='center', antialias=True, autoDraw=False, autoLog=True, bold=False, color=array([-1., -1., -1.]), colorSpace='rgb', contrast=1.0, depth=-1.0, draggable=False, flipHoriz=False, flipVert=False, font='Open Sans', fontFiles=[], height=0.05, italic=False, languageStyle='LTR', name='welcome_text', opacity=1, ori=0.0, pos=array([0., 0.]), rgb=UNKNOWN, text=str(...), units='height', win=Window(...), wrapWidth=1)
15.7170 	EXP 	window1: mouseVisible = False
15.7184 	EXP 	Created gradcpt_prep_text = TextStim(__class__=<class 'psychopy.visual.text.TextStim'>, alignHoriz=method-wrapper(...), alignText='center', alignVert=method-wrapper(...), anchorHoriz='center', anchorVert='center', antialias=True, autoDraw=False, autoLog=True, bold=False, color=array([-1., -1., -1.]), colorSpace='rgb', contrast=1.0, depth=-1.0, draggable=False, flipHoriz=False, flipVert=False, font='Open Sans', fontFiles=[], height=0.03, italic=False, languageStyle='LTR', name='gradcpt_prep_text', opacity=1, ori=0.0, pos=array([0., 0.]), rgb=UNKNOWN, text='', units='height', win=Window(...), wrapWidth=1)
15.7185 	EXP 	window1: mouseVisible = False
15.7254 	EXP 	Created gradcpt_image = ImageStim(__class__=<class 'psychopy.visual.image.ImageStim'>, anchor=('center', 'center'), autoLog=True, color=array([1., 1., 1.]), colorSpace='rgb', contrast=1.0, depth=-1.0, draggable=False, flipHoriz=False, flipVert=False, image='default.png', interpolate=True, mask=None, maskParams=None, name='gradcpt_image', opacity=1, ori=0.0, pos=array([0., 0.]), size=array([0.5, 0.5]), texRes=128.0, units='height', win=Window(...))
15.7255 	EXP 	window1: mouseVisible = False
15.7264 	EXP 	Created debrief_text = TextStim(__class__=<class 'psychopy.visual.text.TextStim'>, alignHoriz=method-wrapper(...), alignText='center', alignVert=method-wrapper(...), anchorHoriz='center', anchorVert='center', antialias=True, autoDraw=False, autoLog=True, bold=False, color=array([-1., -1., -1.]), colorSpace='rgb', contrast=1.0, depth=0.0, draggable=False, flipHoriz=False, flipVert=False, font='Open Sans', fontFiles=[], height=0.03, italic=False, languageStyle='LTR', name='debrief_text', opacity=1, ori=0.0, pos=array([0., 0.]), rgb=UNKNOWN, text='', units='height', win=Window(...), wrapWidth=1)
15.7265 	EXP 	window1: mouseVisible = False
15.7325 	EXP 	Created thanks_text = TextStim(__class__=<class 'psychopy.visual.text.TextStim'>, alignHoriz=method-wrapper(...), alignText='center', alignVert=method-wrapper(...), anchorHoriz='center', anchorVert='center', antialias=True, autoDraw=False, autoLog=True, bold=False, color=array([-1., -1., -1.]), colorSpace='rgb', contrast=1.0, depth=0.0, draggable=False, flipHoriz=False, flipVert=False, font='Open Sans', fontFiles=[], height=0.05, italic=False, languageStyle='LTR', name='thanks_text', opacity=1, ori=0.0, pos=array([0., 0.]), rgb=UNKNOWN, text='Thank you for your participation!', units='height', win=Window(...), wrapWidth=1)
0.0146 	EXP 	window1: mouseVisible = False
0.0285 	EXP 	frame_rate_prompt: autoDraw = True
5.0011 	EXP 	window1: mouseVisible = False
5.0153 	INFO 	Keyboard events cleared
5.0150 	EXP 	frame_rate_prompt: autoDraw = False
5.0150 	EXP 	welcome_text: autoDraw = True
6.3741 	DATA 	Keypress: space
6.3807 	INFO 	Keyboard events cleared
6.3803 	EXP 	welcome_text: autoDraw = False
6.3803 	EXP 	gradcpt_prep_text: height = 0.03
6.3803 	EXP 	gradcpt_prep_text: height = 0.03
6.3803 	EXP 	gradcpt_prep_text: height = 0.03
6.3803 	EXP 	gradcpt_prep_text: text = 'Now you will perform the attention task. A series of pictures will gradually be presented on the screen one after another. In this phase of the experiment, you will press the j key when you see a picture of a city scene, and you will press nothing when you see a picture of a mountain scene. It is important to respond as quickly and accurately as possible and to keep both hands on the keyboard at all times.\n\nWhen you answer thought probes during this phase, remember to again be as honest as possible. Whether you indicate that your attention was or was not on task will not affect your participation. \n\nPress the space bar to see the response mappings one more time before beginning.'
6.3803 	EXP 	gradcpt_prep_text: autoDraw = True
6.8525 	INFO 	keyboard.Keyboard is using iohub backend.
6.8743 	DATA 	Keypress: space
6.8984 	EXP 	gradcpt_prep_text: autoDraw = False
6.8984 	EXP 	gradcpt_image: autoDraw = True
7.8016 	EXP 	window1: mouseVisible = True
7.8093 	DEBUG 	Saving data for gradcptpy ExperimentHandler
7.8128 	INFO 	saved data to C:\Users\zhw\Projects\test\gradcptpy\data/148223_gradcptpy_2024-09-19_17h32.46.575.psydat
7.8156 	INFO 	saved data to 'C:\\Users\\zhw\\Projects\\test\\gradcptpy\\data/148223_gradcptpy_2024-09-19_17h32.46.575.csv'
