6.4474 	DEBUG 	Fullscreen settings ignored as running in pilot mode.
6.4483 	INFO 	Loaded monitor calibration from ['2024_09_13 09:37']
6.6795 	EXP 	Created window1 = Window(allowGUI=True, allowStencil=False, autoLog=True, backendConf=UNKNOWN, backgroundFit=<method-wrapper '__getattribute__' of attributeSetter object at 0x00000191A6B4B7C0>, backgroundImage=<method-wrapper '__getattribute__' of attributeSetter object at 0x00000191A6B4B820>, bitsMode=UNKNOWN, blendMode='avg', bpc=(8, 8, 8), color=array([0, 0, 0]), colorSpace='rgb', depthBits=8, fullscr=<method-wrapper '__getattribute__' of attributeSetter object at 0x00000191A6B4B190>, gamma=None, gammaErrorPolicy='raise', infoMsg=UNKNOWN, lms=UNKNOWN, monitor=<psychopy.monitors.calibTools.Monitor object at 0x00000191A6C65F30>, multiSample=False, name='window1', numSamples=2, pos=[560.0, 240.0], screen=0, size=array([800, 600]), stencilBits=0, stereo=False, title='PsychoPy', units='height', useFBO=True, useRetina=False, viewOri=0.0, viewPos=None, viewScale=None, waitBlanking=True, winType='pyglet')
6.6795 	EXP 	window1: backgroundImage = ''
6.6796 	EXP 	window1: backgroundFit = 'none'
6.6804 	EXP 	window1: mouseVisible = <method-wrapper '__getattribute__' of attributeSetter object at 0x00000191A6B4B2B0>
6.6808 	EXP 	window1: mouseVisible = <method-wrapper '__getattribute__' of attributeSetter object at 0x00000191A6B4B2B0>
6.6853 	EXP 	window1: mouseVisible = <method-wrapper '__getattribute__' of attributeSetter object at 0x00000191A6B4B2B0>
6.6864 	EXP 	window1: mouseVisible = <method-wrapper '__getattribute__' of attributeSetter object at 0x00000191A6B4B2B0>
6.6938 	DEBUG 	TextBox2 loaded 1 chars with 0 blanks and 1 valid
6.6949 	DEBUG 	TextBox2 loaded 1 chars with 0 blanks and 1 valid
6.6958 	DEBUG 	TextBox2 loaded 1 chars with 0 blanks and 1 valid
6.6971 	DEBUG 	TextBox2 loaded 1 chars with 0 blanks and 1 valid
6.6983 	DEBUG 	TextBox2 loaded 1 chars with 0 blanks and 1 valid
6.6990 	DEBUG 	TextBox2 loaded 1 chars with 0 blanks and 1 valid
6.7001 	DEBUG 	TextBox2 loaded 1 chars with 0 blanks and 1 valid
6.7015 	DEBUG 	TextBox2 loaded 1 chars with 0 blanks and 1 valid
6.7019 	DEBUG 	TextBox2 loaded 1 chars with 0 blanks and 1 valid
6.7024 	DEBUG 	TextBox2 loaded 1 chars with 0 blanks and 1 valid
6.7034 	DEBUG 	TextBox2 loaded 1 chars with 0 blanks and 1 valid
6.7044 	DEBUG 	TextBox2 loaded 1 chars with 0 blanks and 1 valid
6.7054 	DEBUG 	TextBox2 loaded 1 chars with 0 blanks and 1 valid
6.7066 	DEBUG 	TextBox2 loaded 1 chars with 0 blanks and 1 valid
6.7075 	DEBUG 	TextBox2 loaded 1 chars with 0 blanks and 1 valid
6.7086 	DEBUG 	TextBox2 loaded 1 chars with 0 blanks and 1 valid
6.7096 	DEBUG 	TextBox2 loaded 1 chars with 0 blanks and 1 valid
6.7103 	DEBUG 	TextBox2 loaded 1 chars with 0 blanks and 1 valid
6.7109 	DEBUG 	TextBox2 loaded 1 chars with 0 blanks and 1 valid
6.7123 	DEBUG 	TextBox2 loaded 1 chars with 0 blanks and 1 valid
6.7129 	DEBUG 	TextBox2 loaded 1 chars with 0 blanks and 1 valid
6.7134 	DEBUG 	Uploading Texture Font fontname to graphics card
6.7154 	DEBUG 	Upload of Texture Font fontname complete
6.7178 	EXP 	window1: mouseVisible = <method-wrapper '__getattribute__' of attributeSetter object at 0x00000191A6B4B2B0>
6.7180 	EXP 	window1: mouseVisible = <method-wrapper '__getattribute__' of attributeSetter object at 0x00000191A6B4B2B0>
6.7192 	EXP 	window1: mouseVisible = <method-wrapper '__getattribute__' of attributeSetter object at 0x00000191A6B4B2B0>
6.7202 	EXP 	window1: mouseVisible = <method-wrapper '__getattribute__' of attributeSetter object at 0x00000191A6B4B2B0>
6.7268 	DEBUG 	TextBox2 loaded 1 chars with 0 blanks and 1 valid
6.7282 	DEBUG 	TextBox2 loaded 1 chars with 0 blanks and 1 valid
6.7295 	DEBUG 	TextBox2 loaded 1 chars with 0 blanks and 1 valid
6.7299 	DEBUG 	Uploading Texture Font fontname to graphics card
6.7306 	DEBUG 	Upload of Texture Font fontname complete
6.7339 	EXP 	window1: Attempting to measure frame rate of screen (0) ...
6.7340 	EXP 	window1: recordFrameIntervals = False
6.9179 	EXP 	window1: recordFrameIntervals = True
7.1013 	EXP 	Screen (0) actual frame rate measured at 60.00Hz
7.1014 	EXP 	window1: recordFrameIntervals = False
7.1015 	EXP 	window1: mouseVisible = False
7.1019 	EXP 	window1: mouseVisible = False
7.1021 	EXP 	window1: mouseVisible = False
7.1031 	EXP 	window1: mouseVisible = False
7.1040 	EXP 	window1: mouseVisible = False
7.1105 	DEBUG 	TextBox2 loaded 1 chars with 0 blanks and 1 valid
7.1112 	DEBUG 	TextBox2 loaded 1 chars with 0 blanks and 1 valid
7.1123 	DEBUG 	TextBox2 loaded 1 chars with 0 blanks and 1 valid
7.1138 	DEBUG 	TextBox2 loaded 1 chars with 0 blanks and 1 valid
7.1151 	DEBUG 	TextBox2 loaded 1 chars with 0 blanks and 1 valid
7.1164 	DEBUG 	TextBox2 loaded 1 chars with 0 blanks and 1 valid
7.1171 	DEBUG 	TextBox2 loaded 1 chars with 0 blanks and 1 valid
7.1183 	DEBUG 	TextBox2 loaded 1 chars with 0 blanks and 1 valid
7.1196 	DEBUG 	TextBox2 loaded 1 chars with 0 blanks and 1 valid
7.1208 	DEBUG 	TextBox2 loaded 1 chars with 0 blanks and 1 valid
7.1213 	DEBUG 	Uploading Texture Font fontname to graphics card
7.1222 	DEBUG 	Upload of Texture Font fontname complete
7.1245 	EXP 	window1: mouseVisible = False
7.1246 	EXP 	window1: mouseVisible = False
7.1256 	EXP 	window1: mouseVisible = False
7.1265 	EXP 	window1: mouseVisible = False
7.1520 	WARNING 	launchHubServer: If using the iohub mouse or eyetracker devices, fullScr should be True.
9.9970 	INFO 	keyboard.Keyboard is using iohub backend.
9.9971 	INFO 	keyboard.Keyboard is using iohub backend.
9.9972 	INFO 	keyboard.Keyboard is using iohub backend.
9.9972 	INFO 	keyboard.Keyboard is using iohub backend.
9.9973 	INFO 	keyboard.Keyboard is using iohub backend.
9.9973 	INFO 	keyboard.Keyboard is using iohub backend.
9.9974 	INFO 	keyboard.Keyboard is using iohub backend.
9.9974 	EXP 	gradcptpy: status = STARTED
10.0772 	EXP 	window1: mouseVisible = False
10.1716 	EXP 	Created frame_rate_prompt = TextStim(__class__=<class 'psychopy.visual.text.TextStim'>, alignHoriz=method-wrapper(...), alignText='center', alignVert=method-wrapper(...), anchorHoriz='center', anchorVert='center', antialias=True, autoDraw=False, autoLog=True, bold=False, color=array([-1., -1., -1.]), colorSpace='rgb', contrast=1.0, depth=-2.0, draggable=False, flipHoriz=False, flipVert=False, font='Open Sans', fontFiles=[], height=0.05, italic=False, languageStyle='LTR', name='frame_rate_prompt', opacity=1, ori=0.0, pos=array([0., 0.]), rgb=UNKNOWN, text='Trying to estimate frame rate....', units='height', win=Window(...), wrapWidth=1)
10.1718 	EXP 	window1: mouseVisible = False
10.1919 	EXP 	Created welcome_text = TextStim(__class__=<class 'psychopy.visual.text.TextStim'>, alignHoriz=method-wrapper(...), alignText='center', alignVert=method-wrapper(...), anchorHoriz='center', anchorVert='center', antialias=True, autoDraw=False, autoLog=True, bold=False, color=array([-1., -1., -1.]), colorSpace='rgb', contrast=1.0, depth=-1.0, draggable=False, flipHoriz=False, flipVert=False, font='Open Sans', fontFiles=[], height=0.05, italic=False, languageStyle='LTR', name='welcome_text', opacity=1, ori=0.0, pos=array([0., 0.]), rgb=UNKNOWN, text=str(...), units='height', win=Window(...), wrapWidth=1)
10.1920 	EXP 	window1: mouseVisible = False
10.1933 	EXP 	Created gradcpt_prep_text = TextStim(__class__=<class 'psychopy.visual.text.TextStim'>, alignHoriz=method-wrapper(...), alignText='center', alignVert=method-wrapper(...), anchorHoriz='center', anchorVert='center', antialias=True, autoDraw=False, autoLog=True, bold=False, color=array([-1., -1., -1.]), colorSpace='rgb', contrast=1.0, depth=-1.0, draggable=False, flipHoriz=False, flipVert=False, font='Open Sans', fontFiles=[], height=0.03, italic=False, languageStyle='LTR', name='gradcpt_prep_text', opacity=1, ori=0.0, pos=array([0., 0.]), rgb=UNKNOWN, text='', units='height', win=Window(...), wrapWidth=1)
10.1934 	EXP 	window1: mouseVisible = False
10.1943 	EXP 	Created black_start_text = TextStim(__class__=<class 'psychopy.visual.text.TextStim'>, alignHoriz=method-wrapper(...), alignText='center', alignVert=method-wrapper(...), anchorHoriz='center', anchorVert='center', antialias=True, autoDraw=False, autoLog=True, bold=False, color=array([-1., -1., -1.]), colorSpace='rgb', contrast=1.0, depth=-1.0, draggable=False, flipHoriz=False, flipVert=False, font='Open Sans', fontFiles=[], height=0.03, italic=False, languageStyle='LTR', name='black_start_text', opacity=1, ori=0.0, pos=array([0., 0.]), rgb=UNKNOWN, text='', units='height', win=Window(...), wrapWidth=1)
10.1944 	EXP 	window1: mouseVisible = False
10.1956 	EXP 	Created prepare_block_text = TextStim(__class__=<class 'psychopy.visual.text.TextStim'>, alignHoriz=method-wrapper(...), alignText='center', alignVert=method-wrapper(...), anchorHoriz='center', anchorVert='center', antialias=True, autoDraw=False, autoLog=True, bold=False, color=array([-1., -1., -1.]), colorSpace='rgb', contrast=1.0, depth=-1.0, draggable=False, flipHoriz=False, flipVert=False, font='Arial', fontFiles=[], height=0.05, italic=False, languageStyle='LTR', name='prepare_block_text', opacity=1, ori=0.0, pos=array([0., 0.]), rgb=UNKNOWN, text='', units='height', win=Window(...), wrapWidth=1)
10.1956 	EXP 	window1: mouseVisible = False
10.2010 	EXP 	Created gradcpt_image = ImageStim(__class__=<class 'psychopy.visual.image.ImageStim'>, anchor=('center', 'center'), autoLog=True, color=array([1., 1., 1.]), colorSpace='rgb', contrast=1.0, depth=-1.0, draggable=False, flipHoriz=False, flipVert=False, image='default.png', interpolate=True, mask=None, maskParams=None, name='gradcpt_image', opacity=1, ori=0.0, pos=array([0., 0.]), size=array([0.5, 0.5]), texRes=128.0, units='height', win=Window(...))
10.2011 	EXP 	window1: mouseVisible = False
10.2022 	EXP 	Created es_text_component_gradcpt = TextStim(__class__=<class 'psychopy.visual.text.TextStim'>, alignHoriz=method-wrapper(...), alignText='center', alignVert=method-wrapper(...), anchorHoriz='center', anchorVert='center', antialias=True, autoDraw=False, autoLog=True, bold=False, color=array([-1., -1., -1.]), colorSpace='rgb', contrast=1.0, depth=-1.0, draggable=False, flipHoriz=False, flipVert=False, font='Open Sans', fontFiles=[], height=0.05, italic=False, languageStyle='LTR', name='es_text_component_gradcpt', opacity=1, ori=0.0, pos=array([0. , 0.2]), rgb=UNKNOWN, text='', units='height', win=Window(...), wrapWidth=1)
10.2241 	EXP 	window1: mouseVisible = False
10.2265 	EXP 	window1: mouseVisible = False
10.2313 	EXP 	window1: mouseVisible = False
10.2388 	EXP 	Created es_gradcpt_slider = Slider(__class__=<class 'psychopy.visual.slider.Slider'>, autoDraw=False, autoLog=True, borderColor=None, color=None, colorSpace='rgb', depth=-2, fillColor=None, flip=False, font='Open Sans', granularity=0.0, labelColor=None, labelHeight=0.05, labelWrapWidth=None, labels=None, lineColor=None, markerColor=None, name='es_gradcpt_slider', opacity=None, ori=0.0, pos=array([0., 0.]), readOnly=False, self=UNKNOWN, size=array([1. , 0.1]), startValue=None, style='rating', styleTweaks=[], ticks=array([0, 1]), units='height', win=Window(...))
10.2389 	EXP 	window1: mouseVisible = False
10.2400 	EXP 	Created low_anchor_gradcpt = TextStim(__class__=<class 'psychopy.visual.text.TextStim'>, alignHoriz=method-wrapper(...), alignText='center', alignVert=method-wrapper(...), anchorHoriz='center', anchorVert='center', antialias=True, autoDraw=False, autoLog=True, bold=False, color=array([-1., -1., -1.]), colorSpace='rgb', contrast=1.0, depth=-4.0, draggable=False, flipHoriz=False, flipVert=False, font='Open Sans', fontFiles=[], height=0.05, italic=False, languageStyle='LTR', name='low_anchor_gradcpt', opacity=1, ori=0.0, pos=array([-0.5 , -0.15]), rgb=UNKNOWN, text='', units='height', win=Window(...), wrapWidth=1)
10.2401 	EXP 	window1: mouseVisible = False
10.2411 	EXP 	Created high_anchor_gradcpt = TextStim(__class__=<class 'psychopy.visual.text.TextStim'>, alignHoriz=method-wrapper(...), alignText='center', alignVert=method-wrapper(...), anchorHoriz='center', anchorVert='center', antialias=True, autoDraw=False, autoLog=True, bold=False, color=array([-1., -1., -1.]), colorSpace='rgb', contrast=1.0, depth=-6.0, draggable=False, flipHoriz=False, flipVert=False, font='Open Sans', fontFiles=[], height=0.05, italic=False, languageStyle='LTR', name='high_anchor_gradcpt', opacity=1, ori=0.0, pos=array([ 0.5 , -0.15]), rgb=UNKNOWN, text='', units='height', win=Window(...), wrapWidth=1)
10.2412 	EXP 	window1: mouseVisible = False
10.2471 	EXP 	Created enter_advance_gradcpt = TextStim(__class__=<class 'psychopy.visual.text.TextStim'>, alignHoriz=method-wrapper(...), alignText='center', alignVert=method-wrapper(...), anchorHoriz='center', anchorVert='center', antialias=True, autoDraw=False, autoLog=True, bold=False, color=array([-1., -1., -1.]), colorSpace='rgb', contrast=1.0, depth=-7.0, draggable=False, flipHoriz=False, flipVert=False, font='Open Sans', fontFiles=[], height=0.05, italic=False, languageStyle='LTR', name='enter_advance_gradcpt', opacity=1, ori=0.0, pos=array([ 0. , -0.2]), rgb=UNKNOWN, text='Press "Enter" to advance.', units='height', win=Window(...), wrapWidth=1)
10.2472 	EXP 	window1: mouseVisible = False
10.2505 	EXP 	Created es_gradcpt_isi_text = TextStim(__class__=<class 'psychopy.visual.text.TextStim'>, alignHoriz=method-wrapper(...), alignText='center', alignVert=method-wrapper(...), anchorHoriz='center', anchorVert='center', antialias=True, autoDraw=False, autoLog=True, bold=False, color=array([-1., -1., -1.]), colorSpace='rgb', contrast=1.0, depth=0.0, draggable=False, flipHoriz=False, flipVert=False, font='Open Sans', fontFiles=[], height=0.05, italic=False, languageStyle='LTR', name='es_gradcpt_isi_text', opacity=1, ori=0.0, pos=array([0., 0.]), rgb=UNKNOWN, text='+', units='height', win=Window(...), wrapWidth=1)
10.2506 	EXP 	window1: mouseVisible = False
10.2515 	EXP 	Created prepare_text = TextStim(__class__=<class 'psychopy.visual.text.TextStim'>, alignHoriz=method-wrapper(...), alignText='center', alignVert=method-wrapper(...), anchorHoriz='center', anchorVert='center', antialias=True, autoDraw=False, autoLog=True, bold=False, color=array([-1., -1., -1.]), colorSpace='rgb', contrast=1.0, depth=-1.0, draggable=False, flipHoriz=False, flipVert=False, font='Arial', fontFiles=[], height=0.05, italic=False, languageStyle='LTR', name='prepare_text', opacity=1, ori=0.0, pos=array([0., 0.]), rgb=UNKNOWN, text='', units='height', win=Window(...), wrapWidth=1)
10.2516 	EXP 	window1: mouseVisible = False
10.2582 	EXP 	Created block_rest_text = TextStim(__class__=<class 'psychopy.visual.text.TextStim'>, alignHoriz=method-wrapper(...), alignText='center', alignVert=method-wrapper(...), anchorHoriz='center', anchorVert='center', antialias=True, autoDraw=False, autoLog=True, bold=False, color=array([-1., -1., -1.]), colorSpace='rgb', contrast=1.0, depth=-1.0, draggable=False, flipHoriz=False, flipVert=False, font='Open Sans', fontFiles=[], height=0.05, italic=False, languageStyle='LTR', name='block_rest_text', opacity=1, ori=0.0, pos=array([0., 0.]), rgb=UNKNOWN, text=str(...), units='height', win=Window(...), wrapWidth=1)
10.2583 	EXP 	window1: mouseVisible = False
10.2593 	EXP 	Created debrief_text = TextStim(__class__=<class 'psychopy.visual.text.TextStim'>, alignHoriz=method-wrapper(...), alignText='center', alignVert=method-wrapper(...), anchorHoriz='center', anchorVert='center', antialias=True, autoDraw=False, autoLog=True, bold=False, color=array([-1., -1., -1.]), colorSpace='rgb', contrast=1.0, depth=0.0, draggable=False, flipHoriz=False, flipVert=False, font='Open Sans', fontFiles=[], height=0.03, italic=False, languageStyle='LTR', name='debrief_text', opacity=1, ori=0.0, pos=array([0., 0.]), rgb=UNKNOWN, text='', units='height', win=Window(...), wrapWidth=1)
10.2594 	EXP 	window1: mouseVisible = False
10.2653 	EXP 	Created thanks_text = TextStim(__class__=<class 'psychopy.visual.text.TextStim'>, alignHoriz=method-wrapper(...), alignText='center', alignVert=method-wrapper(...), anchorHoriz='center', anchorVert='center', antialias=True, autoDraw=False, autoLog=True, bold=False, color=array([-1., -1., -1.]), colorSpace='rgb', contrast=1.0, depth=0.0, draggable=False, flipHoriz=False, flipVert=False, font='Open Sans', fontFiles=[], height=0.05, italic=False, languageStyle='LTR', name='thanks_text', opacity=1, ori=0.0, pos=array([0., 0.]), rgb=UNKNOWN, text='Thank you for your participation!', units='height', win=Window(...), wrapWidth=1)
0.0067 	EXP 	es_gradcpt_slider: autoLog = True
0.0067 	EXP 	es_gradcpt_slider: styleTweaks = []
0.0067 	EXP 	es_gradcpt_slider: styleTweaks = []
0.0067 	EXP 	es_gradcpt_slider: styleTweaks = []
0.0067 	EXP 	es_gradcpt_slider: styleTweaks = []
0.0067 	EXP 	es_gradcpt_slider: contrast = 1.0
0.0067 	EXP 	es_gradcpt_slider: markerPos = None
0.0067 	EXP 	es_gradcpt_slider: autoLog = True
0.0129 	EXP 	window1: mouseVisible = False
0.0263 	EXP 	frame_rate_prompt: autoDraw = True
5.0147 	EXP 	window1: mouseVisible = False
5.0280 	INFO 	Keyboard events cleared
5.0277 	EXP 	frame_rate_prompt: autoDraw = False
5.0277 	EXP 	welcome_text: autoDraw = True
9.9720 	DATA 	Keypress: v
9.9724 	DATA 	Keypress: space
9.9829 	INFO 	Keyboard events cleared
9.9825 	EXP 	welcome_text: autoDraw = False
9.9825 	EXP 	gradcpt_prep_text: height = 0.03
9.9825 	EXP 	gradcpt_prep_text: height = 0.03
9.9825 	EXP 	gradcpt_prep_text: height = 0.03
9.9825 	EXP 	gradcpt_prep_text: text = 'Now you will perform the attention task. A series of pictures will gradually be presented on the screen one after another. In this phase of the experiment, you will press the j key when you see a picture of a city scene, and you will press nothing when you see a picture of a mountain scene. It is important to respond as quickly and accurately as possible and to keep both hands on the keyboard at all times.\n\nWhen you answer thought probes during this phase, remember to again be as honest as possible. Whether you indicate that your attention was or was not on task will not affect your participation. \n\nPress the space bar to see the response mappings one more time before beginning.'
9.9825 	EXP 	gradcpt_prep_text: autoDraw = True
10.3712 	EXP 	New trial (rep=0, index=0): <Trial 0 (0 in rep 0) data={'thisN': 0, 'thisTrialN': 0, 'thisRepN': 0}>
10.3851 	DATA 	Keypress: space
10.4001 	INFO 	Keyboard events cleared
10.3998 	EXP 	gradcpt_prep_text: autoDraw = False
10.3998 	EXP 	black_start_text: height = 0.03
10.3998 	EXP 	black_start_text: height = 0.03
10.3998 	EXP 	black_start_text: height = 0.03
10.3998 	EXP 	black_start_text: text = 'Key for city scenes: j\n When you see a mountain scene, do not make a response.\n\nPress the space bar to begin.'
10.3998 	EXP 	black_start_text: autoDraw = True
11.1240 	DATA 	Keypress: space
11.1504 	EXP 	black_start_text: autoDraw = False
11.1504 	EXP 	prepare_block_text: autoDraw = True
11.5555 	DATA 	Keypress: space
16.1271 	EXP 	New trial (rep=0, index=0): <Trial 0 (0 in rep 0) data={'thisN': 0, 'thisTrialN': 0, 'thisRepN': 0}>
16.1273 	INFO 	keyboard.Keyboard is using iohub backend.
16.1401 	EXP 	prepare_block_text: autoDraw = False
16.1401 	EXP 	gradcpt_image: autoDraw = True
48.8391 	EXP 	New trial (rep=0, index=0): <Trial 0 (0 in rep 0) data={'thisN': 0, 'thisTrialN': 0, 'thisRepN': 0}>
48.8393 	EXP 	window1: mouseVisible = True
48.8748 	EXP 	gradcpt_image: autoDraw = False
48.8748 	EXP 	es_text_component_gradcpt: height = 0.05
48.8748 	EXP 	es_text_component_gradcpt: height = 0.05
48.8748 	EXP 	es_text_component_gradcpt: height = 0.05
48.8748 	EXP 	es_text_component_gradcpt: text = 'Where was your attention during the previous trial?'
48.8748 	EXP 	es_gradcpt_slider: markerPos = None
48.8748 	EXP 	es_gradcpt_slider: markerPos = None
48.8748 	EXP 	low_anchor_gradcpt: height = 0.05
48.8748 	EXP 	low_anchor_gradcpt: height = 0.05
48.8748 	EXP 	low_anchor_gradcpt: height = 0.05
48.8748 	EXP 	low_anchor_gradcpt: text = 'on-task'
48.8748 	EXP 	high_anchor_gradcpt: height = 0.05
48.8748 	EXP 	high_anchor_gradcpt: height = 0.05
48.8748 	EXP 	high_anchor_gradcpt: height = 0.05
48.8748 	EXP 	high_anchor_gradcpt: text = 'off-task'
48.8748 	EXP 	es_text_component_gradcpt: autoDraw = True
48.8748 	EXP 	es_gradcpt_slider: autoDraw = True
48.8748 	EXP 	low_anchor_gradcpt: autoDraw = True
48.8748 	EXP 	high_anchor_gradcpt: autoDraw = True
51.6710 	DATA 	Mouse: Left button down, pos=(463,309)
51.6953 	EXP 	es_gradcpt_slider: markerPos = 0.605
51.7118 	EXP 	es_gradcpt_slider: markerPos = 0.6066666666666667
51.7164 	DATA 	Mouse:  Left button up, pos=(464,309)
51.7283 	EXP 	es_gradcpt_slider: markerPos = 0.6066666666666667
51.7475 	INFO 	Keyboard events cleared
51.7471 	EXP 	enter_advance_gradcpt: autoDraw = True
52.1684 	EXP 	window1: mouseVisible = False
52.1703 	DATA 	Keypress: return
52.1783 	EXP 	es_text_component_gradcpt: autoDraw = False
52.1783 	EXP 	es_gradcpt_slider: autoDraw = False
52.1783 	EXP 	low_anchor_gradcpt: autoDraw = False
52.1783 	EXP 	high_anchor_gradcpt: autoDraw = False
52.1783 	EXP 	enter_advance_gradcpt: autoDraw = False
52.1783 	EXP 	es_gradcpt_isi_text: autoDraw = True
52.6660 	EXP 	New trial (rep=1, index=0): <Trial 1 (0 in rep 1) data={'thisN': 1, 'thisTrialN': 0, 'thisRepN': 1}>
52.6663 	EXP 	window1: mouseVisible = True
52.6950 	EXP 	es_gradcpt_isi_text: autoDraw = False
52.6950 	EXP 	es_gradcpt_isi_text: autoDraw = False
52.6950 	EXP 	es_text_component_gradcpt: height = 0.05
52.6950 	EXP 	es_text_component_gradcpt: height = 0.05
52.6950 	EXP 	es_text_component_gradcpt: height = 0.05
52.6950 	EXP 	es_text_component_gradcpt: text = 'How difficult was it to disengage from your thoughts?'
52.6950 	EXP 	es_gradcpt_slider: markerPos = None
52.6950 	EXP 	es_gradcpt_slider: markerPos = None
52.6950 	EXP 	low_anchor_gradcpt: height = 0.05
52.6950 	EXP 	low_anchor_gradcpt: height = 0.05
52.6950 	EXP 	low_anchor_gradcpt: height = 0.05
52.6950 	EXP 	low_anchor_gradcpt: text = 'extremely\neasy'
52.6950 	EXP 	high_anchor_gradcpt: height = 0.05
52.6950 	EXP 	high_anchor_gradcpt: height = 0.05
52.6950 	EXP 	high_anchor_gradcpt: height = 0.05
52.6950 	EXP 	high_anchor_gradcpt: text = 'extremely\ndifficult'
52.6950 	EXP 	es_text_component_gradcpt: autoDraw = True
52.6950 	EXP 	es_gradcpt_slider: autoDraw = True
52.6950 	EXP 	low_anchor_gradcpt: autoDraw = True
52.6950 	EXP 	high_anchor_gradcpt: autoDraw = True
53.0840 	DATA 	Mouse: Left button down, pos=(378,305)
53.0959 	EXP 	es_gradcpt_slider: markerPos = 0.4633333333333333
53.1139 	EXP 	es_gradcpt_slider: markerPos = 0.4633333333333333
53.1183 	DATA 	Mouse:  Left button up, pos=(378,305)
53.1293 	EXP 	es_gradcpt_slider: markerPos = 0.4633333333333333
53.1466 	INFO 	Keyboard events cleared
53.1462 	EXP 	enter_advance_gradcpt: autoDraw = True
53.2008 	EXP 	window1: mouseVisible = False
53.2019 	DATA 	Keypress: return
53.2140 	EXP 	es_text_component_gradcpt: autoDraw = False
53.2140 	EXP 	es_gradcpt_slider: autoDraw = False
53.2140 	EXP 	low_anchor_gradcpt: autoDraw = False
53.2140 	EXP 	high_anchor_gradcpt: autoDraw = False
53.2140 	EXP 	enter_advance_gradcpt: autoDraw = False
53.2140 	EXP 	es_gradcpt_isi_text: autoDraw = True
53.7007 	EXP 	New trial (rep=2, index=0): <Trial 2 (0 in rep 2) data={'thisN': 2, 'thisTrialN': 0, 'thisRepN': 2}>
53.7011 	EXP 	window1: mouseVisible = True
53.7301 	EXP 	es_gradcpt_isi_text: autoDraw = False
53.7301 	EXP 	es_gradcpt_isi_text: autoDraw = False
53.7301 	EXP 	es_text_component_gradcpt: height = 0.05
53.7301 	EXP 	es_text_component_gradcpt: height = 0.05
53.7301 	EXP 	es_text_component_gradcpt: height = 0.05
53.7301 	EXP 	es_text_component_gradcpt: text = 'How intentional were your thoughts?'
53.7301 	EXP 	es_gradcpt_slider: markerPos = None
53.7301 	EXP 	es_gradcpt_slider: markerPos = None
53.7301 	EXP 	low_anchor_gradcpt: height = 0.05
53.7301 	EXP 	low_anchor_gradcpt: height = 0.05
53.7301 	EXP 	low_anchor_gradcpt: height = 0.05
53.7301 	EXP 	low_anchor_gradcpt: text = 'completely\nunintentional'
53.7301 	EXP 	high_anchor_gradcpt: height = 0.05
53.7301 	EXP 	high_anchor_gradcpt: height = 0.05
53.7301 	EXP 	high_anchor_gradcpt: height = 0.05
53.7301 	EXP 	high_anchor_gradcpt: text = 'completely\nintentional'
53.7301 	EXP 	es_text_component_gradcpt: autoDraw = True
53.7301 	EXP 	es_gradcpt_slider: autoDraw = True
53.7301 	EXP 	low_anchor_gradcpt: autoDraw = True
53.7301 	EXP 	high_anchor_gradcpt: autoDraw = True
54.3534 	DATA 	Mouse: Left button down, pos=(334,312)
54.3639 	EXP 	es_gradcpt_slider: markerPos = 0.39
54.3808 	EXP 	es_gradcpt_slider: markerPos = 0.39
54.3987 	EXP 	es_gradcpt_slider: markerPos = 0.39
54.4031 	DATA 	Mouse:  Left button up, pos=(334,312)
54.4139 	EXP 	es_gradcpt_slider: markerPos = 0.39
54.4312 	INFO 	Keyboard events cleared
54.4308 	EXP 	enter_advance_gradcpt: autoDraw = True
54.4706 	EXP 	window1: mouseVisible = False
54.4718 	DATA 	Keypress: return
54.4833 	EXP 	es_text_component_gradcpt: autoDraw = False
54.4833 	EXP 	es_gradcpt_slider: autoDraw = False
54.4833 	EXP 	low_anchor_gradcpt: autoDraw = False
54.4833 	EXP 	high_anchor_gradcpt: autoDraw = False
54.4833 	EXP 	enter_advance_gradcpt: autoDraw = False
54.4833 	EXP 	es_gradcpt_isi_text: autoDraw = True
54.9852 	EXP 	New trial (rep=3, index=0): <Trial 3 (0 in rep 3) data={'thisN': 3, 'thisTrialN': 0, 'thisRepN': 3}>
54.9856 	EXP 	window1: mouseVisible = True
55.0149 	EXP 	es_gradcpt_isi_text: autoDraw = False
55.0149 	EXP 	es_gradcpt_isi_text: autoDraw = False
55.0149 	EXP 	es_text_component_gradcpt: height = 0.05
55.0149 	EXP 	es_text_component_gradcpt: height = 0.05
55.0149 	EXP 	es_text_component_gradcpt: height = 0.05
55.0149 	EXP 	es_text_component_gradcpt: text = 'Were your thoughts freely moving?'
55.0149 	EXP 	es_gradcpt_slider: markerPos = None
55.0149 	EXP 	es_gradcpt_slider: markerPos = None
55.0149 	EXP 	low_anchor_gradcpt: height = 0.05
55.0149 	EXP 	low_anchor_gradcpt: height = 0.05
55.0149 	EXP 	low_anchor_gradcpt: height = 0.05
55.0149 	EXP 	low_anchor_gradcpt: text = 'unmoving'
55.0149 	EXP 	high_anchor_gradcpt: height = 0.05
55.0149 	EXP 	high_anchor_gradcpt: height = 0.05
55.0149 	EXP 	high_anchor_gradcpt: height = 0.05
55.0149 	EXP 	high_anchor_gradcpt: text = 'moving freely'
55.0149 	EXP 	es_text_component_gradcpt: autoDraw = True
55.0149 	EXP 	es_gradcpt_slider: autoDraw = True
55.0149 	EXP 	low_anchor_gradcpt: autoDraw = True
55.0149 	EXP 	high_anchor_gradcpt: autoDraw = True
55.8548 	DATA 	Mouse: Left button down, pos=(373,314)
55.8654 	EXP 	es_gradcpt_slider: markerPos = 0.455
55.8821 	EXP 	es_gradcpt_slider: markerPos = 0.455
55.9003 	EXP 	es_gradcpt_slider: markerPos = 0.455
55.9049 	DATA 	Mouse:  Left button up, pos=(373,314)
55.9165 	EXP 	es_gradcpt_slider: markerPos = 0.455
55.9356 	INFO 	Keyboard events cleared
55.9352 	EXP 	enter_advance_gradcpt: autoDraw = True
55.9887 	EXP 	window1: mouseVisible = False
55.9898 	DATA 	Keypress: return
56.0007 	EXP 	es_text_component_gradcpt: autoDraw = False
56.0007 	EXP 	es_gradcpt_slider: autoDraw = False
56.0007 	EXP 	low_anchor_gradcpt: autoDraw = False
56.0007 	EXP 	high_anchor_gradcpt: autoDraw = False
56.0007 	EXP 	enter_advance_gradcpt: autoDraw = False
56.0007 	EXP 	es_gradcpt_isi_text: autoDraw = True
56.5034 	EXP 	New trial (rep=4, index=0): <Trial 4 (0 in rep 4) data={'thisN': 4, 'thisTrialN': 0, 'thisRepN': 4}>
56.5037 	EXP 	window1: mouseVisible = True
56.5323 	EXP 	es_gradcpt_isi_text: autoDraw = False
56.5323 	EXP 	es_gradcpt_isi_text: autoDraw = False
56.5323 	EXP 	es_text_component_gradcpt: height = 0.05
56.5323 	EXP 	es_text_component_gradcpt: height = 0.05
56.5323 	EXP 	es_text_component_gradcpt: height = 0.05
56.5323 	EXP 	es_text_component_gradcpt: text = 'How positive or negative were you feeling?'
56.5323 	EXP 	es_gradcpt_slider: markerPos = None
56.5323 	EXP 	es_gradcpt_slider: markerPos = None
56.5323 	EXP 	low_anchor_gradcpt: height = 0.05
56.5323 	EXP 	low_anchor_gradcpt: height = 0.05
56.5323 	EXP 	low_anchor_gradcpt: height = 0.05
56.5323 	EXP 	low_anchor_gradcpt: text = 'completely\nnegative'
56.5323 	EXP 	high_anchor_gradcpt: height = 0.05
56.5323 	EXP 	high_anchor_gradcpt: height = 0.05
56.5323 	EXP 	high_anchor_gradcpt: height = 0.05
56.5323 	EXP 	high_anchor_gradcpt: text = 'completely\npositive'
56.5323 	EXP 	es_text_component_gradcpt: autoDraw = True
56.5323 	EXP 	es_gradcpt_slider: autoDraw = True
56.5323 	EXP 	low_anchor_gradcpt: autoDraw = True
56.5323 	EXP 	high_anchor_gradcpt: autoDraw = True
57.1073 	DATA 	Mouse: Left button down, pos=(273,298)
57.1168 	EXP 	es_gradcpt_slider: markerPos = 0.28833333333333333
57.1351 	EXP 	es_gradcpt_slider: markerPos = 0.28833333333333333
57.1503 	EXP 	es_gradcpt_slider: markerPos = 0.28833333333333333
57.1684 	EXP 	es_gradcpt_slider: markerPos = 0.28833333333333333
57.1728 	DATA 	Mouse:  Left button up, pos=(273,298)
57.1845 	EXP 	es_gradcpt_slider: markerPos = 0.28833333333333333
57.2020 	INFO 	Keyboard events cleared
57.2016 	EXP 	enter_advance_gradcpt: autoDraw = True
57.2555 	EXP 	window1: mouseVisible = False
57.2566 	DATA 	Keypress: return
57.2685 	EXP 	es_text_component_gradcpt: autoDraw = False
57.2685 	EXP 	es_gradcpt_slider: autoDraw = False
57.2685 	EXP 	low_anchor_gradcpt: autoDraw = False
57.2685 	EXP 	high_anchor_gradcpt: autoDraw = False
57.2685 	EXP 	enter_advance_gradcpt: autoDraw = False
57.2685 	EXP 	es_gradcpt_isi_text: autoDraw = True
57.7549 	EXP 	New trial (rep=5, index=0): <Trial 5 (0 in rep 5) data={'thisN': 5, 'thisTrialN': 0, 'thisRepN': 5}>
57.7553 	EXP 	window1: mouseVisible = True
57.7838 	EXP 	es_gradcpt_isi_text: autoDraw = False
57.7838 	EXP 	es_gradcpt_isi_text: autoDraw = False
57.7838 	EXP 	es_text_component_gradcpt: height = 0.05
57.7838 	EXP 	es_text_component_gradcpt: height = 0.05
57.7838 	EXP 	es_text_component_gradcpt: height = 0.05
57.7838 	EXP 	es_text_component_gradcpt: text = 'How confident are you about your ratings for this trial?'
57.7838 	EXP 	es_gradcpt_slider: markerPos = None
57.7838 	EXP 	es_gradcpt_slider: markerPos = None
57.7838 	EXP 	low_anchor_gradcpt: height = 0.05
57.7838 	EXP 	low_anchor_gradcpt: height = 0.05
57.7838 	EXP 	low_anchor_gradcpt: height = 0.05
57.7838 	EXP 	low_anchor_gradcpt: text = 'completely\nunconfident'
57.7838 	EXP 	high_anchor_gradcpt: height = 0.05
57.7838 	EXP 	high_anchor_gradcpt: height = 0.05
57.7838 	EXP 	high_anchor_gradcpt: height = 0.05
57.7838 	EXP 	high_anchor_gradcpt: text = 'completely\nconfident'
57.7838 	EXP 	es_text_component_gradcpt: autoDraw = True
57.7838 	EXP 	es_gradcpt_slider: autoDraw = True
57.7838 	EXP 	low_anchor_gradcpt: autoDraw = True
57.7838 	EXP 	high_anchor_gradcpt: autoDraw = True
58.2063 	DATA 	Mouse: Left button down, pos=(433,303)
58.2179 	EXP 	es_gradcpt_slider: markerPos = 0.555
58.2366 	EXP 	es_gradcpt_slider: markerPos = 0.555
58.2514 	EXP 	es_gradcpt_slider: markerPos = 0.555
58.2593 	DATA 	Mouse:  Left button up, pos=(434,304)
58.2694 	EXP 	es_gradcpt_slider: markerPos = 0.5566666666666666
58.2846 	EXP 	es_gradcpt_slider: markerPos = 0.5566666666666666
58.3017 	INFO 	Keyboard events cleared
58.3013 	EXP 	enter_advance_gradcpt: autoDraw = True
58.3081 	DATA 	Keypress: return
58.3230 	EXP 	window1: mouseVisible = False
58.3347 	EXP 	es_text_component_gradcpt: autoDraw = False
58.3347 	EXP 	es_gradcpt_slider: autoDraw = False
58.3347 	EXP 	low_anchor_gradcpt: autoDraw = False
58.3347 	EXP 	high_anchor_gradcpt: autoDraw = False
58.3347 	EXP 	enter_advance_gradcpt: autoDraw = False
58.3347 	EXP 	es_gradcpt_isi_text: autoDraw = True
58.8522 	EXP 	es_gradcpt_isi_text: autoDraw = False
58.8522 	EXP 	es_gradcpt_isi_text: autoDraw = False
58.8522 	EXP 	prepare_text: autoDraw = True
63.8271 	EXP 	New trial (rep=1, index=0): <Trial 1 (0 in rep 1) data={'thisN': 1, 'thisTrialN': 0, 'thisRepN': 1}>
63.8410 	EXP 	prepare_text: autoDraw = False
63.8410 	EXP 	gradcpt_image: autoDraw = True
96.4998 	EXP 	New trial (rep=0, index=0): <Trial 0 (0 in rep 0) data={'thisN': 0, 'thisTrialN': 0, 'thisRepN': 0}>
96.5003 	EXP 	window1: mouseVisible = True
96.5250 	EXP 	gradcpt_image: autoDraw = False
96.5250 	EXP 	es_text_component_gradcpt: height = 0.05
96.5250 	EXP 	es_text_component_gradcpt: height = 0.05
96.5250 	EXP 	es_text_component_gradcpt: height = 0.05
96.5250 	EXP 	es_text_component_gradcpt: text = 'How difficult was it to disengage from your thoughts?'
96.5250 	EXP 	es_gradcpt_slider: markerPos = None
96.5250 	EXP 	es_gradcpt_slider: markerPos = None
96.5250 	EXP 	low_anchor_gradcpt: height = 0.05
96.5250 	EXP 	low_anchor_gradcpt: height = 0.05
96.5250 	EXP 	low_anchor_gradcpt: height = 0.05
96.5250 	EXP 	low_anchor_gradcpt: text = 'extremely\neasy'
96.5250 	EXP 	high_anchor_gradcpt: height = 0.05
96.5250 	EXP 	high_anchor_gradcpt: height = 0.05
96.5250 	EXP 	high_anchor_gradcpt: height = 0.05
96.5250 	EXP 	high_anchor_gradcpt: text = 'extremely\ndifficult'
96.5250 	EXP 	es_text_component_gradcpt: autoDraw = True
96.5250 	EXP 	es_gradcpt_slider: autoDraw = True
96.5250 	EXP 	low_anchor_gradcpt: autoDraw = True
96.5250 	EXP 	high_anchor_gradcpt: autoDraw = True
98.2151 	DATA 	Mouse: Left button down, pos=(431,309)
98.2273 	EXP 	es_gradcpt_slider: markerPos = 0.5516666666666666
98.2439 	EXP 	es_gradcpt_slider: markerPos = 0.5516666666666666
98.2609 	EXP 	es_gradcpt_slider: markerPos = 0.5516666666666666
98.2654 	DATA 	Mouse:  Left button up, pos=(431,309)
98.2773 	EXP 	es_gradcpt_slider: markerPos = 0.5516666666666666
98.2944 	INFO 	Keyboard events cleared
98.2940 	EXP 	enter_advance_gradcpt: autoDraw = True
98.8156 	EXP 	window1: mouseVisible = False
98.8166 	DATA 	Keypress: return
98.8279 	EXP 	es_text_component_gradcpt: autoDraw = False
98.8279 	EXP 	es_gradcpt_slider: autoDraw = False
98.8279 	EXP 	low_anchor_gradcpt: autoDraw = False
98.8279 	EXP 	high_anchor_gradcpt: autoDraw = False
98.8279 	EXP 	enter_advance_gradcpt: autoDraw = False
98.8279 	EXP 	es_gradcpt_isi_text: autoDraw = True
99.3154 	EXP 	New trial (rep=1, index=0): <Trial 1 (0 in rep 1) data={'thisN': 1, 'thisTrialN': 0, 'thisRepN': 1}>
99.3158 	EXP 	window1: mouseVisible = True
99.3446 	EXP 	es_gradcpt_isi_text: autoDraw = False
99.3446 	EXP 	es_gradcpt_isi_text: autoDraw = False
99.3446 	EXP 	es_text_component_gradcpt: height = 0.05
99.3446 	EXP 	es_text_component_gradcpt: height = 0.05
99.3446 	EXP 	es_text_component_gradcpt: height = 0.05
99.3446 	EXP 	es_text_component_gradcpt: text = 'How positive or negative were you feeling?'
99.3446 	EXP 	es_gradcpt_slider: markerPos = None
99.3446 	EXP 	es_gradcpt_slider: markerPos = None
99.3446 	EXP 	low_anchor_gradcpt: height = 0.05
99.3446 	EXP 	low_anchor_gradcpt: height = 0.05
99.3446 	EXP 	low_anchor_gradcpt: height = 0.05
99.3446 	EXP 	low_anchor_gradcpt: text = 'completely\nnegative'
99.3446 	EXP 	high_anchor_gradcpt: height = 0.05
99.3446 	EXP 	high_anchor_gradcpt: height = 0.05
99.3446 	EXP 	high_anchor_gradcpt: height = 0.05
99.3446 	EXP 	high_anchor_gradcpt: text = 'completely\npositive'
99.3446 	EXP 	es_text_component_gradcpt: autoDraw = True
99.3446 	EXP 	es_gradcpt_slider: autoDraw = True
99.3446 	EXP 	low_anchor_gradcpt: autoDraw = True
99.3446 	EXP 	high_anchor_gradcpt: autoDraw = True
99.7680 	DATA 	Mouse: Left button down, pos=(303,304)
99.7791 	EXP 	es_gradcpt_slider: markerPos = 0.3383333333333334
99.7957 	EXP 	es_gradcpt_slider: markerPos = 0.3383333333333334
99.8122 	EXP 	es_gradcpt_slider: markerPos = 0.3383333333333334
99.8193 	DATA 	Mouse:  Left button up, pos=(303,304)
99.8290 	EXP 	es_gradcpt_slider: markerPos = 0.3383333333333334
99.8457 	EXP 	es_gradcpt_slider: markerPos = 0.3383333333333334
99.8626 	INFO 	Keyboard events cleared
99.8622 	EXP 	enter_advance_gradcpt: autoDraw = True
99.9001 	EXP 	window1: mouseVisible = False
99.9011 	DATA 	Keypress: return
99.9125 	EXP 	es_text_component_gradcpt: autoDraw = False
99.9125 	EXP 	es_gradcpt_slider: autoDraw = False
99.9125 	EXP 	low_anchor_gradcpt: autoDraw = False
99.9125 	EXP 	high_anchor_gradcpt: autoDraw = False
99.9125 	EXP 	enter_advance_gradcpt: autoDraw = False
99.9125 	EXP 	es_gradcpt_isi_text: autoDraw = True
100.4000 	EXP 	New trial (rep=2, index=0): <Trial 2 (0 in rep 2) data={'thisN': 2, 'thisTrialN': 0, 'thisRepN': 2}>
100.4003 	EXP 	window1: mouseVisible = True
100.4294 	EXP 	es_gradcpt_isi_text: autoDraw = False
100.4294 	EXP 	es_gradcpt_isi_text: autoDraw = False
100.4294 	EXP 	es_text_component_gradcpt: height = 0.05
100.4294 	EXP 	es_text_component_gradcpt: height = 0.05
100.4294 	EXP 	es_text_component_gradcpt: height = 0.05
100.4294 	EXP 	es_text_component_gradcpt: text = 'Where was your attention during the previous trial?'
100.4294 	EXP 	es_gradcpt_slider: markerPos = None
100.4294 	EXP 	es_gradcpt_slider: markerPos = None
100.4294 	EXP 	low_anchor_gradcpt: height = 0.05
100.4294 	EXP 	low_anchor_gradcpt: height = 0.05
100.4294 	EXP 	low_anchor_gradcpt: height = 0.05
100.4294 	EXP 	low_anchor_gradcpt: text = 'on-task'
100.4294 	EXP 	high_anchor_gradcpt: height = 0.05
100.4294 	EXP 	high_anchor_gradcpt: height = 0.05
100.4294 	EXP 	high_anchor_gradcpt: height = 0.05
100.4294 	EXP 	high_anchor_gradcpt: text = 'off-task'
100.4294 	EXP 	es_text_component_gradcpt: autoDraw = True
100.4294 	EXP 	es_gradcpt_slider: autoDraw = True
100.4294 	EXP 	low_anchor_gradcpt: autoDraw = True
100.4294 	EXP 	high_anchor_gradcpt: autoDraw = True
100.8186 	DATA 	Mouse: Left button down, pos=(482,297)
100.8314 	EXP 	es_gradcpt_slider: markerPos = 0.6366666666666667
100.8470 	EXP 	es_gradcpt_slider: markerPos = 0.6366666666666667
100.8635 	EXP 	es_gradcpt_slider: markerPos = 0.6366666666666667
100.8806 	EXP 	es_gradcpt_slider: markerPos = 0.6366666666666667
100.8851 	DATA 	Mouse:  Left button up, pos=(482,297)
100.8968 	EXP 	es_gradcpt_slider: markerPos = 0.6366666666666667
100.9149 	INFO 	Keyboard events cleared
100.9145 	EXP 	enter_advance_gradcpt: autoDraw = True
100.9532 	EXP 	window1: mouseVisible = False
100.9545 	DATA 	Keypress: return
100.9639 	EXP 	es_text_component_gradcpt: autoDraw = False
100.9639 	EXP 	es_gradcpt_slider: autoDraw = False
100.9639 	EXP 	low_anchor_gradcpt: autoDraw = False
100.9639 	EXP 	high_anchor_gradcpt: autoDraw = False
100.9639 	EXP 	enter_advance_gradcpt: autoDraw = False
100.9639 	EXP 	es_gradcpt_isi_text: autoDraw = True
101.4508 	EXP 	New trial (rep=3, index=0): <Trial 3 (0 in rep 3) data={'thisN': 3, 'thisTrialN': 0, 'thisRepN': 3}>
101.4511 	EXP 	window1: mouseVisible = True
101.4641 	EXP 	es_gradcpt_isi_text: autoDraw = False
101.4641 	EXP 	es_gradcpt_isi_text: autoDraw = False
101.4641 	EXP 	es_text_component_gradcpt: height = 0.05
101.4641 	EXP 	es_text_component_gradcpt: height = 0.05
101.4641 	EXP 	es_text_component_gradcpt: height = 0.05
101.4641 	EXP 	es_text_component_gradcpt: text = 'Were your thoughts freely moving?'
101.4641 	EXP 	es_gradcpt_slider: markerPos = None
101.4641 	EXP 	es_gradcpt_slider: markerPos = None
101.4641 	EXP 	low_anchor_gradcpt: height = 0.05
101.4641 	EXP 	low_anchor_gradcpt: height = 0.05
101.4641 	EXP 	low_anchor_gradcpt: height = 0.05
101.4641 	EXP 	low_anchor_gradcpt: text = 'unmoving'
101.4641 	EXP 	high_anchor_gradcpt: height = 0.05
101.4641 	EXP 	high_anchor_gradcpt: height = 0.05
101.4641 	EXP 	high_anchor_gradcpt: height = 0.05
101.4641 	EXP 	high_anchor_gradcpt: text = 'moving freely'
101.4641 	EXP 	es_text_component_gradcpt: autoDraw = True
101.4641 	EXP 	es_gradcpt_slider: autoDraw = True
101.4641 	EXP 	low_anchor_gradcpt: autoDraw = True
101.4641 	EXP 	high_anchor_gradcpt: autoDraw = True
101.8531 	DATA 	Mouse: Left button down, pos=(328,320)
101.8645 	EXP 	es_gradcpt_slider: markerPos = 0.38
101.8811 	EXP 	es_gradcpt_slider: markerPos = 0.38
101.8979 	EXP 	es_gradcpt_slider: markerPos = 0.38
101.9027 	DATA 	Mouse:  Left button up, pos=(328,321)
101.9148 	EXP 	es_gradcpt_slider: markerPos = 0.38
101.9316 	INFO 	Keyboard events cleared
101.9312 	EXP 	enter_advance_gradcpt: autoDraw = True
101.9690 	DATA 	Keypress: return
101.9858 	EXP 	window1: mouseVisible = False
101.9980 	EXP 	es_text_component_gradcpt: autoDraw = False
101.9980 	EXP 	es_gradcpt_slider: autoDraw = False
101.9980 	EXP 	low_anchor_gradcpt: autoDraw = False
101.9980 	EXP 	high_anchor_gradcpt: autoDraw = False
101.9980 	EXP 	enter_advance_gradcpt: autoDraw = False
101.9980 	EXP 	es_gradcpt_isi_text: autoDraw = True
102.4856 	EXP 	New trial (rep=4, index=0): <Trial 4 (0 in rep 4) data={'thisN': 4, 'thisTrialN': 0, 'thisRepN': 4}>
102.4859 	EXP 	window1: mouseVisible = True
102.5147 	EXP 	es_gradcpt_isi_text: autoDraw = False
102.5147 	EXP 	es_gradcpt_isi_text: autoDraw = False
102.5147 	EXP 	es_text_component_gradcpt: height = 0.05
102.5147 	EXP 	es_text_component_gradcpt: height = 0.05
102.5147 	EXP 	es_text_component_gradcpt: height = 0.05
102.5147 	EXP 	es_text_component_gradcpt: text = 'How intentional were your thoughts?'
102.5147 	EXP 	es_gradcpt_slider: markerPos = None
102.5147 	EXP 	es_gradcpt_slider: markerPos = None
102.5147 	EXP 	low_anchor_gradcpt: height = 0.05
102.5147 	EXP 	low_anchor_gradcpt: height = 0.05
102.5147 	EXP 	low_anchor_gradcpt: height = 0.05
102.5147 	EXP 	low_anchor_gradcpt: text = 'completely\nunintentional'
102.5147 	EXP 	high_anchor_gradcpt: height = 0.05
102.5147 	EXP 	high_anchor_gradcpt: height = 0.05
102.5147 	EXP 	high_anchor_gradcpt: height = 0.05
102.5147 	EXP 	high_anchor_gradcpt: text = 'completely\nintentional'
102.5147 	EXP 	es_text_component_gradcpt: autoDraw = True
102.5147 	EXP 	es_gradcpt_slider: autoDraw = True
102.5147 	EXP 	low_anchor_gradcpt: autoDraw = True
102.5147 	EXP 	high_anchor_gradcpt: autoDraw = True
102.9201 	DATA 	Mouse: Left button down, pos=(513,304)
102.9323 	EXP 	es_gradcpt_slider: markerPos = 0.6883333333333334
102.9489 	EXP 	es_gradcpt_slider: markerPos = 0.6883333333333334
102.9657 	EXP 	es_gradcpt_slider: markerPos = 0.6883333333333334
102.9823 	EXP 	es_gradcpt_slider: markerPos = 0.69
102.9867 	DATA 	Mouse:  Left button up, pos=(514,304)
102.9991 	EXP 	es_gradcpt_slider: markerPos = 0.69
103.0161 	INFO 	Keyboard events cleared
103.0157 	EXP 	enter_advance_gradcpt: autoDraw = True
103.0537 	EXP 	window1: mouseVisible = False
103.0547 	DATA 	Keypress: return
103.0658 	EXP 	es_text_component_gradcpt: autoDraw = False
103.0658 	EXP 	es_gradcpt_slider: autoDraw = False
103.0658 	EXP 	low_anchor_gradcpt: autoDraw = False
103.0658 	EXP 	high_anchor_gradcpt: autoDraw = False
103.0658 	EXP 	enter_advance_gradcpt: autoDraw = False
103.0658 	EXP 	es_gradcpt_isi_text: autoDraw = True
103.5533 	EXP 	New trial (rep=5, index=0): <Trial 5 (0 in rep 5) data={'thisN': 5, 'thisTrialN': 0, 'thisRepN': 5}>
103.5536 	EXP 	window1: mouseVisible = True
103.5825 	EXP 	es_gradcpt_isi_text: autoDraw = False
103.5825 	EXP 	es_gradcpt_isi_text: autoDraw = False
103.5825 	EXP 	es_text_component_gradcpt: height = 0.05
103.5825 	EXP 	es_text_component_gradcpt: height = 0.05
103.5825 	EXP 	es_text_component_gradcpt: height = 0.05
103.5825 	EXP 	es_text_component_gradcpt: text = 'How confident are you about your ratings for this trial?'
103.5825 	EXP 	es_gradcpt_slider: markerPos = None
103.5825 	EXP 	es_gradcpt_slider: markerPos = None
103.5825 	EXP 	low_anchor_gradcpt: height = 0.05
103.5825 	EXP 	low_anchor_gradcpt: height = 0.05
103.5825 	EXP 	low_anchor_gradcpt: height = 0.05
103.5825 	EXP 	low_anchor_gradcpt: text = 'completely\nunconfident'
103.5825 	EXP 	high_anchor_gradcpt: height = 0.05
103.5825 	EXP 	high_anchor_gradcpt: height = 0.05
103.5825 	EXP 	high_anchor_gradcpt: height = 0.05
103.5825 	EXP 	high_anchor_gradcpt: text = 'completely\nconfident'
103.5825 	EXP 	es_text_component_gradcpt: autoDraw = True
103.5825 	EXP 	es_gradcpt_slider: autoDraw = True
103.5825 	EXP 	low_anchor_gradcpt: autoDraw = True
103.5825 	EXP 	high_anchor_gradcpt: autoDraw = True
103.9882 	DATA 	Mouse: Left button down, pos=(350,293)
104.0001 	EXP 	es_gradcpt_slider: markerPos = 0.4166666666666667
104.0167 	EXP 	es_gradcpt_slider: markerPos = 0.4166666666666667
104.0335 	EXP 	es_gradcpt_slider: markerPos = 0.4166666666666667
104.0379 	DATA 	Mouse:  Left button up, pos=(350,293)
104.0501 	EXP 	es_gradcpt_slider: markerPos = 0.4166666666666667
104.0673 	INFO 	Keyboard events cleared
104.0669 	EXP 	enter_advance_gradcpt: autoDraw = True
104.1215 	EXP 	window1: mouseVisible = False
104.1225 	DATA 	Keypress: return
104.1335 	EXP 	es_text_component_gradcpt: autoDraw = False
104.1335 	EXP 	es_gradcpt_slider: autoDraw = False
104.1335 	EXP 	low_anchor_gradcpt: autoDraw = False
104.1335 	EXP 	high_anchor_gradcpt: autoDraw = False
104.1335 	EXP 	enter_advance_gradcpt: autoDraw = False
104.1335 	EXP 	es_gradcpt_isi_text: autoDraw = True
104.6507 	INFO 	Keyboard events cleared
104.6503 	EXP 	es_gradcpt_isi_text: autoDraw = False
104.6503 	EXP 	es_gradcpt_isi_text: autoDraw = False
104.6503 	EXP 	prepare_text: autoDraw = False
104.6503 	EXP 	block_rest_text: autoDraw = True
106.0734 	EXP 	New trial (rep=1, index=0): <Trial 1 (0 in rep 1) data={'thisN': 1, 'thisTrialN': 0, 'thisRepN': 1}>
106.0744 	DATA 	Keypress: space
106.0860 	INFO 	Keyboard events cleared
106.0856 	EXP 	block_rest_text: autoDraw = False
106.0856 	EXP 	black_start_text: text = 'Key for city scenes: j\n When you see a mountain scene, do not make a response.\n\nPress the space bar to begin.'
106.0856 	EXP 	black_start_text: autoDraw = True
107.5104 	DATA 	Keypress: space
107.5200 	EXP 	black_start_text: autoDraw = False
107.5200 	EXP 	prepare_block_text: autoDraw = True
112.5135 	EXP 	New trial (rep=0, index=0): <Trial 0 (0 in rep 0) data={'thisN': 0, 'thisTrialN': 0, 'thisRepN': 0}>
112.5263 	EXP 	prepare_block_text: autoDraw = False
112.5263 	EXP 	gradcpt_image: autoDraw = True
137.8636 	EXP 	New trial (rep=0, index=0): <Trial 0 (0 in rep 0) data={'thisN': 0, 'thisTrialN': 0, 'thisRepN': 0}>
137.8640 	EXP 	window1: mouseVisible = True
137.8858 	EXP 	gradcpt_image: autoDraw = False
137.8858 	EXP 	es_text_component_gradcpt: height = 0.05
137.8858 	EXP 	es_text_component_gradcpt: height = 0.05
137.8858 	EXP 	es_text_component_gradcpt: height = 0.05
137.8858 	EXP 	es_text_component_gradcpt: text = 'Where was your attention during the previous trial?'
137.8858 	EXP 	es_gradcpt_slider: markerPos = None
137.8858 	EXP 	es_gradcpt_slider: markerPos = None
137.8858 	EXP 	low_anchor_gradcpt: height = 0.05
137.8858 	EXP 	low_anchor_gradcpt: height = 0.05
137.8858 	EXP 	low_anchor_gradcpt: height = 0.05
137.8858 	EXP 	low_anchor_gradcpt: text = 'on-task'
137.8858 	EXP 	high_anchor_gradcpt: height = 0.05
137.8858 	EXP 	high_anchor_gradcpt: height = 0.05
137.8858 	EXP 	high_anchor_gradcpt: height = 0.05
137.8858 	EXP 	high_anchor_gradcpt: text = 'off-task'
137.8858 	EXP 	es_text_component_gradcpt: autoDraw = True
137.8858 	EXP 	es_gradcpt_slider: autoDraw = True
137.8858 	EXP 	low_anchor_gradcpt: autoDraw = True
137.8858 	EXP 	high_anchor_gradcpt: autoDraw = True
140.5271 	DATA 	Mouse: Left button down, pos=(416,306)
140.5390 	EXP 	es_gradcpt_slider: markerPos = 0.5266666666666666
140.5558 	EXP 	es_gradcpt_slider: markerPos = 0.5266666666666666
140.5724 	EXP 	es_gradcpt_slider: markerPos = 0.5266666666666666
140.5891 	EXP 	es_gradcpt_slider: markerPos = 0.5266666666666666
140.6058 	EXP 	es_gradcpt_slider: markerPos = 0.5266666666666666
140.6225 	EXP 	es_gradcpt_slider: markerPos = 0.5266666666666666
140.6267 	DATA 	Mouse:  Left button up, pos=(416,306)
140.6393 	EXP 	es_gradcpt_slider: markerPos = 0.5266666666666666
140.6562 	INFO 	Keyboard events cleared
140.6559 	EXP 	enter_advance_gradcpt: autoDraw = True
141.8118 	EXP 	window1: mouseVisible = False
141.8128 	DATA 	Keypress: return
141.8239 	EXP 	es_text_component_gradcpt: autoDraw = False
141.8239 	EXP 	es_gradcpt_slider: autoDraw = False
141.8239 	EXP 	low_anchor_gradcpt: autoDraw = False
141.8239 	EXP 	high_anchor_gradcpt: autoDraw = False
141.8239 	EXP 	enter_advance_gradcpt: autoDraw = False
141.8239 	EXP 	es_gradcpt_isi_text: autoDraw = True
142.3116 	EXP 	New trial (rep=1, index=0): <Trial 1 (0 in rep 1) data={'thisN': 1, 'thisTrialN': 0, 'thisRepN': 1}>
142.3119 	EXP 	window1: mouseVisible = True
142.3405 	EXP 	es_gradcpt_isi_text: autoDraw = False
142.3405 	EXP 	es_gradcpt_isi_text: autoDraw = False
142.3405 	EXP 	es_text_component_gradcpt: height = 0.05
142.3405 	EXP 	es_text_component_gradcpt: height = 0.05
142.3405 	EXP 	es_text_component_gradcpt: height = 0.05
142.3405 	EXP 	es_text_component_gradcpt: text = 'How difficult was it to disengage from your thoughts?'
142.3405 	EXP 	es_gradcpt_slider: markerPos = None
142.3405 	EXP 	es_gradcpt_slider: markerPos = None
142.3405 	EXP 	low_anchor_gradcpt: height = 0.05
142.3405 	EXP 	low_anchor_gradcpt: height = 0.05
142.3405 	EXP 	low_anchor_gradcpt: height = 0.05
142.3405 	EXP 	low_anchor_gradcpt: text = 'extremely\neasy'
142.3405 	EXP 	high_anchor_gradcpt: height = 0.05
142.3405 	EXP 	high_anchor_gradcpt: height = 0.05
142.3405 	EXP 	high_anchor_gradcpt: height = 0.05
142.3405 	EXP 	high_anchor_gradcpt: text = 'extremely\ndifficult'
142.3405 	EXP 	es_text_component_gradcpt: autoDraw = True
142.3405 	EXP 	es_gradcpt_slider: autoDraw = True
142.3405 	EXP 	low_anchor_gradcpt: autoDraw = True
142.3405 	EXP 	high_anchor_gradcpt: autoDraw = True
142.7646 	DATA 	Mouse: Left button down, pos=(301,302)
142.7914 	EXP 	es_gradcpt_slider: markerPos = 0.33499999999999996
142.8083 	EXP 	es_gradcpt_slider: markerPos = 0.33499999999999996
142.8249 	EXP 	es_gradcpt_slider: markerPos = 0.33499999999999996
142.8293 	DATA 	Mouse:  Left button up, pos=(301,302)
142.8415 	EXP 	es_gradcpt_slider: markerPos = 0.33499999999999996
142.8585 	INFO 	Keyboard events cleared
142.8582 	EXP 	enter_advance_gradcpt: autoDraw = True
142.8961 	EXP 	window1: mouseVisible = False
142.8971 	DATA 	Keypress: return
142.9083 	EXP 	es_text_component_gradcpt: autoDraw = False
142.9083 	EXP 	es_gradcpt_slider: autoDraw = False
142.9083 	EXP 	low_anchor_gradcpt: autoDraw = False
142.9083 	EXP 	high_anchor_gradcpt: autoDraw = False
142.9083 	EXP 	enter_advance_gradcpt: autoDraw = False
142.9083 	EXP 	es_gradcpt_isi_text: autoDraw = True
143.3958 	EXP 	New trial (rep=2, index=0): <Trial 2 (0 in rep 2) data={'thisN': 2, 'thisTrialN': 0, 'thisRepN': 2}>
143.3961 	EXP 	window1: mouseVisible = True
143.4251 	EXP 	es_gradcpt_isi_text: autoDraw = False
143.4251 	EXP 	es_gradcpt_isi_text: autoDraw = False
143.4251 	EXP 	es_text_component_gradcpt: height = 0.05
143.4251 	EXP 	es_text_component_gradcpt: height = 0.05
143.4251 	EXP 	es_text_component_gradcpt: height = 0.05
143.4251 	EXP 	es_text_component_gradcpt: text = 'Were your thoughts freely moving?'
143.4251 	EXP 	es_gradcpt_slider: markerPos = None
143.4251 	EXP 	es_gradcpt_slider: markerPos = None
143.4251 	EXP 	low_anchor_gradcpt: height = 0.05
143.4251 	EXP 	low_anchor_gradcpt: height = 0.05
143.4251 	EXP 	low_anchor_gradcpt: height = 0.05
143.4251 	EXP 	low_anchor_gradcpt: text = 'unmoving'
143.4251 	EXP 	high_anchor_gradcpt: height = 0.05
143.4251 	EXP 	high_anchor_gradcpt: height = 0.05
143.4251 	EXP 	high_anchor_gradcpt: height = 0.05
143.4251 	EXP 	high_anchor_gradcpt: text = 'moving freely'
143.4251 	EXP 	es_text_component_gradcpt: autoDraw = True
143.4251 	EXP 	es_gradcpt_slider: autoDraw = True
143.4251 	EXP 	low_anchor_gradcpt: autoDraw = True
143.4251 	EXP 	high_anchor_gradcpt: autoDraw = True
143.8478 	DATA 	Mouse: Left button down, pos=(522,311)
143.8595 	EXP 	es_gradcpt_slider: markerPos = 0.7033333333333334
143.8761 	EXP 	es_gradcpt_slider: markerPos = 0.7033333333333334
143.8926 	EXP 	es_gradcpt_slider: markerPos = 0.7033333333333334
143.9093 	EXP 	es_gradcpt_slider: markerPos = 0.7033333333333334
143.9164 	DATA 	Mouse:  Left button up, pos=(522,311)
143.9261 	EXP 	es_gradcpt_slider: markerPos = 0.7033333333333334
143.9428 	EXP 	es_gradcpt_slider: markerPos = 0.7033333333333334
143.9598 	INFO 	Keyboard events cleared
143.9594 	EXP 	enter_advance_gradcpt: autoDraw = True
143.9638 	DATA 	Keypress: return
144.0146 	EXP 	window1: mouseVisible = False
144.0264 	EXP 	es_text_component_gradcpt: autoDraw = False
144.0264 	EXP 	es_gradcpt_slider: autoDraw = False
144.0264 	EXP 	low_anchor_gradcpt: autoDraw = False
144.0264 	EXP 	high_anchor_gradcpt: autoDraw = False
144.0264 	EXP 	enter_advance_gradcpt: autoDraw = False
144.0264 	EXP 	es_gradcpt_isi_text: autoDraw = True
144.5136 	EXP 	New trial (rep=3, index=0): <Trial 3 (0 in rep 3) data={'thisN': 3, 'thisTrialN': 0, 'thisRepN': 3}>
144.5140 	EXP 	window1: mouseVisible = True
144.5433 	EXP 	es_gradcpt_isi_text: autoDraw = False
144.5433 	EXP 	es_gradcpt_isi_text: autoDraw = False
144.5433 	EXP 	es_text_component_gradcpt: height = 0.05
144.5433 	EXP 	es_text_component_gradcpt: height = 0.05
144.5433 	EXP 	es_text_component_gradcpt: height = 0.05
144.5433 	EXP 	es_text_component_gradcpt: text = 'How intentional were your thoughts?'
144.5433 	EXP 	es_gradcpt_slider: markerPos = None
144.5433 	EXP 	es_gradcpt_slider: markerPos = None
144.5433 	EXP 	low_anchor_gradcpt: height = 0.05
144.5433 	EXP 	low_anchor_gradcpt: height = 0.05
144.5433 	EXP 	low_anchor_gradcpt: height = 0.05
144.5433 	EXP 	low_anchor_gradcpt: text = 'completely\nunintentional'
144.5433 	EXP 	high_anchor_gradcpt: height = 0.05
144.5433 	EXP 	high_anchor_gradcpt: height = 0.05
144.5433 	EXP 	high_anchor_gradcpt: height = 0.05
144.5433 	EXP 	high_anchor_gradcpt: text = 'completely\nintentional'
144.5433 	EXP 	es_text_component_gradcpt: autoDraw = True
144.5433 	EXP 	es_gradcpt_slider: autoDraw = True
144.5433 	EXP 	low_anchor_gradcpt: autoDraw = True
144.5433 	EXP 	high_anchor_gradcpt: autoDraw = True
144.9828 	DATA 	Mouse: Left button down, pos=(314,278)
144.9940 	EXP 	es_gradcpt_slider: markerPos = 0.3566666666666667
145.0105 	EXP 	es_gradcpt_slider: markerPos = 0.3566666666666667
145.0273 	EXP 	es_gradcpt_slider: markerPos = 0.3566666666666667
145.0439 	EXP 	es_gradcpt_slider: markerPos = 0.3566666666666667
145.0607 	EXP 	es_gradcpt_slider: markerPos = 0.3566666666666667
145.0657 	DATA 	Mouse:  Left button up, pos=(314,284)
145.0774 	EXP 	es_gradcpt_slider: markerPos = 0.3566666666666667
145.0953 	INFO 	Keyboard events cleared
145.0950 	EXP 	enter_advance_gradcpt: autoDraw = True
145.1323 	EXP 	window1: mouseVisible = False
145.1334 	DATA 	Keypress: return
145.1445 	EXP 	es_text_component_gradcpt: autoDraw = False
145.1445 	EXP 	es_gradcpt_slider: autoDraw = False
145.1445 	EXP 	low_anchor_gradcpt: autoDraw = False
145.1445 	EXP 	high_anchor_gradcpt: autoDraw = False
145.1445 	EXP 	enter_advance_gradcpt: autoDraw = False
145.1445 	EXP 	es_gradcpt_isi_text: autoDraw = True
145.6316 	EXP 	New trial (rep=4, index=0): <Trial 4 (0 in rep 4) data={'thisN': 4, 'thisTrialN': 0, 'thisRepN': 4}>
145.6320 	EXP 	window1: mouseVisible = True
145.6607 	EXP 	es_gradcpt_isi_text: autoDraw = False
145.6607 	EXP 	es_gradcpt_isi_text: autoDraw = False
145.6607 	EXP 	es_text_component_gradcpt: height = 0.05
145.6607 	EXP 	es_text_component_gradcpt: height = 0.05
145.6607 	EXP 	es_text_component_gradcpt: height = 0.05
145.6607 	EXP 	es_text_component_gradcpt: text = 'How positive or negative were you feeling?'
145.6607 	EXP 	es_gradcpt_slider: markerPos = None
145.6607 	EXP 	es_gradcpt_slider: markerPos = None
145.6607 	EXP 	low_anchor_gradcpt: height = 0.05
145.6607 	EXP 	low_anchor_gradcpt: height = 0.05
145.6607 	EXP 	low_anchor_gradcpt: height = 0.05
145.6607 	EXP 	low_anchor_gradcpt: text = 'completely\nnegative'
145.6607 	EXP 	high_anchor_gradcpt: height = 0.05
145.6607 	EXP 	high_anchor_gradcpt: height = 0.05
145.6607 	EXP 	high_anchor_gradcpt: height = 0.05
145.6607 	EXP 	high_anchor_gradcpt: text = 'completely\npositive'
145.6607 	EXP 	es_text_component_gradcpt: autoDraw = True
145.6607 	EXP 	es_gradcpt_slider: autoDraw = True
145.6607 	EXP 	low_anchor_gradcpt: autoDraw = True
145.6607 	EXP 	high_anchor_gradcpt: autoDraw = True
146.0187 	DATA 	Mouse: Left button down, pos=(455,313)
146.0448 	EXP 	es_gradcpt_slider: markerPos = 0.5916666666666667
146.0617 	EXP 	es_gradcpt_slider: markerPos = 0.5916666666666667
146.0784 	EXP 	es_gradcpt_slider: markerPos = 0.5916666666666667
146.0828 	DATA 	Mouse:  Left button up, pos=(455,313)
146.0951 	EXP 	es_gradcpt_slider: markerPos = 0.5916666666666667
146.1122 	INFO 	Keyboard events cleared
146.1118 	EXP 	enter_advance_gradcpt: autoDraw = True
146.1164 	DATA 	Keypress: return
146.1830 	EXP 	window1: mouseVisible = False
146.1951 	EXP 	es_text_component_gradcpt: autoDraw = False
146.1951 	EXP 	es_gradcpt_slider: autoDraw = False
146.1951 	EXP 	low_anchor_gradcpt: autoDraw = False
146.1951 	EXP 	high_anchor_gradcpt: autoDraw = False
146.1951 	EXP 	enter_advance_gradcpt: autoDraw = False
146.1951 	EXP 	es_gradcpt_isi_text: autoDraw = True
146.6827 	EXP 	New trial (rep=5, index=0): <Trial 5 (0 in rep 5) data={'thisN': 5, 'thisTrialN': 0, 'thisRepN': 5}>
146.6830 	EXP 	window1: mouseVisible = True
146.7119 	EXP 	es_gradcpt_isi_text: autoDraw = False
146.7119 	EXP 	es_gradcpt_isi_text: autoDraw = False
146.7119 	EXP 	es_text_component_gradcpt: height = 0.05
146.7119 	EXP 	es_text_component_gradcpt: height = 0.05
146.7119 	EXP 	es_text_component_gradcpt: height = 0.05
146.7119 	EXP 	es_text_component_gradcpt: text = 'How confident are you about your ratings for this trial?'
146.7119 	EXP 	es_gradcpt_slider: markerPos = None
146.7119 	EXP 	es_gradcpt_slider: markerPos = None
146.7119 	EXP 	low_anchor_gradcpt: height = 0.05
146.7119 	EXP 	low_anchor_gradcpt: height = 0.05
146.7119 	EXP 	low_anchor_gradcpt: height = 0.05
146.7119 	EXP 	low_anchor_gradcpt: text = 'completely\nunconfident'
146.7119 	EXP 	high_anchor_gradcpt: height = 0.05
146.7119 	EXP 	high_anchor_gradcpt: height = 0.05
146.7119 	EXP 	high_anchor_gradcpt: height = 0.05
146.7119 	EXP 	high_anchor_gradcpt: text = 'completely\nconfident'
146.7119 	EXP 	es_text_component_gradcpt: autoDraw = True
146.7119 	EXP 	es_gradcpt_slider: autoDraw = True
146.7119 	EXP 	low_anchor_gradcpt: autoDraw = True
146.7119 	EXP 	high_anchor_gradcpt: autoDraw = True
147.1350 	DATA 	Mouse: Left button down, pos=(436,278)
147.1462 	EXP 	es_gradcpt_slider: markerPos = 0.56
147.1629 	EXP 	es_gradcpt_slider: markerPos = 0.5616666666666666
147.1795 	EXP 	es_gradcpt_slider: markerPos = 0.5616666666666666
147.1962 	EXP 	es_gradcpt_slider: markerPos = 0.5616666666666666
147.2128 	EXP 	es_gradcpt_slider: markerPos = 0.5616666666666666
147.2297 	EXP 	es_gradcpt_slider: markerPos = 0.5616666666666666
147.2347 	DATA 	Mouse:  Left button up, pos=(437,281)
147.2463 	EXP 	es_gradcpt_slider: markerPos = 0.5616666666666666
147.2633 	INFO 	Keyboard events cleared
147.2629 	EXP 	enter_advance_gradcpt: autoDraw = True
147.2840 	EXP 	window1: mouseVisible = False
147.2850 	DATA 	Keypress: return
147.2964 	EXP 	es_text_component_gradcpt: autoDraw = False
147.2964 	EXP 	es_gradcpt_slider: autoDraw = False
147.2964 	EXP 	low_anchor_gradcpt: autoDraw = False
147.2964 	EXP 	high_anchor_gradcpt: autoDraw = False
147.2964 	EXP 	enter_advance_gradcpt: autoDraw = False
147.2964 	EXP 	es_gradcpt_isi_text: autoDraw = True
147.7969 	EXP 	es_gradcpt_isi_text: autoDraw = False
147.7969 	EXP 	es_gradcpt_isi_text: autoDraw = False
147.7969 	EXP 	prepare_text: autoDraw = True
152.7886 	EXP 	New trial (rep=1, index=0): <Trial 1 (0 in rep 1) data={'thisN': 1, 'thisTrialN': 0, 'thisRepN': 1}>
152.8026 	EXP 	prepare_text: autoDraw = False
152.8026 	EXP 	gradcpt_image: autoDraw = True
178.9413 	EXP 	New trial (rep=0, index=0): <Trial 0 (0 in rep 0) data={'thisN': 0, 'thisTrialN': 0, 'thisRepN': 0}>
178.9417 	EXP 	window1: mouseVisible = True
178.9629 	EXP 	gradcpt_image: autoDraw = False
178.9629 	EXP 	es_text_component_gradcpt: height = 0.05
178.9629 	EXP 	es_text_component_gradcpt: height = 0.05
178.9629 	EXP 	es_text_component_gradcpt: height = 0.05
178.9629 	EXP 	es_text_component_gradcpt: text = 'Where was your attention during the previous trial?'
178.9629 	EXP 	es_gradcpt_slider: markerPos = None
178.9629 	EXP 	es_gradcpt_slider: markerPos = None
178.9629 	EXP 	low_anchor_gradcpt: height = 0.05
178.9629 	EXP 	low_anchor_gradcpt: height = 0.05
178.9629 	EXP 	low_anchor_gradcpt: height = 0.05
178.9629 	EXP 	low_anchor_gradcpt: text = 'on-task'
178.9629 	EXP 	high_anchor_gradcpt: height = 0.05
178.9629 	EXP 	high_anchor_gradcpt: height = 0.05
178.9629 	EXP 	high_anchor_gradcpt: height = 0.05
178.9629 	EXP 	high_anchor_gradcpt: text = 'off-task'
178.9629 	EXP 	es_text_component_gradcpt: autoDraw = True
178.9629 	EXP 	es_gradcpt_slider: autoDraw = True
178.9629 	EXP 	low_anchor_gradcpt: autoDraw = True
178.9629 	EXP 	high_anchor_gradcpt: autoDraw = True
181.3560 	DATA 	Mouse: Left button down, pos=(429,311)
181.3836 	EXP 	es_gradcpt_slider: markerPos = 0.5483333333333333
181.3994 	EXP 	es_gradcpt_slider: markerPos = 0.5483333333333333
181.4037 	DATA 	Mouse:  Left button up, pos=(429,311)
181.4161 	EXP 	es_gradcpt_slider: markerPos = 0.5483333333333333
181.4331 	INFO 	Keyboard events cleared
181.4327 	EXP 	enter_advance_gradcpt: autoDraw = True
181.5208 	EXP 	window1: mouseVisible = False
181.5218 	DATA 	Keypress: return
181.5329 	EXP 	es_text_component_gradcpt: autoDraw = False
181.5329 	EXP 	es_gradcpt_slider: autoDraw = False
181.5329 	EXP 	low_anchor_gradcpt: autoDraw = False
181.5329 	EXP 	high_anchor_gradcpt: autoDraw = False
181.5329 	EXP 	enter_advance_gradcpt: autoDraw = False
181.5329 	EXP 	es_gradcpt_isi_text: autoDraw = True
182.0203 	EXP 	New trial (rep=1, index=0): <Trial 1 (0 in rep 1) data={'thisN': 1, 'thisTrialN': 0, 'thisRepN': 1}>
182.0206 	EXP 	window1: mouseVisible = True
182.0495 	EXP 	es_gradcpt_isi_text: autoDraw = False
182.0495 	EXP 	es_gradcpt_isi_text: autoDraw = False
182.0495 	EXP 	es_text_component_gradcpt: height = 0.05
182.0495 	EXP 	es_text_component_gradcpt: height = 0.05
182.0495 	EXP 	es_text_component_gradcpt: height = 0.05
182.0495 	EXP 	es_text_component_gradcpt: text = 'How intentional were your thoughts?'
182.0495 	EXP 	es_gradcpt_slider: markerPos = None
182.0495 	EXP 	es_gradcpt_slider: markerPos = None
182.0495 	EXP 	low_anchor_gradcpt: height = 0.05
182.0495 	EXP 	low_anchor_gradcpt: height = 0.05
182.0495 	EXP 	low_anchor_gradcpt: height = 0.05
182.0495 	EXP 	low_anchor_gradcpt: text = 'completely\nunintentional'
182.0495 	EXP 	high_anchor_gradcpt: height = 0.05
182.0495 	EXP 	high_anchor_gradcpt: height = 0.05
182.0495 	EXP 	high_anchor_gradcpt: height = 0.05
182.0495 	EXP 	high_anchor_gradcpt: text = 'completely\nintentional'
182.0495 	EXP 	es_text_component_gradcpt: autoDraw = True
182.0495 	EXP 	es_gradcpt_slider: autoDraw = True
182.0495 	EXP 	low_anchor_gradcpt: autoDraw = True
182.0495 	EXP 	high_anchor_gradcpt: autoDraw = True
182.5554 	DATA 	Mouse: Left button down, pos=(350,304)
182.5672 	EXP 	es_gradcpt_slider: markerPos = 0.4166666666666667
182.5840 	EXP 	es_gradcpt_slider: markerPos = 0.4166666666666667
182.6006 	EXP 	es_gradcpt_slider: markerPos = 0.4166666666666667
182.6078 	DATA 	Mouse:  Left button up, pos=(350,304)
182.6173 	EXP 	es_gradcpt_slider: markerPos = 0.4166666666666667
182.6341 	EXP 	es_gradcpt_slider: markerPos = 0.4166666666666667
182.6514 	INFO 	Keyboard events cleared
182.6510 	EXP 	enter_advance_gradcpt: autoDraw = True
182.7224 	EXP 	window1: mouseVisible = False
182.7235 	DATA 	Keypress: return
182.7343 	EXP 	es_text_component_gradcpt: autoDraw = False
182.7343 	EXP 	es_gradcpt_slider: autoDraw = False
182.7343 	EXP 	low_anchor_gradcpt: autoDraw = False
182.7343 	EXP 	high_anchor_gradcpt: autoDraw = False
182.7343 	EXP 	enter_advance_gradcpt: autoDraw = False
182.7343 	EXP 	es_gradcpt_isi_text: autoDraw = True
183.2216 	EXP 	New trial (rep=2, index=0): <Trial 2 (0 in rep 2) data={'thisN': 2, 'thisTrialN': 0, 'thisRepN': 2}>
183.2219 	EXP 	window1: mouseVisible = True
183.2507 	EXP 	es_gradcpt_isi_text: autoDraw = False
183.2507 	EXP 	es_gradcpt_isi_text: autoDraw = False
183.2507 	EXP 	es_text_component_gradcpt: height = 0.05
183.2507 	EXP 	es_text_component_gradcpt: height = 0.05
183.2507 	EXP 	es_text_component_gradcpt: height = 0.05
183.2507 	EXP 	es_text_component_gradcpt: text = 'How positive or negative were you feeling?'
183.2507 	EXP 	es_gradcpt_slider: markerPos = None
183.2507 	EXP 	es_gradcpt_slider: markerPos = None
183.2507 	EXP 	low_anchor_gradcpt: height = 0.05
183.2507 	EXP 	low_anchor_gradcpt: height = 0.05
183.2507 	EXP 	low_anchor_gradcpt: height = 0.05
183.2507 	EXP 	low_anchor_gradcpt: text = 'completely\nnegative'
183.2507 	EXP 	high_anchor_gradcpt: height = 0.05
183.2507 	EXP 	high_anchor_gradcpt: height = 0.05
183.2507 	EXP 	high_anchor_gradcpt: height = 0.05
183.2507 	EXP 	high_anchor_gradcpt: text = 'completely\npositive'
183.2507 	EXP 	es_text_component_gradcpt: autoDraw = True
183.2507 	EXP 	es_gradcpt_slider: autoDraw = True
183.2507 	EXP 	low_anchor_gradcpt: autoDraw = True
183.2507 	EXP 	high_anchor_gradcpt: autoDraw = True
183.6229 	DATA 	Mouse: Left button down, pos=(492,277)
183.6351 	EXP 	es_gradcpt_slider: markerPos = 0.6533333333333333
183.6517 	EXP 	es_gradcpt_slider: markerPos = 0.6533333333333333
183.6685 	EXP 	es_gradcpt_slider: markerPos = 0.6533333333333333
183.6730 	DATA 	Mouse:  Left button up, pos=(492,277)
183.6852 	EXP 	es_gradcpt_slider: markerPos = 0.6533333333333333
183.7023 	INFO 	Keyboard events cleared
183.7019 	EXP 	enter_advance_gradcpt: autoDraw = True
183.7570 	EXP 	window1: mouseVisible = False
183.7583 	DATA 	Keypress: return
183.7688 	EXP 	es_text_component_gradcpt: autoDraw = False
183.7688 	EXP 	es_gradcpt_slider: autoDraw = False
183.7688 	EXP 	low_anchor_gradcpt: autoDraw = False
183.7688 	EXP 	high_anchor_gradcpt: autoDraw = False
183.7688 	EXP 	enter_advance_gradcpt: autoDraw = False
183.7688 	EXP 	es_gradcpt_isi_text: autoDraw = True
184.2560 	EXP 	New trial (rep=3, index=0): <Trial 3 (0 in rep 3) data={'thisN': 3, 'thisTrialN': 0, 'thisRepN': 3}>
184.2563 	EXP 	window1: mouseVisible = True
184.2690 	EXP 	es_gradcpt_isi_text: autoDraw = False
184.2690 	EXP 	es_gradcpt_isi_text: autoDraw = False
184.2690 	EXP 	es_text_component_gradcpt: height = 0.05
184.2690 	EXP 	es_text_component_gradcpt: height = 0.05
184.2690 	EXP 	es_text_component_gradcpt: height = 0.05
184.2690 	EXP 	es_text_component_gradcpt: text = 'Were your thoughts freely moving?'
184.2690 	EXP 	es_gradcpt_slider: markerPos = None
184.2690 	EXP 	es_gradcpt_slider: markerPos = None
184.2690 	EXP 	low_anchor_gradcpt: height = 0.05
184.2690 	EXP 	low_anchor_gradcpt: height = 0.05
184.2690 	EXP 	low_anchor_gradcpt: height = 0.05
184.2690 	EXP 	low_anchor_gradcpt: text = 'unmoving'
184.2690 	EXP 	high_anchor_gradcpt: height = 0.05
184.2690 	EXP 	high_anchor_gradcpt: height = 0.05
184.2690 	EXP 	high_anchor_gradcpt: height = 0.05
184.2690 	EXP 	high_anchor_gradcpt: text = 'moving freely'
184.2690 	EXP 	es_text_component_gradcpt: autoDraw = True
184.2690 	EXP 	es_gradcpt_slider: autoDraw = True
184.2690 	EXP 	low_anchor_gradcpt: autoDraw = True
184.2690 	EXP 	high_anchor_gradcpt: autoDraw = True
184.6914 	DATA 	Mouse: Left button down, pos=(267,250)
184.7419 	DATA 	Mouse:  Left button up, pos=(267,250)
184.9912 	DATA 	Mouse: Left button down, pos=(261,280)
185.0034 	EXP 	es_gradcpt_slider: markerPos = 0.2683333333333333
185.0198 	EXP 	es_gradcpt_slider: markerPos = 0.2683333333333333
185.0365 	EXP 	es_gradcpt_slider: markerPos = 0.2683333333333333
185.0407 	DATA 	Mouse:  Left button up, pos=(261,280)
185.0534 	EXP 	es_gradcpt_slider: markerPos = 0.2683333333333333
185.0703 	INFO 	Keyboard events cleared
185.0699 	EXP 	enter_advance_gradcpt: autoDraw = True
185.1916 	EXP 	window1: mouseVisible = False
185.1927 	DATA 	Keypress: return
185.2035 	EXP 	es_text_component_gradcpt: autoDraw = False
185.2035 	EXP 	es_gradcpt_slider: autoDraw = False
185.2035 	EXP 	low_anchor_gradcpt: autoDraw = False
185.2035 	EXP 	high_anchor_gradcpt: autoDraw = False
185.2035 	EXP 	enter_advance_gradcpt: autoDraw = False
185.2035 	EXP 	es_gradcpt_isi_text: autoDraw = True
185.6910 	EXP 	New trial (rep=4, index=0): <Trial 4 (0 in rep 4) data={'thisN': 4, 'thisTrialN': 0, 'thisRepN': 4}>
185.6913 	EXP 	window1: mouseVisible = True
185.7201 	EXP 	es_gradcpt_isi_text: autoDraw = False
185.7201 	EXP 	es_gradcpt_isi_text: autoDraw = False
185.7201 	EXP 	es_text_component_gradcpt: height = 0.05
185.7201 	EXP 	es_text_component_gradcpt: height = 0.05
185.7201 	EXP 	es_text_component_gradcpt: height = 0.05
185.7201 	EXP 	es_text_component_gradcpt: text = 'How difficult was it to disengage from your thoughts?'
185.7201 	EXP 	es_gradcpt_slider: markerPos = None
185.7201 	EXP 	es_gradcpt_slider: markerPos = None
185.7201 	EXP 	low_anchor_gradcpt: height = 0.05
185.7201 	EXP 	low_anchor_gradcpt: height = 0.05
185.7201 	EXP 	low_anchor_gradcpt: height = 0.05
185.7201 	EXP 	low_anchor_gradcpt: text = 'extremely\neasy'
185.7201 	EXP 	high_anchor_gradcpt: height = 0.05
185.7201 	EXP 	high_anchor_gradcpt: height = 0.05
185.7201 	EXP 	high_anchor_gradcpt: height = 0.05
185.7201 	EXP 	high_anchor_gradcpt: text = 'extremely\ndifficult'
185.7201 	EXP 	es_text_component_gradcpt: autoDraw = True
185.7201 	EXP 	es_gradcpt_slider: autoDraw = True
185.7201 	EXP 	low_anchor_gradcpt: autoDraw = True
185.7201 	EXP 	high_anchor_gradcpt: autoDraw = True
186.0091 	DATA 	Mouse: Left button down, pos=(533,297)
186.0211 	EXP 	es_gradcpt_slider: markerPos = 0.7216666666666667
186.0377 	EXP 	es_gradcpt_slider: markerPos = 0.7216666666666667
186.0543 	EXP 	es_gradcpt_slider: markerPos = 0.7216666666666667
186.0710 	EXP 	es_gradcpt_slider: markerPos = 0.7216666666666667
186.0753 	DATA 	Mouse:  Left button up, pos=(533,297)
186.0877 	EXP 	es_gradcpt_slider: markerPos = 0.7216666666666667
186.1048 	INFO 	Keyboard events cleared
186.1044 	EXP 	enter_advance_gradcpt: autoDraw = True
186.1107 	DATA 	Keypress: return
186.1257 	EXP 	window1: mouseVisible = False
186.1378 	EXP 	es_text_component_gradcpt: autoDraw = False
186.1378 	EXP 	es_gradcpt_slider: autoDraw = False
186.1378 	EXP 	low_anchor_gradcpt: autoDraw = False
186.1378 	EXP 	high_anchor_gradcpt: autoDraw = False
186.1378 	EXP 	enter_advance_gradcpt: autoDraw = False
186.1378 	EXP 	es_gradcpt_isi_text: autoDraw = True
186.6254 	EXP 	New trial (rep=5, index=0): <Trial 5 (0 in rep 5) data={'thisN': 5, 'thisTrialN': 0, 'thisRepN': 5}>
186.6257 	EXP 	window1: mouseVisible = True
186.6546 	EXP 	es_gradcpt_isi_text: autoDraw = False
186.6546 	EXP 	es_gradcpt_isi_text: autoDraw = False
186.6546 	EXP 	es_text_component_gradcpt: height = 0.05
186.6546 	EXP 	es_text_component_gradcpt: height = 0.05
186.6546 	EXP 	es_text_component_gradcpt: height = 0.05
186.6546 	EXP 	es_text_component_gradcpt: text = 'How confident are you about your ratings for this trial?'
186.6546 	EXP 	es_gradcpt_slider: markerPos = None
186.6546 	EXP 	es_gradcpt_slider: markerPos = None
186.6546 	EXP 	low_anchor_gradcpt: height = 0.05
186.6546 	EXP 	low_anchor_gradcpt: height = 0.05
186.6546 	EXP 	low_anchor_gradcpt: height = 0.05
186.6546 	EXP 	low_anchor_gradcpt: text = 'completely\nunconfident'
186.6546 	EXP 	high_anchor_gradcpt: height = 0.05
186.6546 	EXP 	high_anchor_gradcpt: height = 0.05
186.6546 	EXP 	high_anchor_gradcpt: height = 0.05
186.6546 	EXP 	high_anchor_gradcpt: text = 'completely\nconfident'
186.6546 	EXP 	es_text_component_gradcpt: autoDraw = True
186.6546 	EXP 	es_gradcpt_slider: autoDraw = True
186.6546 	EXP 	low_anchor_gradcpt: autoDraw = True
186.6546 	EXP 	high_anchor_gradcpt: autoDraw = True
187.1275 	DATA 	Mouse: Left button down, pos=(335,283)
187.1388 	EXP 	es_gradcpt_slider: markerPos = 0.39166666666666666
187.1554 	EXP 	es_gradcpt_slider: markerPos = 0.39166666666666666
187.1722 	EXP 	es_gradcpt_slider: markerPos = 0.39166666666666666
187.1768 	DATA 	Mouse:  Left button up, pos=(335,284)
187.1889 	EXP 	es_gradcpt_slider: markerPos = 0.39166666666666666
187.2061 	INFO 	Keyboard events cleared
187.2057 	EXP 	enter_advance_gradcpt: autoDraw = True
187.2436 	EXP 	window1: mouseVisible = False
187.2446 	DATA 	Keypress: return
187.2557 	EXP 	es_text_component_gradcpt: autoDraw = False
187.2557 	EXP 	es_gradcpt_slider: autoDraw = False
187.2557 	EXP 	low_anchor_gradcpt: autoDraw = False
187.2557 	EXP 	high_anchor_gradcpt: autoDraw = False
187.2557 	EXP 	enter_advance_gradcpt: autoDraw = False
187.2557 	EXP 	es_gradcpt_isi_text: autoDraw = True
187.7725 	EXP 	es_gradcpt_isi_text: autoDraw = False
187.7725 	EXP 	es_gradcpt_isi_text: autoDraw = False
187.7725 	EXP 	prepare_text: autoDraw = True
192.7482 	EXP 	New trial (rep=2, index=0): <Trial 2 (0 in rep 2) data={'thisN': 2, 'thisTrialN': 0, 'thisRepN': 2}>
192.7619 	EXP 	prepare_text: autoDraw = False
192.7619 	EXP 	gradcpt_image: autoDraw = True
206.6169 	EXP 	New trial (rep=0, index=0): <Trial 0 (0 in rep 0) data={'thisN': 0, 'thisTrialN': 0, 'thisRepN': 0}>
206.6173 	EXP 	window1: mouseVisible = True
206.6425 	EXP 	gradcpt_image: autoDraw = False
206.6425 	EXP 	es_text_component_gradcpt: height = 0.05
206.6425 	EXP 	es_text_component_gradcpt: height = 0.05
206.6425 	EXP 	es_text_component_gradcpt: height = 0.05
206.6425 	EXP 	es_text_component_gradcpt: text = 'Where was your attention during the previous trial?'
206.6425 	EXP 	es_gradcpt_slider: markerPos = None
206.6425 	EXP 	es_gradcpt_slider: markerPos = None
206.6425 	EXP 	low_anchor_gradcpt: height = 0.05
206.6425 	EXP 	low_anchor_gradcpt: height = 0.05
206.6425 	EXP 	low_anchor_gradcpt: height = 0.05
206.6425 	EXP 	low_anchor_gradcpt: text = 'on-task'
206.6425 	EXP 	high_anchor_gradcpt: height = 0.05
206.6425 	EXP 	high_anchor_gradcpt: height = 0.05
206.6425 	EXP 	high_anchor_gradcpt: height = 0.05
206.6425 	EXP 	high_anchor_gradcpt: text = 'off-task'
206.6425 	EXP 	es_text_component_gradcpt: autoDraw = True
206.6425 	EXP 	es_gradcpt_slider: autoDraw = True
206.6425 	EXP 	low_anchor_gradcpt: autoDraw = True
206.6425 	EXP 	high_anchor_gradcpt: autoDraw = True
209.1504 	DATA 	Mouse: Left button down, pos=(501,298)
209.1624 	EXP 	es_gradcpt_slider: markerPos = 0.6683333333333333
209.1790 	EXP 	es_gradcpt_slider: markerPos = 0.6683333333333333
209.1964 	EXP 	es_gradcpt_slider: markerPos = 0.6683333333333333
209.2009 	DATA 	Mouse:  Left button up, pos=(501,298)
209.2125 	EXP 	es_gradcpt_slider: markerPos = 0.6683333333333333
209.2295 	INFO 	Keyboard events cleared
209.2291 	EXP 	enter_advance_gradcpt: autoDraw = True
209.3003 	EXP 	window1: mouseVisible = False
209.3012 	DATA 	Keypress: return
209.3125 	EXP 	es_text_component_gradcpt: autoDraw = False
209.3125 	EXP 	es_gradcpt_slider: autoDraw = False
209.3125 	EXP 	low_anchor_gradcpt: autoDraw = False
209.3125 	EXP 	high_anchor_gradcpt: autoDraw = False
209.3125 	EXP 	enter_advance_gradcpt: autoDraw = False
209.3125 	EXP 	es_gradcpt_isi_text: autoDraw = True
209.7999 	EXP 	New trial (rep=1, index=0): <Trial 1 (0 in rep 1) data={'thisN': 1, 'thisTrialN': 0, 'thisRepN': 1}>
209.8003 	EXP 	window1: mouseVisible = True
209.8291 	EXP 	es_gradcpt_isi_text: autoDraw = False
209.8291 	EXP 	es_gradcpt_isi_text: autoDraw = False
209.8291 	EXP 	es_text_component_gradcpt: height = 0.05
209.8291 	EXP 	es_text_component_gradcpt: height = 0.05
209.8291 	EXP 	es_text_component_gradcpt: height = 0.05
209.8291 	EXP 	es_text_component_gradcpt: text = 'How intentional were your thoughts?'
209.8291 	EXP 	es_gradcpt_slider: markerPos = None
209.8291 	EXP 	es_gradcpt_slider: markerPos = None
209.8291 	EXP 	low_anchor_gradcpt: height = 0.05
209.8291 	EXP 	low_anchor_gradcpt: height = 0.05
209.8291 	EXP 	low_anchor_gradcpt: height = 0.05
209.8291 	EXP 	low_anchor_gradcpt: text = 'completely\nunintentional'
209.8291 	EXP 	high_anchor_gradcpt: height = 0.05
209.8291 	EXP 	high_anchor_gradcpt: height = 0.05
209.8291 	EXP 	high_anchor_gradcpt: height = 0.05
209.8291 	EXP 	high_anchor_gradcpt: text = 'completely\nintentional'
209.8291 	EXP 	es_text_component_gradcpt: autoDraw = True
209.8291 	EXP 	es_gradcpt_slider: autoDraw = True
209.8291 	EXP 	low_anchor_gradcpt: autoDraw = True
209.8291 	EXP 	high_anchor_gradcpt: autoDraw = True
210.1846 	DATA 	Mouse: Left button down, pos=(330,301)
210.1978 	EXP 	es_gradcpt_slider: markerPos = 0.3833333333333333
210.2134 	EXP 	es_gradcpt_slider: markerPos = 0.3833333333333333
210.2301 	EXP 	es_gradcpt_slider: markerPos = 0.3833333333333333
210.2468 	EXP 	es_gradcpt_slider: markerPos = 0.3833333333333333
210.2635 	EXP 	es_gradcpt_slider: markerPos = 0.3833333333333333
210.2679 	DATA 	Mouse:  Left button up, pos=(330,301)
210.2802 	EXP 	es_gradcpt_slider: markerPos = 0.3833333333333333
210.2974 	INFO 	Keyboard events cleared
210.2969 	EXP 	enter_advance_gradcpt: autoDraw = True
210.3022 	DATA 	Keypress: return
210.3849 	EXP 	window1: mouseVisible = False
210.3969 	EXP 	es_text_component_gradcpt: autoDraw = False
210.3969 	EXP 	es_gradcpt_slider: autoDraw = False
210.3969 	EXP 	low_anchor_gradcpt: autoDraw = False
210.3969 	EXP 	high_anchor_gradcpt: autoDraw = False
210.3969 	EXP 	enter_advance_gradcpt: autoDraw = False
210.3969 	EXP 	es_gradcpt_isi_text: autoDraw = True
210.8854 	EXP 	New trial (rep=2, index=0): <Trial 2 (0 in rep 2) data={'thisN': 2, 'thisTrialN': 0, 'thisRepN': 2}>
210.8858 	EXP 	window1: mouseVisible = True
210.9138 	EXP 	es_gradcpt_isi_text: autoDraw = False
210.9138 	EXP 	es_gradcpt_isi_text: autoDraw = False
210.9138 	EXP 	es_text_component_gradcpt: height = 0.05
210.9138 	EXP 	es_text_component_gradcpt: height = 0.05
210.9138 	EXP 	es_text_component_gradcpt: height = 0.05
210.9138 	EXP 	es_text_component_gradcpt: text = 'Were your thoughts freely moving?'
210.9138 	EXP 	es_gradcpt_slider: markerPos = None
210.9138 	EXP 	es_gradcpt_slider: markerPos = None
210.9138 	EXP 	low_anchor_gradcpt: height = 0.05
210.9138 	EXP 	low_anchor_gradcpt: height = 0.05
210.9138 	EXP 	low_anchor_gradcpt: height = 0.05
210.9138 	EXP 	low_anchor_gradcpt: text = 'unmoving'
210.9138 	EXP 	high_anchor_gradcpt: height = 0.05
210.9138 	EXP 	high_anchor_gradcpt: height = 0.05
210.9138 	EXP 	high_anchor_gradcpt: height = 0.05
210.9138 	EXP 	high_anchor_gradcpt: text = 'moving freely'
210.9138 	EXP 	es_text_component_gradcpt: autoDraw = True
210.9138 	EXP 	es_gradcpt_slider: autoDraw = True
210.9138 	EXP 	low_anchor_gradcpt: autoDraw = True
210.9138 	EXP 	high_anchor_gradcpt: autoDraw = True
211.2691 	DATA 	Mouse: Left button down, pos=(490,302)
211.2814 	EXP 	es_gradcpt_slider: markerPos = 0.65
211.2980 	EXP 	es_gradcpt_slider: markerPos = 0.65
211.3146 	EXP 	es_gradcpt_slider: markerPos = 0.65
211.3190 	DATA 	Mouse:  Left button up, pos=(490,302)
211.3313 	EXP 	es_gradcpt_slider: markerPos = 0.65
211.3484 	INFO 	Keyboard events cleared
211.3480 	EXP 	enter_advance_gradcpt: autoDraw = True
211.3529 	EXP 	window1: mouseVisible = False
211.3540 	DATA 	Keypress: return
211.3647 	EXP 	es_text_component_gradcpt: autoDraw = False
211.3647 	EXP 	es_gradcpt_slider: autoDraw = False
211.3647 	EXP 	low_anchor_gradcpt: autoDraw = False
211.3647 	EXP 	high_anchor_gradcpt: autoDraw = False
211.3647 	EXP 	enter_advance_gradcpt: autoDraw = False
211.3647 	EXP 	es_gradcpt_isi_text: autoDraw = True
211.8523 	EXP 	New trial (rep=3, index=0): <Trial 3 (0 in rep 3) data={'thisN': 3, 'thisTrialN': 0, 'thisRepN': 3}>
211.8526 	EXP 	window1: mouseVisible = True
211.8815 	EXP 	es_gradcpt_isi_text: autoDraw = False
211.8815 	EXP 	es_gradcpt_isi_text: autoDraw = False
211.8815 	EXP 	es_text_component_gradcpt: height = 0.05
211.8815 	EXP 	es_text_component_gradcpt: height = 0.05
211.8815 	EXP 	es_text_component_gradcpt: height = 0.05
211.8815 	EXP 	es_text_component_gradcpt: text = 'How difficult was it to disengage from your thoughts?'
211.8815 	EXP 	es_gradcpt_slider: markerPos = None
211.8815 	EXP 	es_gradcpt_slider: markerPos = None
211.8815 	EXP 	low_anchor_gradcpt: height = 0.05
211.8815 	EXP 	low_anchor_gradcpt: height = 0.05
211.8815 	EXP 	low_anchor_gradcpt: height = 0.05
211.8815 	EXP 	low_anchor_gradcpt: text = 'extremely\neasy'
211.8815 	EXP 	high_anchor_gradcpt: height = 0.05
211.8815 	EXP 	high_anchor_gradcpt: height = 0.05
211.8815 	EXP 	high_anchor_gradcpt: height = 0.05
211.8815 	EXP 	high_anchor_gradcpt: text = 'extremely\ndifficult'
211.8815 	EXP 	es_text_component_gradcpt: autoDraw = True
211.8815 	EXP 	es_gradcpt_slider: autoDraw = True
211.8815 	EXP 	low_anchor_gradcpt: autoDraw = True
211.8815 	EXP 	high_anchor_gradcpt: autoDraw = True
212.2202 	DATA 	Mouse: Left button down, pos=(370,308)
212.2323 	EXP 	es_gradcpt_slider: markerPos = 0.45
212.2490 	EXP 	es_gradcpt_slider: markerPos = 0.45
212.2657 	EXP 	es_gradcpt_slider: markerPos = 0.45
212.2701 	DATA 	Mouse:  Left button up, pos=(370,308)
212.2824 	EXP 	es_gradcpt_slider: markerPos = 0.45
212.2996 	INFO 	Keyboard events cleared
212.2992 	EXP 	enter_advance_gradcpt: autoDraw = True
212.3038 	DATA 	Keypress: return
212.3537 	EXP 	window1: mouseVisible = False
212.3657 	EXP 	es_text_component_gradcpt: autoDraw = False
212.3657 	EXP 	es_gradcpt_slider: autoDraw = False
212.3657 	EXP 	low_anchor_gradcpt: autoDraw = False
212.3657 	EXP 	high_anchor_gradcpt: autoDraw = False
212.3657 	EXP 	enter_advance_gradcpt: autoDraw = False
212.3657 	EXP 	es_gradcpt_isi_text: autoDraw = True
212.8536 	EXP 	New trial (rep=4, index=0): <Trial 4 (0 in rep 4) data={'thisN': 4, 'thisTrialN': 0, 'thisRepN': 4}>
212.8539 	EXP 	window1: mouseVisible = True
212.8824 	EXP 	es_gradcpt_isi_text: autoDraw = False
212.8824 	EXP 	es_gradcpt_isi_text: autoDraw = False
212.8824 	EXP 	es_text_component_gradcpt: height = 0.05
212.8824 	EXP 	es_text_component_gradcpt: height = 0.05
212.8824 	EXP 	es_text_component_gradcpt: height = 0.05
212.8824 	EXP 	es_text_component_gradcpt: text = 'How positive or negative were you feeling?'
212.8824 	EXP 	es_gradcpt_slider: markerPos = None
212.8824 	EXP 	es_gradcpt_slider: markerPos = None
212.8824 	EXP 	low_anchor_gradcpt: height = 0.05
212.8824 	EXP 	low_anchor_gradcpt: height = 0.05
212.8824 	EXP 	low_anchor_gradcpt: height = 0.05
212.8824 	EXP 	low_anchor_gradcpt: text = 'completely\nnegative'
212.8824 	EXP 	high_anchor_gradcpt: height = 0.05
212.8824 	EXP 	high_anchor_gradcpt: height = 0.05
212.8824 	EXP 	high_anchor_gradcpt: height = 0.05
212.8824 	EXP 	high_anchor_gradcpt: text = 'completely\npositive'
212.8824 	EXP 	es_text_component_gradcpt: autoDraw = True
212.8824 	EXP 	es_gradcpt_slider: autoDraw = True
212.8824 	EXP 	low_anchor_gradcpt: autoDraw = True
212.8824 	EXP 	high_anchor_gradcpt: autoDraw = True
213.2214 	DATA 	Mouse: Left button down, pos=(436,300)
213.2333 	EXP 	es_gradcpt_slider: markerPos = 0.56
213.2500 	EXP 	es_gradcpt_slider: markerPos = 0.56
213.2667 	EXP 	es_gradcpt_slider: markerPos = 0.56
213.2715 	DATA 	Mouse:  Left button up, pos=(436,300)
213.2716 	DATA 	Keypress: return
213.2835 	EXP 	es_gradcpt_slider: markerPos = 0.56
213.3005 	INFO 	Keyboard events cleared
213.3001 	EXP 	enter_advance_gradcpt: autoDraw = True
213.7219 	EXP 	window1: mouseVisible = False
213.7229 	DATA 	Keypress: return
213.7340 	EXP 	es_text_component_gradcpt: autoDraw = False
213.7340 	EXP 	es_gradcpt_slider: autoDraw = False
213.7340 	EXP 	low_anchor_gradcpt: autoDraw = False
213.7340 	EXP 	high_anchor_gradcpt: autoDraw = False
213.7340 	EXP 	enter_advance_gradcpt: autoDraw = False
213.7340 	EXP 	es_gradcpt_isi_text: autoDraw = True
214.2214 	EXP 	New trial (rep=5, index=0): <Trial 5 (0 in rep 5) data={'thisN': 5, 'thisTrialN': 0, 'thisRepN': 5}>
214.2218 	EXP 	window1: mouseVisible = True
214.2506 	EXP 	es_gradcpt_isi_text: autoDraw = False
214.2506 	EXP 	es_gradcpt_isi_text: autoDraw = False
214.2506 	EXP 	es_text_component_gradcpt: height = 0.05
214.2506 	EXP 	es_text_component_gradcpt: height = 0.05
214.2506 	EXP 	es_text_component_gradcpt: height = 0.05
214.2506 	EXP 	es_text_component_gradcpt: text = 'How confident are you about your ratings for this trial?'
214.2506 	EXP 	es_gradcpt_slider: markerPos = None
214.2506 	EXP 	es_gradcpt_slider: markerPos = None
214.2506 	EXP 	low_anchor_gradcpt: height = 0.05
214.2506 	EXP 	low_anchor_gradcpt: height = 0.05
214.2506 	EXP 	low_anchor_gradcpt: height = 0.05
214.2506 	EXP 	low_anchor_gradcpt: text = 'completely\nunconfident'
214.2506 	EXP 	high_anchor_gradcpt: height = 0.05
214.2506 	EXP 	high_anchor_gradcpt: height = 0.05
214.2506 	EXP 	high_anchor_gradcpt: height = 0.05
214.2506 	EXP 	high_anchor_gradcpt: text = 'completely\nconfident'
214.2506 	EXP 	es_text_component_gradcpt: autoDraw = True
214.2506 	EXP 	es_gradcpt_slider: autoDraw = True
214.2506 	EXP 	low_anchor_gradcpt: autoDraw = True
214.2506 	EXP 	high_anchor_gradcpt: autoDraw = True
215.0233 	DATA 	Mouse: Left button down, pos=(337,302)
215.0352 	EXP 	es_gradcpt_slider: markerPos = 0.395
215.0519 	EXP 	es_gradcpt_slider: markerPos = 0.395
215.0689 	EXP 	es_gradcpt_slider: markerPos = 0.395
215.0731 	DATA 	Mouse:  Left button up, pos=(337,302)
215.0853 	EXP 	es_gradcpt_slider: markerPos = 0.395
215.1023 	INFO 	Keyboard events cleared
215.1019 	EXP 	enter_advance_gradcpt: autoDraw = True
215.1570 	EXP 	window1: mouseVisible = False
215.1581 	DATA 	Keypress: return
215.1688 	EXP 	es_text_component_gradcpt: autoDraw = False
215.1688 	EXP 	es_gradcpt_slider: autoDraw = False
215.1688 	EXP 	low_anchor_gradcpt: autoDraw = False
215.1688 	EXP 	high_anchor_gradcpt: autoDraw = False
215.1688 	EXP 	enter_advance_gradcpt: autoDraw = False
215.1688 	EXP 	es_gradcpt_isi_text: autoDraw = True
215.6698 	INFO 	Keyboard events cleared
215.6694 	EXP 	es_gradcpt_isi_text: autoDraw = False
215.6694 	EXP 	es_gradcpt_isi_text: autoDraw = False
215.6694 	EXP 	prepare_text: autoDraw = False
215.6694 	EXP 	block_rest_text: autoDraw = True
216.8480 	DATA 	Keypress: space
216.8540 	INFO 	Keyboard events cleared
216.8537 	EXP 	block_rest_text: autoDraw = False
216.8537 	EXP 	debrief_text: height = 0.03
216.8537 	EXP 	debrief_text: height = 0.03
216.8537 	EXP 	debrief_text: height = 0.03
216.8537 	EXP 	debrief_text: text = 'Some debriefing text.'
216.8537 	EXP 	debrief_text: autoDraw = True
217.9273 	DATA 	Keypress: space
217.9385 	EXP 	debrief_text: autoDraw = False
217.9385 	EXP 	thanks_text: autoDraw = True
222.9436 	EXP 	thanks_text: autoDraw = False
222.9467 	EXP 	gradcptpy: status = STOPPED
222.9805 	INFO 	saved data to 'C:\\Users\\dbrau\\Dropbox\\post_doc\\professional\\projects\\independent\\gradcptpy\\data/212124_gradcptpy_2024-09-13_11h31.20.219.csv'
222.9822 	INFO 	saved data to C:\Users\dbrau\Dropbox\post_doc\professional\projects\independent\gradcptpy\data/212124_gradcptpy_2024-09-13_11h31.20.219.psydat
223.1179 	EXP 	window1: mouseVisible = True
223.4813 	DEBUG 	Saving data for gradcptpy ExperimentHandler
