10.2170 	DEBUG 	Fullscreen settings ignored as running in pilot mode.
10.2196 	INFO 	Loaded monitor calibration from ['2024_09_16 16:06']
10.6284 	EXP 	Created window1 = Window(allowGUI=True, allowStencil=False, autoLog=True, backendConf=UNKNOWN, backgroundFit=<method-wrapper '__getattribute__' of attributeSetter object at 0x00000202544F2410>, backgroundImage=<method-wrapper '__getattribute__' of attributeSetter object at 0x00000202544F2470>, bitsMode=UNKNOWN, blendMode='avg', bpc=(8, 8, 8), color=array([0, 0, 0]), colorSpace='rgb', depthBits=8, fullscr=<method-wrapper '__getattribute__' of attributeSetter object at 0x00000202544F2620>, gamma=None, gammaErrorPolicy='raise', infoMsg=UNKNOWN, lms=UNKNOWN, monitor=<psychopy.monitors.calibTools.Monitor object at 0x0000020255365330>, multiSample=False, name='window1', numSamples=2, pos=[560.0, 240.0], screen=0, size=array([800, 600]), stencilBits=0, stereo=False, title='PsychoPy', units='norm', useFBO=True, useRetina=False, viewOri=0.0, viewPos=None, viewScale=None, waitBlanking=True, winType='pyglet')
10.6285 	EXP 	window1: backgroundImage = ''
10.6285 	EXP 	window1: backgroundFit = 'none'
10.6290 	EXP 	window1: mouseVisible = <method-wrapper '__getattribute__' of attributeSetter object at 0x00000202544F2080>
10.6292 	EXP 	window1: mouseVisible = <method-wrapper '__getattribute__' of attributeSetter object at 0x00000202544F2080>
10.6357 	EXP 	window1: mouseVisible = <method-wrapper '__getattribute__' of attributeSetter object at 0x00000202544F2080>
10.6364 	EXP 	window1: mouseVisible = <method-wrapper '__getattribute__' of attributeSetter object at 0x00000202544F2080>
10.6446 	DEBUG 	TextBox2 loaded 1 chars with 0 blanks and 1 valid
10.6462 	DEBUG 	TextBox2 loaded 1 chars with 0 blanks and 1 valid
10.6477 	DEBUG 	TextBox2 loaded 1 chars with 0 blanks and 1 valid
10.6499 	DEBUG 	TextBox2 loaded 1 chars with 0 blanks and 1 valid
10.6529 	DEBUG 	TextBox2 loaded 1 chars with 0 blanks and 1 valid
10.6542 	DEBUG 	TextBox2 loaded 1 chars with 0 blanks and 1 valid
10.6558 	DEBUG 	TextBox2 loaded 1 chars with 0 blanks and 1 valid
10.6576 	DEBUG 	TextBox2 loaded 1 chars with 0 blanks and 1 valid
10.6586 	DEBUG 	TextBox2 loaded 1 chars with 0 blanks and 1 valid
10.6598 	DEBUG 	TextBox2 loaded 1 chars with 0 blanks and 1 valid
10.6614 	DEBUG 	TextBox2 loaded 1 chars with 0 blanks and 1 valid
10.6630 	DEBUG 	TextBox2 loaded 1 chars with 0 blanks and 1 valid
10.6645 	DEBUG 	TextBox2 loaded 1 chars with 0 blanks and 1 valid
10.6662 	DEBUG 	TextBox2 loaded 1 chars with 0 blanks and 1 valid
10.6677 	DEBUG 	TextBox2 loaded 1 chars with 0 blanks and 1 valid
10.6694 	DEBUG 	TextBox2 loaded 1 chars with 0 blanks and 1 valid
10.6711 	DEBUG 	TextBox2 loaded 1 chars with 0 blanks and 1 valid
10.6724 	DEBUG 	TextBox2 loaded 1 chars with 0 blanks and 1 valid
10.6737 	DEBUG 	TextBox2 loaded 1 chars with 0 blanks and 1 valid
10.6757 	DEBUG 	TextBox2 loaded 1 chars with 0 blanks and 1 valid
10.6769 	DEBUG 	TextBox2 loaded 1 chars with 0 blanks and 1 valid
10.6774 	DEBUG 	Uploading Texture Font fontname to graphics card
10.6848 	DEBUG 	Upload of Texture Font fontname complete
10.6865 	EXP 	window1: mouseVisible = <method-wrapper '__getattribute__' of attributeSetter object at 0x00000202544F2080>
10.6867 	EXP 	window1: mouseVisible = <method-wrapper '__getattribute__' of attributeSetter object at 0x00000202544F2080>
10.6875 	EXP 	window1: mouseVisible = <method-wrapper '__getattribute__' of attributeSetter object at 0x00000202544F2080>
10.6882 	EXP 	window1: mouseVisible = <method-wrapper '__getattribute__' of attributeSetter object at 0x00000202544F2080>
10.6950 	DEBUG 	TextBox2 loaded 1 chars with 0 blanks and 1 valid
10.6970 	DEBUG 	TextBox2 loaded 1 chars with 0 blanks and 1 valid
10.6990 	DEBUG 	TextBox2 loaded 1 chars with 0 blanks and 1 valid
10.6994 	DEBUG 	Uploading Texture Font fontname to graphics card
10.7061 	DEBUG 	Upload of Texture Font fontname complete
10.7086 	EXP 	window1: Attempting to measure frame rate of screen (0) ...
10.7086 	EXP 	window1: recordFrameIntervals = False
10.9190 	EXP 	window1: recordFrameIntervals = True
11.0057 	WARNING 	t of last frame was 20.27ms (=1/49)
11.0396 	WARNING 	t of last frame was 20.87ms (=1/47)
11.0723 	WARNING 	t of last frame was 20.06ms (=1/49)
11.1224 	WARNING 	t of last frame was 20.36ms (=1/49)
11.1558 	WARNING 	Multiple dropped frames have occurred - I'll stop bothering you about them!
11.4856 	EXP 	Screen (0) actual frame rate measured at 60.00Hz
11.4856 	EXP 	window1: recordFrameIntervals = False
11.4857 	EXP 	window1: mouseVisible = False
11.4861 	EXP 	window1: mouseVisible = False
11.4863 	EXP 	window1: mouseVisible = False
11.4871 	EXP 	window1: mouseVisible = False
11.4878 	EXP 	window1: mouseVisible = False
11.4941 	DEBUG 	TextBox2 loaded 1 chars with 0 blanks and 1 valid
11.4954 	DEBUG 	TextBox2 loaded 1 chars with 0 blanks and 1 valid
11.4970 	DEBUG 	TextBox2 loaded 1 chars with 0 blanks and 1 valid
11.4992 	DEBUG 	TextBox2 loaded 1 chars with 0 blanks and 1 valid
11.5013 	DEBUG 	TextBox2 loaded 1 chars with 0 blanks and 1 valid
11.5032 	DEBUG 	TextBox2 loaded 1 chars with 0 blanks and 1 valid
11.5045 	DEBUG 	TextBox2 loaded 1 chars with 0 blanks and 1 valid
11.5063 	DEBUG 	TextBox2 loaded 1 chars with 0 blanks and 1 valid
11.5081 	DEBUG 	TextBox2 loaded 1 chars with 0 blanks and 1 valid
11.5099 	DEBUG 	TextBox2 loaded 1 chars with 0 blanks and 1 valid
11.5103 	DEBUG 	Uploading Texture Font fontname to graphics card
11.5110 	DEBUG 	Upload of Texture Font fontname complete
11.5127 	EXP 	window1: mouseVisible = False
11.5128 	EXP 	window1: mouseVisible = False
11.5135 	EXP 	window1: mouseVisible = False
11.5142 	EXP 	window1: mouseVisible = False
11.5435 	WARNING 	launchHubServer: If using the iohub mouse or eyetracker devices, fullScr should be True.
16.2909 	INFO 	keyboard.Keyboard is using iohub backend.
16.2910 	INFO 	keyboard.Keyboard is using iohub backend.
16.2911 	INFO 	keyboard.Keyboard is using iohub backend.
16.2911 	INFO 	keyboard.Keyboard is using iohub backend.
16.2911 	EXP 	gradcptpy: status = STARTED
16.4074 	EXP 	window1: mouseVisible = False
16.5314 	EXP 	Created frame_rate_prompt = TextStim(__class__=<class 'psychopy.visual.text.TextStim'>, alignHoriz=method-wrapper(...), alignText='center', alignVert=method-wrapper(...), anchorHoriz='center', anchorVert='center', antialias=True, autoDraw=False, autoLog=True, bold=False, color=array([-1., -1., -1.]), colorSpace='rgb', contrast=1.0, depth=-2.0, draggable=False, flipHoriz=False, flipVert=False, font='Open Sans', fontFiles=[], height=0.05, italic=False, languageStyle='LTR', name='frame_rate_prompt', opacity=1, ori=0.0, pos=array([0., 0.]), rgb=UNKNOWN, text='Trying to estimate frame rate....', units='norm', win=Window(...), wrapWidth=1)
16.5315 	EXP 	window1: mouseVisible = False
16.5607 	EXP 	Created welcome_text = TextStim(__class__=<class 'psychopy.visual.text.TextStim'>, alignHoriz=method-wrapper(...), alignText='center', alignVert=method-wrapper(...), anchorHoriz='center', anchorVert='center', antialias=True, autoDraw=False, autoLog=True, bold=False, color=array([-1., -1., -1.]), colorSpace='rgb', contrast=1.0, depth=-1.0, draggable=False, flipHoriz=False, flipVert=False, font='Open Sans', fontFiles=[], height=0.05, italic=False, languageStyle='LTR', name='welcome_text', opacity=1, ori=0.0, pos=array([0., 0.]), rgb=UNKNOWN, text=str(...), units='norm', win=Window(...), wrapWidth=1)
16.5608 	EXP 	window1: mouseVisible = False
16.5624 	EXP 	Created gradcpt_prep_text = TextStim(__class__=<class 'psychopy.visual.text.TextStim'>, alignHoriz=method-wrapper(...), alignText='center', alignVert=method-wrapper(...), anchorHoriz='center', anchorVert='center', antialias=True, autoDraw=False, autoLog=True, bold=False, color=array([-1., -1., -1.]), colorSpace='rgb', contrast=1.0, depth=-1.0, draggable=False, flipHoriz=False, flipVert=False, font='Open Sans', fontFiles=[], height=0.03, italic=False, languageStyle='LTR', name='gradcpt_prep_text', opacity=1, ori=0.0, pos=array([0., 0.]), rgb=UNKNOWN, text='', units='norm', win=Window(...), wrapWidth=1)
16.5625 	EXP 	window1: mouseVisible = False
16.5696 	EXP 	Created gradcpt_image = ImageStim(__class__=<class 'psychopy.visual.image.ImageStim'>, anchor=('center', 'center'), autoLog=True, color=array([1., 1., 1.]), colorSpace='rgb', contrast=1.0, depth=-1.0, draggable=False, flipHoriz=False, flipVert=False, image='default.png', interpolate=True, mask=None, maskParams=None, name='gradcpt_image', opacity=1, ori=0.0, pos=array([0., 0.]), size=array([0.5, 0.5]), texRes=128.0, units='norm', win=Window(...))
16.5698 	EXP 	window1: mouseVisible = False
16.5716 	EXP 	Created pixel = Rect(__class__=<class 'psychopy.visual.rect.Rect'>, anchor=('left', 'bottom'), autoDraw=False, autoLog=True, closeShape=True, color=method-wrapper(...), colorSpace='rgb', contrast=None, depth=-2.0, draggable=False, fillColor=array([1, 1, 1]), fillColorSpace='rgb', fillRGB=array([1, 1, 1]), interpolate=True, lineColor=array([1., 1., 1.]), lineColorSpace='rgb', lineRGB=array([1, 1, 1]), lineWidth=0.0, name='pixel', opacity=1, ori=0.0, pos=array([-0.5, -0.5]), size=array([0.05, 0.05]), units='norm', vertices=ndarray(...), win=Window(...))
16.5717 	EXP 	window1: mouseVisible = False
16.5726 	EXP 	Created debrief_text = TextStim(__class__=<class 'psychopy.visual.text.TextStim'>, alignHoriz=method-wrapper(...), alignText='center', alignVert=method-wrapper(...), anchorHoriz='center', anchorVert='center', antialias=True, autoDraw=False, autoLog=True, bold=False, color=array([-1., -1., -1.]), colorSpace='rgb', contrast=1.0, depth=0.0, draggable=False, flipHoriz=False, flipVert=False, font='Open Sans', fontFiles=[], height=0.03, italic=False, languageStyle='LTR', name='debrief_text', opacity=1, ori=0.0, pos=array([0., 0.]), rgb=UNKNOWN, text='', units='norm', win=Window(...), wrapWidth=1)
16.5727 	EXP 	window1: mouseVisible = False
16.5794 	EXP 	Created thanks_text = TextStim(__class__=<class 'psychopy.visual.text.TextStim'>, alignHoriz=method-wrapper(...), alignText='center', alignVert=method-wrapper(...), anchorHoriz='center', anchorVert='center', antialias=True, autoDraw=False, autoLog=True, bold=False, color=array([-1., -1., -1.]), colorSpace='rgb', contrast=1.0, depth=0.0, draggable=False, flipHoriz=False, flipVert=False, font='Open Sans', fontFiles=[], height=0.05, italic=False, languageStyle='LTR', name='thanks_text', opacity=1, ori=0.0, pos=array([0., 0.]), rgb=UNKNOWN, text='Thank you for your participation!', units='norm', win=Window(...), wrapWidth=1)
0.0096 	EXP 	window1: mouseVisible = False
0.0238 	EXP 	frame_rate_prompt: autoDraw = True
5.0127 	EXP 	window1: mouseVisible = False
5.0270 	INFO 	Keyboard events cleared
5.0267 	EXP 	frame_rate_prompt: autoDraw = False
5.0267 	EXP 	welcome_text: autoDraw = True
6.0035 	DATA 	Keypress: space
6.0083 	INFO 	Keyboard events cleared
6.0080 	EXP 	welcome_text: autoDraw = False
6.0080 	EXP 	gradcpt_prep_text: height = 0.03
6.0080 	EXP 	gradcpt_prep_text: height = 0.03
6.0080 	EXP 	gradcpt_prep_text: height = 0.03
6.0080 	EXP 	gradcpt_prep_text: text = 'Now you will perform the attention task. A series of pictures will gradually be presented on the screen one after another. In this phase of the experiment, you will press the j key when you see a picture of a city scene, and you will press nothing when you see a picture of a mountain scene. It is important to respond as quickly and accurately as possible and to keep both hands on the keyboard at all times.\n\nWhen you answer thought probes during this phase, remember to again be as honest as possible. Whether you indicate that your attention was or was not on task will not affect your participation. \n\nPress the space bar to see the response mappings one more time before beginning.'
6.0080 	EXP 	gradcpt_prep_text: autoDraw = True
8.8980 	INFO 	keyboard.Keyboard is using iohub backend.
8.9200 	DATA 	Keypress: space
8.9430 	EXP 	gradcpt_prep_text: autoDraw = False
8.9430 	EXP 	pixel: fillColor = <psychopy.colors.Color: black, alpha=1.0>
8.9430 	EXP 	gradcpt_image: autoDraw = True
8.9430 	EXP 	pixel: autoDraw = True
8.9608 	EXP 	pixel: fillColor = <psychopy.colors.Color: white, alpha=1.0>
8.9784 	EXP 	pixel: fillColor = <psychopy.colors.Color: black, alpha=1.0>
8.9946 	EXP 	pixel: fillColor = <psychopy.colors.Color: white, alpha=1.0>
9.0114 	EXP 	pixel: fillColor = <psychopy.colors.Color: black, alpha=1.0>
9.0280 	EXP 	pixel: fillColor = <psychopy.colors.Color: white, alpha=1.0>
9.0446 	EXP 	pixel: fillColor = <psychopy.colors.Color: black, alpha=1.0>
9.0614 	EXP 	pixel: fillColor = <psychopy.colors.Color: white, alpha=1.0>
9.0781 	EXP 	pixel: fillColor = <psychopy.colors.Color: black, alpha=1.0>
9.0948 	EXP 	pixel: fillColor = <psychopy.colors.Color: white, alpha=1.0>
9.1113 	EXP 	pixel: fillColor = <psychopy.colors.Color: black, alpha=1.0>
9.1280 	EXP 	pixel: fillColor = <psychopy.colors.Color: white, alpha=1.0>
9.1448 	EXP 	pixel: fillColor = <psychopy.colors.Color: black, alpha=1.0>
9.1615 	EXP 	pixel: fillColor = <psychopy.colors.Color: white, alpha=1.0>
9.1781 	EXP 	pixel: fillColor = <psychopy.colors.Color: black, alpha=1.0>
9.1948 	EXP 	pixel: fillColor = <psychopy.colors.Color: white, alpha=1.0>
9.2115 	EXP 	pixel: fillColor = <psychopy.colors.Color: black, alpha=1.0>
9.2281 	EXP 	pixel: fillColor = <psychopy.colors.Color: white, alpha=1.0>
9.2448 	EXP 	pixel: fillColor = <psychopy.colors.Color: black, alpha=1.0>
9.2615 	EXP 	pixel: fillColor = <psychopy.colors.Color: white, alpha=1.0>
9.2781 	EXP 	pixel: fillColor = <psychopy.colors.Color: black, alpha=1.0>
9.2946 	EXP 	pixel: fillColor = <psychopy.colors.Color: white, alpha=1.0>
9.3114 	EXP 	pixel: fillColor = <psychopy.colors.Color: black, alpha=1.0>
9.3280 	EXP 	pixel: fillColor = <psychopy.colors.Color: white, alpha=1.0>
9.3445 	EXP 	pixel: fillColor = <psychopy.colors.Color: black, alpha=1.0>
9.3615 	EXP 	pixel: fillColor = <psychopy.colors.Color: white, alpha=1.0>
9.3782 	EXP 	pixel: fillColor = <psychopy.colors.Color: black, alpha=1.0>
9.3947 	EXP 	pixel: fillColor = <psychopy.colors.Color: white, alpha=1.0>
9.4114 	EXP 	pixel: fillColor = <psychopy.colors.Color: black, alpha=1.0>
9.4282 	EXP 	pixel: fillColor = <psychopy.colors.Color: white, alpha=1.0>
9.4447 	EXP 	pixel: fillColor = <psychopy.colors.Color: black, alpha=1.0>
9.4614 	EXP 	pixel: fillColor = <psychopy.colors.Color: white, alpha=1.0>
9.4784 	EXP 	pixel: fillColor = <psychopy.colors.Color: black, alpha=1.0>
9.4949 	EXP 	pixel: fillColor = <psychopy.colors.Color: white, alpha=1.0>
9.5114 	EXP 	pixel: fillColor = <psychopy.colors.Color: black, alpha=1.0>
9.5282 	EXP 	pixel: fillColor = <psychopy.colors.Color: white, alpha=1.0>
9.5448 	EXP 	pixel: fillColor = <psychopy.colors.Color: black, alpha=1.0>
9.5615 	EXP 	pixel: fillColor = <psychopy.colors.Color: white, alpha=1.0>
9.5782 	EXP 	pixel: fillColor = <psychopy.colors.Color: black, alpha=1.0>
9.5950 	EXP 	pixel: fillColor = <psychopy.colors.Color: white, alpha=1.0>
9.6116 	EXP 	pixel: fillColor = <psychopy.colors.Color: black, alpha=1.0>
9.6283 	EXP 	pixel: fillColor = <psychopy.colors.Color: white, alpha=1.0>
9.6450 	EXP 	pixel: fillColor = <psychopy.colors.Color: black, alpha=1.0>
9.6617 	EXP 	pixel: fillColor = <psychopy.colors.Color: white, alpha=1.0>
9.6781 	EXP 	pixel: fillColor = <psychopy.colors.Color: black, alpha=1.0>
9.6948 	EXP 	pixel: fillColor = <psychopy.colors.Color: white, alpha=1.0>
9.7115 	EXP 	pixel: fillColor = <psychopy.colors.Color: black, alpha=1.0>
9.7283 	EXP 	pixel: fillColor = <psychopy.colors.Color: white, alpha=1.0>
9.7607 	EXP 	pixel: fillColor = <psychopy.colors.Color: black, alpha=1.0>
9.7782 	EXP 	pixel: fillColor = <psychopy.colors.Color: white, alpha=1.0>
9.7950 	EXP 	pixel: fillColor = <psychopy.colors.Color: black, alpha=1.0>
9.8116 	EXP 	pixel: fillColor = <psychopy.colors.Color: white, alpha=1.0>
9.8283 	EXP 	pixel: fillColor = <psychopy.colors.Color: black, alpha=1.0>
9.8449 	EXP 	pixel: fillColor = <psychopy.colors.Color: white, alpha=1.0>
9.8615 	EXP 	pixel: fillColor = <psychopy.colors.Color: black, alpha=1.0>
9.8784 	EXP 	pixel: fillColor = <psychopy.colors.Color: white, alpha=1.0>
9.8951 	EXP 	pixel: fillColor = <psychopy.colors.Color: black, alpha=1.0>
9.9116 	EXP 	pixel: fillColor = <psychopy.colors.Color: white, alpha=1.0>
9.9283 	EXP 	pixel: fillColor = <psychopy.colors.Color: black, alpha=1.0>
9.9452 	EXP 	pixel: fillColor = <psychopy.colors.Color: white, alpha=1.0>
9.9617 	EXP 	pixel: fillColor = <psychopy.colors.Color: black, alpha=1.0>
9.9783 	EXP 	pixel: fillColor = <psychopy.colors.Color: white, alpha=1.0>
9.9950 	EXP 	pixel: fillColor = <psychopy.colors.Color: black, alpha=1.0>
10.0116 	EXP 	pixel: fillColor = <psychopy.colors.Color: white, alpha=1.0>
10.0283 	EXP 	pixel: fillColor = <psychopy.colors.Color: black, alpha=1.0>
10.0449 	EXP 	pixel: fillColor = <psychopy.colors.Color: white, alpha=1.0>
10.0620 	EXP 	pixel: fillColor = <psychopy.colors.Color: black, alpha=1.0>
10.0785 	EXP 	pixel: fillColor = <psychopy.colors.Color: white, alpha=1.0>
10.0953 	EXP 	pixel: fillColor = <psychopy.colors.Color: black, alpha=1.0>
10.1115 	EXP 	pixel: fillColor = <psychopy.colors.Color: white, alpha=1.0>
10.1284 	EXP 	pixel: fillColor = <psychopy.colors.Color: black, alpha=1.0>
10.1451 	EXP 	pixel: fillColor = <psychopy.colors.Color: white, alpha=1.0>
10.1618 	EXP 	pixel: fillColor = <psychopy.colors.Color: black, alpha=1.0>
10.1783 	EXP 	pixel: fillColor = <psychopy.colors.Color: white, alpha=1.0>
10.1952 	EXP 	pixel: fillColor = <psychopy.colors.Color: black, alpha=1.0>
10.2119 	EXP 	pixel: fillColor = <psychopy.colors.Color: white, alpha=1.0>
10.2284 	EXP 	pixel: fillColor = <psychopy.colors.Color: black, alpha=1.0>
10.2450 	EXP 	pixel: fillColor = <psychopy.colors.Color: white, alpha=1.0>
10.2620 	EXP 	pixel: fillColor = <psychopy.colors.Color: black, alpha=1.0>
10.2786 	EXP 	pixel: fillColor = <psychopy.colors.Color: white, alpha=1.0>
10.2951 	EXP 	pixel: fillColor = <psychopy.colors.Color: black, alpha=1.0>
10.3117 	EXP 	pixel: fillColor = <psychopy.colors.Color: white, alpha=1.0>
10.3284 	EXP 	pixel: fillColor = <psychopy.colors.Color: black, alpha=1.0>
10.3452 	EXP 	pixel: fillColor = <psychopy.colors.Color: white, alpha=1.0>
10.3617 	EXP 	pixel: fillColor = <psychopy.colors.Color: black, alpha=1.0>
10.3785 	EXP 	pixel: fillColor = <psychopy.colors.Color: white, alpha=1.0>
10.3951 	EXP 	pixel: fillColor = <psychopy.colors.Color: black, alpha=1.0>
10.4120 	EXP 	pixel: fillColor = <psychopy.colors.Color: white, alpha=1.0>
10.4284 	EXP 	pixel: fillColor = <psychopy.colors.Color: black, alpha=1.0>
10.4451 	EXP 	pixel: fillColor = <psychopy.colors.Color: white, alpha=1.0>
10.4619 	EXP 	pixel: fillColor = <psychopy.colors.Color: black, alpha=1.0>
10.4786 	EXP 	pixel: fillColor = <psychopy.colors.Color: white, alpha=1.0>
10.4953 	EXP 	pixel: fillColor = <psychopy.colors.Color: black, alpha=1.0>
10.5117 	EXP 	pixel: fillColor = <psychopy.colors.Color: white, alpha=1.0>
10.5286 	EXP 	pixel: fillColor = <psychopy.colors.Color: black, alpha=1.0>
10.5451 	EXP 	pixel: fillColor = <psychopy.colors.Color: white, alpha=1.0>
10.5776 	EXP 	pixel: fillColor = <psychopy.colors.Color: black, alpha=1.0>
10.5952 	EXP 	pixel: fillColor = <psychopy.colors.Color: white, alpha=1.0>
10.6118 	EXP 	pixel: fillColor = <psychopy.colors.Color: black, alpha=1.0>
10.6284 	EXP 	pixel: fillColor = <psychopy.colors.Color: white, alpha=1.0>
10.6451 	EXP 	pixel: fillColor = <psychopy.colors.Color: black, alpha=1.0>
10.6619 	EXP 	pixel: fillColor = <psychopy.colors.Color: white, alpha=1.0>
10.6786 	EXP 	pixel: fillColor = <psychopy.colors.Color: black, alpha=1.0>
10.6951 	EXP 	pixel: fillColor = <psychopy.colors.Color: white, alpha=1.0>
10.7119 	EXP 	pixel: fillColor = <psychopy.colors.Color: black, alpha=1.0>
10.7286 	EXP 	pixel: fillColor = <psychopy.colors.Color: white, alpha=1.0>
10.7453 	EXP 	pixel: fillColor = <psychopy.colors.Color: black, alpha=1.0>
10.7619 	EXP 	pixel: fillColor = <psychopy.colors.Color: white, alpha=1.0>
10.7787 	EXP 	pixel: fillColor = <psychopy.colors.Color: black, alpha=1.0>
10.7952 	EXP 	pixel: fillColor = <psychopy.colors.Color: white, alpha=1.0>
10.8120 	EXP 	pixel: fillColor = <psychopy.colors.Color: black, alpha=1.0>
10.8285 	EXP 	pixel: fillColor = <psychopy.colors.Color: white, alpha=1.0>
10.8453 	EXP 	pixel: fillColor = <psychopy.colors.Color: black, alpha=1.0>
10.8619 	EXP 	pixel: fillColor = <psychopy.colors.Color: white, alpha=1.0>
10.8786 	EXP 	pixel: fillColor = <psychopy.colors.Color: black, alpha=1.0>
10.8952 	EXP 	pixel: fillColor = <psychopy.colors.Color: white, alpha=1.0>
10.9121 	EXP 	pixel: fillColor = <psychopy.colors.Color: black, alpha=1.0>
10.9288 	EXP 	pixel: fillColor = <psychopy.colors.Color: white, alpha=1.0>
10.9453 	EXP 	pixel: fillColor = <psychopy.colors.Color: black, alpha=1.0>
10.9619 	EXP 	pixel: fillColor = <psychopy.colors.Color: white, alpha=1.0>
10.9785 	EXP 	pixel: fillColor = <psychopy.colors.Color: black, alpha=1.0>
10.9952 	EXP 	pixel: fillColor = <psychopy.colors.Color: white, alpha=1.0>
11.0121 	EXP 	pixel: fillColor = <psychopy.colors.Color: black, alpha=1.0>
11.0285 	EXP 	pixel: fillColor = <psychopy.colors.Color: white, alpha=1.0>
11.0452 	EXP 	pixel: fillColor = <psychopy.colors.Color: black, alpha=1.0>
11.0619 	EXP 	pixel: fillColor = <psychopy.colors.Color: white, alpha=1.0>
11.0789 	EXP 	pixel: fillColor = <psychopy.colors.Color: black, alpha=1.0>
11.0954 	EXP 	pixel: fillColor = <psychopy.colors.Color: white, alpha=1.0>
11.1120 	EXP 	pixel: fillColor = <psychopy.colors.Color: black, alpha=1.0>
11.1288 	EXP 	pixel: fillColor = <psychopy.colors.Color: white, alpha=1.0>
11.1455 	EXP 	pixel: fillColor = <psychopy.colors.Color: black, alpha=1.0>
11.1620 	EXP 	pixel: fillColor = <psychopy.colors.Color: white, alpha=1.0>
11.1787 	EXP 	pixel: fillColor = <psychopy.colors.Color: black, alpha=1.0>
11.1959 	EXP 	pixel: fillColor = <psychopy.colors.Color: white, alpha=1.0>
11.2120 	EXP 	pixel: fillColor = <psychopy.colors.Color: black, alpha=1.0>
11.2285 	EXP 	pixel: fillColor = <psychopy.colors.Color: white, alpha=1.0>
11.2453 	EXP 	pixel: fillColor = <psychopy.colors.Color: black, alpha=1.0>
11.2620 	EXP 	pixel: fillColor = <psychopy.colors.Color: white, alpha=1.0>
11.2789 	EXP 	pixel: fillColor = <psychopy.colors.Color: black, alpha=1.0>
11.2954 	EXP 	pixel: fillColor = <psychopy.colors.Color: white, alpha=1.0>
11.3120 	EXP 	pixel: fillColor = <psychopy.colors.Color: black, alpha=1.0>
11.3289 	EXP 	pixel: fillColor = <psychopy.colors.Color: white, alpha=1.0>
11.3454 	EXP 	pixel: fillColor = <psychopy.colors.Color: black, alpha=1.0>
11.3621 	EXP 	pixel: fillColor = <psychopy.colors.Color: white, alpha=1.0>
11.3944 	EXP 	pixel: fillColor = <psychopy.colors.Color: black, alpha=1.0>
11.4121 	EXP 	pixel: fillColor = <psychopy.colors.Color: white, alpha=1.0>
11.4285 	EXP 	pixel: fillColor = <psychopy.colors.Color: black, alpha=1.0>
11.4455 	EXP 	pixel: fillColor = <psychopy.colors.Color: white, alpha=1.0>
11.4622 	EXP 	pixel: fillColor = <psychopy.colors.Color: black, alpha=1.0>
11.4787 	EXP 	pixel: fillColor = <psychopy.colors.Color: white, alpha=1.0>
11.4958 	EXP 	pixel: fillColor = <psychopy.colors.Color: black, alpha=1.0>
11.5119 	EXP 	pixel: fillColor = <psychopy.colors.Color: white, alpha=1.0>
11.5287 	EXP 	pixel: fillColor = <psychopy.colors.Color: black, alpha=1.0>
11.5454 	EXP 	pixel: fillColor = <psychopy.colors.Color: white, alpha=1.0>
11.5621 	EXP 	pixel: fillColor = <psychopy.colors.Color: black, alpha=1.0>
11.5789 	EXP 	pixel: fillColor = <psychopy.colors.Color: white, alpha=1.0>
11.5954 	EXP 	pixel: fillColor = <psychopy.colors.Color: black, alpha=1.0>
11.6121 	EXP 	pixel: fillColor = <psychopy.colors.Color: white, alpha=1.0>
11.6290 	EXP 	pixel: fillColor = <psychopy.colors.Color: black, alpha=1.0>
11.6455 	EXP 	pixel: fillColor = <psychopy.colors.Color: white, alpha=1.0>
11.6622 	EXP 	pixel: fillColor = <psychopy.colors.Color: black, alpha=1.0>
11.6788 	EXP 	pixel: fillColor = <psychopy.colors.Color: white, alpha=1.0>
11.6955 	EXP 	pixel: fillColor = <psychopy.colors.Color: black, alpha=1.0>
11.7121 	EXP 	pixel: fillColor = <psychopy.colors.Color: white, alpha=1.0>
11.7289 	EXP 	pixel: fillColor = <psychopy.colors.Color: black, alpha=1.0>
11.7455 	EXP 	pixel: fillColor = <psychopy.colors.Color: white, alpha=1.0>
11.7621 	EXP 	pixel: fillColor = <psychopy.colors.Color: black, alpha=1.0>
11.7789 	EXP 	pixel: fillColor = <psychopy.colors.Color: white, alpha=1.0>
11.7955 	EXP 	pixel: fillColor = <psychopy.colors.Color: black, alpha=1.0>
11.8123 	EXP 	pixel: fillColor = <psychopy.colors.Color: white, alpha=1.0>
11.8290 	EXP 	pixel: fillColor = <psychopy.colors.Color: black, alpha=1.0>
11.8456 	EXP 	pixel: fillColor = <psychopy.colors.Color: white, alpha=1.0>
11.8624 	EXP 	pixel: fillColor = <psychopy.colors.Color: black, alpha=1.0>
11.8788 	EXP 	pixel: fillColor = <psychopy.colors.Color: white, alpha=1.0>
11.8955 	EXP 	pixel: fillColor = <psychopy.colors.Color: black, alpha=1.0>
11.9124 	EXP 	pixel: fillColor = <psychopy.colors.Color: white, alpha=1.0>
11.9290 	EXP 	pixel: fillColor = <psychopy.colors.Color: black, alpha=1.0>
11.9456 	EXP 	pixel: fillColor = <psychopy.colors.Color: white, alpha=1.0>
11.9621 	EXP 	pixel: fillColor = <psychopy.colors.Color: black, alpha=1.0>
11.9791 	EXP 	pixel: fillColor = <psychopy.colors.Color: white, alpha=1.0>
11.9956 	EXP 	pixel: fillColor = <psychopy.colors.Color: black, alpha=1.0>
12.0122 	EXP 	pixel: fillColor = <psychopy.colors.Color: white, alpha=1.0>
12.0290 	EXP 	pixel: fillColor = <psychopy.colors.Color: black, alpha=1.0>
12.0458 	EXP 	pixel: fillColor = <psychopy.colors.Color: white, alpha=1.0>
12.0623 	EXP 	pixel: fillColor = <psychopy.colors.Color: black, alpha=1.0>
12.0789 	EXP 	pixel: fillColor = <psychopy.colors.Color: white, alpha=1.0>
12.0956 	EXP 	pixel: fillColor = <psychopy.colors.Color: black, alpha=1.0>
12.1123 	EXP 	pixel: fillColor = <psychopy.colors.Color: white, alpha=1.0>
12.1289 	EXP 	pixel: fillColor = <psychopy.colors.Color: black, alpha=1.0>
12.1456 	EXP 	pixel: fillColor = <psychopy.colors.Color: white, alpha=1.0>
12.1623 	EXP 	pixel: fillColor = <psychopy.colors.Color: black, alpha=1.0>
12.1792 	EXP 	pixel: fillColor = <psychopy.colors.Color: white, alpha=1.0>
12.2108 	EXP 	pixel: fillColor = <psychopy.colors.Color: black, alpha=1.0>
12.2288 	EXP 	pixel: fillColor = <psychopy.colors.Color: white, alpha=1.0>
12.2452 	EXP 	pixel: fillColor = <psychopy.colors.Color: black, alpha=1.0>
12.2622 	EXP 	pixel: fillColor = <psychopy.colors.Color: white, alpha=1.0>
12.2791 	EXP 	pixel: fillColor = <psychopy.colors.Color: black, alpha=1.0>
12.2957 	EXP 	pixel: fillColor = <psychopy.colors.Color: white, alpha=1.0>
12.3123 	EXP 	pixel: fillColor = <psychopy.colors.Color: black, alpha=1.0>
12.3291 	EXP 	pixel: fillColor = <psychopy.colors.Color: white, alpha=1.0>
12.3457 	EXP 	pixel: fillColor = <psychopy.colors.Color: black, alpha=1.0>
12.3626 	EXP 	pixel: fillColor = <psychopy.colors.Color: white, alpha=1.0>
12.3790 	EXP 	pixel: fillColor = <psychopy.colors.Color: black, alpha=1.0>
12.3957 	EXP 	pixel: fillColor = <psychopy.colors.Color: white, alpha=1.0>
12.4123 	EXP 	pixel: fillColor = <psychopy.colors.Color: black, alpha=1.0>
12.4292 	EXP 	pixel: fillColor = <psychopy.colors.Color: white, alpha=1.0>
12.4459 	EXP 	pixel: fillColor = <psychopy.colors.Color: black, alpha=1.0>
12.4623 	EXP 	pixel: fillColor = <psychopy.colors.Color: white, alpha=1.0>
12.4791 	EXP 	pixel: fillColor = <psychopy.colors.Color: black, alpha=1.0>
12.4958 	EXP 	pixel: fillColor = <psychopy.colors.Color: white, alpha=1.0>
12.5124 	EXP 	pixel: fillColor = <psychopy.colors.Color: black, alpha=1.0>
12.5291 	EXP 	pixel: fillColor = <psychopy.colors.Color: white, alpha=1.0>
12.5458 	EXP 	pixel: fillColor = <psychopy.colors.Color: black, alpha=1.0>
12.5625 	EXP 	pixel: fillColor = <psychopy.colors.Color: white, alpha=1.0>
12.5791 	EXP 	pixel: fillColor = <psychopy.colors.Color: black, alpha=1.0>
12.5956 	EXP 	pixel: fillColor = <psychopy.colors.Color: white, alpha=1.0>
12.6122 	EXP 	pixel: fillColor = <psychopy.colors.Color: black, alpha=1.0>
12.6294 	EXP 	pixel: fillColor = <psychopy.colors.Color: white, alpha=1.0>
12.6458 	EXP 	pixel: fillColor = <psychopy.colors.Color: black, alpha=1.0>
12.6623 	EXP 	pixel: fillColor = <psychopy.colors.Color: white, alpha=1.0>
12.6791 	EXP 	pixel: fillColor = <psychopy.colors.Color: black, alpha=1.0>
12.6958 	EXP 	pixel: fillColor = <psychopy.colors.Color: white, alpha=1.0>
12.7126 	EXP 	pixel: fillColor = <psychopy.colors.Color: black, alpha=1.0>
12.7291 	EXP 	pixel: fillColor = <psychopy.colors.Color: white, alpha=1.0>
12.7458 	EXP 	pixel: fillColor = <psychopy.colors.Color: black, alpha=1.0>
12.7625 	EXP 	pixel: fillColor = <psychopy.colors.Color: white, alpha=1.0>
12.7794 	EXP 	pixel: fillColor = <psychopy.colors.Color: black, alpha=1.0>
12.7958 	EXP 	pixel: fillColor = <psychopy.colors.Color: white, alpha=1.0>
12.8124 	EXP 	pixel: fillColor = <psychopy.colors.Color: black, alpha=1.0>
12.8293 	EXP 	pixel: fillColor = <psychopy.colors.Color: white, alpha=1.0>
12.8461 	EXP 	pixel: fillColor = <psychopy.colors.Color: black, alpha=1.0>
12.8625 	EXP 	pixel: fillColor = <psychopy.colors.Color: white, alpha=1.0>
12.8791 	EXP 	pixel: fillColor = <psychopy.colors.Color: black, alpha=1.0>
12.8959 	EXP 	pixel: fillColor = <psychopy.colors.Color: white, alpha=1.0>
12.9128 	EXP 	pixel: fillColor = <psychopy.colors.Color: black, alpha=1.0>
12.9292 	EXP 	pixel: fillColor = <psychopy.colors.Color: white, alpha=1.0>
12.9459 	EXP 	pixel: fillColor = <psychopy.colors.Color: black, alpha=1.0>
12.9627 	EXP 	pixel: fillColor = <psychopy.colors.Color: white, alpha=1.0>
12.9792 	EXP 	pixel: fillColor = <psychopy.colors.Color: black, alpha=1.0>
12.9957 	EXP 	pixel: fillColor = <psychopy.colors.Color: white, alpha=1.0>
13.0284 	EXP 	pixel: fillColor = <psychopy.colors.Color: black, alpha=1.0>
13.0459 	EXP 	pixel: fillColor = <psychopy.colors.Color: white, alpha=1.0>
13.0626 	EXP 	pixel: fillColor = <psychopy.colors.Color: black, alpha=1.0>
13.0793 	EXP 	pixel: fillColor = <psychopy.colors.Color: white, alpha=1.0>
13.0960 	EXP 	pixel: fillColor = <psychopy.colors.Color: black, alpha=1.0>
13.1126 	EXP 	pixel: fillColor = <psychopy.colors.Color: white, alpha=1.0>
13.1293 	EXP 	pixel: fillColor = <psychopy.colors.Color: black, alpha=1.0>
13.1460 	EXP 	pixel: fillColor = <psychopy.colors.Color: white, alpha=1.0>
13.1627 	EXP 	pixel: fillColor = <psychopy.colors.Color: black, alpha=1.0>
13.1790 	EXP 	pixel: fillColor = <psychopy.colors.Color: white, alpha=1.0>
13.1961 	EXP 	pixel: fillColor = <psychopy.colors.Color: black, alpha=1.0>
13.2127 	EXP 	pixel: fillColor = <psychopy.colors.Color: white, alpha=1.0>
13.2294 	EXP 	pixel: fillColor = <psychopy.colors.Color: black, alpha=1.0>
13.2459 	EXP 	pixel: fillColor = <psychopy.colors.Color: white, alpha=1.0>
13.2627 	EXP 	pixel: fillColor = <psychopy.colors.Color: black, alpha=1.0>
13.2794 	EXP 	pixel: fillColor = <psychopy.colors.Color: white, alpha=1.0>
13.2961 	EXP 	pixel: fillColor = <psychopy.colors.Color: black, alpha=1.0>
13.3127 	EXP 	pixel: fillColor = <psychopy.colors.Color: white, alpha=1.0>
13.3291 	EXP 	pixel: fillColor = <psychopy.colors.Color: black, alpha=1.0>
13.3459 	EXP 	pixel: fillColor = <psychopy.colors.Color: white, alpha=1.0>
13.3624 	EXP 	pixel: fillColor = <psychopy.colors.Color: black, alpha=1.0>
13.3791 	EXP 	pixel: fillColor = <psychopy.colors.Color: white, alpha=1.0>
13.3960 	EXP 	pixel: fillColor = <psychopy.colors.Color: black, alpha=1.0>
13.4127 	EXP 	pixel: fillColor = <psychopy.colors.Color: white, alpha=1.0>
13.4293 	EXP 	pixel: fillColor = <psychopy.colors.Color: black, alpha=1.0>
13.4459 	EXP 	pixel: fillColor = <psychopy.colors.Color: white, alpha=1.0>
13.4627 	EXP 	pixel: fillColor = <psychopy.colors.Color: black, alpha=1.0>
13.4795 	EXP 	pixel: fillColor = <psychopy.colors.Color: white, alpha=1.0>
13.4960 	EXP 	pixel: fillColor = <psychopy.colors.Color: black, alpha=1.0>
13.5127 	EXP 	pixel: fillColor = <psychopy.colors.Color: white, alpha=1.0>
13.5294 	EXP 	pixel: fillColor = <psychopy.colors.Color: black, alpha=1.0>
13.5460 	EXP 	pixel: fillColor = <psychopy.colors.Color: white, alpha=1.0>
13.5628 	EXP 	pixel: fillColor = <psychopy.colors.Color: black, alpha=1.0>
13.5794 	EXP 	pixel: fillColor = <psychopy.colors.Color: white, alpha=1.0>
13.5961 	EXP 	pixel: fillColor = <psychopy.colors.Color: black, alpha=1.0>
13.6127 	EXP 	pixel: fillColor = <psychopy.colors.Color: white, alpha=1.0>
13.6293 	EXP 	pixel: fillColor = <psychopy.colors.Color: black, alpha=1.0>
13.6460 	EXP 	pixel: fillColor = <psychopy.colors.Color: white, alpha=1.0>
13.6627 	EXP 	pixel: fillColor = <psychopy.colors.Color: black, alpha=1.0>
13.6797 	EXP 	pixel: fillColor = <psychopy.colors.Color: white, alpha=1.0>
13.6962 	EXP 	pixel: fillColor = <psychopy.colors.Color: black, alpha=1.0>
13.7127 	EXP 	pixel: fillColor = <psychopy.colors.Color: white, alpha=1.0>
13.7296 	EXP 	pixel: fillColor = <psychopy.colors.Color: black, alpha=1.0>
13.7462 	EXP 	pixel: fillColor = <psychopy.colors.Color: white, alpha=1.0>
13.7627 	EXP 	pixel: fillColor = <psychopy.colors.Color: black, alpha=1.0>
13.7795 	EXP 	pixel: fillColor = <psychopy.colors.Color: white, alpha=1.0>
13.7962 	EXP 	pixel: fillColor = <psychopy.colors.Color: black, alpha=1.0>
13.8128 	EXP 	pixel: fillColor = <psychopy.colors.Color: white, alpha=1.0>
13.8451 	EXP 	pixel: fillColor = <psychopy.colors.Color: black, alpha=1.0>
13.8628 	EXP 	pixel: fillColor = <psychopy.colors.Color: white, alpha=1.0>
13.8796 	EXP 	pixel: fillColor = <psychopy.colors.Color: black, alpha=1.0>
13.8963 	EXP 	pixel: fillColor = <psychopy.colors.Color: white, alpha=1.0>
13.9128 	EXP 	pixel: fillColor = <psychopy.colors.Color: black, alpha=1.0>
13.9295 	EXP 	pixel: fillColor = <psychopy.colors.Color: white, alpha=1.0>
13.9463 	EXP 	pixel: fillColor = <psychopy.colors.Color: black, alpha=1.0>
13.9628 	EXP 	pixel: fillColor = <psychopy.colors.Color: white, alpha=1.0>
13.9795 	EXP 	pixel: fillColor = <psychopy.colors.Color: black, alpha=1.0>
13.9965 	EXP 	pixel: fillColor = <psychopy.colors.Color: white, alpha=1.0>
14.0128 	EXP 	pixel: fillColor = <psychopy.colors.Color: black, alpha=1.0>
14.0295 	EXP 	pixel: fillColor = <psychopy.colors.Color: white, alpha=1.0>
14.0462 	EXP 	pixel: fillColor = <psychopy.colors.Color: black, alpha=1.0>
14.0628 	EXP 	pixel: fillColor = <psychopy.colors.Color: white, alpha=1.0>
14.0797 	EXP 	pixel: fillColor = <psychopy.colors.Color: black, alpha=1.0>
14.0961 	EXP 	pixel: fillColor = <psychopy.colors.Color: white, alpha=1.0>
14.1131 	EXP 	pixel: fillColor = <psychopy.colors.Color: black, alpha=1.0>
14.1297 	EXP 	pixel: fillColor = <psychopy.colors.Color: white, alpha=1.0>
14.1461 	EXP 	pixel: fillColor = <psychopy.colors.Color: black, alpha=1.0>
14.1628 	EXP 	pixel: fillColor = <psychopy.colors.Color: white, alpha=1.0>
14.1796 	EXP 	pixel: fillColor = <psychopy.colors.Color: black, alpha=1.0>
14.1964 	EXP 	pixel: fillColor = <psychopy.colors.Color: white, alpha=1.0>
14.2132 	EXP 	pixel: fillColor = <psychopy.colors.Color: black, alpha=1.0>
14.2296 	EXP 	pixel: fillColor = <psychopy.colors.Color: white, alpha=1.0>
14.2462 	EXP 	pixel: fillColor = <psychopy.colors.Color: black, alpha=1.0>
14.2629 	EXP 	pixel: fillColor = <psychopy.colors.Color: white, alpha=1.0>
14.2797 	EXP 	pixel: fillColor = <psychopy.colors.Color: black, alpha=1.0>
14.2962 	EXP 	pixel: fillColor = <psychopy.colors.Color: white, alpha=1.0>
14.3129 	EXP 	pixel: fillColor = <psychopy.colors.Color: black, alpha=1.0>
14.3296 	EXP 	pixel: fillColor = <psychopy.colors.Color: white, alpha=1.0>
14.3463 	EXP 	pixel: fillColor = <psychopy.colors.Color: black, alpha=1.0>
14.3632 	EXP 	pixel: fillColor = <psychopy.colors.Color: white, alpha=1.0>
14.3797 	EXP 	pixel: fillColor = <psychopy.colors.Color: black, alpha=1.0>
14.3963 	EXP 	pixel: fillColor = <psychopy.colors.Color: white, alpha=1.0>
14.4131 	EXP 	pixel: fillColor = <psychopy.colors.Color: black, alpha=1.0>
14.4298 	EXP 	pixel: fillColor = <psychopy.colors.Color: white, alpha=1.0>
14.4464 	EXP 	pixel: fillColor = <psychopy.colors.Color: black, alpha=1.0>
14.4630 	EXP 	pixel: fillColor = <psychopy.colors.Color: white, alpha=1.0>
14.4797 	EXP 	pixel: fillColor = <psychopy.colors.Color: black, alpha=1.0>
14.4965 	EXP 	pixel: fillColor = <psychopy.colors.Color: white, alpha=1.0>
14.5132 	EXP 	pixel: fillColor = <psychopy.colors.Color: black, alpha=1.0>
14.5298 	EXP 	pixel: fillColor = <psychopy.colors.Color: white, alpha=1.0>
14.5462 	EXP 	pixel: fillColor = <psychopy.colors.Color: black, alpha=1.0>
14.5633 	EXP 	pixel: fillColor = <psychopy.colors.Color: white, alpha=1.0>
14.5797 	EXP 	pixel: fillColor = <psychopy.colors.Color: black, alpha=1.0>
14.5965 	EXP 	pixel: fillColor = <psychopy.colors.Color: white, alpha=1.0>
14.6130 	EXP 	pixel: fillColor = <psychopy.colors.Color: black, alpha=1.0>
14.6299 	EXP 	pixel: fillColor = <psychopy.colors.Color: white, alpha=1.0>
14.6622 	EXP 	pixel: fillColor = <psychopy.colors.Color: black, alpha=1.0>
14.6799 	EXP 	pixel: fillColor = <psychopy.colors.Color: white, alpha=1.0>
14.6964 	EXP 	pixel: fillColor = <psychopy.colors.Color: black, alpha=1.0>
14.7131 	EXP 	pixel: fillColor = <psychopy.colors.Color: white, alpha=1.0>
14.7299 	EXP 	pixel: fillColor = <psychopy.colors.Color: black, alpha=1.0>
14.7463 	EXP 	pixel: fillColor = <psychopy.colors.Color: white, alpha=1.0>
14.7630 	EXP 	pixel: fillColor = <psychopy.colors.Color: black, alpha=1.0>
14.7797 	EXP 	pixel: fillColor = <psychopy.colors.Color: white, alpha=1.0>
14.7964 	EXP 	pixel: fillColor = <psychopy.colors.Color: black, alpha=1.0>
14.8131 	EXP 	pixel: fillColor = <psychopy.colors.Color: white, alpha=1.0>
14.8298 	EXP 	pixel: fillColor = <psychopy.colors.Color: black, alpha=1.0>
14.8464 	EXP 	pixel: fillColor = <psychopy.colors.Color: white, alpha=1.0>
14.8631 	EXP 	pixel: fillColor = <psychopy.colors.Color: black, alpha=1.0>
14.8798 	EXP 	pixel: fillColor = <psychopy.colors.Color: white, alpha=1.0>
14.8964 	EXP 	pixel: fillColor = <psychopy.colors.Color: black, alpha=1.0>
14.9132 	EXP 	pixel: fillColor = <psychopy.colors.Color: white, alpha=1.0>
14.9298 	EXP 	pixel: fillColor = <psychopy.colors.Color: black, alpha=1.0>
14.9466 	EXP 	pixel: fillColor = <psychopy.colors.Color: white, alpha=1.0>
14.9631 	EXP 	pixel: fillColor = <psychopy.colors.Color: black, alpha=1.0>
14.9799 	EXP 	pixel: fillColor = <psychopy.colors.Color: white, alpha=1.0>
14.9966 	EXP 	pixel: fillColor = <psychopy.colors.Color: black, alpha=1.0>
15.0132 	EXP 	pixel: fillColor = <psychopy.colors.Color: white, alpha=1.0>
15.0299 	EXP 	pixel: fillColor = <psychopy.colors.Color: black, alpha=1.0>
15.0465 	EXP 	pixel: fillColor = <psychopy.colors.Color: white, alpha=1.0>
15.0632 	EXP 	pixel: fillColor = <psychopy.colors.Color: black, alpha=1.0>
15.0798 	EXP 	pixel: fillColor = <psychopy.colors.Color: white, alpha=1.0>
15.0967 	EXP 	pixel: fillColor = <psychopy.colors.Color: black, alpha=1.0>
15.1132 	EXP 	pixel: fillColor = <psychopy.colors.Color: white, alpha=1.0>
15.1298 	EXP 	pixel: fillColor = <psychopy.colors.Color: black, alpha=1.0>
15.1465 	EXP 	pixel: fillColor = <psychopy.colors.Color: white, alpha=1.0>
15.1633 	EXP 	pixel: fillColor = <psychopy.colors.Color: black, alpha=1.0>
15.1799 	EXP 	pixel: fillColor = <psychopy.colors.Color: white, alpha=1.0>
15.1965 	EXP 	pixel: fillColor = <psychopy.colors.Color: black, alpha=1.0>
15.2133 	EXP 	pixel: fillColor = <psychopy.colors.Color: white, alpha=1.0>
15.2301 	EXP 	pixel: fillColor = <psychopy.colors.Color: black, alpha=1.0>
15.2466 	EXP 	pixel: fillColor = <psychopy.colors.Color: white, alpha=1.0>
15.2633 	EXP 	pixel: fillColor = <psychopy.colors.Color: black, alpha=1.0>
15.2802 	EXP 	pixel: fillColor = <psychopy.colors.Color: white, alpha=1.0>
15.2966 	EXP 	pixel: fillColor = <psychopy.colors.Color: black, alpha=1.0>
15.3133 	EXP 	pixel: fillColor = <psychopy.colors.Color: white, alpha=1.0>
15.3301 	EXP 	pixel: fillColor = <psychopy.colors.Color: black, alpha=1.0>
15.3467 	EXP 	pixel: fillColor = <psychopy.colors.Color: white, alpha=1.0>
15.3631 	EXP 	pixel: fillColor = <psychopy.colors.Color: black, alpha=1.0>
15.3800 	EXP 	pixel: fillColor = <psychopy.colors.Color: white, alpha=1.0>
15.3964 	EXP 	pixel: fillColor = <psychopy.colors.Color: black, alpha=1.0>
15.4132 	EXP 	pixel: fillColor = <psychopy.colors.Color: white, alpha=1.0>
15.4301 	EXP 	pixel: fillColor = <psychopy.colors.Color: black, alpha=1.0>
15.4466 	EXP 	pixel: fillColor = <psychopy.colors.Color: white, alpha=1.0>
15.4791 	EXP 	pixel: fillColor = <psychopy.colors.Color: black, alpha=1.0>
15.4966 	EXP 	pixel: fillColor = <psychopy.colors.Color: white, alpha=1.0>
15.5132 	EXP 	pixel: fillColor = <psychopy.colors.Color: black, alpha=1.0>
15.5303 	EXP 	pixel: fillColor = <psychopy.colors.Color: white, alpha=1.0>
15.5466 	EXP 	pixel: fillColor = <psychopy.colors.Color: black, alpha=1.0>
15.5632 	EXP 	pixel: fillColor = <psychopy.colors.Color: white, alpha=1.0>
15.5799 	EXP 	pixel: fillColor = <psychopy.colors.Color: black, alpha=1.0>
15.5969 	EXP 	pixel: fillColor = <psychopy.colors.Color: white, alpha=1.0>
15.6133 	EXP 	pixel: fillColor = <psychopy.colors.Color: black, alpha=1.0>
15.6300 	EXP 	pixel: fillColor = <psychopy.colors.Color: white, alpha=1.0>
15.6469 	EXP 	pixel: fillColor = <psychopy.colors.Color: black, alpha=1.0>
15.6636 	EXP 	pixel: fillColor = <psychopy.colors.Color: white, alpha=1.0>
15.6802 	EXP 	pixel: fillColor = <psychopy.colors.Color: black, alpha=1.0>
15.6967 	EXP 	pixel: fillColor = <psychopy.colors.Color: white, alpha=1.0>
15.7134 	EXP 	pixel: fillColor = <psychopy.colors.Color: black, alpha=1.0>
15.7301 	EXP 	pixel: fillColor = <psychopy.colors.Color: white, alpha=1.0>
15.7467 	EXP 	pixel: fillColor = <psychopy.colors.Color: black, alpha=1.0>
15.7634 	EXP 	pixel: fillColor = <psychopy.colors.Color: white, alpha=1.0>
15.7800 	EXP 	pixel: fillColor = <psychopy.colors.Color: black, alpha=1.0>
15.7965 	EXP 	pixel: fillColor = <psychopy.colors.Color: white, alpha=1.0>
15.8135 	EXP 	pixel: fillColor = <psychopy.colors.Color: black, alpha=1.0>
15.8302 	EXP 	pixel: fillColor = <psychopy.colors.Color: white, alpha=1.0>
15.8467 	EXP 	pixel: fillColor = <psychopy.colors.Color: black, alpha=1.0>
15.8634 	EXP 	pixel: fillColor = <psychopy.colors.Color: white, alpha=1.0>
15.8801 	EXP 	pixel: fillColor = <psychopy.colors.Color: black, alpha=1.0>
15.8967 	EXP 	pixel: fillColor = <psychopy.colors.Color: white, alpha=1.0>
15.9134 	EXP 	pixel: fillColor = <psychopy.colors.Color: black, alpha=1.0>
15.9301 	EXP 	pixel: fillColor = <psychopy.colors.Color: white, alpha=1.0>
15.9467 	EXP 	pixel: fillColor = <psychopy.colors.Color: black, alpha=1.0>
15.9637 	EXP 	pixel: fillColor = <psychopy.colors.Color: white, alpha=1.0>
15.9801 	EXP 	pixel: fillColor = <psychopy.colors.Color: black, alpha=1.0>
15.9968 	EXP 	pixel: fillColor = <psychopy.colors.Color: white, alpha=1.0>
16.0136 	EXP 	pixel: fillColor = <psychopy.colors.Color: black, alpha=1.0>
16.0301 	EXP 	pixel: fillColor = <psychopy.colors.Color: white, alpha=1.0>
16.0470 	EXP 	pixel: fillColor = <psychopy.colors.Color: black, alpha=1.0>
16.0637 	EXP 	pixel: fillColor = <psychopy.colors.Color: white, alpha=1.0>
16.0801 	EXP 	pixel: fillColor = <psychopy.colors.Color: black, alpha=1.0>
16.0968 	EXP 	pixel: fillColor = <psychopy.colors.Color: white, alpha=1.0>
16.1137 	EXP 	pixel: fillColor = <psychopy.colors.Color: black, alpha=1.0>
16.1302 	EXP 	pixel: fillColor = <psychopy.colors.Color: white, alpha=1.0>
16.1468 	EXP 	pixel: fillColor = <psychopy.colors.Color: black, alpha=1.0>
16.1634 	EXP 	pixel: fillColor = <psychopy.colors.Color: white, alpha=1.0>
16.1802 	EXP 	pixel: fillColor = <psychopy.colors.Color: black, alpha=1.0>
16.1971 	EXP 	pixel: fillColor = <psychopy.colors.Color: white, alpha=1.0>
16.2137 	EXP 	pixel: fillColor = <psychopy.colors.Color: black, alpha=1.0>
16.2301 	EXP 	pixel: fillColor = <psychopy.colors.Color: white, alpha=1.0>
16.2468 	EXP 	pixel: fillColor = <psychopy.colors.Color: black, alpha=1.0>
16.2635 	EXP 	pixel: fillColor = <psychopy.colors.Color: white, alpha=1.0>
16.2959 	EXP 	pixel: fillColor = <psychopy.colors.Color: black, alpha=1.0>
16.3136 	EXP 	pixel: fillColor = <psychopy.colors.Color: white, alpha=1.0>
16.3302 	EXP 	pixel: fillColor = <psychopy.colors.Color: black, alpha=1.0>
16.3469 	EXP 	pixel: fillColor = <psychopy.colors.Color: white, alpha=1.0>
16.3636 	EXP 	pixel: fillColor = <psychopy.colors.Color: black, alpha=1.0>
16.3802 	EXP 	pixel: fillColor = <psychopy.colors.Color: white, alpha=1.0>
16.3972 	EXP 	pixel: fillColor = <psychopy.colors.Color: black, alpha=1.0>
16.4139 	EXP 	pixel: fillColor = <psychopy.colors.Color: white, alpha=1.0>
16.4307 	EXP 	pixel: fillColor = <psychopy.colors.Color: black, alpha=1.0>
16.4473 	EXP 	pixel: fillColor = <psychopy.colors.Color: white, alpha=1.0>
16.4636 	EXP 	pixel: fillColor = <psychopy.colors.Color: black, alpha=1.0>
16.4803 	EXP 	pixel: fillColor = <psychopy.colors.Color: white, alpha=1.0>
16.4970 	EXP 	pixel: fillColor = <psychopy.colors.Color: black, alpha=1.0>
16.5136 	EXP 	pixel: fillColor = <psychopy.colors.Color: white, alpha=1.0>
16.5301 	EXP 	pixel: fillColor = <psychopy.colors.Color: black, alpha=1.0>
16.5470 	EXP 	pixel: fillColor = <psychopy.colors.Color: white, alpha=1.0>
16.5636 	EXP 	pixel: fillColor = <psychopy.colors.Color: black, alpha=1.0>
16.5803 	EXP 	pixel: fillColor = <psychopy.colors.Color: white, alpha=1.0>
16.5970 	EXP 	pixel: fillColor = <psychopy.colors.Color: black, alpha=1.0>
16.6135 	EXP 	pixel: fillColor = <psychopy.colors.Color: white, alpha=1.0>
16.6301 	EXP 	pixel: fillColor = <psychopy.colors.Color: black, alpha=1.0>
16.6469 	EXP 	pixel: fillColor = <psychopy.colors.Color: white, alpha=1.0>
16.6633 	EXP 	pixel: fillColor = <psychopy.colors.Color: black, alpha=1.0>
16.6803 	EXP 	pixel: fillColor = <psychopy.colors.Color: white, alpha=1.0>
16.6972 	EXP 	pixel: fillColor = <psychopy.colors.Color: black, alpha=1.0>
16.7136 	EXP 	pixel: fillColor = <psychopy.colors.Color: white, alpha=1.0>
16.7303 	EXP 	pixel: fillColor = <psychopy.colors.Color: black, alpha=1.0>
16.7472 	EXP 	pixel: fillColor = <psychopy.colors.Color: white, alpha=1.0>
16.7637 	EXP 	pixel: fillColor = <psychopy.colors.Color: black, alpha=1.0>
16.7804 	EXP 	pixel: fillColor = <psychopy.colors.Color: white, alpha=1.0>
16.7971 	EXP 	pixel: fillColor = <psychopy.colors.Color: black, alpha=1.0>
16.8138 	EXP 	pixel: fillColor = <psychopy.colors.Color: white, alpha=1.0>
16.8304 	EXP 	pixel: fillColor = <psychopy.colors.Color: black, alpha=1.0>
16.8470 	EXP 	pixel: fillColor = <psychopy.colors.Color: white, alpha=1.0>
16.8638 	EXP 	pixel: fillColor = <psychopy.colors.Color: black, alpha=1.0>
16.8805 	EXP 	pixel: fillColor = <psychopy.colors.Color: white, alpha=1.0>
16.8970 	EXP 	pixel: fillColor = <psychopy.colors.Color: black, alpha=1.0>
16.9137 	EXP 	pixel: fillColor = <psychopy.colors.Color: white, alpha=1.0>
16.9305 	EXP 	pixel: fillColor = <psychopy.colors.Color: black, alpha=1.0>
16.9472 	EXP 	pixel: fillColor = <psychopy.colors.Color: white, alpha=1.0>
16.9639 	EXP 	pixel: fillColor = <psychopy.colors.Color: black, alpha=1.0>
16.9806 	EXP 	pixel: fillColor = <psychopy.colors.Color: white, alpha=1.0>
16.9973 	EXP 	pixel: fillColor = <psychopy.colors.Color: black, alpha=1.0>
17.0139 	EXP 	pixel: fillColor = <psychopy.colors.Color: white, alpha=1.0>
17.0304 	EXP 	pixel: fillColor = <psychopy.colors.Color: black, alpha=1.0>
17.0472 	EXP 	pixel: fillColor = <psychopy.colors.Color: white, alpha=1.0>
17.0639 	EXP 	pixel: fillColor = <psychopy.colors.Color: black, alpha=1.0>
17.0805 	EXP 	pixel: fillColor = <psychopy.colors.Color: white, alpha=1.0>
17.1117 	INFO 	Keyboard events cleared
17.1114 	EXP 	pixel: fillColor = <psychopy.colors.Color: black, alpha=1.0>
17.1114 	EXP 	gradcpt_image: autoDraw = False
17.1114 	EXP 	pixel: autoDraw = False
17.1114 	EXP 	debrief_text: height = 0.03
17.1114 	EXP 	debrief_text: height = 0.03
17.1114 	EXP 	debrief_text: height = 0.03
17.1114 	EXP 	debrief_text: text = 'Some debriefing text.'
17.1114 	EXP 	debrief_text: autoDraw = True
18.4073 	DATA 	Keypress: space
18.4190 	EXP 	debrief_text: autoDraw = False
18.4190 	EXP 	thanks_text: autoDraw = True
18.6007 	DATA 	Keypress: space
23.4323 	EXP 	thanks_text: autoDraw = False
23.4348 	EXP 	gradcptpy: status = STOPPED
23.4716 	INFO 	saved data to 'C:\\Users\\zhw\\Projects\\test\\gradcptpy\\data/223093_gradcptpy_2024-09-19_17h52.02.194.csv'
23.4748 	INFO 	saved data to C:\Users\zhw\Projects\test\gradcptpy\data/223093_gradcptpy_2024-09-19_17h52.02.194.psydat
23.5764 	EXP 	window1: mouseVisible = True
24.2199 	DEBUG 	Saving data for gradcptpy ExperimentHandler
