9.7070 	EXP 	Created window1 = Window(allowGUI=True, allowStencil=False, autoLog=True, backendConf=UNKNOWN, backgroundFit=<method-wrapper '__getattribute__' of attributeSetter object at 0x000001A158918D30>, backgroundImage=<method-wrapper '__getattribute__' of attributeSetter object at 0x000001A158918CD0>, bitsMode=UNKNOWN, blendMode='avg', bpc=(8, 8, 8), color=array([0, 0, 0]), colorSpace='rgb', depthBits=8, fullscr=<method-wrapper '__getattribute__' of attributeSetter object at 0x000001A158919030>, gamma=None, gammaErrorPolicy='raise', infoMsg=UNKNOWN, lms=UNKNOWN, monitor=<psychopy.monitors.calibTools.Monitor object at 0x000001A159705300>, multiSample=False, name='window1', numSamples=2, pos=[0.0, 0.0], screen=0, size=array([1920, 1080]), stencilBits=0, stereo=False, title='PsychoPy', units='height', useFBO=True, useRetina=False, viewOri=0.0, viewPos=None, viewScale=None, waitBlanking=True, winType='pyglet')
9.7071 	EXP 	window1: backgroundImage = ''
9.7071 	EXP 	window1: backgroundFit = 'none'
9.7076 	EXP 	window1: mouseVisible = <method-wrapper '__getattribute__' of attributeSetter object at 0x000001A1589191B0>
9.7078 	EXP 	window1: mouseVisible = <method-wrapper '__getattribute__' of attributeSetter object at 0x000001A1589191B0>
9.7143 	EXP 	window1: mouseVisible = <method-wrapper '__getattribute__' of attributeSetter object at 0x000001A1589191B0>
9.7151 	EXP 	window1: mouseVisible = <method-wrapper '__getattribute__' of attributeSetter object at 0x000001A1589191B0>
9.7835 	EXP 	window1: mouseVisible = <method-wrapper '__getattribute__' of attributeSetter object at 0x000001A1589191B0>
9.7836 	EXP 	window1: mouseVisible = <method-wrapper '__getattribute__' of attributeSetter object at 0x000001A1589191B0>
9.7845 	EXP 	window1: mouseVisible = <method-wrapper '__getattribute__' of attributeSetter object at 0x000001A1589191B0>
9.7852 	EXP 	window1: mouseVisible = <method-wrapper '__getattribute__' of attributeSetter object at 0x000001A1589191B0>
9.8090 	EXP 	window1: Attempting to measure frame rate of screen (0) ...
9.8090 	EXP 	window1: recordFrameIntervals = False
10.0020 	EXP 	window1: recordFrameIntervals = True
10.1855 	EXP 	Screen (0) actual frame rate measured at 59.98Hz
10.1856 	EXP 	window1: recordFrameIntervals = False
10.1857 	EXP 	window1: mouseVisible = False
14.9708 	EXP 	gradcptpy: status = STARTED
15.0876 	EXP 	window1: mouseVisible = False
15.2072 	EXP 	Created frame_rate_prompt = TextStim(__class__=<class 'psychopy.visual.text.TextStim'>, alignHoriz=method-wrapper(...), alignText='center', alignVert=method-wrapper(...), anchorHoriz='center', anchorVert='center', antialias=True, autoDraw=False, autoLog=True, bold=False, color=array([-1., -1., -1.]), colorSpace='rgb', contrast=1.0, depth=-2.0, draggable=False, flipHoriz=False, flipVert=False, font='Open Sans', fontFiles=[], height=0.05, italic=False, languageStyle='LTR', name='frame_rate_prompt', opacity=1, ori=0.0, pos=array([0., 0.]), rgb=UNKNOWN, text='Trying to estimate frame rate....', units='height', win=Window(...), wrapWidth=1)
15.2073 	EXP 	window1: mouseVisible = False
15.2318 	EXP 	Created welcome_text = TextStim(__class__=<class 'psychopy.visual.text.TextStim'>, alignHoriz=method-wrapper(...), alignText='center', alignVert=method-wrapper(...), anchorHoriz='center', anchorVert='center', antialias=True, autoDraw=False, autoLog=True, bold=False, color=array([-1., -1., -1.]), colorSpace='rgb', contrast=1.0, depth=-1.0, draggable=False, flipHoriz=False, flipVert=False, font='Open Sans', fontFiles=[], height=0.05, italic=False, languageStyle='LTR', name='welcome_text', opacity=1, ori=0.0, pos=array([0., 0.]), rgb=UNKNOWN, text=str(...), units='height', win=Window(...), wrapWidth=1)
15.2319 	EXP 	window1: mouseVisible = False
15.2332 	EXP 	Created gradcpt_prep_text = TextStim(__class__=<class 'psychopy.visual.text.TextStim'>, alignHoriz=method-wrapper(...), alignText='center', alignVert=method-wrapper(...), anchorHoriz='center', anchorVert='center', antialias=True, autoDraw=False, autoLog=True, bold=False, color=array([-1., -1., -1.]), colorSpace='rgb', contrast=1.0, depth=-1.0, draggable=False, flipHoriz=False, flipVert=False, font='Open Sans', fontFiles=[], height=0.03, italic=False, languageStyle='LTR', name='gradcpt_prep_text', opacity=1, ori=0.0, pos=array([0., 0.]), rgb=UNKNOWN, text='', units='height', win=Window(...), wrapWidth=1)
15.2333 	EXP 	window1: mouseVisible = False
15.2389 	EXP 	Created gradcpt_image = ImageStim(__class__=<class 'psychopy.visual.image.ImageStim'>, anchor=('center', 'center'), autoLog=True, color=array([1., 1., 1.]), colorSpace='rgb', contrast=1.0, depth=-1.0, draggable=False, flipHoriz=False, flipVert=False, image='default.png', interpolate=True, mask=None, maskParams=None, name='gradcpt_image', opacity=1, ori=0.0, pos=array([0., 0.]), size=array([0.5, 0.5]), texRes=128.0, units='height', win=Window(...))
15.2390 	EXP 	window1: mouseVisible = False
15.2409 	EXP 	Created pixel = Rect(__class__=<class 'psychopy.visual.rect.Rect'>, anchor=('left', 'bottom'), autoDraw=False, autoLog=True, closeShape=True, color=method-wrapper(...), colorSpace='rgb', contrast=None, depth=-2.0, draggable=False, fillColor=array([1, 1, 1]), fillColorSpace='rgb', fillRGB=array([1, 1, 1]), interpolate=True, lineColor=array([1., 1., 1.]), lineColorSpace='rgb', lineRGB=array([1, 1, 1]), lineWidth=0.0, name='pixel', opacity=1, ori=0.0, pos=array([-0.95, -0.95]), size=array([0.01, 0.01]), units='norm', vertices=ndarray(...), win=Window(...))
15.2410 	EXP 	window1: mouseVisible = False
15.2419 	EXP 	Created debrief_text = TextStim(__class__=<class 'psychopy.visual.text.TextStim'>, alignHoriz=method-wrapper(...), alignText='center', alignVert=method-wrapper(...), anchorHoriz='center', anchorVert='center', antialias=True, autoDraw=False, autoLog=True, bold=False, color=array([-1., -1., -1.]), colorSpace='rgb', contrast=1.0, depth=0.0, draggable=False, flipHoriz=False, flipVert=False, font='Open Sans', fontFiles=[], height=0.03, italic=False, languageStyle='LTR', name='debrief_text', opacity=1, ori=0.0, pos=array([0., 0.]), rgb=UNKNOWN, text='', units='height', win=Window(...), wrapWidth=1)
15.2419 	EXP 	window1: mouseVisible = False
15.2483 	EXP 	Created thanks_text = TextStim(__class__=<class 'psychopy.visual.text.TextStim'>, alignHoriz=method-wrapper(...), alignText='center', alignVert=method-wrapper(...), anchorHoriz='center', anchorVert='center', antialias=True, autoDraw=False, autoLog=True, bold=False, color=array([-1., -1., -1.]), colorSpace='rgb', contrast=1.0, depth=0.0, draggable=False, flipHoriz=False, flipVert=False, font='Open Sans', fontFiles=[], height=0.05, italic=False, languageStyle='LTR', name='thanks_text', opacity=1, ori=0.0, pos=array([0., 0.]), rgb=UNKNOWN, text='Thank you for your participation!', units='height', win=Window(...), wrapWidth=1)
0.0071 	EXP 	window1: mouseVisible = False
0.0215 	EXP 	frame_rate_prompt: autoDraw = True
5.0074 	EXP 	window1: mouseVisible = False
5.0233 	EXP 	frame_rate_prompt: autoDraw = False
5.0233 	EXP 	welcome_text: autoDraw = True
1691.2359 	DATA 	Keypress: space
1691.2434 	EXP 	welcome_text: autoDraw = False
1691.2434 	EXP 	gradcpt_prep_text: height = 0.03
1691.2434 	EXP 	gradcpt_prep_text: height = 0.03
1691.2434 	EXP 	gradcpt_prep_text: height = 0.03
1691.2434 	EXP 	gradcpt_prep_text: text = 'Now you will perform the attention task. A series of pictures will gradually be presented on the screen one after another. In this phase of the experiment, you will press the j key when you see a picture of a city scene, and you will press nothing when you see a picture of a mountain scene. It is important to respond as quickly and accurately as possible and to keep both hands on the keyboard at all times.\n\nWhen you answer thought probes during this phase, remember to again be as honest as possible. Whether you indicate that your attention was or was not on task will not affect your participation. \n\nPress the space bar to see the response mappings one more time before beginning.'
1691.2434 	EXP 	gradcpt_prep_text: autoDraw = True
1691.7118 	DATA 	Keypress: space
1691.7257 	EXP 	gradcpt_prep_text: autoDraw = False
1691.7257 	EXP 	pixel: fillColor = <psychopy.colors.Color: black, alpha=1.0>
1691.7257 	EXP 	gradcpt_image: autoDraw = True
1691.7257 	EXP 	pixel: autoDraw = True
1691.7500 	EXP 	pixel: fillColor = <psychopy.colors.Color: white, alpha=1.0>
1691.7712 	EXP 	pixel: fillColor = <psychopy.colors.Color: black, alpha=1.0>
1691.7879 	EXP 	pixel: fillColor = <psychopy.colors.Color: white, alpha=1.0>
1691.8049 	EXP 	pixel: fillColor = <psychopy.colors.Color: black, alpha=1.0>
1691.8215 	EXP 	pixel: fillColor = <psychopy.colors.Color: white, alpha=1.0>
1691.8381 	EXP 	pixel: fillColor = <psychopy.colors.Color: black, alpha=1.0>
1691.8545 	EXP 	pixel: fillColor = <psychopy.colors.Color: white, alpha=1.0>
1691.8714 	EXP 	pixel: fillColor = <psychopy.colors.Color: black, alpha=1.0>
1691.8879 	EXP 	pixel: fillColor = <psychopy.colors.Color: white, alpha=1.0>
1691.9047 	EXP 	pixel: fillColor = <psychopy.colors.Color: black, alpha=1.0>
1691.9215 	EXP 	pixel: fillColor = <psychopy.colors.Color: white, alpha=1.0>
1691.9379 	EXP 	pixel: fillColor = <psychopy.colors.Color: black, alpha=1.0>
1691.9547 	EXP 	pixel: fillColor = <psychopy.colors.Color: white, alpha=1.0>
1691.9713 	EXP 	pixel: fillColor = <psychopy.colors.Color: black, alpha=1.0>
1691.9880 	EXP 	pixel: fillColor = <psychopy.colors.Color: white, alpha=1.0>
1692.0048 	EXP 	pixel: fillColor = <psychopy.colors.Color: black, alpha=1.0>
1692.0215 	EXP 	pixel: fillColor = <psychopy.colors.Color: white, alpha=1.0>
1692.0381 	EXP 	pixel: fillColor = <psychopy.colors.Color: black, alpha=1.0>
1692.0549 	EXP 	pixel: fillColor = <psychopy.colors.Color: white, alpha=1.0>
1692.0715 	EXP 	pixel: fillColor = <psychopy.colors.Color: black, alpha=1.0>
1692.0880 	EXP 	pixel: fillColor = <psychopy.colors.Color: white, alpha=1.0>
1692.1048 	EXP 	pixel: fillColor = <psychopy.colors.Color: black, alpha=1.0>
1692.1216 	EXP 	pixel: fillColor = <psychopy.colors.Color: white, alpha=1.0>
1692.1381 	EXP 	pixel: fillColor = <psychopy.colors.Color: black, alpha=1.0>
1692.1548 	EXP 	pixel: fillColor = <psychopy.colors.Color: white, alpha=1.0>
1692.1714 	EXP 	pixel: fillColor = <psychopy.colors.Color: black, alpha=1.0>
1692.1882 	EXP 	pixel: fillColor = <psychopy.colors.Color: white, alpha=1.0>
1692.2047 	EXP 	pixel: fillColor = <psychopy.colors.Color: black, alpha=1.0>
1692.2215 	EXP 	pixel: fillColor = <psychopy.colors.Color: white, alpha=1.0>
1692.2382 	EXP 	pixel: fillColor = <psychopy.colors.Color: black, alpha=1.0>
1692.2548 	EXP 	pixel: fillColor = <psychopy.colors.Color: white, alpha=1.0>
1692.2715 	EXP 	pixel: fillColor = <psychopy.colors.Color: black, alpha=1.0>
1692.2882 	EXP 	pixel: fillColor = <psychopy.colors.Color: white, alpha=1.0>
1692.3047 	EXP 	pixel: fillColor = <psychopy.colors.Color: black, alpha=1.0>
1692.3213 	EXP 	pixel: fillColor = <psychopy.colors.Color: white, alpha=1.0>
1692.3383 	EXP 	pixel: fillColor = <psychopy.colors.Color: black, alpha=1.0>
1692.3548 	EXP 	pixel: fillColor = <psychopy.colors.Color: white, alpha=1.0>
1692.3717 	EXP 	pixel: fillColor = <psychopy.colors.Color: black, alpha=1.0>
1692.3881 	EXP 	pixel: fillColor = <psychopy.colors.Color: white, alpha=1.0>
1692.4048 	EXP 	pixel: fillColor = <psychopy.colors.Color: black, alpha=1.0>
1692.4214 	EXP 	pixel: fillColor = <psychopy.colors.Color: white, alpha=1.0>
1692.4382 	EXP 	pixel: fillColor = <psychopy.colors.Color: black, alpha=1.0>
1692.4547 	EXP 	pixel: fillColor = <psychopy.colors.Color: white, alpha=1.0>
1692.4715 	EXP 	pixel: fillColor = <psychopy.colors.Color: black, alpha=1.0>
1692.4884 	EXP 	pixel: fillColor = <psychopy.colors.Color: white, alpha=1.0>
1692.5050 	EXP 	pixel: fillColor = <psychopy.colors.Color: black, alpha=1.0>
1692.5214 	EXP 	pixel: fillColor = <psychopy.colors.Color: white, alpha=1.0>
1692.5438 	EXP 	pixel: fillColor = <psychopy.colors.Color: black, alpha=1.0>
1692.5581 	EXP 	pixel: fillColor = <psychopy.colors.Color: white, alpha=1.0>
1692.5724 	EXP 	pixel: fillColor = <psychopy.colors.Color: black, alpha=1.0>
1692.5884 	EXP 	pixel: fillColor = <psychopy.colors.Color: white, alpha=1.0>
1692.6049 	EXP 	pixel: fillColor = <psychopy.colors.Color: black, alpha=1.0>
1692.6216 	EXP 	pixel: fillColor = <psychopy.colors.Color: white, alpha=1.0>
1692.6385 	EXP 	pixel: fillColor = <psychopy.colors.Color: black, alpha=1.0>
1692.6548 	EXP 	pixel: fillColor = <psychopy.colors.Color: white, alpha=1.0>
1692.6717 	EXP 	pixel: fillColor = <psychopy.colors.Color: black, alpha=1.0>
1692.6883 	EXP 	pixel: fillColor = <psychopy.colors.Color: white, alpha=1.0>
1692.7048 	EXP 	pixel: fillColor = <psychopy.colors.Color: black, alpha=1.0>
1692.7215 	EXP 	pixel: fillColor = <psychopy.colors.Color: white, alpha=1.0>
1692.7383 	EXP 	pixel: fillColor = <psychopy.colors.Color: black, alpha=1.0>
1692.7549 	EXP 	pixel: fillColor = <psychopy.colors.Color: white, alpha=1.0>
1692.7716 	EXP 	pixel: fillColor = <psychopy.colors.Color: black, alpha=1.0>
1692.7880 	EXP 	pixel: fillColor = <psychopy.colors.Color: white, alpha=1.0>
1692.8052 	EXP 	pixel: fillColor = <psychopy.colors.Color: black, alpha=1.0>
1692.8216 	EXP 	pixel: fillColor = <psychopy.colors.Color: white, alpha=1.0>
1692.8382 	EXP 	pixel: fillColor = <psychopy.colors.Color: black, alpha=1.0>
1692.8550 	EXP 	pixel: fillColor = <psychopy.colors.Color: white, alpha=1.0>
1692.8715 	EXP 	pixel: fillColor = <psychopy.colors.Color: black, alpha=1.0>
1692.8885 	EXP 	pixel: fillColor = <psychopy.colors.Color: white, alpha=1.0>
1692.9050 	EXP 	pixel: fillColor = <psychopy.colors.Color: black, alpha=1.0>
1692.9216 	EXP 	pixel: fillColor = <psychopy.colors.Color: white, alpha=1.0>
1692.9383 	EXP 	pixel: fillColor = <psychopy.colors.Color: black, alpha=1.0>
1692.9553 	EXP 	pixel: fillColor = <psychopy.colors.Color: white, alpha=1.0>
1692.9718 	EXP 	pixel: fillColor = <psychopy.colors.Color: black, alpha=1.0>
1692.9882 	EXP 	pixel: fillColor = <psychopy.colors.Color: white, alpha=1.0>
1693.0047 	EXP 	pixel: fillColor = <psychopy.colors.Color: black, alpha=1.0>
1693.0217 	EXP 	pixel: fillColor = <psychopy.colors.Color: white, alpha=1.0>
1693.0382 	EXP 	pixel: fillColor = <psychopy.colors.Color: black, alpha=1.0>
1693.0551 	EXP 	pixel: fillColor = <psychopy.colors.Color: white, alpha=1.0>
1693.0716 	EXP 	pixel: fillColor = <psychopy.colors.Color: black, alpha=1.0>
1693.0884 	EXP 	pixel: fillColor = <psychopy.colors.Color: white, alpha=1.0>
1693.1047 	EXP 	pixel: fillColor = <psychopy.colors.Color: black, alpha=1.0>
1693.1216 	EXP 	pixel: fillColor = <psychopy.colors.Color: white, alpha=1.0>
1693.1375 	EXP 	pixel: fillColor = <psychopy.colors.Color: black, alpha=1.0>
1693.1551 	EXP 	pixel: fillColor = <psychopy.colors.Color: white, alpha=1.0>
1693.1715 	EXP 	pixel: fillColor = <psychopy.colors.Color: black, alpha=1.0>
1693.1880 	EXP 	pixel: fillColor = <psychopy.colors.Color: white, alpha=1.0>
1693.2045 	EXP 	pixel: fillColor = <psychopy.colors.Color: black, alpha=1.0>
1693.2212 	EXP 	pixel: fillColor = <psychopy.colors.Color: white, alpha=1.0>
1693.2383 	EXP 	pixel: fillColor = <psychopy.colors.Color: black, alpha=1.0>
1693.2551 	EXP 	pixel: fillColor = <psychopy.colors.Color: white, alpha=1.0>
1693.2716 	EXP 	pixel: fillColor = <psychopy.colors.Color: black, alpha=1.0>
1693.2885 	EXP 	pixel: fillColor = <psychopy.colors.Color: white, alpha=1.0>
1693.3051 	EXP 	pixel: fillColor = <psychopy.colors.Color: black, alpha=1.0>
1693.3217 	EXP 	pixel: fillColor = <psychopy.colors.Color: white, alpha=1.0>
1693.3439 	EXP 	pixel: fillColor = <psychopy.colors.Color: black, alpha=1.0>
1693.3579 	EXP 	pixel: fillColor = <psychopy.colors.Color: white, alpha=1.0>
1693.3727 	EXP 	pixel: fillColor = <psychopy.colors.Color: black, alpha=1.0>
1693.3886 	EXP 	pixel: fillColor = <psychopy.colors.Color: white, alpha=1.0>
1693.4051 	EXP 	pixel: fillColor = <psychopy.colors.Color: black, alpha=1.0>
1693.4220 	EXP 	pixel: fillColor = <psychopy.colors.Color: white, alpha=1.0>
1693.4384 	EXP 	pixel: fillColor = <psychopy.colors.Color: black, alpha=1.0>
1693.4552 	EXP 	pixel: fillColor = <psychopy.colors.Color: white, alpha=1.0>
1693.4720 	EXP 	pixel: fillColor = <psychopy.colors.Color: black, alpha=1.0>
1693.4885 	EXP 	pixel: fillColor = <psychopy.colors.Color: white, alpha=1.0>
1693.5052 	EXP 	pixel: fillColor = <psychopy.colors.Color: black, alpha=1.0>
1693.5217 	EXP 	pixel: fillColor = <psychopy.colors.Color: white, alpha=1.0>
1693.5386 	EXP 	pixel: fillColor = <psychopy.colors.Color: black, alpha=1.0>
1693.5550 	EXP 	pixel: fillColor = <psychopy.colors.Color: white, alpha=1.0>
1693.5718 	EXP 	pixel: fillColor = <psychopy.colors.Color: black, alpha=1.0>
1693.5887 	EXP 	pixel: fillColor = <psychopy.colors.Color: white, alpha=1.0>
1693.6053 	EXP 	pixel: fillColor = <psychopy.colors.Color: black, alpha=1.0>
1693.6218 	EXP 	pixel: fillColor = <psychopy.colors.Color: white, alpha=1.0>
1693.6387 	EXP 	pixel: fillColor = <psychopy.colors.Color: black, alpha=1.0>
1693.6552 	EXP 	pixel: fillColor = <psychopy.colors.Color: white, alpha=1.0>
1693.6719 	EXP 	pixel: fillColor = <psychopy.colors.Color: black, alpha=1.0>
1693.6885 	EXP 	pixel: fillColor = <psychopy.colors.Color: white, alpha=1.0>
1693.7052 	EXP 	pixel: fillColor = <psychopy.colors.Color: black, alpha=1.0>
1693.7220 	EXP 	pixel: fillColor = <psychopy.colors.Color: white, alpha=1.0>
1693.7387 	EXP 	pixel: fillColor = <psychopy.colors.Color: black, alpha=1.0>
1693.7554 	EXP 	pixel: fillColor = <psychopy.colors.Color: white, alpha=1.0>
1693.7719 	EXP 	pixel: fillColor = <psychopy.colors.Color: black, alpha=1.0>
1693.7884 	EXP 	pixel: fillColor = <psychopy.colors.Color: white, alpha=1.0>
1693.8058 	EXP 	pixel: fillColor = <psychopy.colors.Color: black, alpha=1.0>
1693.8220 	EXP 	pixel: fillColor = <psychopy.colors.Color: white, alpha=1.0>
1693.8385 	EXP 	pixel: fillColor = <psychopy.colors.Color: black, alpha=1.0>
1693.8552 	EXP 	pixel: fillColor = <psychopy.colors.Color: white, alpha=1.0>
1693.8718 	EXP 	pixel: fillColor = <psychopy.colors.Color: black, alpha=1.0>
1693.8886 	EXP 	pixel: fillColor = <psychopy.colors.Color: white, alpha=1.0>
1693.9056 	EXP 	pixel: fillColor = <psychopy.colors.Color: black, alpha=1.0>
1693.9220 	EXP 	pixel: fillColor = <psychopy.colors.Color: white, alpha=1.0>
1693.9387 	EXP 	pixel: fillColor = <psychopy.colors.Color: black, alpha=1.0>
1693.9555 	EXP 	pixel: fillColor = <psychopy.colors.Color: white, alpha=1.0>
1693.9720 	EXP 	pixel: fillColor = <psychopy.colors.Color: black, alpha=1.0>
1693.9888 	EXP 	pixel: fillColor = <psychopy.colors.Color: white, alpha=1.0>
1694.0054 	EXP 	pixel: fillColor = <psychopy.colors.Color: black, alpha=1.0>
1694.0218 	EXP 	pixel: fillColor = <psychopy.colors.Color: white, alpha=1.0>
1694.0390 	EXP 	pixel: fillColor = <psychopy.colors.Color: black, alpha=1.0>
1694.0555 	EXP 	pixel: fillColor = <psychopy.colors.Color: white, alpha=1.0>
1694.0718 	EXP 	pixel: fillColor = <psychopy.colors.Color: black, alpha=1.0>
1694.0888 	EXP 	pixel: fillColor = <psychopy.colors.Color: white, alpha=1.0>
1694.1055 	EXP 	pixel: fillColor = <psychopy.colors.Color: black, alpha=1.0>
1694.1219 	EXP 	pixel: fillColor = <psychopy.colors.Color: white, alpha=1.0>
1694.1441 	EXP 	pixel: fillColor = <psychopy.colors.Color: black, alpha=1.0>
1694.1582 	EXP 	pixel: fillColor = <psychopy.colors.Color: white, alpha=1.0>
1694.1727 	EXP 	pixel: fillColor = <psychopy.colors.Color: black, alpha=1.0>
1694.1886 	EXP 	pixel: fillColor = <psychopy.colors.Color: white, alpha=1.0>
1694.2054 	EXP 	pixel: fillColor = <psychopy.colors.Color: black, alpha=1.0>
1694.2220 	EXP 	pixel: fillColor = <psychopy.colors.Color: white, alpha=1.0>
1694.2387 	EXP 	pixel: fillColor = <psychopy.colors.Color: black, alpha=1.0>
1694.2554 	EXP 	pixel: fillColor = <psychopy.colors.Color: white, alpha=1.0>
1694.2722 	EXP 	pixel: fillColor = <psychopy.colors.Color: black, alpha=1.0>
1694.2890 	EXP 	pixel: fillColor = <psychopy.colors.Color: white, alpha=1.0>
1694.3055 	EXP 	pixel: fillColor = <psychopy.colors.Color: black, alpha=1.0>
1694.3222 	EXP 	pixel: fillColor = <psychopy.colors.Color: white, alpha=1.0>
1694.3387 	EXP 	pixel: fillColor = <psychopy.colors.Color: black, alpha=1.0>
1694.3554 	EXP 	pixel: fillColor = <psychopy.colors.Color: white, alpha=1.0>
1694.3723 	EXP 	pixel: fillColor = <psychopy.colors.Color: black, alpha=1.0>
1694.3887 	EXP 	pixel: fillColor = <psychopy.colors.Color: white, alpha=1.0>
1694.4055 	EXP 	pixel: fillColor = <psychopy.colors.Color: black, alpha=1.0>
1694.4223 	EXP 	pixel: fillColor = <psychopy.colors.Color: white, alpha=1.0>
1694.4387 	EXP 	pixel: fillColor = <psychopy.colors.Color: black, alpha=1.0>
1694.4554 	EXP 	pixel: fillColor = <psychopy.colors.Color: white, alpha=1.0>
1694.4724 	EXP 	pixel: fillColor = <psychopy.colors.Color: black, alpha=1.0>
1694.4886 	EXP 	pixel: fillColor = <psychopy.colors.Color: white, alpha=1.0>
1694.5054 	EXP 	pixel: fillColor = <psychopy.colors.Color: black, alpha=1.0>
1694.5223 	EXP 	pixel: fillColor = <psychopy.colors.Color: white, alpha=1.0>
1694.5388 	EXP 	pixel: fillColor = <psychopy.colors.Color: black, alpha=1.0>
1694.5557 	EXP 	pixel: fillColor = <psychopy.colors.Color: white, alpha=1.0>
1694.5720 	EXP 	pixel: fillColor = <psychopy.colors.Color: black, alpha=1.0>
1694.5891 	EXP 	pixel: fillColor = <psychopy.colors.Color: white, alpha=1.0>
1694.6055 	EXP 	pixel: fillColor = <psychopy.colors.Color: black, alpha=1.0>
1694.6223 	EXP 	pixel: fillColor = <psychopy.colors.Color: white, alpha=1.0>
1694.6388 	EXP 	pixel: fillColor = <psychopy.colors.Color: black, alpha=1.0>
1694.6555 	EXP 	pixel: fillColor = <psychopy.colors.Color: white, alpha=1.0>
1694.6720 	EXP 	pixel: fillColor = <psychopy.colors.Color: black, alpha=1.0>
1694.6890 	EXP 	pixel: fillColor = <psychopy.colors.Color: white, alpha=1.0>
1694.7056 	EXP 	pixel: fillColor = <psychopy.colors.Color: black, alpha=1.0>
1694.7221 	EXP 	pixel: fillColor = <psychopy.colors.Color: white, alpha=1.0>
1694.7390 	EXP 	pixel: fillColor = <psychopy.colors.Color: black, alpha=1.0>
1694.7555 	EXP 	pixel: fillColor = <psychopy.colors.Color: white, alpha=1.0>
1694.7722 	EXP 	pixel: fillColor = <psychopy.colors.Color: black, alpha=1.0>
1694.7891 	EXP 	pixel: fillColor = <psychopy.colors.Color: white, alpha=1.0>
1694.8056 	EXP 	pixel: fillColor = <psychopy.colors.Color: black, alpha=1.0>
1694.8223 	EXP 	pixel: fillColor = <psychopy.colors.Color: white, alpha=1.0>
1694.8388 	EXP 	pixel: fillColor = <psychopy.colors.Color: black, alpha=1.0>
1694.8558 	EXP 	pixel: fillColor = <psychopy.colors.Color: white, alpha=1.0>
1694.8725 	EXP 	pixel: fillColor = <psychopy.colors.Color: black, alpha=1.0>
1694.8889 	EXP 	pixel: fillColor = <psychopy.colors.Color: white, alpha=1.0>
1694.9054 	EXP 	pixel: fillColor = <psychopy.colors.Color: black, alpha=1.0>
1694.9223 	EXP 	pixel: fillColor = <psychopy.colors.Color: white, alpha=1.0>
1694.9448 	EXP 	pixel: fillColor = <psychopy.colors.Color: black, alpha=1.0>
1694.9678 	EXP 	pixel: fillColor = <psychopy.colors.Color: white, alpha=1.0>
1694.9890 	EXP 	pixel: fillColor = <psychopy.colors.Color: black, alpha=1.0>
1695.0056 	EXP 	pixel: fillColor = <psychopy.colors.Color: white, alpha=1.0>
1695.0224 	EXP 	pixel: fillColor = <psychopy.colors.Color: black, alpha=1.0>
1695.0388 	EXP 	pixel: fillColor = <psychopy.colors.Color: white, alpha=1.0>
1695.0555 	EXP 	pixel: fillColor = <psychopy.colors.Color: black, alpha=1.0>
1695.0723 	EXP 	pixel: fillColor = <psychopy.colors.Color: white, alpha=1.0>
1695.0889 	EXP 	pixel: fillColor = <psychopy.colors.Color: black, alpha=1.0>
1695.1055 	EXP 	pixel: fillColor = <psychopy.colors.Color: white, alpha=1.0>
1695.1222 	EXP 	pixel: fillColor = <psychopy.colors.Color: black, alpha=1.0>
1695.1390 	EXP 	pixel: fillColor = <psychopy.colors.Color: white, alpha=1.0>
1695.1558 	EXP 	pixel: fillColor = <psychopy.colors.Color: black, alpha=1.0>
1695.1723 	EXP 	pixel: fillColor = <psychopy.colors.Color: white, alpha=1.0>
1695.1890 	EXP 	pixel: fillColor = <psychopy.colors.Color: black, alpha=1.0>
1695.2057 	EXP 	pixel: fillColor = <psychopy.colors.Color: white, alpha=1.0>
1695.2223 	EXP 	pixel: fillColor = <psychopy.colors.Color: black, alpha=1.0>
1695.2390 	EXP 	pixel: fillColor = <psychopy.colors.Color: white, alpha=1.0>
1695.2558 	EXP 	pixel: fillColor = <psychopy.colors.Color: black, alpha=1.0>
1695.2723 	EXP 	pixel: fillColor = <psychopy.colors.Color: white, alpha=1.0>
1695.2890 	EXP 	pixel: fillColor = <psychopy.colors.Color: black, alpha=1.0>
1695.3059 	EXP 	pixel: fillColor = <psychopy.colors.Color: white, alpha=1.0>
1695.3223 	EXP 	pixel: fillColor = <psychopy.colors.Color: black, alpha=1.0>
1695.3390 	EXP 	pixel: fillColor = <psychopy.colors.Color: white, alpha=1.0>
1695.3556 	EXP 	pixel: fillColor = <psychopy.colors.Color: black, alpha=1.0>
1695.3726 	EXP 	pixel: fillColor = <psychopy.colors.Color: white, alpha=1.0>
1695.3890 	EXP 	pixel: fillColor = <psychopy.colors.Color: black, alpha=1.0>
1695.4058 	EXP 	pixel: fillColor = <psychopy.colors.Color: white, alpha=1.0>
1695.4222 	EXP 	pixel: fillColor = <psychopy.colors.Color: black, alpha=1.0>
1695.4251 	DATA 	Keypress: escape
1695.4390 	EXP 	pixel: fillColor = <psychopy.colors.Color: white, alpha=1.0>
1695.4560 	EXP 	pixel: fillColor = <psychopy.colors.Color: black, alpha=1.0>
1695.4723 	EXP 	pixel: fillColor = <psychopy.colors.Color: white, alpha=1.0>
1695.4893 	EXP 	pixel: fillColor = <psychopy.colors.Color: black, alpha=1.0>
1695.5058 	EXP 	pixel: fillColor = <psychopy.colors.Color: white, alpha=1.0>
1695.5224 	EXP 	pixel: fillColor = <psychopy.colors.Color: black, alpha=1.0>
1695.5390 	EXP 	pixel: fillColor = <psychopy.colors.Color: white, alpha=1.0>
1695.5411 	EXP 	gradcptpy: status = STOPPED
1695.5561 	EXP 	pixel: fillColor = <psychopy.colors.Color: black, alpha=1.0>
1695.5561 	EXP 	gradcpt_image: autoDraw = False
1695.5561 	EXP 	pixel: autoDraw = False
1695.5562 	EXP 	gradcptpy: status = STOPPED
1695.7420 	EXP 	window1: mouseVisible = True
