16.6512 	DEBUG 	Fullscreen settings ignored as running in pilot mode.
16.6557 	INFO 	Loaded monitor calibration from ['2024_09_16 16:06']
17.0683 	EXP 	Created window1 = Window(allowGUI=True, allowStencil=False, autoLog=True, backendConf=UNKNOWN, backgroundFit=<method-wrapper '__getattribute__' of attributeSetter object at 0x000002D0B0B00430>, backgroundImage=<method-wrapper '__getattribute__' of attributeSetter object at 0x000002D0B0B003D0>, bitsMode=UNKNOWN, blendMode='avg', bpc=(8, 8, 8), color=array([0, 0, 0]), colorSpace='rgb', depthBits=8, fullscr=<method-wrapper '__getattribute__' of attributeSetter object at 0x000002D0B0B00070>, gamma=None, gammaErrorPolicy='raise', infoMsg=UNKNOWN, lms=UNKNOWN, monitor=<psychopy.monitors.calibTools.Monitor object at 0x000002D13AB7E890>, multiSample=False, name='window1', numSamples=2, pos=[560.0, 240.0], screen=0, size=array([800, 600]), stencilBits=0, stereo=False, title='PsychoPy', units='height', useFBO=True, useRetina=False, viewOri=0.0, viewPos=None, viewScale=None, waitBlanking=True, winType='pyglet')
17.0693 	EXP 	window1: backgroundImage = ''
17.0694 	EXP 	window1: backgroundFit = 'none'
17.0696 	EXP 	window1: mouseVisible = <method-wrapper '__getattribute__' of attributeSetter object at 0x000002D0B0B027A0>
17.0698 	EXP 	window1: mouseVisible = <method-wrapper '__getattribute__' of attributeSetter object at 0x000002D0B0B027A0>
17.0755 	EXP 	window1: mouseVisible = <method-wrapper '__getattribute__' of attributeSetter object at 0x000002D0B0B027A0>
17.0762 	EXP 	window1: mouseVisible = <method-wrapper '__getattribute__' of attributeSetter object at 0x000002D0B0B027A0>
17.0860 	DEBUG 	TextBox2 loaded 1 chars with 0 blanks and 1 valid
17.0879 	DEBUG 	TextBox2 loaded 1 chars with 0 blanks and 1 valid
17.0894 	DEBUG 	TextBox2 loaded 1 chars with 0 blanks and 1 valid
17.0912 	DEBUG 	TextBox2 loaded 1 chars with 0 blanks and 1 valid
17.0930 	DEBUG 	TextBox2 loaded 1 chars with 0 blanks and 1 valid
17.0942 	DEBUG 	TextBox2 loaded 1 chars with 0 blanks and 1 valid
17.0958 	DEBUG 	TextBox2 loaded 1 chars with 0 blanks and 1 valid
17.0976 	DEBUG 	TextBox2 loaded 1 chars with 0 blanks and 1 valid
17.0986 	DEBUG 	TextBox2 loaded 1 chars with 0 blanks and 1 valid
17.0997 	DEBUG 	TextBox2 loaded 1 chars with 0 blanks and 1 valid
17.1013 	DEBUG 	TextBox2 loaded 1 chars with 0 blanks and 1 valid
17.1030 	DEBUG 	TextBox2 loaded 1 chars with 0 blanks and 1 valid
17.1046 	DEBUG 	TextBox2 loaded 1 chars with 0 blanks and 1 valid
17.1062 	DEBUG 	TextBox2 loaded 1 chars with 0 blanks and 1 valid
17.1076 	DEBUG 	TextBox2 loaded 1 chars with 0 blanks and 1 valid
17.1092 	DEBUG 	TextBox2 loaded 1 chars with 0 blanks and 1 valid
17.1110 	DEBUG 	TextBox2 loaded 1 chars with 0 blanks and 1 valid
17.1122 	DEBUG 	TextBox2 loaded 1 chars with 0 blanks and 1 valid
17.1135 	DEBUG 	TextBox2 loaded 1 chars with 0 blanks and 1 valid
17.1154 	DEBUG 	TextBox2 loaded 1 chars with 0 blanks and 1 valid
17.1166 	DEBUG 	TextBox2 loaded 1 chars with 0 blanks and 1 valid
17.1170 	DEBUG 	Uploading Texture Font fontname to graphics card
17.1277 	DEBUG 	Upload of Texture Font fontname complete
17.1295 	EXP 	window1: mouseVisible = <method-wrapper '__getattribute__' of attributeSetter object at 0x000002D0B0B027A0>
17.1296 	EXP 	window1: mouseVisible = <method-wrapper '__getattribute__' of attributeSetter object at 0x000002D0B0B027A0>
17.1304 	EXP 	window1: mouseVisible = <method-wrapper '__getattribute__' of attributeSetter object at 0x000002D0B0B027A0>
17.1312 	EXP 	window1: mouseVisible = <method-wrapper '__getattribute__' of attributeSetter object at 0x000002D0B0B027A0>
17.1384 	DEBUG 	TextBox2 loaded 1 chars with 0 blanks and 1 valid
17.1403 	DEBUG 	TextBox2 loaded 1 chars with 0 blanks and 1 valid
17.1421 	DEBUG 	TextBox2 loaded 1 chars with 0 blanks and 1 valid
17.1424 	DEBUG 	Uploading Texture Font fontname to graphics card
17.1490 	DEBUG 	Upload of Texture Font fontname complete
17.1515 	EXP 	window1: Attempting to measure frame rate of screen (0) ...
17.1515 	EXP 	window1: recordFrameIntervals = False
17.3584 	EXP 	window1: recordFrameIntervals = True
17.6082 	WARNING 	t of last frame was 20.02ms (=1/49)
17.9388 	EXP 	Screen (0) actual frame rate measured at 61.07Hz
17.9388 	EXP 	window1: recordFrameIntervals = False
17.9389 	EXP 	window1: mouseVisible = False
17.9393 	EXP 	window1: mouseVisible = False
17.9395 	EXP 	window1: mouseVisible = False
17.9403 	EXP 	window1: mouseVisible = False
17.9412 	EXP 	window1: mouseVisible = False
17.9476 	DEBUG 	TextBox2 loaded 1 chars with 0 blanks and 1 valid
17.9489 	DEBUG 	TextBox2 loaded 1 chars with 0 blanks and 1 valid
17.9505 	DEBUG 	TextBox2 loaded 1 chars with 0 blanks and 1 valid
17.9527 	DEBUG 	TextBox2 loaded 1 chars with 0 blanks and 1 valid
17.9549 	DEBUG 	TextBox2 loaded 1 chars with 0 blanks and 1 valid
17.9569 	DEBUG 	TextBox2 loaded 1 chars with 0 blanks and 1 valid
17.9583 	DEBUG 	TextBox2 loaded 1 chars with 0 blanks and 1 valid
17.9601 	DEBUG 	TextBox2 loaded 1 chars with 0 blanks and 1 valid
17.9620 	DEBUG 	TextBox2 loaded 1 chars with 0 blanks and 1 valid
17.9637 	DEBUG 	TextBox2 loaded 1 chars with 0 blanks and 1 valid
17.9641 	DEBUG 	Uploading Texture Font fontname to graphics card
17.9649 	DEBUG 	Upload of Texture Font fontname complete
17.9666 	EXP 	window1: mouseVisible = False
17.9667 	EXP 	window1: mouseVisible = False
17.9674 	EXP 	window1: mouseVisible = False
17.9681 	EXP 	window1: mouseVisible = False
17.9980 	WARNING 	launchHubServer: If using the iohub mouse or eyetracker devices, fullScr should be True.
22.7834 	INFO 	keyboard.Keyboard is using iohub backend.
22.7834 	INFO 	keyboard.Keyboard is using iohub backend.
22.7835 	INFO 	keyboard.Keyboard is using iohub backend.
22.7835 	INFO 	keyboard.Keyboard is using iohub backend.
22.7836 	INFO 	keyboard.Keyboard is using iohub backend.
22.7836 	INFO 	keyboard.Keyboard is using iohub backend.
22.7836 	EXP 	gradcptpy: status = STARTED
22.9002 	EXP 	window1: mouseVisible = False
23.0200 	EXP 	Created frame_rate_prompt = TextStim(__class__=<class 'psychopy.visual.text.TextStim'>, alignHoriz=method-wrapper(...), alignText='center', alignVert=method-wrapper(...), anchorHoriz='center', anchorVert='center', antialias=True, autoDraw=False, autoLog=True, bold=False, color=array([-1., -1., -1.]), colorSpace='rgb', contrast=1.0, depth=-2.0, draggable=False, flipHoriz=False, flipVert=False, font='Open Sans', fontFiles=[], height=0.05, italic=False, languageStyle='LTR', name='frame_rate_prompt', opacity=1, ori=0.0, pos=array([0., 0.]), rgb=UNKNOWN, text='Trying to estimate frame rate....', units='height', win=Window(...), wrapWidth=1)
23.0202 	EXP 	window1: mouseVisible = False
23.0436 	EXP 	Created welcome_text = TextStim(__class__=<class 'psychopy.visual.text.TextStim'>, alignHoriz=method-wrapper(...), alignText='center', alignVert=method-wrapper(...), anchorHoriz='center', anchorVert='center', antialias=True, autoDraw=False, autoLog=True, bold=False, color=array([-1., -1., -1.]), colorSpace='rgb', contrast=1.0, depth=-1.0, draggable=False, flipHoriz=False, flipVert=False, font='Open Sans', fontFiles=[], height=0.05, italic=False, languageStyle='LTR', name='welcome_text', opacity=1, ori=0.0, pos=array([0., 0.]), rgb=UNKNOWN, text=str(...), units='height', win=Window(...), wrapWidth=1)
23.0438 	EXP 	window1: mouseVisible = False
23.0451 	EXP 	Created gradcpt_prep_text = TextStim(__class__=<class 'psychopy.visual.text.TextStim'>, alignHoriz=method-wrapper(...), alignText='center', alignVert=method-wrapper(...), anchorHoriz='center', anchorVert='center', antialias=True, autoDraw=False, autoLog=True, bold=False, color=array([-1., -1., -1.]), colorSpace='rgb', contrast=1.0, depth=-1.0, draggable=False, flipHoriz=False, flipVert=False, font='Open Sans', fontFiles=[], height=0.03, italic=False, languageStyle='LTR', name='gradcpt_prep_text', opacity=1, ori=0.0, pos=array([0., 0.]), rgb=UNKNOWN, text='', units='height', win=Window(...), wrapWidth=1)
23.0452 	EXP 	window1: mouseVisible = False
23.0461 	EXP 	Created black_start_text = TextStim(__class__=<class 'psychopy.visual.text.TextStim'>, alignHoriz=method-wrapper(...), alignText='center', alignVert=method-wrapper(...), anchorHoriz='center', anchorVert='center', antialias=True, autoDraw=False, autoLog=True, bold=False, color=array([-1., -1., -1.]), colorSpace='rgb', contrast=1.0, depth=-1.0, draggable=False, flipHoriz=False, flipVert=False, font='Open Sans', fontFiles=[], height=0.03, italic=False, languageStyle='LTR', name='black_start_text', opacity=1, ori=0.0, pos=array([0., 0.]), rgb=UNKNOWN, text='', units='height', win=Window(...), wrapWidth=1)
23.0462 	EXP 	window1: mouseVisible = False
23.0528 	EXP 	Created gradcpt_image = ImageStim(__class__=<class 'psychopy.visual.image.ImageStim'>, anchor=('center', 'center'), autoLog=True, color=array([1., 1., 1.]), colorSpace='rgb', contrast=1.0, depth=-1.0, draggable=False, flipHoriz=False, flipVert=False, image='default.png', interpolate=True, mask=None, maskParams=None, name='gradcpt_image', opacity=1, ori=0.0, pos=array([0., 0.]), size=array([0.5, 0.5]), texRes=128.0, units='height', win=Window(...))
23.0529 	EXP 	window1: mouseVisible = False
23.0606 	EXP 	Created block_rest_text = TextStim(__class__=<class 'psychopy.visual.text.TextStim'>, alignHoriz=method-wrapper(...), alignText='center', alignVert=method-wrapper(...), anchorHoriz='center', anchorVert='center', antialias=True, autoDraw=False, autoLog=True, bold=False, color=array([-1., -1., -1.]), colorSpace='rgb', contrast=1.0, depth=-1.0, draggable=False, flipHoriz=False, flipVert=False, font='Open Sans', fontFiles=[], height=0.05, italic=False, languageStyle='LTR', name='block_rest_text', opacity=1, ori=0.0, pos=array([0., 0.]), rgb=UNKNOWN, text=str(...), units='height', win=Window(...), wrapWidth=1)
23.0608 	EXP 	window1: mouseVisible = False
23.0617 	EXP 	Created debrief_text = TextStim(__class__=<class 'psychopy.visual.text.TextStim'>, alignHoriz=method-wrapper(...), alignText='center', alignVert=method-wrapper(...), anchorHoriz='center', anchorVert='center', antialias=True, autoDraw=False, autoLog=True, bold=False, color=array([-1., -1., -1.]), colorSpace='rgb', contrast=1.0, depth=0.0, draggable=False, flipHoriz=False, flipVert=False, font='Open Sans', fontFiles=[], height=0.03, italic=False, languageStyle='LTR', name='debrief_text', opacity=1, ori=0.0, pos=array([0., 0.]), rgb=UNKNOWN, text='', units='height', win=Window(...), wrapWidth=1)
23.0618 	EXP 	window1: mouseVisible = False
23.0673 	EXP 	Created thanks_text = TextStim(__class__=<class 'psychopy.visual.text.TextStim'>, alignHoriz=method-wrapper(...), alignText='center', alignVert=method-wrapper(...), anchorHoriz='center', anchorVert='center', antialias=True, autoDraw=False, autoLog=True, bold=False, color=array([-1., -1., -1.]), colorSpace='rgb', contrast=1.0, depth=0.0, draggable=False, flipHoriz=False, flipVert=False, font='Open Sans', fontFiles=[], height=0.05, italic=False, languageStyle='LTR', name='thanks_text', opacity=1, ori=0.0, pos=array([0., 0.]), rgb=UNKNOWN, text='Thank you for your participation!', units='height', win=Window(...), wrapWidth=1)
0.0090 	EXP 	window1: mouseVisible = False
0.0228 	EXP 	frame_rate_prompt: autoDraw = True
5.0116 	EXP 	window1: mouseVisible = False
5.0260 	INFO 	Keyboard events cleared
5.0255 	EXP 	frame_rate_prompt: autoDraw = False
5.0255 	EXP 	welcome_text: autoDraw = True
6.6007 	DATA 	Keypress: space
6.6075 	INFO 	Keyboard events cleared
6.6071 	EXP 	welcome_text: autoDraw = False
6.6071 	EXP 	gradcpt_prep_text: height = 0.03
6.6071 	EXP 	gradcpt_prep_text: height = 0.03
6.6071 	EXP 	gradcpt_prep_text: height = 0.03
6.6071 	EXP 	gradcpt_prep_text: text = 'Now you will perform the attention task. A series of pictures will gradually be presented on the screen one after another. In this phase of the experiment, you will press the f key when you see a picture of a city scene, and you will press nothing when you see a picture of a mountain scene. It is important to respond as quickly and accurately as possible and to keep both hands on the keyboard at all times.\n\nWhen you answer thought probes during this phase, remember to again be as honest as possible. Whether you indicate that your attention was or was not on task will not affect your participation. \n\nPress the space bar to see the response mappings one more time before beginning.'
6.6071 	EXP 	gradcpt_prep_text: autoDraw = True
7.6465 	EXP 	New trial (rep=0, index=0): <Trial 0 (0 in rep 0) data={'thisN': 0, 'thisTrialN': 0, 'thisRepN': 0}>
7.6548 	DATA 	Keypress: space
7.6591 	INFO 	Keyboard events cleared
7.6587 	EXP 	gradcpt_prep_text: autoDraw = False
7.6587 	EXP 	black_start_text: height = 0.03
7.6587 	EXP 	black_start_text: height = 0.03
7.6587 	EXP 	black_start_text: height = 0.03
7.6587 	EXP 	black_start_text: text = 'Key for city scenes: f\n When you see a mountain scene, do not make a response.\n\nPress the space bar to begin.'
7.6587 	EXP 	black_start_text: autoDraw = True
9.1860 	DATA 	Keypress: space
9.1866 	EXP 	New trial (rep=0, index=0): <Trial 0 (0 in rep 0) data={'thisN': 0, 'thisTrialN': 0, 'thisRepN': 0}>
9.1867 	INFO 	keyboard.Keyboard is using iohub backend.
9.2096 	EXP 	black_start_text: autoDraw = False
9.2096 	EXP 	gradcpt_image: autoDraw = True
17.3789 	INFO 	Keyboard events cleared
17.3785 	EXP 	gradcpt_image: autoDraw = False
17.3785 	EXP 	block_rest_text: autoDraw = True
18.8998 	EXP 	New trial (rep=1, index=0): <Trial 1 (0 in rep 1) data={'thisN': 1, 'thisTrialN': 0, 'thisRepN': 1}>
18.9006 	DATA 	Keypress: space
18.9131 	INFO 	Keyboard events cleared
18.9127 	EXP 	block_rest_text: autoDraw = False
18.9127 	EXP 	black_start_text: text = 'Key for city scenes: f\n When you see a mountain scene, do not make a response.\n\nPress the space bar to begin.'
18.9127 	EXP 	black_start_text: autoDraw = True
20.4210 	DATA 	Keypress: space
20.4214 	EXP 	New trial (rep=0, index=0): <Trial 0 (0 in rep 0) data={'thisN': 0, 'thisTrialN': 0, 'thisRepN': 0}>
20.4297 	EXP 	black_start_text: autoDraw = False
20.4297 	EXP 	gradcpt_image: autoDraw = True
28.5998 	INFO 	Keyboard events cleared
28.5994 	EXP 	gradcpt_image: autoDraw = False
28.5994 	EXP 	block_rest_text: autoDraw = True
29.7708 	DATA 	Keypress: space
29.7812 	INFO 	Keyboard events cleared
29.7808 	EXP 	block_rest_text: autoDraw = False
29.7808 	EXP 	debrief_text: height = 0.03
29.7808 	EXP 	debrief_text: height = 0.03
29.7808 	EXP 	debrief_text: height = 0.03
29.7808 	EXP 	debrief_text: text = 'Some debriefing text.'
29.7808 	EXP 	debrief_text: autoDraw = True
30.3038 	DATA 	Keypress: space
30.3171 	EXP 	debrief_text: autoDraw = False
30.3171 	EXP 	thanks_text: autoDraw = True
30.6868 	DATA 	Keypress: space
35.3182 	EXP 	thanks_text: autoDraw = False
35.3210 	EXP 	gradcptpy: status = STOPPED
35.3369 	INFO 	saved data to 'C:\\Users\\zhw\\Projects\\test\\gradcptpy\\data/432717_gradcptpy_2024-09-19_17h17.36.759.csv'
35.3403 	INFO 	saved data to C:\Users\zhw\Projects\test\gradcptpy\data/432717_gradcptpy_2024-09-19_17h17.36.759.psydat
35.4740 	EXP 	window1: mouseVisible = True
35.7544 	DEBUG 	Saving data for gradcptpy ExperimentHandler
