7.4981 	DEBUG 	Fullscreen settings ignored as running in pilot mode.
7.5009 	INFO 	Loaded monitor calibration from ['2024_09_13 09:37']
7.7511 	EXP 	Created window1 = Window(allowGUI=True, allowStencil=False, autoLog=True, backendConf=UNKNOWN, backgroundFit=<method-wrapper '__getattribute__' of attributeSetter object at 0x000002AFF71FAFE0>, backgroundImage=<method-wrapper '__getattribute__' of attributeSetter object at 0x000002AFF71FB040>, bitsMode=UNKNOWN, blendMode='avg', bpc=(8, 8, 8), color=array([0, 0, 0]), colorSpace='rgb', depthBits=8, fullscr=<method-wrapper '__getattribute__' of attributeSetter object at 0x000002AFF71F8BE0>, gamma=None, gammaErrorPolicy='raise', infoMsg=UNKNOWN, lms=UNKNOWN, monitor=<psychopy.monitors.calibTools.Monitor object at 0x000002AF81166080>, multiSample=False, name='window1', numSamples=2, pos=[560.0, 240.0], screen=0, size=array([800, 600]), stencilBits=0, stereo=False, title='PsychoPy', units='height', useFBO=True, useRetina=False, viewOri=0.0, viewPos=None, viewScale=None, waitBlanking=True, winType='pyglet')
7.7512 	EXP 	window1: backgroundImage = ''
7.7512 	EXP 	window1: backgroundFit = 'none'
7.7514 	EXP 	window1: mouseVisible = <method-wrapper '__getattribute__' of attributeSetter object at 0x000002AFF71F8250>
7.7516 	EXP 	window1: mouseVisible = <method-wrapper '__getattribute__' of attributeSetter object at 0x000002AFF71F8250>
7.7560 	EXP 	window1: mouseVisible = <method-wrapper '__getattribute__' of attributeSetter object at 0x000002AFF71F8250>
7.7569 	EXP 	window1: mouseVisible = <method-wrapper '__getattribute__' of attributeSetter object at 0x000002AFF71F8250>
7.7644 	DEBUG 	TextBox2 loaded 1 chars with 0 blanks and 1 valid
7.7656 	DEBUG 	TextBox2 loaded 1 chars with 0 blanks and 1 valid
7.7666 	DEBUG 	TextBox2 loaded 1 chars with 0 blanks and 1 valid
7.7679 	DEBUG 	TextBox2 loaded 1 chars with 0 blanks and 1 valid
7.7691 	DEBUG 	TextBox2 loaded 1 chars with 0 blanks and 1 valid
7.7697 	DEBUG 	TextBox2 loaded 1 chars with 0 blanks and 1 valid
7.7708 	DEBUG 	TextBox2 loaded 1 chars with 0 blanks and 1 valid
7.7722 	DEBUG 	TextBox2 loaded 1 chars with 0 blanks and 1 valid
7.7727 	DEBUG 	TextBox2 loaded 1 chars with 0 blanks and 1 valid
7.7732 	DEBUG 	TextBox2 loaded 1 chars with 0 blanks and 1 valid
7.7743 	DEBUG 	TextBox2 loaded 1 chars with 0 blanks and 1 valid
7.7753 	DEBUG 	TextBox2 loaded 1 chars with 0 blanks and 1 valid
7.7762 	DEBUG 	TextBox2 loaded 1 chars with 0 blanks and 1 valid
7.7772 	DEBUG 	TextBox2 loaded 1 chars with 0 blanks and 1 valid
7.7780 	DEBUG 	TextBox2 loaded 1 chars with 0 blanks and 1 valid
7.7791 	DEBUG 	TextBox2 loaded 1 chars with 0 blanks and 1 valid
7.7804 	DEBUG 	TextBox2 loaded 1 chars with 0 blanks and 1 valid
7.7813 	DEBUG 	TextBox2 loaded 1 chars with 0 blanks and 1 valid
7.7820 	DEBUG 	TextBox2 loaded 1 chars with 0 blanks and 1 valid
7.7833 	DEBUG 	TextBox2 loaded 1 chars with 0 blanks and 1 valid
7.7840 	DEBUG 	TextBox2 loaded 1 chars with 0 blanks and 1 valid
7.7845 	DEBUG 	Uploading Texture Font fontname to graphics card
7.7860 	DEBUG 	Upload of Texture Font fontname complete
7.7884 	EXP 	window1: mouseVisible = <method-wrapper '__getattribute__' of attributeSetter object at 0x000002AFF71F8250>
7.7885 	EXP 	window1: mouseVisible = <method-wrapper '__getattribute__' of attributeSetter object at 0x000002AFF71F8250>
7.7895 	EXP 	window1: mouseVisible = <method-wrapper '__getattribute__' of attributeSetter object at 0x000002AFF71F8250>
7.7904 	EXP 	window1: mouseVisible = <method-wrapper '__getattribute__' of attributeSetter object at 0x000002AFF71F8250>
7.7972 	DEBUG 	TextBox2 loaded 1 chars with 0 blanks and 1 valid
7.7988 	DEBUG 	TextBox2 loaded 1 chars with 0 blanks and 1 valid
7.8000 	DEBUG 	TextBox2 loaded 1 chars with 0 blanks and 1 valid
7.8005 	DEBUG 	Uploading Texture Font fontname to graphics card
7.8011 	DEBUG 	Upload of Texture Font fontname complete
7.8042 	EXP 	window1: Attempting to measure frame rate of screen (0) ...
7.8042 	EXP 	window1: recordFrameIntervals = False
7.9820 	EXP 	window1: recordFrameIntervals = True
8.1657 	EXP 	Screen (0) actual frame rate measured at 59.94Hz
8.1657 	EXP 	window1: recordFrameIntervals = False
8.1659 	EXP 	window1: mouseVisible = False
8.1663 	EXP 	window1: mouseVisible = False
8.1664 	EXP 	window1: mouseVisible = False
8.1674 	EXP 	window1: mouseVisible = False
8.1683 	EXP 	window1: mouseVisible = False
8.1746 	DEBUG 	TextBox2 loaded 1 chars with 0 blanks and 1 valid
8.1753 	DEBUG 	TextBox2 loaded 1 chars with 0 blanks and 1 valid
8.1765 	DEBUG 	TextBox2 loaded 1 chars with 0 blanks and 1 valid
8.1779 	DEBUG 	TextBox2 loaded 1 chars with 0 blanks and 1 valid
8.1791 	DEBUG 	TextBox2 loaded 1 chars with 0 blanks and 1 valid
8.1806 	DEBUG 	TextBox2 loaded 1 chars with 0 blanks and 1 valid
8.1815 	DEBUG 	TextBox2 loaded 1 chars with 0 blanks and 1 valid
8.1828 	DEBUG 	TextBox2 loaded 1 chars with 0 blanks and 1 valid
8.1842 	DEBUG 	TextBox2 loaded 1 chars with 0 blanks and 1 valid
8.1854 	DEBUG 	TextBox2 loaded 1 chars with 0 blanks and 1 valid
8.1859 	DEBUG 	Uploading Texture Font fontname to graphics card
8.1870 	DEBUG 	Upload of Texture Font fontname complete
8.1894 	EXP 	window1: mouseVisible = False
8.1895 	EXP 	window1: mouseVisible = False
8.1905 	EXP 	window1: mouseVisible = False
8.1914 	EXP 	window1: mouseVisible = False
8.2182 	WARNING 	launchHubServer: If using the iohub mouse or eyetracker devices, fullScr should be True.
11.2669 	INFO 	keyboard.Keyboard is using iohub backend.
11.2670 	INFO 	keyboard.Keyboard is using iohub backend.
11.2670 	INFO 	keyboard.Keyboard is using iohub backend.
11.2671 	INFO 	keyboard.Keyboard is using iohub backend.
11.2672 	INFO 	keyboard.Keyboard is using iohub backend.
11.2673 	INFO 	keyboard.Keyboard is using iohub backend.
11.2673 	INFO 	keyboard.Keyboard is using iohub backend.
11.2674 	EXP 	gradcptpy: status = STARTED
11.3459 	EXP 	window1: mouseVisible = False
11.4471 	EXP 	Created frame_rate_prompt = TextStim(__class__=<class 'psychopy.visual.text.TextStim'>, alignHoriz=method-wrapper(...), alignText='center', alignVert=method-wrapper(...), anchorHoriz='center', anchorVert='center', antialias=True, autoDraw=False, autoLog=True, bold=False, color=array([-1., -1., -1.]), colorSpace='rgb', contrast=1.0, depth=-2.0, draggable=False, flipHoriz=False, flipVert=False, font='Open Sans', fontFiles=[], height=0.05, italic=False, languageStyle='LTR', name='frame_rate_prompt', opacity=1, ori=0.0, pos=array([0., 0.]), rgb=UNKNOWN, text='Trying to estimate frame rate....', units='height', win=Window(...), wrapWidth=1)
11.4472 	EXP 	window1: mouseVisible = False
11.4677 	EXP 	Created welcome_text = TextStim(__class__=<class 'psychopy.visual.text.TextStim'>, alignHoriz=method-wrapper(...), alignText='center', alignVert=method-wrapper(...), anchorHoriz='center', anchorVert='center', antialias=True, autoDraw=False, autoLog=True, bold=False, color=array([-1., -1., -1.]), colorSpace='rgb', contrast=1.0, depth=-1.0, draggable=False, flipHoriz=False, flipVert=False, font='Open Sans', fontFiles=[], height=0.05, italic=False, languageStyle='LTR', name='welcome_text', opacity=1, ori=0.0, pos=array([0., 0.]), rgb=UNKNOWN, text=str(...), units='height', win=Window(...), wrapWidth=1)
11.4678 	EXP 	window1: mouseVisible = False
11.4692 	EXP 	Created gradcpt_prep_text = TextStim(__class__=<class 'psychopy.visual.text.TextStim'>, alignHoriz=method-wrapper(...), alignText='center', alignVert=method-wrapper(...), anchorHoriz='center', anchorVert='center', antialias=True, autoDraw=False, autoLog=True, bold=False, color=array([-1., -1., -1.]), colorSpace='rgb', contrast=1.0, depth=-1.0, draggable=False, flipHoriz=False, flipVert=False, font='Open Sans', fontFiles=[], height=0.03, italic=False, languageStyle='LTR', name='gradcpt_prep_text', opacity=1, ori=0.0, pos=array([0., 0.]), rgb=UNKNOWN, text='', units='height', win=Window(...), wrapWidth=1)
11.4693 	EXP 	window1: mouseVisible = False
11.4702 	EXP 	Created black_start_text = TextStim(__class__=<class 'psychopy.visual.text.TextStim'>, alignHoriz=method-wrapper(...), alignText='center', alignVert=method-wrapper(...), anchorHoriz='center', anchorVert='center', antialias=True, autoDraw=False, autoLog=True, bold=False, color=array([-1., -1., -1.]), colorSpace='rgb', contrast=1.0, depth=-1.0, draggable=False, flipHoriz=False, flipVert=False, font='Open Sans', fontFiles=[], height=0.03, italic=False, languageStyle='LTR', name='black_start_text', opacity=1, ori=0.0, pos=array([0., 0.]), rgb=UNKNOWN, text='', units='height', win=Window(...), wrapWidth=1)
11.4703 	EXP 	window1: mouseVisible = False
11.4757 	EXP 	Created gradcpt_image = ImageStim(__class__=<class 'psychopy.visual.image.ImageStim'>, anchor=('center', 'center'), autoLog=True, color=array([1., 1., 1.]), colorSpace='rgb', contrast=1.0, depth=-1.0, draggable=False, flipHoriz=False, flipVert=False, image='default.png', interpolate=True, mask=None, maskParams=None, name='gradcpt_image', opacity=1, ori=0.0, pos=array([0., 0.]), size=array([0.5, 0.5]), texRes=128.0, units='height', win=Window(...))
11.4758 	EXP 	window1: mouseVisible = False
11.4770 	EXP 	Created es_text_component_gradcpt = TextStim(__class__=<class 'psychopy.visual.text.TextStim'>, alignHoriz=method-wrapper(...), alignText='center', alignVert=method-wrapper(...), anchorHoriz='center', anchorVert='center', antialias=True, autoDraw=False, autoLog=True, bold=False, color=array([-1., -1., -1.]), colorSpace='rgb', contrast=1.0, depth=-1.0, draggable=False, flipHoriz=False, flipVert=False, font='Open Sans', fontFiles=[], height=0.05, italic=False, languageStyle='LTR', name='es_text_component_gradcpt', opacity=1, ori=0.0, pos=array([0. , 0.2]), rgb=UNKNOWN, text='', units='height', win=Window(...), wrapWidth=1)
11.4991 	EXP 	window1: mouseVisible = False
11.5019 	EXP 	window1: mouseVisible = False
11.5069 	EXP 	window1: mouseVisible = False
11.5142 	EXP 	Created es_gradcpt_slider = Slider(__class__=<class 'psychopy.visual.slider.Slider'>, autoDraw=False, autoLog=True, borderColor=None, color=None, colorSpace='rgb', depth=-2, fillColor=None, flip=False, font='Open Sans', granularity=0.0, labelColor=None, labelHeight=0.05, labelWrapWidth=None, labels=None, lineColor=None, markerColor=None, name='es_gradcpt_slider', opacity=None, ori=0.0, pos=array([0., 0.]), readOnly=False, self=UNKNOWN, size=array([1. , 0.1]), startValue=None, style='rating', styleTweaks=[], ticks=array([0, 1]), units='height', win=Window(...))
11.5143 	EXP 	window1: mouseVisible = False
11.5153 	EXP 	Created low_anchor_gradcpt = TextStim(__class__=<class 'psychopy.visual.text.TextStim'>, alignHoriz=method-wrapper(...), alignText='center', alignVert=method-wrapper(...), anchorHoriz='center', anchorVert='center', antialias=True, autoDraw=False, autoLog=True, bold=False, color=array([-1., -1., -1.]), colorSpace='rgb', contrast=1.0, depth=-4.0, draggable=False, flipHoriz=False, flipVert=False, font='Open Sans', fontFiles=[], height=0.05, italic=False, languageStyle='LTR', name='low_anchor_gradcpt', opacity=1, ori=0.0, pos=array([-0.5 , -0.15]), rgb=UNKNOWN, text='', units='height', win=Window(...), wrapWidth=1)
11.5154 	EXP 	window1: mouseVisible = False
11.5163 	EXP 	Created high_anchor_gradcpt = TextStim(__class__=<class 'psychopy.visual.text.TextStim'>, alignHoriz=method-wrapper(...), alignText='center', alignVert=method-wrapper(...), anchorHoriz='center', anchorVert='center', antialias=True, autoDraw=False, autoLog=True, bold=False, color=array([-1., -1., -1.]), colorSpace='rgb', contrast=1.0, depth=-6.0, draggable=False, flipHoriz=False, flipVert=False, font='Open Sans', fontFiles=[], height=0.05, italic=False, languageStyle='LTR', name='high_anchor_gradcpt', opacity=1, ori=0.0, pos=array([ 0.5 , -0.15]), rgb=UNKNOWN, text='', units='height', win=Window(...), wrapWidth=1)
11.5165 	EXP 	window1: mouseVisible = False
11.5226 	EXP 	Created enter_advance_gradcpt = TextStim(__class__=<class 'psychopy.visual.text.TextStim'>, alignHoriz=method-wrapper(...), alignText='center', alignVert=method-wrapper(...), anchorHoriz='center', anchorVert='center', antialias=True, autoDraw=False, autoLog=True, bold=False, color=array([-1., -1., -1.]), colorSpace='rgb', contrast=1.0, depth=-7.0, draggable=False, flipHoriz=False, flipVert=False, font='Open Sans', fontFiles=[], height=0.05, italic=False, languageStyle='LTR', name='enter_advance_gradcpt', opacity=1, ori=0.0, pos=array([ 0. , -0.2]), rgb=UNKNOWN, text='Press "Enter" to advance.', units='height', win=Window(...), wrapWidth=1)
11.5227 	EXP 	window1: mouseVisible = False
11.5258 	EXP 	Created es_gradcpt_isi_text = TextStim(__class__=<class 'psychopy.visual.text.TextStim'>, alignHoriz=method-wrapper(...), alignText='center', alignVert=method-wrapper(...), anchorHoriz='center', anchorVert='center', antialias=True, autoDraw=False, autoLog=True, bold=False, color=array([-1., -1., -1.]), colorSpace='rgb', contrast=1.0, depth=0.0, draggable=False, flipHoriz=False, flipVert=False, font='Open Sans', fontFiles=[], height=0.05, italic=False, languageStyle='LTR', name='es_gradcpt_isi_text', opacity=1, ori=0.0, pos=array([0., 0.]), rgb=UNKNOWN, text='+', units='height', win=Window(...), wrapWidth=1)
11.5258 	EXP 	window1: mouseVisible = False
11.5270 	EXP 	Created prepare_text = TextStim(__class__=<class 'psychopy.visual.text.TextStim'>, alignHoriz=method-wrapper(...), alignText='center', alignVert=method-wrapper(...), anchorHoriz='center', anchorVert='center', antialias=True, autoDraw=False, autoLog=True, bold=False, color=array([-1., -1., -1.]), colorSpace='rgb', contrast=1.0, depth=-1.0, draggable=False, flipHoriz=False, flipVert=False, font='Arial', fontFiles=[], height=0.05, italic=False, languageStyle='LTR', name='prepare_text', opacity=1, ori=0.0, pos=array([0., 0.]), rgb=UNKNOWN, text='', units='height', win=Window(...), wrapWidth=1)
11.5271 	EXP 	window1: mouseVisible = False
11.5331 	EXP 	Created block_rest_text = TextStim(__class__=<class 'psychopy.visual.text.TextStim'>, alignHoriz=method-wrapper(...), alignText='center', alignVert=method-wrapper(...), anchorHoriz='center', anchorVert='center', antialias=True, autoDraw=False, autoLog=True, bold=False, color=array([-1., -1., -1.]), colorSpace='rgb', contrast=1.0, depth=-1.0, draggable=False, flipHoriz=False, flipVert=False, font='Open Sans', fontFiles=[], height=0.05, italic=False, languageStyle='LTR', name='block_rest_text', opacity=1, ori=0.0, pos=array([0., 0.]), rgb=UNKNOWN, text=str(...), units='height', win=Window(...), wrapWidth=1)
11.5332 	EXP 	window1: mouseVisible = False
11.5347 	EXP 	Created prepare_block_text = TextStim(__class__=<class 'psychopy.visual.text.TextStim'>, alignHoriz=method-wrapper(...), alignText='center', alignVert=method-wrapper(...), anchorHoriz='center', anchorVert='center', antialias=True, autoDraw=False, autoLog=True, bold=False, color=array([-1., -1., -1.]), colorSpace='rgb', contrast=1.0, depth=-1.0, draggable=False, flipHoriz=False, flipVert=False, font='Arial', fontFiles=[], height=0.05, italic=False, languageStyle='LTR', name='prepare_block_text', opacity=1, ori=0.0, pos=array([0., 0.]), rgb=UNKNOWN, text='', units='height', win=Window(...), wrapWidth=1)
11.5348 	EXP 	window1: mouseVisible = False
11.5357 	EXP 	Created debrief_text = TextStim(__class__=<class 'psychopy.visual.text.TextStim'>, alignHoriz=method-wrapper(...), alignText='center', alignVert=method-wrapper(...), anchorHoriz='center', anchorVert='center', antialias=True, autoDraw=False, autoLog=True, bold=False, color=array([-1., -1., -1.]), colorSpace='rgb', contrast=1.0, depth=0.0, draggable=False, flipHoriz=False, flipVert=False, font='Open Sans', fontFiles=[], height=0.03, italic=False, languageStyle='LTR', name='debrief_text', opacity=1, ori=0.0, pos=array([0., 0.]), rgb=UNKNOWN, text='', units='height', win=Window(...), wrapWidth=1)
11.5358 	EXP 	window1: mouseVisible = False
11.5406 	EXP 	Created thanks_text = TextStim(__class__=<class 'psychopy.visual.text.TextStim'>, alignHoriz=method-wrapper(...), alignText='center', alignVert=method-wrapper(...), anchorHoriz='center', anchorVert='center', antialias=True, autoDraw=False, autoLog=True, bold=False, color=array([-1., -1., -1.]), colorSpace='rgb', contrast=1.0, depth=0.0, draggable=False, flipHoriz=False, flipVert=False, font='Open Sans', fontFiles=[], height=0.05, italic=False, languageStyle='LTR', name='thanks_text', opacity=1, ori=0.0, pos=array([0., 0.]), rgb=UNKNOWN, text='Thank you for your participation!', units='height', win=Window(...), wrapWidth=1)
0.0111 	EXP 	es_gradcpt_slider: autoLog = True
0.0111 	EXP 	es_gradcpt_slider: styleTweaks = []
0.0111 	EXP 	es_gradcpt_slider: styleTweaks = []
0.0111 	EXP 	es_gradcpt_slider: styleTweaks = []
0.0111 	EXP 	es_gradcpt_slider: styleTweaks = []
0.0111 	EXP 	es_gradcpt_slider: contrast = 1.0
0.0111 	EXP 	es_gradcpt_slider: markerPos = None
0.0111 	EXP 	es_gradcpt_slider: autoLog = True
0.0170 	EXP 	window1: mouseVisible = False
0.0312 	EXP 	frame_rate_prompt: autoDraw = True
5.0040 	EXP 	window1: mouseVisible = False
5.0173 	INFO 	Keyboard events cleared
5.0169 	EXP 	frame_rate_prompt: autoDraw = False
5.0169 	EXP 	welcome_text: autoDraw = True
7.5776 	DATA 	Keypress: space
7.5863 	INFO 	Keyboard events cleared
7.5859 	EXP 	welcome_text: autoDraw = False
7.5859 	EXP 	gradcpt_prep_text: height = 0.03
7.5859 	EXP 	gradcpt_prep_text: height = 0.03
7.5859 	EXP 	gradcpt_prep_text: height = 0.03
7.5859 	EXP 	gradcpt_prep_text: text = 'Now you will perform the attention task. A series of pictures will gradually be presented on the screen one after another. In this phase of the experiment, you will press the j key when you see a picture of a city scene, and you will press nothing when you see a picture of a mountain scene. It is important to respond as quickly and accurately as possible and to keep both hands on the keyboard at all times.\n\nWhen you answer thought probes during this phase, remember to again be as honest as possible. Whether you indicate that your attention was or was not on task will not affect your participation. \n\nPress the space bar to see the response mappings one more time before beginning.'
7.5859 	EXP 	gradcpt_prep_text: autoDraw = True
8.1582 	EXP 	New trial (rep=0, index=0): <Trial 0 (0 in rep 0) data={'thisN': 0, 'thisTrialN': 0, 'thisRepN': 0}>
8.1725 	DATA 	Keypress: space
8.1869 	INFO 	Keyboard events cleared
8.1865 	EXP 	gradcpt_prep_text: autoDraw = False
8.1865 	EXP 	black_start_text: height = 0.03
8.1865 	EXP 	black_start_text: height = 0.03
8.1865 	EXP 	black_start_text: height = 0.03
8.1865 	EXP 	black_start_text: text = 'Key for city scenes: j\n When you see a mountain scene, do not make a response.\n\nPress the space bar to begin.'
8.1865 	EXP 	black_start_text: autoDraw = True
9.3172 	DATA 	Keypress: space
9.3186 	EXP 	New trial (rep=0, index=0): <Trial 0 (0 in rep 0) data={'thisN': 0, 'thisTrialN': 0, 'thisRepN': 0}>
9.3187 	INFO 	keyboard.Keyboard is using iohub backend.
9.3382 	EXP 	black_start_text: autoDraw = False
9.3382 	EXP 	gradcpt_image: autoDraw = True
46.1272 	EXP 	New trial (rep=0, index=0): <Trial 0 (0 in rep 0) data={'thisN': 0, 'thisTrialN': 0, 'thisRepN': 0}>
46.1277 	EXP 	window1: mouseVisible = True
46.1604 	EXP 	gradcpt_image: autoDraw = False
46.1604 	EXP 	es_text_component_gradcpt: height = 0.05
46.1604 	EXP 	es_text_component_gradcpt: height = 0.05
46.1604 	EXP 	es_text_component_gradcpt: height = 0.05
46.1604 	EXP 	es_text_component_gradcpt: text = 'Where was your attention during the previous trial?'
46.1604 	EXP 	es_gradcpt_slider: markerPos = None
46.1604 	EXP 	es_gradcpt_slider: markerPos = None
46.1604 	EXP 	low_anchor_gradcpt: height = 0.05
46.1604 	EXP 	low_anchor_gradcpt: height = 0.05
46.1604 	EXP 	low_anchor_gradcpt: height = 0.05
46.1604 	EXP 	low_anchor_gradcpt: text = 'on-task'
46.1604 	EXP 	high_anchor_gradcpt: height = 0.05
46.1604 	EXP 	high_anchor_gradcpt: height = 0.05
46.1604 	EXP 	high_anchor_gradcpt: height = 0.05
46.1604 	EXP 	high_anchor_gradcpt: text = 'off-task'
46.1604 	EXP 	es_text_component_gradcpt: autoDraw = True
46.1604 	EXP 	es_gradcpt_slider: autoDraw = True
46.1604 	EXP 	low_anchor_gradcpt: autoDraw = True
46.1604 	EXP 	high_anchor_gradcpt: autoDraw = True
48.6680 	DATA 	Mouse: Left button down, pos=(414,294)
48.6803 	EXP 	es_gradcpt_slider: markerPos = 0.5233333333333333
48.6971 	EXP 	es_gradcpt_slider: markerPos = 0.5233333333333333
48.7137 	EXP 	es_gradcpt_slider: markerPos = 0.5233333333333333
48.7305 	EXP 	es_gradcpt_slider: markerPos = 0.5233333333333333
48.7351 	DATA 	Mouse:  Left button up, pos=(414,294)
48.7470 	EXP 	es_gradcpt_slider: markerPos = 0.5233333333333333
48.7643 	INFO 	Keyboard events cleared
48.7638 	EXP 	enter_advance_gradcpt: autoDraw = True
49.2021 	EXP 	window1: mouseVisible = False
49.2039 	DATA 	Keypress: return
49.2143 	EXP 	es_text_component_gradcpt: autoDraw = False
49.2143 	EXP 	es_gradcpt_slider: autoDraw = False
49.2143 	EXP 	low_anchor_gradcpt: autoDraw = False
49.2143 	EXP 	high_anchor_gradcpt: autoDraw = False
49.2143 	EXP 	enter_advance_gradcpt: autoDraw = False
49.2143 	EXP 	es_gradcpt_isi_text: autoDraw = True
49.7019 	EXP 	New trial (rep=1, index=0): <Trial 1 (0 in rep 1) data={'thisN': 1, 'thisTrialN': 0, 'thisRepN': 1}>
49.7023 	EXP 	window1: mouseVisible = True
49.7310 	EXP 	es_gradcpt_isi_text: autoDraw = False
49.7310 	EXP 	es_gradcpt_isi_text: autoDraw = False
49.7310 	EXP 	es_text_component_gradcpt: height = 0.05
49.7310 	EXP 	es_text_component_gradcpt: height = 0.05
49.7310 	EXP 	es_text_component_gradcpt: height = 0.05
49.7310 	EXP 	es_text_component_gradcpt: text = 'How intentional were your thoughts?'
49.7310 	EXP 	es_gradcpt_slider: markerPos = None
49.7310 	EXP 	es_gradcpt_slider: markerPos = None
49.7310 	EXP 	low_anchor_gradcpt: height = 0.05
49.7310 	EXP 	low_anchor_gradcpt: height = 0.05
49.7310 	EXP 	low_anchor_gradcpt: height = 0.05
49.7310 	EXP 	low_anchor_gradcpt: text = 'completely\nunintentional'
49.7310 	EXP 	high_anchor_gradcpt: height = 0.05
49.7310 	EXP 	high_anchor_gradcpt: height = 0.05
49.7310 	EXP 	high_anchor_gradcpt: height = 0.05
49.7310 	EXP 	high_anchor_gradcpt: text = 'completely\nintentional'
49.7310 	EXP 	es_text_component_gradcpt: autoDraw = True
49.7310 	EXP 	es_gradcpt_slider: autoDraw = True
49.7310 	EXP 	low_anchor_gradcpt: autoDraw = True
49.7310 	EXP 	high_anchor_gradcpt: autoDraw = True
50.1031 	DATA 	Mouse: Left button down, pos=(387,308)
50.1151 	EXP 	es_gradcpt_slider: markerPos = 0.47833333333333333
50.1319 	EXP 	es_gradcpt_slider: markerPos = 0.47833333333333333
50.1486 	EXP 	es_gradcpt_slider: markerPos = 0.47833333333333333
50.1530 	DATA 	Mouse:  Left button up, pos=(387,308)
50.1652 	EXP 	es_gradcpt_slider: markerPos = 0.47833333333333333
50.1822 	INFO 	Keyboard events cleared
50.1819 	EXP 	enter_advance_gradcpt: autoDraw = True
50.2197 	EXP 	window1: mouseVisible = False
50.2207 	DATA 	Keypress: return
50.2320 	EXP 	es_text_component_gradcpt: autoDraw = False
50.2320 	EXP 	es_gradcpt_slider: autoDraw = False
50.2320 	EXP 	low_anchor_gradcpt: autoDraw = False
50.2320 	EXP 	high_anchor_gradcpt: autoDraw = False
50.2320 	EXP 	enter_advance_gradcpt: autoDraw = False
50.2320 	EXP 	es_gradcpt_isi_text: autoDraw = True
50.7203 	EXP 	New trial (rep=2, index=0): <Trial 2 (0 in rep 2) data={'thisN': 2, 'thisTrialN': 0, 'thisRepN': 2}>
50.7207 	EXP 	window1: mouseVisible = True
50.7486 	EXP 	es_gradcpt_isi_text: autoDraw = False
50.7486 	EXP 	es_gradcpt_isi_text: autoDraw = False
50.7486 	EXP 	es_text_component_gradcpt: height = 0.05
50.7486 	EXP 	es_text_component_gradcpt: height = 0.05
50.7486 	EXP 	es_text_component_gradcpt: height = 0.05
50.7486 	EXP 	es_text_component_gradcpt: text = 'Were your thoughts freely moving?'
50.7486 	EXP 	es_gradcpt_slider: markerPos = None
50.7486 	EXP 	es_gradcpt_slider: markerPos = None
50.7486 	EXP 	low_anchor_gradcpt: height = 0.05
50.7486 	EXP 	low_anchor_gradcpt: height = 0.05
50.7486 	EXP 	low_anchor_gradcpt: height = 0.05
50.7486 	EXP 	low_anchor_gradcpt: text = 'unmoving'
50.7486 	EXP 	high_anchor_gradcpt: height = 0.05
50.7486 	EXP 	high_anchor_gradcpt: height = 0.05
50.7486 	EXP 	high_anchor_gradcpt: height = 0.05
50.7486 	EXP 	high_anchor_gradcpt: text = 'moving freely'
50.7486 	EXP 	es_text_component_gradcpt: autoDraw = True
50.7486 	EXP 	es_gradcpt_slider: autoDraw = True
50.7486 	EXP 	low_anchor_gradcpt: autoDraw = True
50.7486 	EXP 	high_anchor_gradcpt: autoDraw = True
51.4716 	DATA 	Mouse: Left button down, pos=(426,308)
51.4832 	EXP 	es_gradcpt_slider: markerPos = 0.5433333333333333
51.4999 	EXP 	es_gradcpt_slider: markerPos = 0.5433333333333333
51.5166 	EXP 	es_gradcpt_slider: markerPos = 0.5433333333333333
51.5210 	DATA 	Mouse:  Left button up, pos=(426,308)
51.5332 	EXP 	es_gradcpt_slider: markerPos = 0.5433333333333333
51.5504 	INFO 	Keyboard events cleared
51.5500 	EXP 	enter_advance_gradcpt: autoDraw = True
51.5551 	EXP 	window1: mouseVisible = False
51.5560 	DATA 	Keypress: return
51.5668 	EXP 	es_text_component_gradcpt: autoDraw = False
51.5668 	EXP 	es_gradcpt_slider: autoDraw = False
51.5668 	EXP 	low_anchor_gradcpt: autoDraw = False
51.5668 	EXP 	high_anchor_gradcpt: autoDraw = False
51.5668 	EXP 	enter_advance_gradcpt: autoDraw = False
51.5668 	EXP 	es_gradcpt_isi_text: autoDraw = True
52.0542 	EXP 	New trial (rep=3, index=0): <Trial 3 (0 in rep 3) data={'thisN': 3, 'thisTrialN': 0, 'thisRepN': 3}>
52.0545 	EXP 	window1: mouseVisible = True
52.0834 	EXP 	es_gradcpt_isi_text: autoDraw = False
52.0834 	EXP 	es_gradcpt_isi_text: autoDraw = False
52.0834 	EXP 	es_text_component_gradcpt: height = 0.05
52.0834 	EXP 	es_text_component_gradcpt: height = 0.05
52.0834 	EXP 	es_text_component_gradcpt: height = 0.05
52.0834 	EXP 	es_text_component_gradcpt: text = 'How difficult was it to disengage from your thoughts?'
52.0834 	EXP 	es_gradcpt_slider: markerPos = None
52.0834 	EXP 	es_gradcpt_slider: markerPos = None
52.0834 	EXP 	low_anchor_gradcpt: height = 0.05
52.0834 	EXP 	low_anchor_gradcpt: height = 0.05
52.0834 	EXP 	low_anchor_gradcpt: height = 0.05
52.0834 	EXP 	low_anchor_gradcpt: text = 'extremely\neasy'
52.0834 	EXP 	high_anchor_gradcpt: height = 0.05
52.0834 	EXP 	high_anchor_gradcpt: height = 0.05
52.0834 	EXP 	high_anchor_gradcpt: height = 0.05
52.0834 	EXP 	high_anchor_gradcpt: text = 'extremely\ndifficult'
52.0834 	EXP 	es_text_component_gradcpt: autoDraw = True
52.0834 	EXP 	es_gradcpt_slider: autoDraw = True
52.0834 	EXP 	low_anchor_gradcpt: autoDraw = True
52.0834 	EXP 	high_anchor_gradcpt: autoDraw = True
52.6561 	DATA 	Mouse: Left button down, pos=(431,298)
52.6679 	EXP 	es_gradcpt_slider: markerPos = 0.5516666666666666
52.6847 	EXP 	es_gradcpt_slider: markerPos = 0.5516666666666666
52.7012 	EXP 	es_gradcpt_slider: markerPos = 0.5516666666666666
52.7179 	EXP 	es_gradcpt_slider: markerPos = 0.5516666666666666
52.7225 	DATA 	Mouse:  Left button up, pos=(431,298)
52.7346 	EXP 	es_gradcpt_slider: markerPos = 0.5516666666666666
52.7519 	INFO 	Keyboard events cleared
52.7514 	EXP 	enter_advance_gradcpt: autoDraw = True
52.7563 	DATA 	Keypress: return
52.8059 	EXP 	window1: mouseVisible = False
52.8180 	EXP 	es_text_component_gradcpt: autoDraw = False
52.8180 	EXP 	es_gradcpt_slider: autoDraw = False
52.8180 	EXP 	low_anchor_gradcpt: autoDraw = False
52.8180 	EXP 	high_anchor_gradcpt: autoDraw = False
52.8180 	EXP 	enter_advance_gradcpt: autoDraw = False
52.8180 	EXP 	es_gradcpt_isi_text: autoDraw = True
53.3059 	EXP 	New trial (rep=4, index=0): <Trial 4 (0 in rep 4) data={'thisN': 4, 'thisTrialN': 0, 'thisRepN': 4}>
53.3062 	EXP 	window1: mouseVisible = True
53.3347 	EXP 	es_gradcpt_isi_text: autoDraw = False
53.3347 	EXP 	es_gradcpt_isi_text: autoDraw = False
53.3347 	EXP 	es_text_component_gradcpt: height = 0.05
53.3347 	EXP 	es_text_component_gradcpt: height = 0.05
53.3347 	EXP 	es_text_component_gradcpt: height = 0.05
53.3347 	EXP 	es_text_component_gradcpt: text = 'How positive or negative were you feeling?'
53.3347 	EXP 	es_gradcpt_slider: markerPos = None
53.3347 	EXP 	es_gradcpt_slider: markerPos = None
53.3347 	EXP 	low_anchor_gradcpt: height = 0.05
53.3347 	EXP 	low_anchor_gradcpt: height = 0.05
53.3347 	EXP 	low_anchor_gradcpt: height = 0.05
53.3347 	EXP 	low_anchor_gradcpt: text = 'completely\nnegative'
53.3347 	EXP 	high_anchor_gradcpt: height = 0.05
53.3347 	EXP 	high_anchor_gradcpt: height = 0.05
53.3347 	EXP 	high_anchor_gradcpt: height = 0.05
53.3347 	EXP 	high_anchor_gradcpt: text = 'completely\npositive'
53.3347 	EXP 	es_text_component_gradcpt: autoDraw = True
53.3347 	EXP 	es_gradcpt_slider: autoDraw = True
53.3347 	EXP 	low_anchor_gradcpt: autoDraw = True
53.3347 	EXP 	high_anchor_gradcpt: autoDraw = True
53.7903 	DATA 	Mouse: Left button down, pos=(277,320)
53.8025 	EXP 	es_gradcpt_slider: markerPos = 0.29500000000000004
53.8191 	EXP 	es_gradcpt_slider: markerPos = 0.29500000000000004
53.8358 	EXP 	es_gradcpt_slider: markerPos = 0.29500000000000004
53.8403 	DATA 	Mouse:  Left button up, pos=(277,320)
53.8525 	EXP 	es_gradcpt_slider: markerPos = 0.29500000000000004
53.8581 	DATA 	Keypress: return
53.8696 	INFO 	Keyboard events cleared
53.8692 	EXP 	enter_advance_gradcpt: autoDraw = True
54.2409 	EXP 	window1: mouseVisible = False
54.2419 	DATA 	Keypress: return
54.2529 	EXP 	es_text_component_gradcpt: autoDraw = False
54.2529 	EXP 	es_gradcpt_slider: autoDraw = False
54.2529 	EXP 	low_anchor_gradcpt: autoDraw = False
54.2529 	EXP 	high_anchor_gradcpt: autoDraw = False
54.2529 	EXP 	enter_advance_gradcpt: autoDraw = False
54.2529 	EXP 	es_gradcpt_isi_text: autoDraw = True
54.7408 	EXP 	New trial (rep=5, index=0): <Trial 5 (0 in rep 5) data={'thisN': 5, 'thisTrialN': 0, 'thisRepN': 5}>
54.7412 	EXP 	window1: mouseVisible = True
54.7696 	EXP 	es_gradcpt_isi_text: autoDraw = False
54.7696 	EXP 	es_gradcpt_isi_text: autoDraw = False
54.7696 	EXP 	es_text_component_gradcpt: height = 0.05
54.7696 	EXP 	es_text_component_gradcpt: height = 0.05
54.7696 	EXP 	es_text_component_gradcpt: height = 0.05
54.7696 	EXP 	es_text_component_gradcpt: text = 'How confident are you about your ratings for this trial?'
54.7696 	EXP 	es_gradcpt_slider: markerPos = None
54.7696 	EXP 	es_gradcpt_slider: markerPos = None
54.7696 	EXP 	low_anchor_gradcpt: height = 0.05
54.7696 	EXP 	low_anchor_gradcpt: height = 0.05
54.7696 	EXP 	low_anchor_gradcpt: height = 0.05
54.7696 	EXP 	low_anchor_gradcpt: text = 'completely\nunconfident'
54.7696 	EXP 	high_anchor_gradcpt: height = 0.05
54.7696 	EXP 	high_anchor_gradcpt: height = 0.05
54.7696 	EXP 	high_anchor_gradcpt: height = 0.05
54.7696 	EXP 	high_anchor_gradcpt: text = 'completely\nconfident'
54.7696 	EXP 	es_text_component_gradcpt: autoDraw = True
54.7696 	EXP 	es_gradcpt_slider: autoDraw = True
54.7696 	EXP 	low_anchor_gradcpt: autoDraw = True
54.7696 	EXP 	high_anchor_gradcpt: autoDraw = True
55.2255 	DATA 	Mouse: Left button down, pos=(496,300)
55.2373 	EXP 	es_gradcpt_slider: markerPos = 0.66
55.2541 	EXP 	es_gradcpt_slider: markerPos = 0.66
55.2709 	EXP 	es_gradcpt_slider: markerPos = 0.66
55.2753 	DATA 	Mouse:  Left button up, pos=(496,300)
55.2873 	EXP 	es_gradcpt_slider: markerPos = 0.66
55.3055 	INFO 	Keyboard events cleared
55.3050 	EXP 	enter_advance_gradcpt: autoDraw = True
55.3123 	DATA 	Keypress: return
55.3259 	EXP 	window1: mouseVisible = False
55.3377 	EXP 	es_text_component_gradcpt: autoDraw = False
55.3377 	EXP 	es_gradcpt_slider: autoDraw = False
55.3377 	EXP 	low_anchor_gradcpt: autoDraw = False
55.3377 	EXP 	high_anchor_gradcpt: autoDraw = False
55.3377 	EXP 	enter_advance_gradcpt: autoDraw = False
55.3377 	EXP 	es_gradcpt_isi_text: autoDraw = True
55.8540 	EXP 	es_gradcpt_isi_text: autoDraw = False
55.8540 	EXP 	es_gradcpt_isi_text: autoDraw = False
55.8540 	EXP 	prepare_text: autoDraw = True
60.8301 	EXP 	New trial (rep=1, index=0): <Trial 1 (0 in rep 1) data={'thisN': 1, 'thisTrialN': 0, 'thisRepN': 1}>
60.8437 	EXP 	prepare_text: autoDraw = False
60.8437 	EXP 	gradcpt_image: autoDraw = True
86.9995 	EXP 	New trial (rep=0, index=0): <Trial 0 (0 in rep 0) data={'thisN': 0, 'thisTrialN': 0, 'thisRepN': 0}>
86.9997 	EXP 	window1: mouseVisible = True
87.0211 	EXP 	gradcpt_image: autoDraw = False
87.0211 	EXP 	es_text_component_gradcpt: height = 0.05
87.0211 	EXP 	es_text_component_gradcpt: height = 0.05
87.0211 	EXP 	es_text_component_gradcpt: height = 0.05
87.0211 	EXP 	es_text_component_gradcpt: text = 'How intentional were your thoughts?'
87.0211 	EXP 	es_gradcpt_slider: markerPos = None
87.0211 	EXP 	es_gradcpt_slider: markerPos = None
87.0211 	EXP 	low_anchor_gradcpt: height = 0.05
87.0211 	EXP 	low_anchor_gradcpt: height = 0.05
87.0211 	EXP 	low_anchor_gradcpt: height = 0.05
87.0211 	EXP 	low_anchor_gradcpt: text = 'completely\nunintentional'
87.0211 	EXP 	high_anchor_gradcpt: height = 0.05
87.0211 	EXP 	high_anchor_gradcpt: height = 0.05
87.0211 	EXP 	high_anchor_gradcpt: height = 0.05
87.0211 	EXP 	high_anchor_gradcpt: text = 'completely\nintentional'
87.0211 	EXP 	es_text_component_gradcpt: autoDraw = True
87.0211 	EXP 	es_gradcpt_slider: autoDraw = True
87.0211 	EXP 	low_anchor_gradcpt: autoDraw = True
87.0211 	EXP 	high_anchor_gradcpt: autoDraw = True
105.0980 	DATA 	Mouse: Left button down, pos=(441,308)
105.1080 	EXP 	es_gradcpt_slider: markerPos = 0.5683333333333334
105.1264 	EXP 	es_gradcpt_slider: markerPos = 0.5683333333333334
105.1348 	DATA 	Mouse:  Left button up, pos=(441,308)
105.1415 	EXP 	es_gradcpt_slider: markerPos = 0.5683333333333334
105.1598 	EXP 	es_gradcpt_slider: markerPos = 0.5683333333333334
105.1758 	INFO 	Keyboard events cleared
105.1754 	EXP 	enter_advance_gradcpt: autoDraw = True
105.3961 	EXP 	window1: mouseVisible = False
105.3972 	DATA 	Keypress: return
105.4076 	EXP 	es_text_component_gradcpt: autoDraw = False
105.4076 	EXP 	es_gradcpt_slider: autoDraw = False
105.4076 	EXP 	low_anchor_gradcpt: autoDraw = False
105.4076 	EXP 	high_anchor_gradcpt: autoDraw = False
105.4076 	EXP 	enter_advance_gradcpt: autoDraw = False
105.4076 	EXP 	es_gradcpt_isi_text: autoDraw = True
105.8973 	EXP 	New trial (rep=1, index=0): <Trial 1 (0 in rep 1) data={'thisN': 1, 'thisTrialN': 0, 'thisRepN': 1}>
105.8977 	EXP 	window1: mouseVisible = True
105.9257 	EXP 	es_gradcpt_isi_text: autoDraw = False
105.9257 	EXP 	es_gradcpt_isi_text: autoDraw = False
105.9257 	EXP 	es_text_component_gradcpt: height = 0.05
105.9257 	EXP 	es_text_component_gradcpt: height = 0.05
105.9257 	EXP 	es_text_component_gradcpt: height = 0.05
105.9257 	EXP 	es_text_component_gradcpt: text = 'How difficult was it to disengage from your thoughts?'
105.9257 	EXP 	es_gradcpt_slider: markerPos = None
105.9257 	EXP 	es_gradcpt_slider: markerPos = None
105.9257 	EXP 	low_anchor_gradcpt: height = 0.05
105.9257 	EXP 	low_anchor_gradcpt: height = 0.05
105.9257 	EXP 	low_anchor_gradcpt: height = 0.05
105.9257 	EXP 	low_anchor_gradcpt: text = 'extremely\neasy'
105.9257 	EXP 	high_anchor_gradcpt: height = 0.05
105.9257 	EXP 	high_anchor_gradcpt: height = 0.05
105.9257 	EXP 	high_anchor_gradcpt: height = 0.05
105.9257 	EXP 	high_anchor_gradcpt: text = 'extremely\ndifficult'
105.9257 	EXP 	es_text_component_gradcpt: autoDraw = True
105.9257 	EXP 	es_gradcpt_slider: autoDraw = True
105.9257 	EXP 	low_anchor_gradcpt: autoDraw = True
105.9257 	EXP 	high_anchor_gradcpt: autoDraw = True
107.9671 	DATA 	Mouse: Left button down, pos=(358,300)
107.9771 	EXP 	es_gradcpt_slider: markerPos = 0.43
107.9952 	EXP 	es_gradcpt_slider: markerPos = 0.43
108.0105 	EXP 	es_gradcpt_slider: markerPos = 0.43
108.0284 	EXP 	es_gradcpt_slider: markerPos = 0.43
108.0329 	DATA 	Mouse:  Left button up, pos=(358,300)
108.0438 	EXP 	es_gradcpt_slider: markerPos = 0.43
108.0623 	INFO 	Keyboard events cleared
108.0619 	EXP 	enter_advance_gradcpt: autoDraw = True
108.1992 	EXP 	window1: mouseVisible = False
108.2003 	DATA 	Keypress: return
108.2121 	EXP 	es_text_component_gradcpt: autoDraw = False
108.2121 	EXP 	es_gradcpt_slider: autoDraw = False
108.2121 	EXP 	low_anchor_gradcpt: autoDraw = False
108.2121 	EXP 	high_anchor_gradcpt: autoDraw = False
108.2121 	EXP 	enter_advance_gradcpt: autoDraw = False
108.2121 	EXP 	es_gradcpt_isi_text: autoDraw = True
108.6994 	EXP 	New trial (rep=2, index=0): <Trial 2 (0 in rep 2) data={'thisN': 2, 'thisTrialN': 0, 'thisRepN': 2}>
108.6998 	EXP 	window1: mouseVisible = True
108.7279 	EXP 	es_gradcpt_isi_text: autoDraw = False
108.7279 	EXP 	es_gradcpt_isi_text: autoDraw = False
108.7279 	EXP 	es_text_component_gradcpt: height = 0.05
108.7279 	EXP 	es_text_component_gradcpt: height = 0.05
108.7279 	EXP 	es_text_component_gradcpt: height = 0.05
108.7279 	EXP 	es_text_component_gradcpt: text = 'How positive or negative were you feeling?'
108.7279 	EXP 	es_gradcpt_slider: markerPos = None
108.7279 	EXP 	es_gradcpt_slider: markerPos = None
108.7279 	EXP 	low_anchor_gradcpt: height = 0.05
108.7279 	EXP 	low_anchor_gradcpt: height = 0.05
108.7279 	EXP 	low_anchor_gradcpt: height = 0.05
108.7279 	EXP 	low_anchor_gradcpt: text = 'completely\nnegative'
108.7279 	EXP 	high_anchor_gradcpt: height = 0.05
108.7279 	EXP 	high_anchor_gradcpt: height = 0.05
108.7279 	EXP 	high_anchor_gradcpt: height = 0.05
108.7279 	EXP 	high_anchor_gradcpt: text = 'completely\npositive'
108.7279 	EXP 	es_text_component_gradcpt: autoDraw = True
108.7279 	EXP 	es_gradcpt_slider: autoDraw = True
108.7279 	EXP 	low_anchor_gradcpt: autoDraw = True
108.7279 	EXP 	high_anchor_gradcpt: autoDraw = True
110.6201 	DATA 	Mouse: Left button down, pos=(507,286)
110.6464 	EXP 	es_gradcpt_slider: markerPos = 0.6783333333333333
110.6633 	EXP 	es_gradcpt_slider: markerPos = 0.6783333333333333
110.6799 	EXP 	es_gradcpt_slider: markerPos = 0.6783333333333333
110.6849 	DATA 	Mouse:  Left button up, pos=(507,288)
110.6987 	EXP 	es_gradcpt_slider: markerPos = 0.6783333333333333
110.7154 	INFO 	Keyboard events cleared
110.7150 	EXP 	enter_advance_gradcpt: autoDraw = True
110.8188 	EXP 	window1: mouseVisible = False
110.8199 	DATA 	Keypress: return
110.8316 	EXP 	es_text_component_gradcpt: autoDraw = False
110.8316 	EXP 	es_gradcpt_slider: autoDraw = False
110.8316 	EXP 	low_anchor_gradcpt: autoDraw = False
110.8316 	EXP 	high_anchor_gradcpt: autoDraw = False
110.8316 	EXP 	enter_advance_gradcpt: autoDraw = False
110.8316 	EXP 	es_gradcpt_isi_text: autoDraw = True
111.3196 	EXP 	New trial (rep=3, index=0): <Trial 3 (0 in rep 3) data={'thisN': 3, 'thisTrialN': 0, 'thisRepN': 3}>
111.3199 	EXP 	window1: mouseVisible = True
111.3479 	EXP 	es_gradcpt_isi_text: autoDraw = False
111.3479 	EXP 	es_gradcpt_isi_text: autoDraw = False
111.3479 	EXP 	es_text_component_gradcpt: height = 0.05
111.3479 	EXP 	es_text_component_gradcpt: height = 0.05
111.3479 	EXP 	es_text_component_gradcpt: height = 0.05
111.3479 	EXP 	es_text_component_gradcpt: text = 'Where was your attention during the previous trial?'
111.3479 	EXP 	es_gradcpt_slider: markerPos = None
111.3479 	EXP 	es_gradcpt_slider: markerPos = None
111.3479 	EXP 	low_anchor_gradcpt: height = 0.05
111.3479 	EXP 	low_anchor_gradcpt: height = 0.05
111.3479 	EXP 	low_anchor_gradcpt: height = 0.05
111.3479 	EXP 	low_anchor_gradcpt: text = 'on-task'
111.3479 	EXP 	high_anchor_gradcpt: height = 0.05
111.3479 	EXP 	high_anchor_gradcpt: height = 0.05
111.3479 	EXP 	high_anchor_gradcpt: height = 0.05
111.3479 	EXP 	high_anchor_gradcpt: text = 'off-task'
111.3479 	EXP 	es_text_component_gradcpt: autoDraw = True
111.3479 	EXP 	es_gradcpt_slider: autoDraw = True
111.3479 	EXP 	low_anchor_gradcpt: autoDraw = True
111.3479 	EXP 	high_anchor_gradcpt: autoDraw = True
112.1216 	DATA 	Mouse: Left button down, pos=(273,301)
112.1323 	EXP 	es_gradcpt_slider: markerPos = 0.28833333333333333
112.1480 	EXP 	es_gradcpt_slider: markerPos = 0.28833333333333333
112.1662 	EXP 	es_gradcpt_slider: markerPos = 0.28833333333333333
112.1705 	DATA 	Mouse:  Left button up, pos=(273,301)
112.1814 	EXP 	es_gradcpt_slider: markerPos = 0.28833333333333333
112.1986 	INFO 	Keyboard events cleared
112.1982 	EXP 	enter_advance_gradcpt: autoDraw = True
112.2558 	EXP 	window1: mouseVisible = False
112.2568 	DATA 	Keypress: return
112.2660 	EXP 	es_text_component_gradcpt: autoDraw = False
112.2660 	EXP 	es_gradcpt_slider: autoDraw = False
112.2660 	EXP 	low_anchor_gradcpt: autoDraw = False
112.2660 	EXP 	high_anchor_gradcpt: autoDraw = False
112.2660 	EXP 	enter_advance_gradcpt: autoDraw = False
112.2660 	EXP 	es_gradcpt_isi_text: autoDraw = True
112.7544 	EXP 	New trial (rep=4, index=0): <Trial 4 (0 in rep 4) data={'thisN': 4, 'thisTrialN': 0, 'thisRepN': 4}>
112.7548 	EXP 	window1: mouseVisible = True
112.7815 	EXP 	es_gradcpt_isi_text: autoDraw = False
112.7815 	EXP 	es_gradcpt_isi_text: autoDraw = False
112.7815 	EXP 	es_text_component_gradcpt: height = 0.05
112.7815 	EXP 	es_text_component_gradcpt: height = 0.05
112.7815 	EXP 	es_text_component_gradcpt: height = 0.05
112.7815 	EXP 	es_text_component_gradcpt: text = 'Were your thoughts freely moving?'
112.7815 	EXP 	es_gradcpt_slider: markerPos = None
112.7815 	EXP 	es_gradcpt_slider: markerPos = None
112.7815 	EXP 	low_anchor_gradcpt: height = 0.05
112.7815 	EXP 	low_anchor_gradcpt: height = 0.05
112.7815 	EXP 	low_anchor_gradcpt: height = 0.05
112.7815 	EXP 	low_anchor_gradcpt: text = 'unmoving'
112.7815 	EXP 	high_anchor_gradcpt: height = 0.05
112.7815 	EXP 	high_anchor_gradcpt: height = 0.05
112.7815 	EXP 	high_anchor_gradcpt: height = 0.05
112.7815 	EXP 	high_anchor_gradcpt: text = 'moving freely'
112.7815 	EXP 	es_text_component_gradcpt: autoDraw = True
112.7815 	EXP 	es_gradcpt_slider: autoDraw = True
112.7815 	EXP 	low_anchor_gradcpt: autoDraw = True
112.7815 	EXP 	high_anchor_gradcpt: autoDraw = True
113.3373 	DATA 	Mouse: Left button down, pos=(447,275)
113.3494 	EXP 	es_gradcpt_slider: markerPos = 0.5783333333333334
113.3675 	EXP 	es_gradcpt_slider: markerPos = 0.5783333333333334
113.3827 	EXP 	es_gradcpt_slider: markerPos = 0.5783333333333334
113.3906 	DATA 	Mouse:  Left button up, pos=(447,275)
113.4009 	EXP 	es_gradcpt_slider: markerPos = 0.5783333333333334
113.4170 	EXP 	es_gradcpt_slider: markerPos = 0.5783333333333334
113.4346 	INFO 	Keyboard events cleared
113.4342 	EXP 	enter_advance_gradcpt: autoDraw = True
113.5726 	DATA 	Keypress: return
113.5897 	EXP 	window1: mouseVisible = False
113.6012 	EXP 	es_text_component_gradcpt: autoDraw = False
113.6012 	EXP 	es_gradcpt_slider: autoDraw = False
113.6012 	EXP 	low_anchor_gradcpt: autoDraw = False
113.6012 	EXP 	high_anchor_gradcpt: autoDraw = False
113.6012 	EXP 	enter_advance_gradcpt: autoDraw = False
113.6012 	EXP 	es_gradcpt_isi_text: autoDraw = True
114.0897 	EXP 	New trial (rep=5, index=0): <Trial 5 (0 in rep 5) data={'thisN': 5, 'thisTrialN': 0, 'thisRepN': 5}>
114.0900 	EXP 	window1: mouseVisible = True
114.1172 	EXP 	es_gradcpt_isi_text: autoDraw = False
114.1172 	EXP 	es_gradcpt_isi_text: autoDraw = False
114.1172 	EXP 	es_text_component_gradcpt: height = 0.05
114.1172 	EXP 	es_text_component_gradcpt: height = 0.05
114.1172 	EXP 	es_text_component_gradcpt: height = 0.05
114.1172 	EXP 	es_text_component_gradcpt: text = 'How confident are you about your ratings for this trial?'
114.1172 	EXP 	es_gradcpt_slider: markerPos = None
114.1172 	EXP 	es_gradcpt_slider: markerPos = None
114.1172 	EXP 	low_anchor_gradcpt: height = 0.05
114.1172 	EXP 	low_anchor_gradcpt: height = 0.05
114.1172 	EXP 	low_anchor_gradcpt: height = 0.05
114.1172 	EXP 	low_anchor_gradcpt: text = 'completely\nunconfident'
114.1172 	EXP 	high_anchor_gradcpt: height = 0.05
114.1172 	EXP 	high_anchor_gradcpt: height = 0.05
114.1172 	EXP 	high_anchor_gradcpt: height = 0.05
114.1172 	EXP 	high_anchor_gradcpt: text = 'completely\nconfident'
114.1172 	EXP 	es_text_component_gradcpt: autoDraw = True
114.1172 	EXP 	es_gradcpt_slider: autoDraw = True
114.1172 	EXP 	low_anchor_gradcpt: autoDraw = True
114.1172 	EXP 	high_anchor_gradcpt: autoDraw = True
114.6901 	DATA 	Mouse: Left button down, pos=(420,262)
114.7603 	DATA 	Mouse:  Left button up, pos=(420,262)
114.8740 	DATA 	Keypress: return
115.5564 	DATA 	Mouse: Left button down, pos=(424,307)
115.5700 	EXP 	es_gradcpt_slider: markerPos = 0.54
115.5859 	EXP 	es_gradcpt_slider: markerPos = 0.54
115.6018 	EXP 	es_gradcpt_slider: markerPos = 0.54
115.6185 	EXP 	es_gradcpt_slider: markerPos = 0.54
115.6231 	DATA 	Mouse:  Left button up, pos=(424,307)
115.6365 	EXP 	es_gradcpt_slider: markerPos = 0.54
115.6522 	INFO 	Keyboard events cleared
115.6518 	EXP 	enter_advance_gradcpt: autoDraw = True
115.6939 	DATA 	Keypress: return
115.7073 	EXP 	window1: mouseVisible = False
115.7201 	EXP 	es_text_component_gradcpt: autoDraw = False
115.7201 	EXP 	es_gradcpt_slider: autoDraw = False
115.7201 	EXP 	low_anchor_gradcpt: autoDraw = False
115.7201 	EXP 	high_anchor_gradcpt: autoDraw = False
115.7201 	EXP 	enter_advance_gradcpt: autoDraw = False
115.7201 	EXP 	es_gradcpt_isi_text: autoDraw = True
116.2358 	EXP 	es_gradcpt_isi_text: autoDraw = False
116.2358 	EXP 	es_gradcpt_isi_text: autoDraw = False
116.2358 	EXP 	prepare_text: autoDraw = True
121.2113 	EXP 	New trial (rep=2, index=0): <Trial 2 (0 in rep 2) data={'thisN': 2, 'thisTrialN': 0, 'thisRepN': 2}>
121.2249 	EXP 	prepare_text: autoDraw = False
121.2249 	EXP 	gradcpt_image: autoDraw = True
123.6343 	EXP 	New trial (rep=0, index=0): <Trial 0 (0 in rep 0) data={'thisN': 0, 'thisTrialN': 0, 'thisRepN': 0}>
123.6345 	EXP 	window1: mouseVisible = True
123.6598 	EXP 	gradcpt_image: autoDraw = False
123.6598 	EXP 	es_text_component_gradcpt: height = 0.05
123.6598 	EXP 	es_text_component_gradcpt: height = 0.05
123.6598 	EXP 	es_text_component_gradcpt: height = 0.05
123.6598 	EXP 	es_text_component_gradcpt: text = 'How intentional were your thoughts?'
123.6598 	EXP 	es_gradcpt_slider: markerPos = None
123.6598 	EXP 	es_gradcpt_slider: markerPos = None
123.6598 	EXP 	low_anchor_gradcpt: height = 0.05
123.6598 	EXP 	low_anchor_gradcpt: height = 0.05
123.6598 	EXP 	low_anchor_gradcpt: height = 0.05
123.6598 	EXP 	low_anchor_gradcpt: text = 'completely\nunintentional'
123.6598 	EXP 	high_anchor_gradcpt: height = 0.05
123.6598 	EXP 	high_anchor_gradcpt: height = 0.05
123.6598 	EXP 	high_anchor_gradcpt: height = 0.05
123.6598 	EXP 	high_anchor_gradcpt: text = 'completely\nintentional'
123.6598 	EXP 	es_text_component_gradcpt: autoDraw = True
123.6598 	EXP 	es_gradcpt_slider: autoDraw = True
123.6598 	EXP 	low_anchor_gradcpt: autoDraw = True
123.6598 	EXP 	high_anchor_gradcpt: autoDraw = True
125.4675 	DATA 	Mouse: Left button down, pos=(502,300)
125.4789 	EXP 	es_gradcpt_slider: markerPos = 0.67
125.4956 	EXP 	es_gradcpt_slider: markerPos = 0.67
125.5123 	EXP 	es_gradcpt_slider: markerPos = 0.67
125.5168 	DATA 	Mouse:  Left button up, pos=(502,300)
125.5290 	EXP 	es_gradcpt_slider: markerPos = 0.67
125.5461 	INFO 	Keyboard events cleared
125.5457 	EXP 	enter_advance_gradcpt: autoDraw = True
125.9342 	EXP 	window1: mouseVisible = False
125.9352 	DATA 	Keypress: return
125.9461 	EXP 	es_text_component_gradcpt: autoDraw = False
125.9461 	EXP 	es_gradcpt_slider: autoDraw = False
125.9461 	EXP 	low_anchor_gradcpt: autoDraw = False
125.9461 	EXP 	high_anchor_gradcpt: autoDraw = False
125.9461 	EXP 	enter_advance_gradcpt: autoDraw = False
125.9461 	EXP 	es_gradcpt_isi_text: autoDraw = True
126.4338 	EXP 	New trial (rep=1, index=0): <Trial 1 (0 in rep 1) data={'thisN': 1, 'thisTrialN': 0, 'thisRepN': 1}>
126.4341 	EXP 	window1: mouseVisible = True
126.4627 	EXP 	es_gradcpt_isi_text: autoDraw = False
126.4627 	EXP 	es_gradcpt_isi_text: autoDraw = False
126.4627 	EXP 	es_text_component_gradcpt: height = 0.05
126.4627 	EXP 	es_text_component_gradcpt: height = 0.05
126.4627 	EXP 	es_text_component_gradcpt: height = 0.05
126.4627 	EXP 	es_text_component_gradcpt: text = 'Where was your attention during the previous trial?'
126.4627 	EXP 	es_gradcpt_slider: markerPos = None
126.4627 	EXP 	es_gradcpt_slider: markerPos = None
126.4627 	EXP 	low_anchor_gradcpt: height = 0.05
126.4627 	EXP 	low_anchor_gradcpt: height = 0.05
126.4627 	EXP 	low_anchor_gradcpt: height = 0.05
126.4627 	EXP 	low_anchor_gradcpt: text = 'on-task'
126.4627 	EXP 	high_anchor_gradcpt: height = 0.05
126.4627 	EXP 	high_anchor_gradcpt: height = 0.05
126.4627 	EXP 	high_anchor_gradcpt: height = 0.05
126.4627 	EXP 	high_anchor_gradcpt: text = 'off-task'
126.4627 	EXP 	es_text_component_gradcpt: autoDraw = True
126.4627 	EXP 	es_gradcpt_slider: autoDraw = True
126.4627 	EXP 	low_anchor_gradcpt: autoDraw = True
126.4627 	EXP 	high_anchor_gradcpt: autoDraw = True
126.8868 	DATA 	Mouse: Left button down, pos=(370,298)
126.8972 	EXP 	es_gradcpt_slider: markerPos = 0.45
126.9139 	EXP 	es_gradcpt_slider: markerPos = 0.45
126.9304 	EXP 	es_gradcpt_slider: markerPos = 0.45
126.9350 	DATA 	Mouse:  Left button up, pos=(370,298)
126.9470 	EXP 	es_gradcpt_slider: markerPos = 0.45
126.9643 	INFO 	Keyboard events cleared
126.9638 	EXP 	enter_advance_gradcpt: autoDraw = True
127.0020 	EXP 	window1: mouseVisible = False
127.0030 	DATA 	Keypress: return
127.0139 	EXP 	es_text_component_gradcpt: autoDraw = False
127.0139 	EXP 	es_gradcpt_slider: autoDraw = False
127.0139 	EXP 	low_anchor_gradcpt: autoDraw = False
127.0139 	EXP 	high_anchor_gradcpt: autoDraw = False
127.0139 	EXP 	enter_advance_gradcpt: autoDraw = False
127.0139 	EXP 	es_gradcpt_isi_text: autoDraw = True
127.5017 	EXP 	New trial (rep=2, index=0): <Trial 2 (0 in rep 2) data={'thisN': 2, 'thisTrialN': 0, 'thisRepN': 2}>
127.5021 	EXP 	window1: mouseVisible = True
127.5305 	EXP 	es_gradcpt_isi_text: autoDraw = False
127.5305 	EXP 	es_gradcpt_isi_text: autoDraw = False
127.5305 	EXP 	es_text_component_gradcpt: height = 0.05
127.5305 	EXP 	es_text_component_gradcpt: height = 0.05
127.5305 	EXP 	es_text_component_gradcpt: height = 0.05
127.5305 	EXP 	es_text_component_gradcpt: text = 'How positive or negative were you feeling?'
127.5305 	EXP 	es_gradcpt_slider: markerPos = None
127.5305 	EXP 	es_gradcpt_slider: markerPos = None
127.5305 	EXP 	low_anchor_gradcpt: height = 0.05
127.5305 	EXP 	low_anchor_gradcpt: height = 0.05
127.5305 	EXP 	low_anchor_gradcpt: height = 0.05
127.5305 	EXP 	low_anchor_gradcpt: text = 'completely\nnegative'
127.5305 	EXP 	high_anchor_gradcpt: height = 0.05
127.5305 	EXP 	high_anchor_gradcpt: height = 0.05
127.5305 	EXP 	high_anchor_gradcpt: height = 0.05
127.5305 	EXP 	high_anchor_gradcpt: text = 'completely\npositive'
127.5305 	EXP 	es_text_component_gradcpt: autoDraw = True
127.5305 	EXP 	es_gradcpt_slider: autoDraw = True
127.5305 	EXP 	low_anchor_gradcpt: autoDraw = True
127.5305 	EXP 	high_anchor_gradcpt: autoDraw = True
127.9695 	DATA 	Mouse: Left button down, pos=(467,293)
127.9817 	EXP 	es_gradcpt_slider: markerPos = 0.6116666666666667
127.9984 	EXP 	es_gradcpt_slider: markerPos = 0.6116666666666667
128.0150 	EXP 	es_gradcpt_slider: markerPos = 0.6116666666666667
128.0194 	DATA 	Mouse:  Left button up, pos=(467,293)
128.0317 	EXP 	es_gradcpt_slider: markerPos = 0.6116666666666667
128.0487 	INFO 	Keyboard events cleared
128.0483 	EXP 	enter_advance_gradcpt: autoDraw = True
128.0865 	EXP 	window1: mouseVisible = False
128.0875 	DATA 	Keypress: return
128.0985 	EXP 	es_text_component_gradcpt: autoDraw = False
128.0985 	EXP 	es_gradcpt_slider: autoDraw = False
128.0985 	EXP 	low_anchor_gradcpt: autoDraw = False
128.0985 	EXP 	high_anchor_gradcpt: autoDraw = False
128.0985 	EXP 	enter_advance_gradcpt: autoDraw = False
128.0985 	EXP 	es_gradcpt_isi_text: autoDraw = True
128.5866 	EXP 	New trial (rep=3, index=0): <Trial 3 (0 in rep 3) data={'thisN': 3, 'thisTrialN': 0, 'thisRepN': 3}>
128.5869 	EXP 	window1: mouseVisible = True
128.6154 	EXP 	es_gradcpt_isi_text: autoDraw = False
128.6154 	EXP 	es_gradcpt_isi_text: autoDraw = False
128.6154 	EXP 	es_text_component_gradcpt: height = 0.05
128.6154 	EXP 	es_text_component_gradcpt: height = 0.05
128.6154 	EXP 	es_text_component_gradcpt: height = 0.05
128.6154 	EXP 	es_text_component_gradcpt: text = 'Were your thoughts freely moving?'
128.6154 	EXP 	es_gradcpt_slider: markerPos = None
128.6154 	EXP 	es_gradcpt_slider: markerPos = None
128.6154 	EXP 	low_anchor_gradcpt: height = 0.05
128.6154 	EXP 	low_anchor_gradcpt: height = 0.05
128.6154 	EXP 	low_anchor_gradcpt: height = 0.05
128.6154 	EXP 	low_anchor_gradcpt: text = 'unmoving'
128.6154 	EXP 	high_anchor_gradcpt: height = 0.05
128.6154 	EXP 	high_anchor_gradcpt: height = 0.05
128.6154 	EXP 	high_anchor_gradcpt: height = 0.05
128.6154 	EXP 	high_anchor_gradcpt: text = 'moving freely'
128.6154 	EXP 	es_text_component_gradcpt: autoDraw = True
128.6154 	EXP 	es_gradcpt_slider: autoDraw = True
128.6154 	EXP 	low_anchor_gradcpt: autoDraw = True
128.6154 	EXP 	high_anchor_gradcpt: autoDraw = True
129.1379 	DATA 	Mouse: Left button down, pos=(426,296)
129.1495 	EXP 	es_gradcpt_slider: markerPos = 0.5433333333333333
129.1662 	EXP 	es_gradcpt_slider: markerPos = 0.5433333333333333
129.1828 	EXP 	es_gradcpt_slider: markerPos = 0.5433333333333333
129.1996 	EXP 	es_gradcpt_slider: markerPos = 0.5433333333333333
129.2040 	DATA 	Mouse:  Left button up, pos=(426,296)
129.2163 	EXP 	es_gradcpt_slider: markerPos = 0.5433333333333333
129.2332 	INFO 	Keyboard events cleared
129.2328 	EXP 	enter_advance_gradcpt: autoDraw = True
129.2877 	EXP 	window1: mouseVisible = False
129.2886 	DATA 	Keypress: return
129.2997 	EXP 	es_text_component_gradcpt: autoDraw = False
129.2997 	EXP 	es_gradcpt_slider: autoDraw = False
129.2997 	EXP 	low_anchor_gradcpt: autoDraw = False
129.2997 	EXP 	high_anchor_gradcpt: autoDraw = False
129.2997 	EXP 	enter_advance_gradcpt: autoDraw = False
129.2997 	EXP 	es_gradcpt_isi_text: autoDraw = True
129.7874 	EXP 	New trial (rep=4, index=0): <Trial 4 (0 in rep 4) data={'thisN': 4, 'thisTrialN': 0, 'thisRepN': 4}>
129.7878 	EXP 	window1: mouseVisible = True
129.8163 	EXP 	es_gradcpt_isi_text: autoDraw = False
129.8163 	EXP 	es_gradcpt_isi_text: autoDraw = False
129.8163 	EXP 	es_text_component_gradcpt: height = 0.05
129.8163 	EXP 	es_text_component_gradcpt: height = 0.05
129.8163 	EXP 	es_text_component_gradcpt: height = 0.05
129.8163 	EXP 	es_text_component_gradcpt: text = 'How difficult was it to disengage from your thoughts?'
129.8163 	EXP 	es_gradcpt_slider: markerPos = None
129.8163 	EXP 	es_gradcpt_slider: markerPos = None
129.8163 	EXP 	low_anchor_gradcpt: height = 0.05
129.8163 	EXP 	low_anchor_gradcpt: height = 0.05
129.8163 	EXP 	low_anchor_gradcpt: height = 0.05
129.8163 	EXP 	low_anchor_gradcpt: text = 'extremely\neasy'
129.8163 	EXP 	high_anchor_gradcpt: height = 0.05
129.8163 	EXP 	high_anchor_gradcpt: height = 0.05
129.8163 	EXP 	high_anchor_gradcpt: height = 0.05
129.8163 	EXP 	high_anchor_gradcpt: text = 'extremely\ndifficult'
129.8163 	EXP 	es_text_component_gradcpt: autoDraw = True
129.8163 	EXP 	es_gradcpt_slider: autoDraw = True
129.8163 	EXP 	low_anchor_gradcpt: autoDraw = True
129.8163 	EXP 	high_anchor_gradcpt: autoDraw = True
130.2896 	DATA 	Mouse: Left button down, pos=(294,313)
130.3008 	EXP 	es_gradcpt_slider: markerPos = 0.32333333333333336
130.3187 	EXP 	es_gradcpt_slider: markerPos = 0.32333333333333336
130.3340 	EXP 	es_gradcpt_slider: markerPos = 0.32333333333333336
130.3508 	EXP 	es_gradcpt_slider: markerPos = 0.32333333333333336
130.3552 	DATA 	Mouse:  Left button up, pos=(294,313)
130.3677 	EXP 	es_gradcpt_slider: markerPos = 0.32333333333333336
130.3847 	INFO 	Keyboard events cleared
130.3842 	EXP 	enter_advance_gradcpt: autoDraw = True
130.4059 	EXP 	window1: mouseVisible = False
130.4070 	DATA 	Keypress: return
130.4176 	EXP 	es_text_component_gradcpt: autoDraw = False
130.4176 	EXP 	es_gradcpt_slider: autoDraw = False
130.4176 	EXP 	low_anchor_gradcpt: autoDraw = False
130.4176 	EXP 	high_anchor_gradcpt: autoDraw = False
130.4176 	EXP 	enter_advance_gradcpt: autoDraw = False
130.4176 	EXP 	es_gradcpt_isi_text: autoDraw = True
130.9053 	EXP 	New trial (rep=5, index=0): <Trial 5 (0 in rep 5) data={'thisN': 5, 'thisTrialN': 0, 'thisRepN': 5}>
130.9057 	EXP 	window1: mouseVisible = True
130.9342 	EXP 	es_gradcpt_isi_text: autoDraw = False
130.9342 	EXP 	es_gradcpt_isi_text: autoDraw = False
130.9342 	EXP 	es_text_component_gradcpt: height = 0.05
130.9342 	EXP 	es_text_component_gradcpt: height = 0.05
130.9342 	EXP 	es_text_component_gradcpt: height = 0.05
130.9342 	EXP 	es_text_component_gradcpt: text = 'How confident are you about your ratings for this trial?'
130.9342 	EXP 	es_gradcpt_slider: markerPos = None
130.9342 	EXP 	es_gradcpt_slider: markerPos = None
130.9342 	EXP 	low_anchor_gradcpt: height = 0.05
130.9342 	EXP 	low_anchor_gradcpt: height = 0.05
130.9342 	EXP 	low_anchor_gradcpt: height = 0.05
130.9342 	EXP 	low_anchor_gradcpt: text = 'completely\nunconfident'
130.9342 	EXP 	high_anchor_gradcpt: height = 0.05
130.9342 	EXP 	high_anchor_gradcpt: height = 0.05
130.9342 	EXP 	high_anchor_gradcpt: height = 0.05
130.9342 	EXP 	high_anchor_gradcpt: text = 'completely\nconfident'
130.9342 	EXP 	es_text_component_gradcpt: autoDraw = True
130.9342 	EXP 	es_gradcpt_slider: autoDraw = True
130.9342 	EXP 	low_anchor_gradcpt: autoDraw = True
130.9342 	EXP 	high_anchor_gradcpt: autoDraw = True
131.3734 	DATA 	Mouse: Left button down, pos=(429,311)
131.3853 	EXP 	es_gradcpt_slider: markerPos = 0.5483333333333333
131.4019 	EXP 	es_gradcpt_slider: markerPos = 0.5483333333333333
131.4186 	EXP 	es_gradcpt_slider: markerPos = 0.5483333333333333
131.4230 	DATA 	Mouse:  Left button up, pos=(429,311)
131.4355 	EXP 	es_gradcpt_slider: markerPos = 0.5483333333333333
131.4525 	INFO 	Keyboard events cleared
131.4521 	EXP 	enter_advance_gradcpt: autoDraw = True
131.5402 	EXP 	window1: mouseVisible = False
131.5412 	DATA 	Keypress: return
131.5524 	EXP 	es_text_component_gradcpt: autoDraw = False
131.5524 	EXP 	es_gradcpt_slider: autoDraw = False
131.5524 	EXP 	low_anchor_gradcpt: autoDraw = False
131.5524 	EXP 	high_anchor_gradcpt: autoDraw = False
131.5524 	EXP 	enter_advance_gradcpt: autoDraw = False
131.5524 	EXP 	es_gradcpt_isi_text: autoDraw = True
132.0693 	INFO 	Keyboard events cleared
132.0688 	EXP 	es_gradcpt_isi_text: autoDraw = False
132.0688 	EXP 	es_gradcpt_isi_text: autoDraw = False
132.0688 	EXP 	prepare_text: autoDraw = False
132.0688 	EXP 	block_rest_text: autoDraw = True
134.0636 	EXP 	window1: mouseVisible = True
134.0853 	DEBUG 	Saving data for gradcptpy ExperimentHandler
134.0905 	INFO 	saved data to C:\Users\dbrau\Dropbox\post_doc\professional\projects\independent\gradcptpy\data/440592_gradcptpy_2024-09-13_11h22.41.257.psydat
134.0957 	INFO 	saved data to 'C:\\Users\\dbrau\\Dropbox\\post_doc\\professional\\projects\\independent\\gradcptpy\\data/440592_gradcptpy_2024-09-13_11h22.41.257.csv'
