9.8014 	EXP 	Created window1 = Window(allowGUI=True, allowStencil=False, autoLog=True, backendConf=UNKNOWN, backgroundFit=<method-wrapper '__getattribute__' of attributeSetter object at 0x000001F4A1A42440>, backgroundImage=<method-wrapper '__getattribute__' of attributeSetter object at 0x000001F4A1A424A0>, bitsMode=UNKNOWN, blendMode='avg', bpc=(8, 8, 8), color=array([0, 0, 0]), colorSpace='rgb', depthBits=8, fullscr=<method-wrapper '__getattribute__' of attributeSetter object at 0x000001F4A1A42650>, gamma=None, gammaErrorPolicy='raise', infoMsg=UNKNOWN, lms=UNKNOWN, monitor=<psychopy.monitors.calibTools.Monitor object at 0x000001F4A28B5330>, multiSample=False, name='window1', numSamples=2, pos=[0.0, 0.0], screen=0, size=array([1920, 1080]), stencilBits=0, stereo=False, title='PsychoPy', units='height', useFBO=True, useRetina=False, viewOri=0.0, viewPos=None, viewScale=None, waitBlanking=True, winType='pyglet')
9.8015 	EXP 	window1: backgroundImage = ''
9.8018 	EXP 	window1: backgroundFit = 'none'
9.8023 	EXP 	window1: mouseVisible = <method-wrapper '__getattribute__' of attributeSetter object at 0x000001F4A1A420B0>
9.8031 	EXP 	window1: mouseVisible = <method-wrapper '__getattribute__' of attributeSetter object at 0x000001F4A1A420B0>
9.8143 	EXP 	window1: mouseVisible = <method-wrapper '__getattribute__' of attributeSetter object at 0x000001F4A1A420B0>
9.8156 	EXP 	window1: mouseVisible = <method-wrapper '__getattribute__' of attributeSetter object at 0x000001F4A1A420B0>
9.8928 	EXP 	window1: mouseVisible = <method-wrapper '__getattribute__' of attributeSetter object at 0x000001F4A1A420B0>
9.8929 	EXP 	window1: mouseVisible = <method-wrapper '__getattribute__' of attributeSetter object at 0x000001F4A1A420B0>
9.8937 	EXP 	window1: mouseVisible = <method-wrapper '__getattribute__' of attributeSetter object at 0x000001F4A1A420B0>
9.8945 	EXP 	window1: mouseVisible = <method-wrapper '__getattribute__' of attributeSetter object at 0x000001F4A1A420B0>
9.9187 	EXP 	window1: Attempting to measure frame rate of screen (0) ...
9.9188 	EXP 	window1: recordFrameIntervals = False
10.1132 	EXP 	window1: recordFrameIntervals = True
10.2967 	EXP 	Screen (0) actual frame rate measured at 59.98Hz
10.2968 	EXP 	window1: recordFrameIntervals = False
10.2969 	EXP 	window1: mouseVisible = False
15.1162 	EXP 	gradcptpy: status = STARTED
15.2319 	EXP 	window1: mouseVisible = False
15.3459 	EXP 	Created frame_rate_prompt = TextStim(__class__=<class 'psychopy.visual.text.TextStim'>, alignHoriz=method-wrapper(...), alignText='center', alignVert=method-wrapper(...), anchorHoriz='center', anchorVert='center', antialias=True, autoDraw=False, autoLog=True, bold=False, color=array([-1., -1., -1.]), colorSpace='rgb', contrast=1.0, depth=-2.0, draggable=False, flipHoriz=False, flipVert=False, font='Open Sans', fontFiles=[], height=0.05, italic=False, languageStyle='LTR', name='frame_rate_prompt', opacity=1, ori=0.0, pos=array([0., 0.]), rgb=UNKNOWN, text='Trying to estimate frame rate....', units='height', win=Window(...), wrapWidth=1)
15.3461 	EXP 	window1: mouseVisible = False
15.3712 	EXP 	Created welcome_text = TextStim(__class__=<class 'psychopy.visual.text.TextStim'>, alignHoriz=method-wrapper(...), alignText='center', alignVert=method-wrapper(...), anchorHoriz='center', anchorVert='center', antialias=True, autoDraw=False, autoLog=True, bold=False, color=array([-1., -1., -1.]), colorSpace='rgb', contrast=1.0, depth=-1.0, draggable=False, flipHoriz=False, flipVert=False, font='Open Sans', fontFiles=[], height=0.05, italic=False, languageStyle='LTR', name='welcome_text', opacity=1, ori=0.0, pos=array([0., 0.]), rgb=UNKNOWN, text=str(...), units='height', win=Window(...), wrapWidth=1)
15.3713 	EXP 	window1: mouseVisible = False
15.3729 	EXP 	Created gradcpt_prep_text = TextStim(__class__=<class 'psychopy.visual.text.TextStim'>, alignHoriz=method-wrapper(...), alignText='center', alignVert=method-wrapper(...), anchorHoriz='center', anchorVert='center', antialias=True, autoDraw=False, autoLog=True, bold=False, color=array([-1., -1., -1.]), colorSpace='rgb', contrast=1.0, depth=-1.0, draggable=False, flipHoriz=False, flipVert=False, font='Open Sans', fontFiles=[], height=0.03, italic=False, languageStyle='LTR', name='gradcpt_prep_text', opacity=1, ori=0.0, pos=array([0., 0.]), rgb=UNKNOWN, text='', units='height', win=Window(...), wrapWidth=1)
15.3730 	EXP 	window1: mouseVisible = False
15.3787 	EXP 	Created gradcpt_image = ImageStim(__class__=<class 'psychopy.visual.image.ImageStim'>, anchor=('center', 'center'), autoLog=True, color=array([1., 1., 1.]), colorSpace='rgb', contrast=1.0, depth=-1.0, draggable=False, flipHoriz=False, flipVert=False, image='default.png', interpolate=True, mask=None, maskParams=None, name='gradcpt_image', opacity=1, ori=0.0, pos=array([0., 0.]), size=array([0.5, 0.5]), texRes=128.0, units='height', win=Window(...))
15.3789 	EXP 	window1: mouseVisible = False
15.3805 	EXP 	Created pixel = Rect(__class__=<class 'psychopy.visual.rect.Rect'>, anchor=('left', 'bottom'), autoDraw=False, autoLog=True, closeShape=True, color=method-wrapper(...), colorSpace='rgb', contrast=None, depth=-2.0, draggable=False, fillColor=array([1, 1, 1]), fillColorSpace='rgb', fillRGB=array([1, 1, 1]), interpolate=True, lineColor=array([1., 1., 1.]), lineColorSpace='rgb', lineRGB=array([1, 1, 1]), lineWidth=0.0, name='pixel', opacity=1, ori=0.0, pos=array([-0.5, -0.5]), size=array([0.05, 0.05]), units='height', vertices=ndarray(...), win=Window(...))
15.3806 	EXP 	window1: mouseVisible = False
15.3814 	EXP 	Created debrief_text = TextStim(__class__=<class 'psychopy.visual.text.TextStim'>, alignHoriz=method-wrapper(...), alignText='center', alignVert=method-wrapper(...), anchorHoriz='center', anchorVert='center', antialias=True, autoDraw=False, autoLog=True, bold=False, color=array([-1., -1., -1.]), colorSpace='rgb', contrast=1.0, depth=0.0, draggable=False, flipHoriz=False, flipVert=False, font='Open Sans', fontFiles=[], height=0.03, italic=False, languageStyle='LTR', name='debrief_text', opacity=1, ori=0.0, pos=array([0., 0.]), rgb=UNKNOWN, text='', units='height', win=Window(...), wrapWidth=1)
15.3815 	EXP 	window1: mouseVisible = False
15.3873 	EXP 	Created thanks_text = TextStim(__class__=<class 'psychopy.visual.text.TextStim'>, alignHoriz=method-wrapper(...), alignText='center', alignVert=method-wrapper(...), anchorHoriz='center', anchorVert='center', antialias=True, autoDraw=False, autoLog=True, bold=False, color=array([-1., -1., -1.]), colorSpace='rgb', contrast=1.0, depth=0.0, draggable=False, flipHoriz=False, flipVert=False, font='Open Sans', fontFiles=[], height=0.05, italic=False, languageStyle='LTR', name='thanks_text', opacity=1, ori=0.0, pos=array([0., 0.]), rgb=UNKNOWN, text='Thank you for your participation!', units='height', win=Window(...), wrapWidth=1)
0.0075 	EXP 	window1: mouseVisible = False
0.0275 	EXP 	frame_rate_prompt: autoDraw = True
5.0129 	EXP 	window1: mouseVisible = False
5.0290 	EXP 	frame_rate_prompt: autoDraw = False
5.0290 	EXP 	welcome_text: autoDraw = True
5.5874 	DATA 	Keypress: space
5.5949 	EXP 	welcome_text: autoDraw = False
5.5949 	EXP 	gradcpt_prep_text: height = 0.03
5.5949 	EXP 	gradcpt_prep_text: height = 0.03
5.5949 	EXP 	gradcpt_prep_text: height = 0.03
5.5949 	EXP 	gradcpt_prep_text: text = 'Now you will perform the attention task. A series of pictures will gradually be presented on the screen one after another. In this phase of the experiment, you will press the f key when you see a picture of a city scene, and you will press nothing when you see a picture of a mountain scene. It is important to respond as quickly and accurately as possible and to keep both hands on the keyboard at all times.\n\nWhen you answer thought probes during this phase, remember to again be as honest as possible. Whether you indicate that your attention was or was not on task will not affect your participation. \n\nPress the space bar to see the response mappings one more time before beginning.'
5.5949 	EXP 	gradcpt_prep_text: autoDraw = True
6.0699 	DATA 	Keypress: space
6.0829 	EXP 	gradcpt_prep_text: autoDraw = False
6.0829 	EXP 	pixel: fillColor = <psychopy.colors.Color: black, alpha=1.0>
6.0829 	EXP 	gradcpt_image: autoDraw = True
6.0829 	EXP 	pixel: autoDraw = True
6.0978 	EXP 	pixel: fillColor = <psychopy.colors.Color: white, alpha=1.0>
6.1126 	EXP 	pixel: fillColor = <psychopy.colors.Color: black, alpha=1.0>
6.1291 	EXP 	pixel: fillColor = <psychopy.colors.Color: white, alpha=1.0>
6.1460 	EXP 	pixel: fillColor = <psychopy.colors.Color: black, alpha=1.0>
6.1631 	EXP 	pixel: fillColor = <psychopy.colors.Color: white, alpha=1.0>
6.1793 	EXP 	pixel: fillColor = <psychopy.colors.Color: black, alpha=1.0>
6.1961 	EXP 	pixel: fillColor = <psychopy.colors.Color: white, alpha=1.0>
6.2127 	EXP 	pixel: fillColor = <psychopy.colors.Color: black, alpha=1.0>
6.2296 	EXP 	pixel: fillColor = <psychopy.colors.Color: white, alpha=1.0>
6.2461 	EXP 	pixel: fillColor = <psychopy.colors.Color: black, alpha=1.0>
6.2629 	EXP 	pixel: fillColor = <psychopy.colors.Color: white, alpha=1.0>
6.2794 	EXP 	pixel: fillColor = <psychopy.colors.Color: black, alpha=1.0>
6.2962 	EXP 	pixel: fillColor = <psychopy.colors.Color: white, alpha=1.0>
6.3129 	EXP 	pixel: fillColor = <psychopy.colors.Color: black, alpha=1.0>
6.3293 	EXP 	pixel: fillColor = <psychopy.colors.Color: white, alpha=1.0>
6.3462 	EXP 	pixel: fillColor = <psychopy.colors.Color: black, alpha=1.0>
6.3627 	EXP 	pixel: fillColor = <psychopy.colors.Color: white, alpha=1.0>
6.3794 	EXP 	pixel: fillColor = <psychopy.colors.Color: black, alpha=1.0>
6.3961 	EXP 	pixel: fillColor = <psychopy.colors.Color: white, alpha=1.0>
6.4126 	EXP 	pixel: fillColor = <psychopy.colors.Color: black, alpha=1.0>
6.4295 	EXP 	pixel: fillColor = <psychopy.colors.Color: white, alpha=1.0>
6.4460 	EXP 	pixel: fillColor = <psychopy.colors.Color: black, alpha=1.0>
6.4629 	EXP 	pixel: fillColor = <psychopy.colors.Color: white, alpha=1.0>
6.4797 	EXP 	pixel: fillColor = <psychopy.colors.Color: black, alpha=1.0>
6.4962 	EXP 	pixel: fillColor = <psychopy.colors.Color: white, alpha=1.0>
6.5128 	EXP 	pixel: fillColor = <psychopy.colors.Color: black, alpha=1.0>
6.5295 	EXP 	pixel: fillColor = <psychopy.colors.Color: white, alpha=1.0>
6.5458 	EXP 	pixel: fillColor = <psychopy.colors.Color: black, alpha=1.0>
6.5631 	EXP 	pixel: fillColor = <psychopy.colors.Color: white, alpha=1.0>
6.5796 	EXP 	pixel: fillColor = <psychopy.colors.Color: black, alpha=1.0>
6.5962 	EXP 	pixel: fillColor = <psychopy.colors.Color: white, alpha=1.0>
6.6129 	EXP 	pixel: fillColor = <psychopy.colors.Color: black, alpha=1.0>
6.6294 	EXP 	pixel: fillColor = <psychopy.colors.Color: white, alpha=1.0>
6.6464 	EXP 	pixel: fillColor = <psychopy.colors.Color: black, alpha=1.0>
6.6628 	EXP 	pixel: fillColor = <psychopy.colors.Color: white, alpha=1.0>
6.6795 	EXP 	pixel: fillColor = <psychopy.colors.Color: black, alpha=1.0>
6.6962 	EXP 	pixel: fillColor = <psychopy.colors.Color: white, alpha=1.0>
6.7128 	EXP 	pixel: fillColor = <psychopy.colors.Color: black, alpha=1.0>
6.7297 	EXP 	pixel: fillColor = <psychopy.colors.Color: white, alpha=1.0>
6.7461 	EXP 	pixel: fillColor = <psychopy.colors.Color: black, alpha=1.0>
6.7629 	EXP 	pixel: fillColor = <psychopy.colors.Color: white, alpha=1.0>
6.7797 	EXP 	pixel: fillColor = <psychopy.colors.Color: black, alpha=1.0>
6.7963 	EXP 	pixel: fillColor = <psychopy.colors.Color: white, alpha=1.0>
6.8127 	EXP 	pixel: fillColor = <psychopy.colors.Color: black, alpha=1.0>
6.8297 	EXP 	pixel: fillColor = <psychopy.colors.Color: white, alpha=1.0>
6.8465 	EXP 	pixel: fillColor = <psychopy.colors.Color: black, alpha=1.0>
6.8629 	EXP 	pixel: fillColor = <psychopy.colors.Color: white, alpha=1.0>
6.8850 	EXP 	pixel: fillColor = <psychopy.colors.Color: black, alpha=1.0>
6.8989 	EXP 	pixel: fillColor = <psychopy.colors.Color: white, alpha=1.0>
6.9139 	EXP 	pixel: fillColor = <psychopy.colors.Color: black, alpha=1.0>
6.9300 	EXP 	pixel: fillColor = <psychopy.colors.Color: white, alpha=1.0>
6.9461 	EXP 	pixel: fillColor = <psychopy.colors.Color: black, alpha=1.0>
6.9629 	EXP 	pixel: fillColor = <psychopy.colors.Color: white, alpha=1.0>
6.9797 	EXP 	pixel: fillColor = <psychopy.colors.Color: black, alpha=1.0>
6.9962 	EXP 	pixel: fillColor = <psychopy.colors.Color: white, alpha=1.0>
7.0133 	EXP 	pixel: fillColor = <psychopy.colors.Color: black, alpha=1.0>
7.0296 	EXP 	pixel: fillColor = <psychopy.colors.Color: white, alpha=1.0>
7.0463 	EXP 	pixel: fillColor = <psychopy.colors.Color: black, alpha=1.0>
7.0627 	EXP 	pixel: fillColor = <psychopy.colors.Color: white, alpha=1.0>
7.0798 	EXP 	pixel: fillColor = <psychopy.colors.Color: black, alpha=1.0>
7.0963 	EXP 	pixel: fillColor = <psychopy.colors.Color: white, alpha=1.0>
7.1131 	EXP 	pixel: fillColor = <psychopy.colors.Color: black, alpha=1.0>
7.1296 	EXP 	pixel: fillColor = <psychopy.colors.Color: white, alpha=1.0>
7.1464 	EXP 	pixel: fillColor = <psychopy.colors.Color: black, alpha=1.0>
7.1632 	EXP 	pixel: fillColor = <psychopy.colors.Color: white, alpha=1.0>
7.1797 	EXP 	pixel: fillColor = <psychopy.colors.Color: black, alpha=1.0>
7.1964 	EXP 	pixel: fillColor = <psychopy.colors.Color: white, alpha=1.0>
7.2128 	EXP 	pixel: fillColor = <psychopy.colors.Color: black, alpha=1.0>
7.2298 	EXP 	pixel: fillColor = <psychopy.colors.Color: white, alpha=1.0>
7.2462 	EXP 	pixel: fillColor = <psychopy.colors.Color: black, alpha=1.0>
7.2630 	EXP 	pixel: fillColor = <psychopy.colors.Color: white, alpha=1.0>
7.2799 	EXP 	pixel: fillColor = <psychopy.colors.Color: black, alpha=1.0>
7.2964 	EXP 	pixel: fillColor = <psychopy.colors.Color: white, alpha=1.0>
7.3132 	EXP 	pixel: fillColor = <psychopy.colors.Color: black, alpha=1.0>
7.3300 	EXP 	pixel: fillColor = <psychopy.colors.Color: white, alpha=1.0>
7.3463 	EXP 	pixel: fillColor = <psychopy.colors.Color: black, alpha=1.0>
7.3631 	EXP 	pixel: fillColor = <psychopy.colors.Color: white, alpha=1.0>
7.3798 	EXP 	pixel: fillColor = <psychopy.colors.Color: black, alpha=1.0>
7.3963 	EXP 	pixel: fillColor = <psychopy.colors.Color: white, alpha=1.0>
7.4132 	EXP 	pixel: fillColor = <psychopy.colors.Color: black, alpha=1.0>
7.4296 	EXP 	pixel: fillColor = <psychopy.colors.Color: white, alpha=1.0>
7.4463 	EXP 	pixel: fillColor = <psychopy.colors.Color: black, alpha=1.0>
7.4635 	EXP 	pixel: fillColor = <psychopy.colors.Color: white, alpha=1.0>
7.4797 	EXP 	pixel: fillColor = <psychopy.colors.Color: black, alpha=1.0>
7.4964 	EXP 	pixel: fillColor = <psychopy.colors.Color: white, alpha=1.0>
7.5131 	EXP 	pixel: fillColor = <psychopy.colors.Color: black, alpha=1.0>
7.5298 	EXP 	pixel: fillColor = <psychopy.colors.Color: white, alpha=1.0>
7.5465 	EXP 	pixel: fillColor = <psychopy.colors.Color: black, alpha=1.0>
7.5632 	EXP 	pixel: fillColor = <psychopy.colors.Color: white, alpha=1.0>
7.5798 	EXP 	pixel: fillColor = <psychopy.colors.Color: black, alpha=1.0>
7.5966 	EXP 	pixel: fillColor = <psychopy.colors.Color: white, alpha=1.0>
7.6133 	EXP 	pixel: fillColor = <psychopy.colors.Color: black, alpha=1.0>
7.6298 	EXP 	pixel: fillColor = <psychopy.colors.Color: white, alpha=1.0>
7.6466 	EXP 	pixel: fillColor = <psychopy.colors.Color: black, alpha=1.0>
7.6629 	EXP 	pixel: fillColor = <psychopy.colors.Color: white, alpha=1.0>
7.6849 	EXP 	pixel: fillColor = <psychopy.colors.Color: black, alpha=1.0>
7.6990 	EXP 	pixel: fillColor = <psychopy.colors.Color: white, alpha=1.0>
7.7139 	EXP 	pixel: fillColor = <psychopy.colors.Color: black, alpha=1.0>
7.7299 	EXP 	pixel: fillColor = <psychopy.colors.Color: white, alpha=1.0>
7.7467 	EXP 	pixel: fillColor = <psychopy.colors.Color: black, alpha=1.0>
7.7633 	EXP 	pixel: fillColor = <psychopy.colors.Color: white, alpha=1.0>
7.7797 	EXP 	pixel: fillColor = <psychopy.colors.Color: black, alpha=1.0>
7.7968 	EXP 	pixel: fillColor = <psychopy.colors.Color: white, alpha=1.0>
7.8132 	EXP 	pixel: fillColor = <psychopy.colors.Color: black, alpha=1.0>
7.8300 	EXP 	pixel: fillColor = <psychopy.colors.Color: white, alpha=1.0>
7.8465 	EXP 	pixel: fillColor = <psychopy.colors.Color: black, alpha=1.0>
7.8635 	EXP 	pixel: fillColor = <psychopy.colors.Color: white, alpha=1.0>
7.8802 	EXP 	pixel: fillColor = <psychopy.colors.Color: black, alpha=1.0>
7.8966 	EXP 	pixel: fillColor = <psychopy.colors.Color: white, alpha=1.0>
7.9132 	EXP 	pixel: fillColor = <psychopy.colors.Color: black, alpha=1.0>
7.9299 	EXP 	pixel: fillColor = <psychopy.colors.Color: white, alpha=1.0>
7.9468 	EXP 	pixel: fillColor = <psychopy.colors.Color: black, alpha=1.0>
7.9633 	EXP 	pixel: fillColor = <psychopy.colors.Color: white, alpha=1.0>
7.9802 	EXP 	pixel: fillColor = <psychopy.colors.Color: black, alpha=1.0>
7.9965 	EXP 	pixel: fillColor = <psychopy.colors.Color: white, alpha=1.0>
8.0134 	EXP 	pixel: fillColor = <psychopy.colors.Color: black, alpha=1.0>
8.0298 	EXP 	pixel: fillColor = <psychopy.colors.Color: white, alpha=1.0>
8.0467 	EXP 	pixel: fillColor = <psychopy.colors.Color: black, alpha=1.0>
8.0635 	EXP 	pixel: fillColor = <psychopy.colors.Color: white, alpha=1.0>
8.0801 	EXP 	pixel: fillColor = <psychopy.colors.Color: black, alpha=1.0>
8.0967 	EXP 	pixel: fillColor = <psychopy.colors.Color: white, alpha=1.0>
8.1131 	EXP 	pixel: fillColor = <psychopy.colors.Color: black, alpha=1.0>
8.1300 	EXP 	pixel: fillColor = <psychopy.colors.Color: white, alpha=1.0>
8.1468 	EXP 	pixel: fillColor = <psychopy.colors.Color: black, alpha=1.0>
8.1634 	EXP 	pixel: fillColor = <psychopy.colors.Color: white, alpha=1.0>
8.1800 	EXP 	pixel: fillColor = <psychopy.colors.Color: black, alpha=1.0>
8.1967 	EXP 	pixel: fillColor = <psychopy.colors.Color: white, alpha=1.0>
8.2135 	EXP 	pixel: fillColor = <psychopy.colors.Color: black, alpha=1.0>
8.2300 	EXP 	pixel: fillColor = <psychopy.colors.Color: white, alpha=1.0>
8.2466 	EXP 	pixel: fillColor = <psychopy.colors.Color: black, alpha=1.0>
8.2636 	EXP 	pixel: fillColor = <psychopy.colors.Color: white, alpha=1.0>
8.2802 	EXP 	pixel: fillColor = <psychopy.colors.Color: black, alpha=1.0>
8.2967 	EXP 	pixel: fillColor = <psychopy.colors.Color: white, alpha=1.0>
8.3136 	EXP 	pixel: fillColor = <psychopy.colors.Color: black, alpha=1.0>
8.3300 	EXP 	pixel: fillColor = <psychopy.colors.Color: white, alpha=1.0>
8.3467 	EXP 	pixel: fillColor = <psychopy.colors.Color: black, alpha=1.0>
8.3635 	EXP 	pixel: fillColor = <psychopy.colors.Color: white, alpha=1.0>
8.3801 	EXP 	pixel: fillColor = <psychopy.colors.Color: black, alpha=1.0>
8.3969 	EXP 	pixel: fillColor = <psychopy.colors.Color: white, alpha=1.0>
8.4135 	EXP 	pixel: fillColor = <psychopy.colors.Color: black, alpha=1.0>
8.4301 	EXP 	pixel: fillColor = <psychopy.colors.Color: white, alpha=1.0>
8.4467 	EXP 	pixel: fillColor = <psychopy.colors.Color: black, alpha=1.0>
8.4637 	EXP 	pixel: fillColor = <psychopy.colors.Color: white, alpha=1.0>
8.4864 	EXP 	pixel: fillColor = <psychopy.colors.Color: black, alpha=1.0>
8.5093 	EXP 	pixel: fillColor = <psychopy.colors.Color: white, alpha=1.0>
8.5301 	EXP 	pixel: fillColor = <psychopy.colors.Color: black, alpha=1.0>
8.5470 	EXP 	pixel: fillColor = <psychopy.colors.Color: white, alpha=1.0>
8.5634 	EXP 	pixel: fillColor = <psychopy.colors.Color: black, alpha=1.0>
8.5802 	EXP 	pixel: fillColor = <psychopy.colors.Color: white, alpha=1.0>
8.5967 	EXP 	pixel: fillColor = <psychopy.colors.Color: black, alpha=1.0>
8.6135 	EXP 	pixel: fillColor = <psychopy.colors.Color: white, alpha=1.0>
8.6301 	EXP 	pixel: fillColor = <psychopy.colors.Color: black, alpha=1.0>
8.6468 	EXP 	pixel: fillColor = <psychopy.colors.Color: white, alpha=1.0>
8.6636 	EXP 	pixel: fillColor = <psychopy.colors.Color: black, alpha=1.0>
8.6803 	EXP 	pixel: fillColor = <psychopy.colors.Color: white, alpha=1.0>
8.6969 	EXP 	pixel: fillColor = <psychopy.colors.Color: black, alpha=1.0>
8.7135 	EXP 	pixel: fillColor = <psychopy.colors.Color: white, alpha=1.0>
8.7303 	EXP 	pixel: fillColor = <psychopy.colors.Color: black, alpha=1.0>
8.7468 	EXP 	pixel: fillColor = <psychopy.colors.Color: white, alpha=1.0>
8.7636 	EXP 	pixel: fillColor = <psychopy.colors.Color: black, alpha=1.0>
8.7802 	EXP 	pixel: fillColor = <psychopy.colors.Color: white, alpha=1.0>
8.7968 	EXP 	pixel: fillColor = <psychopy.colors.Color: black, alpha=1.0>
8.8134 	EXP 	pixel: fillColor = <psychopy.colors.Color: white, alpha=1.0>
8.8303 	EXP 	pixel: fillColor = <psychopy.colors.Color: black, alpha=1.0>
8.8468 	EXP 	pixel: fillColor = <psychopy.colors.Color: white, alpha=1.0>
8.8635 	EXP 	pixel: fillColor = <psychopy.colors.Color: black, alpha=1.0>
8.8803 	EXP 	pixel: fillColor = <psychopy.colors.Color: white, alpha=1.0>
8.8969 	EXP 	pixel: fillColor = <psychopy.colors.Color: black, alpha=1.0>
8.9136 	EXP 	pixel: fillColor = <psychopy.colors.Color: white, alpha=1.0>
8.9304 	EXP 	pixel: fillColor = <psychopy.colors.Color: black, alpha=1.0>
8.9468 	EXP 	pixel: fillColor = <psychopy.colors.Color: white, alpha=1.0>
8.9637 	EXP 	pixel: fillColor = <psychopy.colors.Color: black, alpha=1.0>
8.9802 	EXP 	pixel: fillColor = <psychopy.colors.Color: white, alpha=1.0>
8.9972 	EXP 	pixel: fillColor = <psychopy.colors.Color: black, alpha=1.0>
9.0137 	EXP 	pixel: fillColor = <psychopy.colors.Color: white, alpha=1.0>
9.0304 	EXP 	pixel: fillColor = <psychopy.colors.Color: black, alpha=1.0>
9.0471 	EXP 	pixel: fillColor = <psychopy.colors.Color: white, alpha=1.0>
9.0636 	EXP 	pixel: fillColor = <psychopy.colors.Color: black, alpha=1.0>
9.0803 	EXP 	pixel: fillColor = <psychopy.colors.Color: white, alpha=1.0>
9.0972 	EXP 	pixel: fillColor = <psychopy.colors.Color: black, alpha=1.0>
9.1136 	EXP 	pixel: fillColor = <psychopy.colors.Color: white, alpha=1.0>
9.1303 	EXP 	pixel: fillColor = <psychopy.colors.Color: black, alpha=1.0>
9.1470 	EXP 	pixel: fillColor = <psychopy.colors.Color: white, alpha=1.0>
9.1636 	EXP 	pixel: fillColor = <psychopy.colors.Color: black, alpha=1.0>
9.1802 	EXP 	pixel: fillColor = <psychopy.colors.Color: white, alpha=1.0>
9.1971 	EXP 	pixel: fillColor = <psychopy.colors.Color: black, alpha=1.0>
9.2135 	EXP 	pixel: fillColor = <psychopy.colors.Color: white, alpha=1.0>
9.2304 	EXP 	pixel: fillColor = <psychopy.colors.Color: black, alpha=1.0>
9.2468 	EXP 	pixel: fillColor = <psychopy.colors.Color: white, alpha=1.0>
9.2636 	EXP 	pixel: fillColor = <psychopy.colors.Color: black, alpha=1.0>
9.2807 	EXP 	pixel: fillColor = <psychopy.colors.Color: white, alpha=1.0>
9.3036 	EXP 	pixel: fillColor = <psychopy.colors.Color: black, alpha=1.0>
9.3258 	EXP 	pixel: fillColor = <psychopy.colors.Color: white, alpha=1.0>
9.3471 	EXP 	pixel: fillColor = <psychopy.colors.Color: black, alpha=1.0>
9.3636 	EXP 	pixel: fillColor = <psychopy.colors.Color: white, alpha=1.0>
9.3803 	EXP 	pixel: fillColor = <psychopy.colors.Color: black, alpha=1.0>
9.3970 	EXP 	pixel: fillColor = <psychopy.colors.Color: white, alpha=1.0>
9.4137 	EXP 	pixel: fillColor = <psychopy.colors.Color: black, alpha=1.0>
9.4305 	EXP 	pixel: fillColor = <psychopy.colors.Color: white, alpha=1.0>
9.4470 	EXP 	pixel: fillColor = <psychopy.colors.Color: black, alpha=1.0>
9.4646 	EXP 	pixel: fillColor = <psychopy.colors.Color: white, alpha=1.0>
9.4804 	EXP 	pixel: fillColor = <psychopy.colors.Color: black, alpha=1.0>
9.4970 	EXP 	pixel: fillColor = <psychopy.colors.Color: white, alpha=1.0>
9.5140 	EXP 	pixel: fillColor = <psychopy.colors.Color: black, alpha=1.0>
9.5303 	EXP 	pixel: fillColor = <psychopy.colors.Color: white, alpha=1.0>
9.5470 	EXP 	pixel: fillColor = <psychopy.colors.Color: black, alpha=1.0>
9.5637 	EXP 	pixel: fillColor = <psychopy.colors.Color: white, alpha=1.0>
9.5805 	EXP 	pixel: fillColor = <psychopy.colors.Color: black, alpha=1.0>
9.5971 	EXP 	pixel: fillColor = <psychopy.colors.Color: white, alpha=1.0>
9.6138 	EXP 	pixel: fillColor = <psychopy.colors.Color: black, alpha=1.0>
9.6305 	EXP 	pixel: fillColor = <psychopy.colors.Color: white, alpha=1.0>
9.6469 	EXP 	pixel: fillColor = <psychopy.colors.Color: black, alpha=1.0>
9.6638 	EXP 	pixel: fillColor = <psychopy.colors.Color: white, alpha=1.0>
9.6806 	EXP 	pixel: fillColor = <psychopy.colors.Color: black, alpha=1.0>
9.6972 	EXP 	pixel: fillColor = <psychopy.colors.Color: white, alpha=1.0>
9.7138 	EXP 	pixel: fillColor = <psychopy.colors.Color: black, alpha=1.0>
9.7304 	EXP 	pixel: fillColor = <psychopy.colors.Color: white, alpha=1.0>
9.7472 	EXP 	pixel: fillColor = <psychopy.colors.Color: black, alpha=1.0>
9.7634 	EXP 	pixel: fillColor = <psychopy.colors.Color: white, alpha=1.0>
9.7808 	EXP 	pixel: fillColor = <psychopy.colors.Color: black, alpha=1.0>
9.7973 	EXP 	pixel: fillColor = <psychopy.colors.Color: white, alpha=1.0>
9.8137 	EXP 	pixel: fillColor = <psychopy.colors.Color: black, alpha=1.0>
9.8297 	EXP 	pixel: fillColor = <psychopy.colors.Color: white, alpha=1.0>
9.8464 	EXP 	pixel: fillColor = <psychopy.colors.Color: black, alpha=1.0>
9.8637 	EXP 	pixel: fillColor = <psychopy.colors.Color: white, alpha=1.0>
9.8803 	EXP 	pixel: fillColor = <psychopy.colors.Color: black, alpha=1.0>
9.8972 	EXP 	pixel: fillColor = <psychopy.colors.Color: white, alpha=1.0>
9.9138 	EXP 	pixel: fillColor = <psychopy.colors.Color: black, alpha=1.0>
9.9302 	EXP 	pixel: fillColor = <psychopy.colors.Color: white, alpha=1.0>
9.9470 	EXP 	pixel: fillColor = <psychopy.colors.Color: black, alpha=1.0>
9.9637 	EXP 	pixel: fillColor = <psychopy.colors.Color: white, alpha=1.0>
9.9799 	EXP 	pixel: fillColor = <psychopy.colors.Color: black, alpha=1.0>
9.9972 	EXP 	pixel: fillColor = <psychopy.colors.Color: white, alpha=1.0>
10.0132 	EXP 	pixel: fillColor = <psychopy.colors.Color: black, alpha=1.0>
10.0301 	EXP 	pixel: fillColor = <psychopy.colors.Color: white, alpha=1.0>
10.0474 	EXP 	pixel: fillColor = <psychopy.colors.Color: black, alpha=1.0>
10.0639 	EXP 	pixel: fillColor = <psychopy.colors.Color: white, alpha=1.0>
10.0807 	EXP 	pixel: fillColor = <psychopy.colors.Color: black, alpha=1.0>
10.0973 	EXP 	pixel: fillColor = <psychopy.colors.Color: white, alpha=1.0>
10.1198 	EXP 	pixel: fillColor = <psychopy.colors.Color: black, alpha=1.0>
10.1426 	EXP 	pixel: fillColor = <psychopy.colors.Color: white, alpha=1.0>
10.1640 	EXP 	pixel: fillColor = <psychopy.colors.Color: black, alpha=1.0>
10.1806 	EXP 	pixel: fillColor = <psychopy.colors.Color: white, alpha=1.0>
10.1973 	EXP 	pixel: fillColor = <psychopy.colors.Color: black, alpha=1.0>
10.2140 	EXP 	pixel: fillColor = <psychopy.colors.Color: white, alpha=1.0>
10.2306 	EXP 	pixel: fillColor = <psychopy.colors.Color: black, alpha=1.0>
10.2474 	EXP 	pixel: fillColor = <psychopy.colors.Color: white, alpha=1.0>
10.2638 	EXP 	pixel: fillColor = <psychopy.colors.Color: black, alpha=1.0>
10.2808 	EXP 	pixel: fillColor = <psychopy.colors.Color: white, alpha=1.0>
10.2973 	EXP 	pixel: fillColor = <psychopy.colors.Color: black, alpha=1.0>
10.3140 	EXP 	pixel: fillColor = <psychopy.colors.Color: white, alpha=1.0>
10.3305 	EXP 	pixel: fillColor = <psychopy.colors.Color: black, alpha=1.0>
10.3473 	EXP 	pixel: fillColor = <psychopy.colors.Color: white, alpha=1.0>
10.3642 	EXP 	pixel: fillColor = <psychopy.colors.Color: black, alpha=1.0>
10.3807 	EXP 	pixel: fillColor = <psychopy.colors.Color: white, alpha=1.0>
10.3975 	EXP 	pixel: fillColor = <psychopy.colors.Color: black, alpha=1.0>
10.4140 	EXP 	pixel: fillColor = <psychopy.colors.Color: white, alpha=1.0>
10.4306 	EXP 	pixel: fillColor = <psychopy.colors.Color: black, alpha=1.0>
10.4474 	EXP 	pixel: fillColor = <psychopy.colors.Color: white, alpha=1.0>
10.4644 	EXP 	pixel: fillColor = <psychopy.colors.Color: black, alpha=1.0>
10.4808 	EXP 	pixel: fillColor = <psychopy.colors.Color: white, alpha=1.0>
10.4974 	EXP 	pixel: fillColor = <psychopy.colors.Color: black, alpha=1.0>
10.5139 	EXP 	pixel: fillColor = <psychopy.colors.Color: white, alpha=1.0>
10.5307 	EXP 	pixel: fillColor = <psychopy.colors.Color: black, alpha=1.0>
10.5475 	EXP 	pixel: fillColor = <psychopy.colors.Color: white, alpha=1.0>
10.5640 	EXP 	pixel: fillColor = <psychopy.colors.Color: black, alpha=1.0>
10.5808 	EXP 	pixel: fillColor = <psychopy.colors.Color: white, alpha=1.0>
10.5976 	EXP 	pixel: fillColor = <psychopy.colors.Color: black, alpha=1.0>
10.6141 	EXP 	pixel: fillColor = <psychopy.colors.Color: white, alpha=1.0>
10.6307 	EXP 	pixel: fillColor = <psychopy.colors.Color: black, alpha=1.0>
10.6475 	EXP 	pixel: fillColor = <psychopy.colors.Color: white, alpha=1.0>
10.6640 	EXP 	pixel: fillColor = <psychopy.colors.Color: black, alpha=1.0>
10.6809 	EXP 	pixel: fillColor = <psychopy.colors.Color: white, alpha=1.0>
10.6973 	EXP 	pixel: fillColor = <psychopy.colors.Color: black, alpha=1.0>
10.7141 	EXP 	pixel: fillColor = <psychopy.colors.Color: white, alpha=1.0>
10.7308 	EXP 	pixel: fillColor = <psychopy.colors.Color: black, alpha=1.0>
10.7474 	EXP 	pixel: fillColor = <psychopy.colors.Color: white, alpha=1.0>
10.7641 	EXP 	pixel: fillColor = <psychopy.colors.Color: black, alpha=1.0>
10.7808 	EXP 	pixel: fillColor = <psychopy.colors.Color: white, alpha=1.0>
10.7975 	EXP 	pixel: fillColor = <psychopy.colors.Color: black, alpha=1.0>
10.8144 	EXP 	pixel: fillColor = <psychopy.colors.Color: white, alpha=1.0>
10.8309 	EXP 	pixel: fillColor = <psychopy.colors.Color: black, alpha=1.0>
10.8473 	EXP 	pixel: fillColor = <psychopy.colors.Color: white, alpha=1.0>
10.8642 	EXP 	pixel: fillColor = <psychopy.colors.Color: black, alpha=1.0>
10.8810 	EXP 	pixel: fillColor = <psychopy.colors.Color: white, alpha=1.0>
10.8974 	EXP 	pixel: fillColor = <psychopy.colors.Color: black, alpha=1.0>
10.9142 	EXP 	pixel: fillColor = <psychopy.colors.Color: white, alpha=1.0>
10.9366 	EXP 	pixel: fillColor = <psychopy.colors.Color: black, alpha=1.0>
10.9507 	EXP 	pixel: fillColor = <psychopy.colors.Color: white, alpha=1.0>
10.9652 	EXP 	pixel: fillColor = <psychopy.colors.Color: black, alpha=1.0>
10.9808 	EXP 	pixel: fillColor = <psychopy.colors.Color: white, alpha=1.0>
10.9974 	EXP 	pixel: fillColor = <psychopy.colors.Color: black, alpha=1.0>
11.0143 	EXP 	pixel: fillColor = <psychopy.colors.Color: white, alpha=1.0>
11.0309 	EXP 	pixel: fillColor = <psychopy.colors.Color: black, alpha=1.0>
11.0473 	EXP 	pixel: fillColor = <psychopy.colors.Color: white, alpha=1.0>
11.0641 	EXP 	pixel: fillColor = <psychopy.colors.Color: black, alpha=1.0>
11.0808 	EXP 	pixel: fillColor = <psychopy.colors.Color: white, alpha=1.0>
11.0983 	EXP 	pixel: fillColor = <psychopy.colors.Color: black, alpha=1.0>
11.1143 	EXP 	pixel: fillColor = <psychopy.colors.Color: white, alpha=1.0>
11.1307 	EXP 	pixel: fillColor = <psychopy.colors.Color: black, alpha=1.0>
11.1476 	EXP 	pixel: fillColor = <psychopy.colors.Color: white, alpha=1.0>
11.1643 	EXP 	pixel: fillColor = <psychopy.colors.Color: black, alpha=1.0>
11.1809 	EXP 	pixel: fillColor = <psychopy.colors.Color: white, alpha=1.0>
11.1979 	EXP 	pixel: fillColor = <psychopy.colors.Color: black, alpha=1.0>
11.2141 	EXP 	pixel: fillColor = <psychopy.colors.Color: white, alpha=1.0>
11.2310 	EXP 	pixel: fillColor = <psychopy.colors.Color: black, alpha=1.0>
11.2477 	EXP 	pixel: fillColor = <psychopy.colors.Color: white, alpha=1.0>
11.2643 	EXP 	pixel: fillColor = <psychopy.colors.Color: black, alpha=1.0>
11.2811 	EXP 	pixel: fillColor = <psychopy.colors.Color: white, alpha=1.0>
11.2975 	EXP 	pixel: fillColor = <psychopy.colors.Color: black, alpha=1.0>
11.3144 	EXP 	pixel: fillColor = <psychopy.colors.Color: white, alpha=1.0>
11.3310 	EXP 	pixel: fillColor = <psychopy.colors.Color: black, alpha=1.0>
11.3476 	EXP 	pixel: fillColor = <psychopy.colors.Color: white, alpha=1.0>
11.3644 	EXP 	pixel: fillColor = <psychopy.colors.Color: black, alpha=1.0>
11.3811 	EXP 	pixel: fillColor = <psychopy.colors.Color: white, alpha=1.0>
11.3975 	EXP 	pixel: fillColor = <psychopy.colors.Color: black, alpha=1.0>
11.4143 	EXP 	pixel: fillColor = <psychopy.colors.Color: white, alpha=1.0>
11.4313 	EXP 	pixel: fillColor = <psychopy.colors.Color: black, alpha=1.0>
11.4476 	EXP 	pixel: fillColor = <psychopy.colors.Color: white, alpha=1.0>
11.4645 	EXP 	pixel: fillColor = <psychopy.colors.Color: black, alpha=1.0>
11.4811 	EXP 	pixel: fillColor = <psychopy.colors.Color: white, alpha=1.0>
11.4976 	EXP 	pixel: fillColor = <psychopy.colors.Color: black, alpha=1.0>
11.5145 	EXP 	pixel: fillColor = <psychopy.colors.Color: white, alpha=1.0>
11.5308 	EXP 	pixel: fillColor = <psychopy.colors.Color: black, alpha=1.0>
11.5479 	EXP 	pixel: fillColor = <psychopy.colors.Color: white, alpha=1.0>
11.5645 	EXP 	pixel: fillColor = <psychopy.colors.Color: black, alpha=1.0>
11.5810 	EXP 	pixel: fillColor = <psychopy.colors.Color: white, alpha=1.0>
11.5980 	EXP 	pixel: fillColor = <psychopy.colors.Color: black, alpha=1.0>
11.6143 	EXP 	pixel: fillColor = <psychopy.colors.Color: white, alpha=1.0>
11.6317 	EXP 	pixel: fillColor = <psychopy.colors.Color: black, alpha=1.0>
11.6478 	EXP 	pixel: fillColor = <psychopy.colors.Color: white, alpha=1.0>
11.6643 	EXP 	pixel: fillColor = <psychopy.colors.Color: black, alpha=1.0>
11.6810 	EXP 	pixel: fillColor = <psychopy.colors.Color: white, alpha=1.0>
11.6979 	EXP 	pixel: fillColor = <psychopy.colors.Color: black, alpha=1.0>
11.7143 	EXP 	pixel: fillColor = <psychopy.colors.Color: white, alpha=1.0>
11.7363 	EXP 	pixel: fillColor = <psychopy.colors.Color: black, alpha=1.0>
11.7502 	EXP 	pixel: fillColor = <psychopy.colors.Color: white, alpha=1.0>
11.7651 	EXP 	pixel: fillColor = <psychopy.colors.Color: black, alpha=1.0>
11.7813 	EXP 	pixel: fillColor = <psychopy.colors.Color: white, alpha=1.0>
11.7977 	EXP 	pixel: fillColor = <psychopy.colors.Color: black, alpha=1.0>
11.8145 	EXP 	pixel: fillColor = <psychopy.colors.Color: white, alpha=1.0>
11.8313 	EXP 	pixel: fillColor = <psychopy.colors.Color: black, alpha=1.0>
11.8477 	EXP 	pixel: fillColor = <psychopy.colors.Color: white, alpha=1.0>
11.8645 	EXP 	pixel: fillColor = <psychopy.colors.Color: black, alpha=1.0>
11.8812 	EXP 	pixel: fillColor = <psychopy.colors.Color: white, alpha=1.0>
11.8976 	EXP 	pixel: fillColor = <psychopy.colors.Color: black, alpha=1.0>
11.9145 	EXP 	pixel: fillColor = <psychopy.colors.Color: white, alpha=1.0>
11.9313 	EXP 	pixel: fillColor = <psychopy.colors.Color: black, alpha=1.0>
11.9479 	EXP 	pixel: fillColor = <psychopy.colors.Color: white, alpha=1.0>
11.9647 	EXP 	pixel: fillColor = <psychopy.colors.Color: black, alpha=1.0>
11.9811 	EXP 	pixel: fillColor = <psychopy.colors.Color: white, alpha=1.0>
11.9977 	EXP 	pixel: fillColor = <psychopy.colors.Color: black, alpha=1.0>
12.0143 	EXP 	pixel: fillColor = <psychopy.colors.Color: white, alpha=1.0>
12.0311 	EXP 	pixel: fillColor = <psychopy.colors.Color: black, alpha=1.0>
12.0478 	EXP 	pixel: fillColor = <psychopy.colors.Color: white, alpha=1.0>
12.0644 	EXP 	pixel: fillColor = <psychopy.colors.Color: black, alpha=1.0>
12.0813 	EXP 	pixel: fillColor = <psychopy.colors.Color: white, alpha=1.0>
12.0981 	EXP 	pixel: fillColor = <psychopy.colors.Color: black, alpha=1.0>
12.1146 	EXP 	pixel: fillColor = <psychopy.colors.Color: white, alpha=1.0>
12.1312 	EXP 	pixel: fillColor = <psychopy.colors.Color: black, alpha=1.0>
12.1480 	EXP 	pixel: fillColor = <psychopy.colors.Color: white, alpha=1.0>
12.1648 	EXP 	pixel: fillColor = <psychopy.colors.Color: black, alpha=1.0>
12.1812 	EXP 	pixel: fillColor = <psychopy.colors.Color: white, alpha=1.0>
12.1979 	EXP 	pixel: fillColor = <psychopy.colors.Color: black, alpha=1.0>
12.2145 	EXP 	pixel: fillColor = <psychopy.colors.Color: white, alpha=1.0>
12.2311 	EXP 	pixel: fillColor = <psychopy.colors.Color: black, alpha=1.0>
12.2480 	EXP 	pixel: fillColor = <psychopy.colors.Color: white, alpha=1.0>
12.2647 	EXP 	pixel: fillColor = <psychopy.colors.Color: black, alpha=1.0>
12.2814 	EXP 	pixel: fillColor = <psychopy.colors.Color: white, alpha=1.0>
12.2982 	EXP 	pixel: fillColor = <psychopy.colors.Color: black, alpha=1.0>
12.3146 	EXP 	pixel: fillColor = <psychopy.colors.Color: white, alpha=1.0>
12.3314 	EXP 	pixel: fillColor = <psychopy.colors.Color: black, alpha=1.0>
12.3481 	EXP 	pixel: fillColor = <psychopy.colors.Color: white, alpha=1.0>
12.3646 	EXP 	pixel: fillColor = <psychopy.colors.Color: black, alpha=1.0>
12.3813 	EXP 	pixel: fillColor = <psychopy.colors.Color: white, alpha=1.0>
12.3979 	EXP 	pixel: fillColor = <psychopy.colors.Color: black, alpha=1.0>
12.4146 	EXP 	pixel: fillColor = <psychopy.colors.Color: white, alpha=1.0>
12.4314 	EXP 	pixel: fillColor = <psychopy.colors.Color: black, alpha=1.0>
12.4479 	EXP 	pixel: fillColor = <psychopy.colors.Color: white, alpha=1.0>
12.4645 	EXP 	pixel: fillColor = <psychopy.colors.Color: black, alpha=1.0>
12.4815 	EXP 	pixel: fillColor = <psychopy.colors.Color: white, alpha=1.0>
12.4979 	EXP 	pixel: fillColor = <psychopy.colors.Color: black, alpha=1.0>
12.5147 	EXP 	pixel: fillColor = <psychopy.colors.Color: white, alpha=1.0>
12.5371 	EXP 	pixel: fillColor = <psychopy.colors.Color: black, alpha=1.0>
12.5510 	EXP 	pixel: fillColor = <psychopy.colors.Color: white, alpha=1.0>
12.5654 	EXP 	pixel: fillColor = <psychopy.colors.Color: black, alpha=1.0>
12.5812 	EXP 	pixel: fillColor = <psychopy.colors.Color: white, alpha=1.0>
12.5981 	EXP 	pixel: fillColor = <psychopy.colors.Color: black, alpha=1.0>
12.6146 	EXP 	pixel: fillColor = <psychopy.colors.Color: white, alpha=1.0>
12.6314 	EXP 	pixel: fillColor = <psychopy.colors.Color: black, alpha=1.0>
12.6482 	EXP 	pixel: fillColor = <psychopy.colors.Color: white, alpha=1.0>
12.6648 	EXP 	pixel: fillColor = <psychopy.colors.Color: black, alpha=1.0>
12.6811 	EXP 	pixel: fillColor = <psychopy.colors.Color: white, alpha=1.0>
12.6980 	EXP 	pixel: fillColor = <psychopy.colors.Color: black, alpha=1.0>
12.7147 	EXP 	pixel: fillColor = <psychopy.colors.Color: white, alpha=1.0>
12.7313 	EXP 	pixel: fillColor = <psychopy.colors.Color: black, alpha=1.0>
12.7481 	EXP 	pixel: fillColor = <psychopy.colors.Color: white, alpha=1.0>
12.7647 	EXP 	pixel: fillColor = <psychopy.colors.Color: black, alpha=1.0>
12.7816 	EXP 	pixel: fillColor = <psychopy.colors.Color: white, alpha=1.0>
12.7978 	EXP 	pixel: fillColor = <psychopy.colors.Color: black, alpha=1.0>
12.8148 	EXP 	pixel: fillColor = <psychopy.colors.Color: white, alpha=1.0>
12.8315 	EXP 	pixel: fillColor = <psychopy.colors.Color: black, alpha=1.0>
12.8480 	EXP 	pixel: fillColor = <psychopy.colors.Color: white, alpha=1.0>
12.8648 	EXP 	pixel: fillColor = <psychopy.colors.Color: black, alpha=1.0>
12.8815 	EXP 	pixel: fillColor = <psychopy.colors.Color: white, alpha=1.0>
12.8980 	EXP 	pixel: fillColor = <psychopy.colors.Color: black, alpha=1.0>
12.9147 	EXP 	pixel: fillColor = <psychopy.colors.Color: white, alpha=1.0>
12.9315 	EXP 	pixel: fillColor = <psychopy.colors.Color: black, alpha=1.0>
12.9482 	EXP 	pixel: fillColor = <psychopy.colors.Color: white, alpha=1.0>
12.9647 	EXP 	pixel: fillColor = <psychopy.colors.Color: black, alpha=1.0>
12.9816 	EXP 	pixel: fillColor = <psychopy.colors.Color: white, alpha=1.0>
12.9980 	EXP 	pixel: fillColor = <psychopy.colors.Color: black, alpha=1.0>
13.0147 	EXP 	pixel: fillColor = <psychopy.colors.Color: white, alpha=1.0>
13.0315 	EXP 	pixel: fillColor = <psychopy.colors.Color: black, alpha=1.0>
13.0480 	EXP 	pixel: fillColor = <psychopy.colors.Color: white, alpha=1.0>
13.0649 	EXP 	pixel: fillColor = <psychopy.colors.Color: black, alpha=1.0>
13.0816 	EXP 	pixel: fillColor = <psychopy.colors.Color: white, alpha=1.0>
13.0982 	EXP 	pixel: fillColor = <psychopy.colors.Color: black, alpha=1.0>
13.1149 	EXP 	pixel: fillColor = <psychopy.colors.Color: white, alpha=1.0>
13.1315 	EXP 	pixel: fillColor = <psychopy.colors.Color: black, alpha=1.0>
13.1483 	EXP 	pixel: fillColor = <psychopy.colors.Color: white, alpha=1.0>
13.1648 	EXP 	pixel: fillColor = <psychopy.colors.Color: black, alpha=1.0>
13.1815 	EXP 	pixel: fillColor = <psychopy.colors.Color: white, alpha=1.0>
13.1981 	EXP 	pixel: fillColor = <psychopy.colors.Color: black, alpha=1.0>
13.2150 	EXP 	pixel: fillColor = <psychopy.colors.Color: white, alpha=1.0>
13.2314 	EXP 	pixel: fillColor = <psychopy.colors.Color: black, alpha=1.0>
13.2481 	EXP 	pixel: fillColor = <psychopy.colors.Color: white, alpha=1.0>
13.2649 	EXP 	pixel: fillColor = <psychopy.colors.Color: black, alpha=1.0>
13.2815 	EXP 	pixel: fillColor = <psychopy.colors.Color: white, alpha=1.0>
13.2984 	EXP 	pixel: fillColor = <psychopy.colors.Color: black, alpha=1.0>
13.3150 	EXP 	pixel: fillColor = <psychopy.colors.Color: white, alpha=1.0>
13.3381 	EXP 	pixel: fillColor = <psychopy.colors.Color: black, alpha=1.0>
13.3605 	EXP 	pixel: fillColor = <psychopy.colors.Color: white, alpha=1.0>
13.3817 	EXP 	pixel: fillColor = <psychopy.colors.Color: black, alpha=1.0>
13.3984 	EXP 	pixel: fillColor = <psychopy.colors.Color: white, alpha=1.0>
13.4150 	EXP 	pixel: fillColor = <psychopy.colors.Color: black, alpha=1.0>
13.4316 	EXP 	pixel: fillColor = <psychopy.colors.Color: white, alpha=1.0>
13.4484 	EXP 	pixel: fillColor = <psychopy.colors.Color: black, alpha=1.0>
13.4652 	EXP 	pixel: fillColor = <psychopy.colors.Color: white, alpha=1.0>
13.4823 	EXP 	pixel: fillColor = <psychopy.colors.Color: black, alpha=1.0>
13.4984 	EXP 	pixel: fillColor = <psychopy.colors.Color: white, alpha=1.0>
13.5149 	EXP 	pixel: fillColor = <psychopy.colors.Color: black, alpha=1.0>
13.5316 	EXP 	pixel: fillColor = <psychopy.colors.Color: white, alpha=1.0>
13.5484 	EXP 	pixel: fillColor = <psychopy.colors.Color: black, alpha=1.0>
13.5649 	EXP 	pixel: fillColor = <psychopy.colors.Color: white, alpha=1.0>
13.5815 	EXP 	pixel: fillColor = <psychopy.colors.Color: black, alpha=1.0>
13.5985 	EXP 	pixel: fillColor = <psychopy.colors.Color: white, alpha=1.0>
13.6151 	EXP 	pixel: fillColor = <psychopy.colors.Color: black, alpha=1.0>
13.6316 	EXP 	pixel: fillColor = <psychopy.colors.Color: white, alpha=1.0>
13.6485 	EXP 	pixel: fillColor = <psychopy.colors.Color: black, alpha=1.0>
13.6651 	EXP 	pixel: fillColor = <psychopy.colors.Color: white, alpha=1.0>
13.6816 	EXP 	pixel: fillColor = <psychopy.colors.Color: black, alpha=1.0>
13.6985 	EXP 	pixel: fillColor = <psychopy.colors.Color: white, alpha=1.0>
13.7149 	EXP 	pixel: fillColor = <psychopy.colors.Color: black, alpha=1.0>
13.7317 	EXP 	pixel: fillColor = <psychopy.colors.Color: white, alpha=1.0>
13.7485 	EXP 	pixel: fillColor = <psychopy.colors.Color: black, alpha=1.0>
13.7652 	EXP 	pixel: fillColor = <psychopy.colors.Color: white, alpha=1.0>
13.7818 	EXP 	pixel: fillColor = <psychopy.colors.Color: black, alpha=1.0>
13.7984 	EXP 	pixel: fillColor = <psychopy.colors.Color: white, alpha=1.0>
13.8150 	EXP 	pixel: fillColor = <psychopy.colors.Color: black, alpha=1.0>
13.8319 	EXP 	pixel: fillColor = <psychopy.colors.Color: white, alpha=1.0>
13.8483 	EXP 	pixel: fillColor = <psychopy.colors.Color: black, alpha=1.0>
13.8649 	EXP 	pixel: fillColor = <psychopy.colors.Color: white, alpha=1.0>
13.8818 	EXP 	pixel: fillColor = <psychopy.colors.Color: black, alpha=1.0>
13.8982 	EXP 	pixel: fillColor = <psychopy.colors.Color: white, alpha=1.0>
13.9151 	EXP 	pixel: fillColor = <psychopy.colors.Color: black, alpha=1.0>
13.9319 	EXP 	pixel: fillColor = <psychopy.colors.Color: white, alpha=1.0>
13.9483 	EXP 	pixel: fillColor = <psychopy.colors.Color: black, alpha=1.0>
13.9653 	EXP 	pixel: fillColor = <psychopy.colors.Color: white, alpha=1.0>
13.9818 	EXP 	pixel: fillColor = <psychopy.colors.Color: black, alpha=1.0>
13.9984 	EXP 	pixel: fillColor = <psychopy.colors.Color: white, alpha=1.0>
14.0152 	EXP 	pixel: fillColor = <psychopy.colors.Color: black, alpha=1.0>
14.0317 	EXP 	pixel: fillColor = <psychopy.colors.Color: white, alpha=1.0>
14.0485 	EXP 	pixel: fillColor = <psychopy.colors.Color: black, alpha=1.0>
14.0654 	EXP 	pixel: fillColor = <psychopy.colors.Color: white, alpha=1.0>
14.0818 	EXP 	pixel: fillColor = <psychopy.colors.Color: black, alpha=1.0>
14.0985 	EXP 	pixel: fillColor = <psychopy.colors.Color: white, alpha=1.0>
14.1150 	EXP 	pixel: fillColor = <psychopy.colors.Color: black, alpha=1.0>
14.1318 	EXP 	pixel: fillColor = <psychopy.colors.Color: white, alpha=1.0>
14.1573 	EXP 	pixel: fillColor = <psychopy.colors.Color: black, alpha=1.0>
14.1573 	EXP 	gradcpt_image: autoDraw = False
14.1573 	EXP 	pixel: autoDraw = False
14.1573 	EXP 	debrief_text: height = 0.03
14.1573 	EXP 	debrief_text: height = 0.03
14.1573 	EXP 	debrief_text: height = 0.03
14.1573 	EXP 	debrief_text: text = 'Some debriefing text.'
14.1573 	EXP 	debrief_text: autoDraw = True
16.5684 	DATA 	Keypress: space
16.5825 	EXP 	debrief_text: autoDraw = False
16.5825 	EXP 	thanks_text: autoDraw = True
16.7671 	DATA 	Keypress: space
16.9172 	DATA 	Keypress: space
17.0672 	DATA 	Keypress: space
21.5843 	EXP 	thanks_text: autoDraw = False
21.5844 	EXP 	gradcptpy: status = STOPPED
21.7539 	EXP 	window1: mouseVisible = True
