12.4443 	DEBUG 	Fullscreen settings ignored as running in pilot mode.
12.4478 	INFO 	Loaded monitor calibration from ['2024_09_16 16:06']
12.8605 	EXP 	Created window1 = Window(allowGUI=True, allowStencil=False, autoLog=True, backendConf=UNKNOWN, backgroundFit=<method-wrapper '__getattribute__' of attributeSetter object at 0x00000212CFA917E0>, backgroundImage=<method-wrapper '__getattribute__' of attributeSetter object at 0x00000212CFA91780>, bitsMode=UNKNOWN, blendMode='avg', bpc=(8, 8, 8), color=array([0, 0, 0]), colorSpace='rgb', depthBits=8, fullscr=<method-wrapper '__getattribute__' of attributeSetter object at 0x00000212CFA915D0>, gamma=None, gammaErrorPolicy='raise', infoMsg=UNKNOWN, lms=UNKNOWN, monitor=<psychopy.monitors.calibTools.Monitor object at 0x00000212D0905360>, multiSample=False, name='window1', numSamples=2, pos=[560.0, 240.0], screen=0, size=array([800, 600]), stencilBits=0, stereo=False, title='PsychoPy', units='height', useFBO=True, useRetina=False, viewOri=0.0, viewPos=None, viewScale=None, waitBlanking=True, winType='pyglet')
12.8606 	EXP 	window1: backgroundImage = ''
12.8606 	EXP 	window1: backgroundFit = 'none'
12.8608 	EXP 	window1: mouseVisible = <method-wrapper '__getattribute__' of attributeSetter object at 0x00000212CFA91900>
12.8610 	EXP 	window1: mouseVisible = <method-wrapper '__getattribute__' of attributeSetter object at 0x00000212CFA91900>
12.8673 	EXP 	window1: mouseVisible = <method-wrapper '__getattribute__' of attributeSetter object at 0x00000212CFA91900>
12.8680 	EXP 	window1: mouseVisible = <method-wrapper '__getattribute__' of attributeSetter object at 0x00000212CFA91900>
12.8761 	DEBUG 	TextBox2 loaded 1 chars with 0 blanks and 1 valid
12.8777 	DEBUG 	TextBox2 loaded 1 chars with 0 blanks and 1 valid
12.8792 	DEBUG 	TextBox2 loaded 1 chars with 0 blanks and 1 valid
12.8814 	DEBUG 	TextBox2 loaded 1 chars with 0 blanks and 1 valid
12.8833 	DEBUG 	TextBox2 loaded 1 chars with 0 blanks and 1 valid
12.8845 	DEBUG 	TextBox2 loaded 1 chars with 0 blanks and 1 valid
12.8861 	DEBUG 	TextBox2 loaded 1 chars with 0 blanks and 1 valid
12.8880 	DEBUG 	TextBox2 loaded 1 chars with 0 blanks and 1 valid
12.8891 	DEBUG 	TextBox2 loaded 1 chars with 0 blanks and 1 valid
12.8902 	DEBUG 	TextBox2 loaded 1 chars with 0 blanks and 1 valid
12.8917 	DEBUG 	TextBox2 loaded 1 chars with 0 blanks and 1 valid
12.8933 	DEBUG 	TextBox2 loaded 1 chars with 0 blanks and 1 valid
12.8948 	DEBUG 	TextBox2 loaded 1 chars with 0 blanks and 1 valid
12.8964 	DEBUG 	TextBox2 loaded 1 chars with 0 blanks and 1 valid
12.8977 	DEBUG 	TextBox2 loaded 1 chars with 0 blanks and 1 valid
12.8993 	DEBUG 	TextBox2 loaded 1 chars with 0 blanks and 1 valid
12.9009 	DEBUG 	TextBox2 loaded 1 chars with 0 blanks and 1 valid
12.9022 	DEBUG 	TextBox2 loaded 1 chars with 0 blanks and 1 valid
12.9034 	DEBUG 	TextBox2 loaded 1 chars with 0 blanks and 1 valid
12.9053 	DEBUG 	TextBox2 loaded 1 chars with 0 blanks and 1 valid
12.9065 	DEBUG 	TextBox2 loaded 1 chars with 0 blanks and 1 valid
12.9069 	DEBUG 	Uploading Texture Font fontname to graphics card
12.9145 	DEBUG 	Upload of Texture Font fontname complete
12.9163 	EXP 	window1: mouseVisible = <method-wrapper '__getattribute__' of attributeSetter object at 0x00000212CFA91900>
12.9164 	EXP 	window1: mouseVisible = <method-wrapper '__getattribute__' of attributeSetter object at 0x00000212CFA91900>
12.9172 	EXP 	window1: mouseVisible = <method-wrapper '__getattribute__' of attributeSetter object at 0x00000212CFA91900>
12.9180 	EXP 	window1: mouseVisible = <method-wrapper '__getattribute__' of attributeSetter object at 0x00000212CFA91900>
12.9243 	DEBUG 	TextBox2 loaded 1 chars with 0 blanks and 1 valid
12.9262 	DEBUG 	TextBox2 loaded 1 chars with 0 blanks and 1 valid
12.9280 	DEBUG 	TextBox2 loaded 1 chars with 0 blanks and 1 valid
12.9283 	DEBUG 	Uploading Texture Font fontname to graphics card
12.9342 	DEBUG 	Upload of Texture Font fontname complete
12.9366 	EXP 	window1: Attempting to measure frame rate of screen (0) ...
12.9366 	EXP 	window1: recordFrameIntervals = False
13.1372 	EXP 	window1: recordFrameIntervals = True
13.1705 	WARNING 	t of last frame was 20.32ms (=1/49)
13.2041 	WARNING 	t of last frame was 20.65ms (=1/48)
13.2374 	WARNING 	t of last frame was 20.34ms (=1/49)
13.3874 	WARNING 	t of last frame was 20.23ms (=1/49)
13.4207 	WARNING 	Multiple dropped frames have occurred - I'll stop bothering you about them!
13.7173 	EXP 	Screen (0) actual frame rate measured at 60.01Hz
13.7173 	EXP 	window1: recordFrameIntervals = False
13.7174 	EXP 	window1: mouseVisible = False
13.7178 	EXP 	window1: mouseVisible = False
13.7179 	EXP 	window1: mouseVisible = False
13.7188 	EXP 	window1: mouseVisible = False
13.7196 	EXP 	window1: mouseVisible = False
13.7270 	DEBUG 	TextBox2 loaded 1 chars with 0 blanks and 1 valid
13.7284 	DEBUG 	TextBox2 loaded 1 chars with 0 blanks and 1 valid
13.7303 	DEBUG 	TextBox2 loaded 1 chars with 0 blanks and 1 valid
13.7329 	DEBUG 	TextBox2 loaded 1 chars with 0 blanks and 1 valid
13.7350 	DEBUG 	TextBox2 loaded 1 chars with 0 blanks and 1 valid
13.7370 	DEBUG 	TextBox2 loaded 1 chars with 0 blanks and 1 valid
13.7383 	DEBUG 	TextBox2 loaded 1 chars with 0 blanks and 1 valid
13.7402 	DEBUG 	TextBox2 loaded 1 chars with 0 blanks and 1 valid
13.7420 	DEBUG 	TextBox2 loaded 1 chars with 0 blanks and 1 valid
13.7444 	DEBUG 	TextBox2 loaded 1 chars with 0 blanks and 1 valid
13.7448 	DEBUG 	Uploading Texture Font fontname to graphics card
13.7456 	DEBUG 	Upload of Texture Font fontname complete
13.7476 	EXP 	window1: mouseVisible = False
13.7478 	EXP 	window1: mouseVisible = False
13.7485 	EXP 	window1: mouseVisible = False
13.7492 	EXP 	window1: mouseVisible = False
13.7786 	WARNING 	launchHubServer: If using the iohub mouse or eyetracker devices, fullScr should be True.
18.5498 	INFO 	keyboard.Keyboard is using iohub backend.
18.5499 	INFO 	keyboard.Keyboard is using iohub backend.
18.5500 	INFO 	keyboard.Keyboard is using iohub backend.
18.5500 	INFO 	keyboard.Keyboard is using iohub backend.
18.5500 	EXP 	gradcptpy: status = STARTED
18.6691 	EXP 	window1: mouseVisible = False
18.7827 	EXP 	Created frame_rate_prompt = TextStim(__class__=<class 'psychopy.visual.text.TextStim'>, alignHoriz=method-wrapper(...), alignText='center', alignVert=method-wrapper(...), anchorHoriz='center', anchorVert='center', antialias=True, autoDraw=False, autoLog=True, bold=False, color=array([-1., -1., -1.]), colorSpace='rgb', contrast=1.0, depth=-2.0, draggable=False, flipHoriz=False, flipVert=False, font='Open Sans', fontFiles=[], height=0.05, italic=False, languageStyle='LTR', name='frame_rate_prompt', opacity=1, ori=0.0, pos=array([0., 0.]), rgb=UNKNOWN, text='Trying to estimate frame rate....', units='height', win=Window(...), wrapWidth=1)
18.7828 	EXP 	window1: mouseVisible = False
18.8064 	EXP 	Created welcome_text = TextStim(__class__=<class 'psychopy.visual.text.TextStim'>, alignHoriz=method-wrapper(...), alignText='center', alignVert=method-wrapper(...), anchorHoriz='center', anchorVert='center', antialias=True, autoDraw=False, autoLog=True, bold=False, color=array([-1., -1., -1.]), colorSpace='rgb', contrast=1.0, depth=-1.0, draggable=False, flipHoriz=False, flipVert=False, font='Open Sans', fontFiles=[], height=0.05, italic=False, languageStyle='LTR', name='welcome_text', opacity=1, ori=0.0, pos=array([0., 0.]), rgb=UNKNOWN, text=str(...), units='height', win=Window(...), wrapWidth=1)
18.8065 	EXP 	window1: mouseVisible = False
18.8078 	EXP 	Created gradcpt_prep_text = TextStim(__class__=<class 'psychopy.visual.text.TextStim'>, alignHoriz=method-wrapper(...), alignText='center', alignVert=method-wrapper(...), anchorHoriz='center', anchorVert='center', antialias=True, autoDraw=False, autoLog=True, bold=False, color=array([-1., -1., -1.]), colorSpace='rgb', contrast=1.0, depth=-1.0, draggable=False, flipHoriz=False, flipVert=False, font='Open Sans', fontFiles=[], height=0.03, italic=False, languageStyle='LTR', name='gradcpt_prep_text', opacity=1, ori=0.0, pos=array([0., 0.]), rgb=UNKNOWN, text='', units='height', win=Window(...), wrapWidth=1)
18.8079 	EXP 	window1: mouseVisible = False
18.8146 	EXP 	Created gradcpt_image = ImageStim(__class__=<class 'psychopy.visual.image.ImageStim'>, anchor=('center', 'center'), autoLog=True, color=array([1., 1., 1.]), colorSpace='rgb', contrast=1.0, depth=-1.0, draggable=False, flipHoriz=False, flipVert=False, image='default.png', interpolate=True, mask=None, maskParams=None, name='gradcpt_image', opacity=1, ori=0.0, pos=array([0., 0.]), size=array([0.5, 0.5]), texRes=128.0, units='height', win=Window(...))
18.8147 	EXP 	window1: mouseVisible = False
18.8164 	EXP 	Created pixel = Rect(__class__=<class 'psychopy.visual.rect.Rect'>, anchor=('left', 'bottom'), autoDraw=False, autoLog=True, closeShape=True, color=method-wrapper(...), colorSpace='rgb', contrast=None, depth=-2.0, draggable=False, fillColor=array([1, 1, 1]), fillColorSpace='rgb', fillRGB=array([1, 1, 1]), interpolate=True, lineColor=array([1., 1., 1.]), lineColorSpace='rgb', lineRGB=array([1, 1, 1]), lineWidth=0.0, name='pixel', opacity=1, ori=0.0, pos=array([-0.5, -0.5]), size=array([0.05, 0.05]), units='height', vertices=ndarray(...), win=Window(...))
18.8165 	EXP 	window1: mouseVisible = False
18.8174 	EXP 	Created debrief_text = TextStim(__class__=<class 'psychopy.visual.text.TextStim'>, alignHoriz=method-wrapper(...), alignText='center', alignVert=method-wrapper(...), anchorHoriz='center', anchorVert='center', antialias=True, autoDraw=False, autoLog=True, bold=False, color=array([-1., -1., -1.]), colorSpace='rgb', contrast=1.0, depth=0.0, draggable=False, flipHoriz=False, flipVert=False, font='Open Sans', fontFiles=[], height=0.03, italic=False, languageStyle='LTR', name='debrief_text', opacity=1, ori=0.0, pos=array([0., 0.]), rgb=UNKNOWN, text='', units='height', win=Window(...), wrapWidth=1)
18.8174 	EXP 	window1: mouseVisible = False
18.8233 	EXP 	Created thanks_text = TextStim(__class__=<class 'psychopy.visual.text.TextStim'>, alignHoriz=method-wrapper(...), alignText='center', alignVert=method-wrapper(...), anchorHoriz='center', anchorVert='center', antialias=True, autoDraw=False, autoLog=True, bold=False, color=array([-1., -1., -1.]), colorSpace='rgb', contrast=1.0, depth=0.0, draggable=False, flipHoriz=False, flipVert=False, font='Open Sans', fontFiles=[], height=0.05, italic=False, languageStyle='LTR', name='thanks_text', opacity=1, ori=0.0, pos=array([0., 0.]), rgb=UNKNOWN, text='Thank you for your participation!', units='height', win=Window(...), wrapWidth=1)
0.0137 	EXP 	window1: mouseVisible = False
0.0280 	EXP 	frame_rate_prompt: autoDraw = True
5.0172 	EXP 	window1: mouseVisible = False
5.0315 	INFO 	Keyboard events cleared
5.0311 	EXP 	frame_rate_prompt: autoDraw = False
5.0311 	EXP 	welcome_text: autoDraw = True
5.5917 	DATA 	Keypress: space
5.5964 	INFO 	Keyboard events cleared
5.5960 	EXP 	welcome_text: autoDraw = False
5.5960 	EXP 	gradcpt_prep_text: height = 0.03
5.5960 	EXP 	gradcpt_prep_text: height = 0.03
5.5960 	EXP 	gradcpt_prep_text: height = 0.03
5.5960 	EXP 	gradcpt_prep_text: text = 'Now you will perform the attention task. A series of pictures will gradually be presented on the screen one after another. In this phase of the experiment, you will press the f key when you see a picture of a city scene, and you will press nothing when you see a picture of a mountain scene. It is important to respond as quickly and accurately as possible and to keep both hands on the keyboard at all times.\n\nWhen you answer thought probes during this phase, remember to again be as honest as possible. Whether you indicate that your attention was or was not on task will not affect your participation. \n\nPress the space bar to see the response mappings one more time before beginning.'
5.5960 	EXP 	gradcpt_prep_text: autoDraw = True
5.9682 	INFO 	keyboard.Keyboard is using iohub backend.
5.9904 	DATA 	Keypress: space
6.0139 	EXP 	gradcpt_prep_text: autoDraw = False
6.0139 	EXP 	pixel: fillColor = <psychopy.colors.Color: black, alpha=1.0>
6.0139 	EXP 	gradcpt_image: autoDraw = True
6.0139 	EXP 	pixel: autoDraw = True
6.0316 	EXP 	pixel: fillColor = <psychopy.colors.Color: white, alpha=1.0>
6.0482 	EXP 	pixel: fillColor = <psychopy.colors.Color: white, alpha=1.0>
6.0649 	EXP 	pixel: fillColor = <psychopy.colors.Color: white, alpha=1.0>
6.0815 	EXP 	pixel: fillColor = <psychopy.colors.Color: white, alpha=1.0>
6.0984 	EXP 	pixel: fillColor = <psychopy.colors.Color: white, alpha=1.0>
6.1150 	EXP 	pixel: fillColor = <psychopy.colors.Color: white, alpha=1.0>
6.1317 	EXP 	pixel: fillColor = <psychopy.colors.Color: white, alpha=1.0>
6.1482 	EXP 	pixel: fillColor = <psychopy.colors.Color: white, alpha=1.0>
6.1650 	EXP 	pixel: fillColor = <psychopy.colors.Color: white, alpha=1.0>
6.1818 	EXP 	pixel: fillColor = <psychopy.colors.Color: white, alpha=1.0>
6.1984 	EXP 	pixel: fillColor = <psychopy.colors.Color: white, alpha=1.0>
6.2150 	EXP 	pixel: fillColor = <psychopy.colors.Color: white, alpha=1.0>
6.2317 	EXP 	pixel: fillColor = <psychopy.colors.Color: white, alpha=1.0>
6.2484 	EXP 	pixel: fillColor = <psychopy.colors.Color: white, alpha=1.0>
6.2650 	EXP 	pixel: fillColor = <psychopy.colors.Color: white, alpha=1.0>
6.2816 	EXP 	pixel: fillColor = <psychopy.colors.Color: white, alpha=1.0>
6.2983 	EXP 	pixel: fillColor = <psychopy.colors.Color: white, alpha=1.0>
6.3149 	EXP 	pixel: fillColor = <psychopy.colors.Color: white, alpha=1.0>
6.3318 	EXP 	pixel: fillColor = <psychopy.colors.Color: white, alpha=1.0>
6.3482 	EXP 	pixel: fillColor = <psychopy.colors.Color: black, alpha=1.0>
6.3649 	EXP 	pixel: fillColor = <psychopy.colors.Color: white, alpha=1.0>
6.3817 	EXP 	pixel: fillColor = <psychopy.colors.Color: white, alpha=1.0>
6.3984 	EXP 	pixel: fillColor = <psychopy.colors.Color: white, alpha=1.0>
6.4149 	EXP 	pixel: fillColor = <psychopy.colors.Color: white, alpha=1.0>
6.4316 	EXP 	pixel: fillColor = <psychopy.colors.Color: white, alpha=1.0>
6.4483 	EXP 	pixel: fillColor = <psychopy.colors.Color: white, alpha=1.0>
6.4652 	EXP 	pixel: fillColor = <psychopy.colors.Color: white, alpha=1.0>
6.4818 	EXP 	pixel: fillColor = <psychopy.colors.Color: white, alpha=1.0>
6.4984 	EXP 	pixel: fillColor = <psychopy.colors.Color: white, alpha=1.0>
6.5150 	EXP 	pixel: fillColor = <psychopy.colors.Color: white, alpha=1.0>
6.5318 	EXP 	pixel: fillColor = <psychopy.colors.Color: white, alpha=1.0>
6.5482 	EXP 	pixel: fillColor = <psychopy.colors.Color: white, alpha=1.0>
6.5651 	EXP 	pixel: fillColor = <psychopy.colors.Color: white, alpha=1.0>
6.5816 	EXP 	pixel: fillColor = <psychopy.colors.Color: white, alpha=1.0>
6.5985 	EXP 	pixel: fillColor = <psychopy.colors.Color: white, alpha=1.0>
6.6151 	EXP 	pixel: fillColor = <psychopy.colors.Color: white, alpha=1.0>
6.6318 	EXP 	pixel: fillColor = <psychopy.colors.Color: white, alpha=1.0>
6.6486 	EXP 	pixel: fillColor = <psychopy.colors.Color: white, alpha=1.0>
6.6651 	EXP 	pixel: fillColor = <psychopy.colors.Color: white, alpha=1.0>
6.6816 	EXP 	pixel: fillColor = <psychopy.colors.Color: black, alpha=1.0>
6.6985 	EXP 	pixel: fillColor = <psychopy.colors.Color: white, alpha=1.0>
6.7151 	EXP 	pixel: fillColor = <psychopy.colors.Color: white, alpha=1.0>
6.7318 	EXP 	pixel: fillColor = <psychopy.colors.Color: white, alpha=1.0>
6.7485 	EXP 	pixel: fillColor = <psychopy.colors.Color: white, alpha=1.0>
6.7651 	EXP 	pixel: fillColor = <psychopy.colors.Color: white, alpha=1.0>
6.7818 	EXP 	pixel: fillColor = <psychopy.colors.Color: white, alpha=1.0>
6.7986 	EXP 	pixel: fillColor = <psychopy.colors.Color: white, alpha=1.0>
6.8310 	EXP 	pixel: fillColor = <psychopy.colors.Color: white, alpha=1.0>
6.8487 	EXP 	pixel: fillColor = <psychopy.colors.Color: white, alpha=1.0>
6.8652 	EXP 	pixel: fillColor = <psychopy.colors.Color: white, alpha=1.0>
6.8818 	EXP 	pixel: fillColor = <psychopy.colors.Color: white, alpha=1.0>
6.8986 	EXP 	pixel: fillColor = <psychopy.colors.Color: white, alpha=1.0>
6.9152 	EXP 	pixel: fillColor = <psychopy.colors.Color: white, alpha=1.0>
6.9318 	EXP 	pixel: fillColor = <psychopy.colors.Color: white, alpha=1.0>
6.9485 	EXP 	pixel: fillColor = <psychopy.colors.Color: white, alpha=1.0>
6.9651 	EXP 	pixel: fillColor = <psychopy.colors.Color: white, alpha=1.0>
6.9818 	EXP 	pixel: fillColor = <psychopy.colors.Color: white, alpha=1.0>
6.9985 	EXP 	pixel: fillColor = <psychopy.colors.Color: white, alpha=1.0>
7.0152 	EXP 	pixel: fillColor = <psychopy.colors.Color: white, alpha=1.0>
7.0319 	EXP 	pixel: fillColor = <psychopy.colors.Color: black, alpha=1.0>
7.0487 	EXP 	pixel: fillColor = <psychopy.colors.Color: white, alpha=1.0>
7.0652 	EXP 	pixel: fillColor = <psychopy.colors.Color: white, alpha=1.0>
7.0819 	EXP 	pixel: fillColor = <psychopy.colors.Color: white, alpha=1.0>
7.0987 	EXP 	pixel: fillColor = <psychopy.colors.Color: white, alpha=1.0>
7.1153 	EXP 	pixel: fillColor = <psychopy.colors.Color: white, alpha=1.0>
7.1318 	EXP 	pixel: fillColor = <psychopy.colors.Color: white, alpha=1.0>
7.1485 	EXP 	pixel: fillColor = <psychopy.colors.Color: white, alpha=1.0>
7.1653 	EXP 	pixel: fillColor = <psychopy.colors.Color: white, alpha=1.0>
7.1821 	EXP 	pixel: fillColor = <psychopy.colors.Color: white, alpha=1.0>
7.1980 	EXP 	pixel: fillColor = <psychopy.colors.Color: white, alpha=1.0>
7.2153 	EXP 	pixel: fillColor = <psychopy.colors.Color: white, alpha=1.0>
7.2320 	EXP 	pixel: fillColor = <psychopy.colors.Color: white, alpha=1.0>
7.2487 	EXP 	pixel: fillColor = <psychopy.colors.Color: white, alpha=1.0>
7.2653 	EXP 	pixel: fillColor = <psychopy.colors.Color: white, alpha=1.0>
7.2820 	EXP 	pixel: fillColor = <psychopy.colors.Color: white, alpha=1.0>
7.2985 	EXP 	pixel: fillColor = <psychopy.colors.Color: white, alpha=1.0>
7.3154 	EXP 	pixel: fillColor = <psychopy.colors.Color: white, alpha=1.0>
7.3319 	EXP 	pixel: fillColor = <psychopy.colors.Color: white, alpha=1.0>
7.3486 	EXP 	pixel: fillColor = <psychopy.colors.Color: white, alpha=1.0>
7.3655 	EXP 	pixel: fillColor = <psychopy.colors.Color: black, alpha=1.0>
7.3820 	EXP 	pixel: fillColor = <psychopy.colors.Color: white, alpha=1.0>
7.3987 	EXP 	pixel: fillColor = <psychopy.colors.Color: white, alpha=1.0>
7.4154 	EXP 	pixel: fillColor = <psychopy.colors.Color: white, alpha=1.0>
7.4321 	EXP 	pixel: fillColor = <psychopy.colors.Color: white, alpha=1.0>
7.4486 	EXP 	pixel: fillColor = <psychopy.colors.Color: white, alpha=1.0>
7.4654 	EXP 	pixel: fillColor = <psychopy.colors.Color: white, alpha=1.0>
7.4821 	EXP 	pixel: fillColor = <psychopy.colors.Color: white, alpha=1.0>
7.4988 	EXP 	pixel: fillColor = <psychopy.colors.Color: white, alpha=1.0>
7.5154 	EXP 	pixel: fillColor = <psychopy.colors.Color: white, alpha=1.0>
7.5320 	EXP 	pixel: fillColor = <psychopy.colors.Color: white, alpha=1.0>
7.5489 	EXP 	pixel: fillColor = <psychopy.colors.Color: white, alpha=1.0>
7.5655 	EXP 	pixel: fillColor = <psychopy.colors.Color: white, alpha=1.0>
7.5820 	EXP 	pixel: fillColor = <psychopy.colors.Color: white, alpha=1.0>
7.5986 	EXP 	pixel: fillColor = <psychopy.colors.Color: white, alpha=1.0>
7.6155 	EXP 	pixel: fillColor = <psychopy.colors.Color: white, alpha=1.0>
7.6479 	EXP 	pixel: fillColor = <psychopy.colors.Color: white, alpha=1.0>
7.6653 	EXP 	pixel: fillColor = <psychopy.colors.Color: white, alpha=1.0>
7.6822 	EXP 	pixel: fillColor = <psychopy.colors.Color: white, alpha=1.0>
7.6989 	EXP 	pixel: fillColor = <psychopy.colors.Color: white, alpha=1.0>
7.7153 	EXP 	pixel: fillColor = <psychopy.colors.Color: black, alpha=1.0>
7.7320 	EXP 	pixel: fillColor = <psychopy.colors.Color: white, alpha=1.0>
7.7487 	EXP 	pixel: fillColor = <psychopy.colors.Color: white, alpha=1.0>
7.7654 	EXP 	pixel: fillColor = <psychopy.colors.Color: white, alpha=1.0>
7.7820 	EXP 	pixel: fillColor = <psychopy.colors.Color: white, alpha=1.0>
7.7989 	EXP 	pixel: fillColor = <psychopy.colors.Color: white, alpha=1.0>
7.8154 	EXP 	pixel: fillColor = <psychopy.colors.Color: white, alpha=1.0>
7.8320 	EXP 	pixel: fillColor = <psychopy.colors.Color: white, alpha=1.0>
7.8488 	EXP 	pixel: fillColor = <psychopy.colors.Color: white, alpha=1.0>
7.8656 	EXP 	pixel: fillColor = <psychopy.colors.Color: white, alpha=1.0>
7.8821 	EXP 	pixel: fillColor = <psychopy.colors.Color: white, alpha=1.0>
7.8987 	EXP 	pixel: fillColor = <psychopy.colors.Color: white, alpha=1.0>
7.9155 	EXP 	pixel: fillColor = <psychopy.colors.Color: white, alpha=1.0>
7.9323 	EXP 	pixel: fillColor = <psychopy.colors.Color: white, alpha=1.0>
7.9488 	EXP 	pixel: fillColor = <psychopy.colors.Color: white, alpha=1.0>
7.9655 	EXP 	pixel: fillColor = <psychopy.colors.Color: white, alpha=1.0>
7.9821 	EXP 	pixel: fillColor = <psychopy.colors.Color: white, alpha=1.0>
7.9989 	EXP 	pixel: fillColor = <psychopy.colors.Color: white, alpha=1.0>
8.0155 	EXP 	pixel: fillColor = <psychopy.colors.Color: white, alpha=1.0>
8.0322 	EXP 	pixel: fillColor = <psychopy.colors.Color: white, alpha=1.0>
8.0490 	EXP 	pixel: fillColor = <psychopy.colors.Color: black, alpha=1.0>
8.0656 	EXP 	pixel: fillColor = <psychopy.colors.Color: white, alpha=1.0>
8.0823 	EXP 	pixel: fillColor = <psychopy.colors.Color: white, alpha=1.0>
8.0990 	EXP 	pixel: fillColor = <psychopy.colors.Color: white, alpha=1.0>
8.1154 	EXP 	pixel: fillColor = <psychopy.colors.Color: white, alpha=1.0>
8.1322 	EXP 	pixel: fillColor = <psychopy.colors.Color: white, alpha=1.0>
8.1489 	EXP 	pixel: fillColor = <psychopy.colors.Color: white, alpha=1.0>
8.1658 	EXP 	pixel: fillColor = <psychopy.colors.Color: white, alpha=1.0>
8.1822 	EXP 	pixel: fillColor = <psychopy.colors.Color: white, alpha=1.0>
8.1988 	EXP 	pixel: fillColor = <psychopy.colors.Color: white, alpha=1.0>
8.2155 	EXP 	pixel: fillColor = <psychopy.colors.Color: white, alpha=1.0>
8.2324 	EXP 	pixel: fillColor = <psychopy.colors.Color: white, alpha=1.0>
8.2490 	EXP 	pixel: fillColor = <psychopy.colors.Color: white, alpha=1.0>
8.2656 	EXP 	pixel: fillColor = <psychopy.colors.Color: white, alpha=1.0>
8.2822 	EXP 	pixel: fillColor = <psychopy.colors.Color: white, alpha=1.0>
8.2989 	EXP 	pixel: fillColor = <psychopy.colors.Color: white, alpha=1.0>
8.3157 	EXP 	pixel: fillColor = <psychopy.colors.Color: white, alpha=1.0>
8.3325 	EXP 	pixel: fillColor = <psychopy.colors.Color: white, alpha=1.0>
8.3489 	EXP 	pixel: fillColor = <psychopy.colors.Color: white, alpha=1.0>
8.3657 	EXP 	pixel: fillColor = <psychopy.colors.Color: white, alpha=1.0>
8.3824 	EXP 	pixel: fillColor = <psychopy.colors.Color: black, alpha=1.0>
8.3990 	EXP 	pixel: fillColor = <psychopy.colors.Color: white, alpha=1.0>
8.4157 	EXP 	pixel: fillColor = <psychopy.colors.Color: white, alpha=1.0>
8.4324 	EXP 	pixel: fillColor = <psychopy.colors.Color: white, alpha=1.0>
8.4648 	EXP 	pixel: fillColor = <psychopy.colors.Color: white, alpha=1.0>
8.4823 	EXP 	pixel: fillColor = <psychopy.colors.Color: white, alpha=1.0>
8.4990 	EXP 	pixel: fillColor = <psychopy.colors.Color: white, alpha=1.0>
8.5156 	EXP 	pixel: fillColor = <psychopy.colors.Color: white, alpha=1.0>
8.5322 	EXP 	pixel: fillColor = <psychopy.colors.Color: white, alpha=1.0>
8.5491 	EXP 	pixel: fillColor = <psychopy.colors.Color: white, alpha=1.0>
8.5653 	EXP 	pixel: fillColor = <psychopy.colors.Color: white, alpha=1.0>
8.5823 	EXP 	pixel: fillColor = <psychopy.colors.Color: white, alpha=1.0>
8.5989 	EXP 	pixel: fillColor = <psychopy.colors.Color: white, alpha=1.0>
8.6157 	EXP 	pixel: fillColor = <psychopy.colors.Color: white, alpha=1.0>
8.6323 	EXP 	pixel: fillColor = <psychopy.colors.Color: white, alpha=1.0>
8.6491 	EXP 	pixel: fillColor = <psychopy.colors.Color: white, alpha=1.0>
8.6657 	EXP 	pixel: fillColor = <psychopy.colors.Color: white, alpha=1.0>
8.6823 	EXP 	pixel: fillColor = <psychopy.colors.Color: white, alpha=1.0>
8.6993 	EXP 	pixel: fillColor = <psychopy.colors.Color: white, alpha=1.0>
8.7157 	EXP 	pixel: fillColor = <psychopy.colors.Color: white, alpha=1.0>
8.7323 	EXP 	pixel: fillColor = <psychopy.colors.Color: black, alpha=1.0>
8.7491 	EXP 	pixel: fillColor = <psychopy.colors.Color: white, alpha=1.0>
8.7657 	EXP 	pixel: fillColor = <psychopy.colors.Color: white, alpha=1.0>
8.7836 	EXP 	pixel: fillColor = <psychopy.colors.Color: white, alpha=1.0>
8.7989 	EXP 	pixel: fillColor = <psychopy.colors.Color: white, alpha=1.0>
8.8157 	EXP 	pixel: fillColor = <psychopy.colors.Color: white, alpha=1.0>
8.8322 	EXP 	pixel: fillColor = <psychopy.colors.Color: white, alpha=1.0>
8.8491 	EXP 	pixel: fillColor = <psychopy.colors.Color: white, alpha=1.0>
8.8658 	EXP 	pixel: fillColor = <psychopy.colors.Color: white, alpha=1.0>
8.8823 	EXP 	pixel: fillColor = <psychopy.colors.Color: white, alpha=1.0>
8.8995 	EXP 	pixel: fillColor = <psychopy.colors.Color: white, alpha=1.0>
8.9157 	EXP 	pixel: fillColor = <psychopy.colors.Color: white, alpha=1.0>
8.9324 	EXP 	pixel: fillColor = <psychopy.colors.Color: white, alpha=1.0>
8.9492 	EXP 	pixel: fillColor = <psychopy.colors.Color: white, alpha=1.0>
8.9658 	EXP 	pixel: fillColor = <psychopy.colors.Color: white, alpha=1.0>
8.9827 	EXP 	pixel: fillColor = <psychopy.colors.Color: white, alpha=1.0>
8.9994 	EXP 	pixel: fillColor = <psychopy.colors.Color: white, alpha=1.0>
9.0160 	EXP 	pixel: fillColor = <psychopy.colors.Color: white, alpha=1.0>
9.0325 	EXP 	pixel: fillColor = <psychopy.colors.Color: white, alpha=1.0>
9.0493 	EXP 	pixel: fillColor = <psychopy.colors.Color: white, alpha=1.0>
9.0659 	EXP 	pixel: fillColor = <psychopy.colors.Color: black, alpha=1.0>
9.0824 	EXP 	pixel: fillColor = <psychopy.colors.Color: white, alpha=1.0>
9.0992 	EXP 	pixel: fillColor = <psychopy.colors.Color: white, alpha=1.0>
9.1160 	EXP 	pixel: fillColor = <psychopy.colors.Color: white, alpha=1.0>
9.1326 	EXP 	pixel: fillColor = <psychopy.colors.Color: white, alpha=1.0>
9.1491 	EXP 	pixel: fillColor = <psychopy.colors.Color: white, alpha=1.0>
9.1659 	EXP 	pixel: fillColor = <psychopy.colors.Color: white, alpha=1.0>
9.1825 	EXP 	pixel: fillColor = <psychopy.colors.Color: white, alpha=1.0>
9.1992 	EXP 	pixel: fillColor = <psychopy.colors.Color: white, alpha=1.0>
9.2160 	EXP 	pixel: fillColor = <psychopy.colors.Color: white, alpha=1.0>
9.2326 	EXP 	pixel: fillColor = <psychopy.colors.Color: white, alpha=1.0>
9.2491 	EXP 	pixel: fillColor = <psychopy.colors.Color: white, alpha=1.0>
9.2817 	EXP 	pixel: fillColor = <psychopy.colors.Color: white, alpha=1.0>
9.2994 	EXP 	pixel: fillColor = <psychopy.colors.Color: white, alpha=1.0>
9.3159 	EXP 	pixel: fillColor = <psychopy.colors.Color: white, alpha=1.0>
9.3324 	EXP 	pixel: fillColor = <psychopy.colors.Color: white, alpha=1.0>
9.3492 	EXP 	pixel: fillColor = <psychopy.colors.Color: white, alpha=1.0>
9.3659 	EXP 	pixel: fillColor = <psychopy.colors.Color: white, alpha=1.0>
9.3826 	EXP 	pixel: fillColor = <psychopy.colors.Color: white, alpha=1.0>
9.3993 	EXP 	pixel: fillColor = <psychopy.colors.Color: white, alpha=1.0>
9.4159 	EXP 	pixel: fillColor = <psychopy.colors.Color: black, alpha=1.0>
9.4327 	EXP 	pixel: fillColor = <psychopy.colors.Color: white, alpha=1.0>
9.4496 	EXP 	pixel: fillColor = <psychopy.colors.Color: white, alpha=1.0>
9.4659 	EXP 	pixel: fillColor = <psychopy.colors.Color: white, alpha=1.0>
9.4827 	EXP 	pixel: fillColor = <psychopy.colors.Color: white, alpha=1.0>
9.4995 	EXP 	pixel: fillColor = <psychopy.colors.Color: white, alpha=1.0>
9.5159 	EXP 	pixel: fillColor = <psychopy.colors.Color: white, alpha=1.0>
9.5325 	EXP 	pixel: fillColor = <psychopy.colors.Color: white, alpha=1.0>
9.5495 	EXP 	pixel: fillColor = <psychopy.colors.Color: white, alpha=1.0>
9.5659 	EXP 	pixel: fillColor = <psychopy.colors.Color: white, alpha=1.0>
9.5827 	EXP 	pixel: fillColor = <psychopy.colors.Color: white, alpha=1.0>
9.5994 	EXP 	pixel: fillColor = <psychopy.colors.Color: white, alpha=1.0>
9.6160 	EXP 	pixel: fillColor = <psychopy.colors.Color: white, alpha=1.0>
9.6328 	EXP 	pixel: fillColor = <psychopy.colors.Color: white, alpha=1.0>
9.6494 	EXP 	pixel: fillColor = <psychopy.colors.Color: white, alpha=1.0>
9.6662 	EXP 	pixel: fillColor = <psychopy.colors.Color: white, alpha=1.0>
9.6827 	EXP 	pixel: fillColor = <psychopy.colors.Color: white, alpha=1.0>
9.6993 	EXP 	pixel: fillColor = <psychopy.colors.Color: white, alpha=1.0>
9.7160 	EXP 	pixel: fillColor = <psychopy.colors.Color: white, alpha=1.0>
9.7327 	EXP 	pixel: fillColor = <psychopy.colors.Color: white, alpha=1.0>
9.7493 	EXP 	pixel: fillColor = <psychopy.colors.Color: black, alpha=1.0>
9.7662 	EXP 	pixel: fillColor = <psychopy.colors.Color: white, alpha=1.0>
9.7827 	EXP 	pixel: fillColor = <psychopy.colors.Color: white, alpha=1.0>
9.7992 	EXP 	pixel: fillColor = <psychopy.colors.Color: white, alpha=1.0>
9.8161 	EXP 	pixel: fillColor = <psychopy.colors.Color: white, alpha=1.0>
9.8327 	EXP 	pixel: fillColor = <psychopy.colors.Color: white, alpha=1.0>
9.8495 	EXP 	pixel: fillColor = <psychopy.colors.Color: white, alpha=1.0>
9.8661 	EXP 	pixel: fillColor = <psychopy.colors.Color: white, alpha=1.0>
9.8828 	EXP 	pixel: fillColor = <psychopy.colors.Color: white, alpha=1.0>
9.8996 	EXP 	pixel: fillColor = <psychopy.colors.Color: white, alpha=1.0>
9.9160 	EXP 	pixel: fillColor = <psychopy.colors.Color: white, alpha=1.0>
9.9326 	EXP 	pixel: fillColor = <psychopy.colors.Color: white, alpha=1.0>
9.9494 	EXP 	pixel: fillColor = <psychopy.colors.Color: white, alpha=1.0>
9.9662 	EXP 	pixel: fillColor = <psychopy.colors.Color: white, alpha=1.0>
9.9828 	EXP 	pixel: fillColor = <psychopy.colors.Color: white, alpha=1.0>
9.9994 	EXP 	pixel: fillColor = <psychopy.colors.Color: white, alpha=1.0>
10.0163 	EXP 	pixel: fillColor = <psychopy.colors.Color: white, alpha=1.0>
10.0328 	EXP 	pixel: fillColor = <psychopy.colors.Color: white, alpha=1.0>
10.0495 	EXP 	pixel: fillColor = <psychopy.colors.Color: white, alpha=1.0>
10.0663 	EXP 	pixel: fillColor = <psychopy.colors.Color: white, alpha=1.0>
10.0984 	EXP 	pixel: fillColor = <psychopy.colors.Color: black, alpha=1.0>
10.1164 	EXP 	pixel: fillColor = <psychopy.colors.Color: white, alpha=1.0>
10.1329 	EXP 	pixel: fillColor = <psychopy.colors.Color: white, alpha=1.0>
10.1495 	EXP 	pixel: fillColor = <psychopy.colors.Color: white, alpha=1.0>
10.1661 	EXP 	pixel: fillColor = <psychopy.colors.Color: white, alpha=1.0>
10.1829 	EXP 	pixel: fillColor = <psychopy.colors.Color: white, alpha=1.0>
10.1996 	EXP 	pixel: fillColor = <psychopy.colors.Color: white, alpha=1.0>
10.2163 	EXP 	pixel: fillColor = <psychopy.colors.Color: white, alpha=1.0>
10.2329 	EXP 	pixel: fillColor = <psychopy.colors.Color: white, alpha=1.0>
10.2494 	EXP 	pixel: fillColor = <psychopy.colors.Color: white, alpha=1.0>
10.2663 	EXP 	pixel: fillColor = <psychopy.colors.Color: white, alpha=1.0>
10.2828 	EXP 	pixel: fillColor = <psychopy.colors.Color: white, alpha=1.0>
10.2996 	EXP 	pixel: fillColor = <psychopy.colors.Color: white, alpha=1.0>
10.3163 	EXP 	pixel: fillColor = <psychopy.colors.Color: white, alpha=1.0>
10.3330 	EXP 	pixel: fillColor = <psychopy.colors.Color: white, alpha=1.0>
10.3496 	EXP 	pixel: fillColor = <psychopy.colors.Color: white, alpha=1.0>
10.3663 	EXP 	pixel: fillColor = <psychopy.colors.Color: white, alpha=1.0>
10.3828 	EXP 	pixel: fillColor = <psychopy.colors.Color: white, alpha=1.0>
10.3996 	EXP 	pixel: fillColor = <psychopy.colors.Color: white, alpha=1.0>
10.4162 	EXP 	pixel: fillColor = <psychopy.colors.Color: white, alpha=1.0>
10.4326 	EXP 	pixel: fillColor = <psychopy.colors.Color: black, alpha=1.0>
10.4493 	EXP 	pixel: fillColor = <psychopy.colors.Color: white, alpha=1.0>
10.4658 	EXP 	pixel: fillColor = <psychopy.colors.Color: white, alpha=1.0>
10.4827 	EXP 	pixel: fillColor = <psychopy.colors.Color: white, alpha=1.0>
10.4991 	EXP 	pixel: fillColor = <psychopy.colors.Color: white, alpha=1.0>
10.5160 	EXP 	pixel: fillColor = <psychopy.colors.Color: white, alpha=1.0>
10.5328 	EXP 	pixel: fillColor = <psychopy.colors.Color: white, alpha=1.0>
10.5496 	EXP 	pixel: fillColor = <psychopy.colors.Color: white, alpha=1.0>
10.5665 	EXP 	pixel: fillColor = <psychopy.colors.Color: white, alpha=1.0>
10.5829 	EXP 	pixel: fillColor = <psychopy.colors.Color: white, alpha=1.0>
10.5997 	EXP 	pixel: fillColor = <psychopy.colors.Color: white, alpha=1.0>
10.6165 	EXP 	pixel: fillColor = <psychopy.colors.Color: white, alpha=1.0>
10.6328 	EXP 	pixel: fillColor = <psychopy.colors.Color: white, alpha=1.0>
10.6497 	EXP 	pixel: fillColor = <psychopy.colors.Color: white, alpha=1.0>
10.6663 	EXP 	pixel: fillColor = <psychopy.colors.Color: white, alpha=1.0>
10.6825 	EXP 	pixel: fillColor = <psychopy.colors.Color: white, alpha=1.0>
10.6996 	EXP 	pixel: fillColor = <psychopy.colors.Color: white, alpha=1.0>
10.7164 	EXP 	pixel: fillColor = <psychopy.colors.Color: white, alpha=1.0>
10.7330 	EXP 	pixel: fillColor = <psychopy.colors.Color: white, alpha=1.0>
10.7497 	EXP 	pixel: fillColor = <psychopy.colors.Color: white, alpha=1.0>
10.7664 	EXP 	pixel: fillColor = <psychopy.colors.Color: black, alpha=1.0>
10.7830 	EXP 	pixel: fillColor = <psychopy.colors.Color: white, alpha=1.0>
10.7995 	EXP 	pixel: fillColor = <psychopy.colors.Color: white, alpha=1.0>
10.8165 	EXP 	pixel: fillColor = <psychopy.colors.Color: white, alpha=1.0>
10.8331 	EXP 	pixel: fillColor = <psychopy.colors.Color: white, alpha=1.0>
10.8497 	EXP 	pixel: fillColor = <psychopy.colors.Color: white, alpha=1.0>
10.8664 	EXP 	pixel: fillColor = <psychopy.colors.Color: white, alpha=1.0>
10.8832 	EXP 	pixel: fillColor = <psychopy.colors.Color: white, alpha=1.0>
10.9156 	EXP 	pixel: fillColor = <psychopy.colors.Color: white, alpha=1.0>
10.9331 	EXP 	pixel: fillColor = <psychopy.colors.Color: white, alpha=1.0>
10.9496 	EXP 	pixel: fillColor = <psychopy.colors.Color: white, alpha=1.0>
10.9663 	EXP 	pixel: fillColor = <psychopy.colors.Color: white, alpha=1.0>
10.9833 	EXP 	pixel: fillColor = <psychopy.colors.Color: white, alpha=1.0>
10.9999 	EXP 	pixel: fillColor = <psychopy.colors.Color: white, alpha=1.0>
11.0162 	EXP 	pixel: fillColor = <psychopy.colors.Color: white, alpha=1.0>
11.0332 	EXP 	pixel: fillColor = <psychopy.colors.Color: white, alpha=1.0>
11.0497 	EXP 	pixel: fillColor = <psychopy.colors.Color: white, alpha=1.0>
11.0663 	EXP 	pixel: fillColor = <psychopy.colors.Color: white, alpha=1.0>
11.0831 	EXP 	pixel: fillColor = <psychopy.colors.Color: white, alpha=1.0>
11.0998 	EXP 	pixel: fillColor = <psychopy.colors.Color: white, alpha=1.0>
11.1162 	EXP 	pixel: fillColor = <psychopy.colors.Color: black, alpha=1.0>
11.1331 	EXP 	pixel: fillColor = <psychopy.colors.Color: white, alpha=1.0>
11.1498 	EXP 	pixel: fillColor = <psychopy.colors.Color: white, alpha=1.0>
11.1665 	EXP 	pixel: fillColor = <psychopy.colors.Color: white, alpha=1.0>
11.1832 	EXP 	pixel: fillColor = <psychopy.colors.Color: white, alpha=1.0>
11.2004 	EXP 	pixel: fillColor = <psychopy.colors.Color: white, alpha=1.0>
11.2192 	EXP 	pixel: fillColor = <psychopy.colors.Color: white, alpha=1.0>
11.2365 	EXP 	pixel: fillColor = <psychopy.colors.Color: white, alpha=1.0>
11.2501 	EXP 	pixel: fillColor = <psychopy.colors.Color: white, alpha=1.0>
11.2700 	EXP 	pixel: fillColor = <psychopy.colors.Color: white, alpha=1.0>
11.2832 	EXP 	pixel: fillColor = <psychopy.colors.Color: white, alpha=1.0>
11.3002 	EXP 	pixel: fillColor = <psychopy.colors.Color: white, alpha=1.0>
11.3160 	EXP 	pixel: fillColor = <psychopy.colors.Color: white, alpha=1.0>
11.3330 	EXP 	pixel: fillColor = <psychopy.colors.Color: white, alpha=1.0>
11.3494 	EXP 	pixel: fillColor = <psychopy.colors.Color: white, alpha=1.0>
11.3667 	EXP 	pixel: fillColor = <psychopy.colors.Color: white, alpha=1.0>
11.3832 	EXP 	pixel: fillColor = <psychopy.colors.Color: white, alpha=1.0>
11.3999 	EXP 	pixel: fillColor = <psychopy.colors.Color: white, alpha=1.0>
11.4166 	EXP 	pixel: fillColor = <psychopy.colors.Color: white, alpha=1.0>
11.4332 	EXP 	pixel: fillColor = <psychopy.colors.Color: white, alpha=1.0>
11.4500 	EXP 	pixel: fillColor = <psychopy.colors.Color: black, alpha=1.0>
11.4666 	EXP 	pixel: fillColor = <psychopy.colors.Color: white, alpha=1.0>
11.4833 	EXP 	pixel: fillColor = <psychopy.colors.Color: white, alpha=1.0>
11.4999 	EXP 	pixel: fillColor = <psychopy.colors.Color: white, alpha=1.0>
11.5168 	EXP 	pixel: fillColor = <psychopy.colors.Color: white, alpha=1.0>
11.5367 	EXP 	pixel: fillColor = <psychopy.colors.Color: white, alpha=1.0>
11.5500 	EXP 	pixel: fillColor = <psychopy.colors.Color: white, alpha=1.0>
11.5702 	EXP 	pixel: fillColor = <psychopy.colors.Color: white, alpha=1.0>
11.5867 	EXP 	pixel: fillColor = <psychopy.colors.Color: white, alpha=1.0>
11.6001 	EXP 	pixel: fillColor = <psychopy.colors.Color: white, alpha=1.0>
11.6164 	EXP 	pixel: fillColor = <psychopy.colors.Color: white, alpha=1.0>
11.6327 	EXP 	pixel: fillColor = <psychopy.colors.Color: white, alpha=1.0>
11.6494 	EXP 	pixel: fillColor = <psychopy.colors.Color: white, alpha=1.0>
11.6667 	EXP 	pixel: fillColor = <psychopy.colors.Color: white, alpha=1.0>
11.6833 	EXP 	pixel: fillColor = <psychopy.colors.Color: white, alpha=1.0>
11.6999 	EXP 	pixel: fillColor = <psychopy.colors.Color: white, alpha=1.0>
11.7318 	EXP 	pixel: fillColor = <psychopy.colors.Color: white, alpha=1.0>
11.7494 	EXP 	pixel: fillColor = <psychopy.colors.Color: white, alpha=1.0>
11.7661 	EXP 	pixel: fillColor = <psychopy.colors.Color: white, alpha=1.0>
11.7832 	EXP 	pixel: fillColor = <psychopy.colors.Color: white, alpha=1.0>
11.7998 	EXP 	pixel: fillColor = <psychopy.colors.Color: black, alpha=1.0>
11.8166 	EXP 	pixel: fillColor = <psychopy.colors.Color: white, alpha=1.0>
11.8335 	EXP 	pixel: fillColor = <psychopy.colors.Color: white, alpha=1.0>
11.8500 	EXP 	pixel: fillColor = <psychopy.colors.Color: white, alpha=1.0>
11.8667 	EXP 	pixel: fillColor = <psychopy.colors.Color: white, alpha=1.0>
11.8833 	EXP 	pixel: fillColor = <psychopy.colors.Color: white, alpha=1.0>
11.9001 	EXP 	pixel: fillColor = <psychopy.colors.Color: white, alpha=1.0>
11.9166 	EXP 	pixel: fillColor = <psychopy.colors.Color: white, alpha=1.0>
11.9333 	EXP 	pixel: fillColor = <psychopy.colors.Color: white, alpha=1.0>
11.9502 	EXP 	pixel: fillColor = <psychopy.colors.Color: white, alpha=1.0>
11.9667 	EXP 	pixel: fillColor = <psychopy.colors.Color: white, alpha=1.0>
11.9834 	EXP 	pixel: fillColor = <psychopy.colors.Color: white, alpha=1.0>
12.0000 	EXP 	pixel: fillColor = <psychopy.colors.Color: white, alpha=1.0>
12.0167 	EXP 	pixel: fillColor = <psychopy.colors.Color: white, alpha=1.0>
12.0333 	EXP 	pixel: fillColor = <psychopy.colors.Color: white, alpha=1.0>
12.0500 	EXP 	pixel: fillColor = <psychopy.colors.Color: white, alpha=1.0>
12.0670 	EXP 	pixel: fillColor = <psychopy.colors.Color: white, alpha=1.0>
12.0834 	EXP 	pixel: fillColor = <psychopy.colors.Color: white, alpha=1.0>
12.1002 	EXP 	pixel: fillColor = <psychopy.colors.Color: white, alpha=1.0>
12.1171 	EXP 	pixel: fillColor = <psychopy.colors.Color: white, alpha=1.0>
12.1332 	EXP 	pixel: fillColor = <psychopy.colors.Color: black, alpha=1.0>
12.1501 	EXP 	pixel: fillColor = <psychopy.colors.Color: white, alpha=1.0>
12.1669 	EXP 	pixel: fillColor = <psychopy.colors.Color: white, alpha=1.0>
12.1835 	EXP 	pixel: fillColor = <psychopy.colors.Color: white, alpha=1.0>
12.2000 	EXP 	pixel: fillColor = <psychopy.colors.Color: white, alpha=1.0>
12.2166 	EXP 	pixel: fillColor = <psychopy.colors.Color: white, alpha=1.0>
12.2336 	EXP 	pixel: fillColor = <psychopy.colors.Color: white, alpha=1.0>
12.2502 	EXP 	pixel: fillColor = <psychopy.colors.Color: white, alpha=1.0>
12.2666 	EXP 	pixel: fillColor = <psychopy.colors.Color: white, alpha=1.0>
12.2839 	EXP 	pixel: fillColor = <psychopy.colors.Color: white, alpha=1.0>
12.3005 	EXP 	pixel: fillColor = <psychopy.colors.Color: white, alpha=1.0>
12.3169 	EXP 	pixel: fillColor = <psychopy.colors.Color: white, alpha=1.0>
12.3334 	EXP 	pixel: fillColor = <psychopy.colors.Color: white, alpha=1.0>
12.3502 	EXP 	pixel: fillColor = <psychopy.colors.Color: white, alpha=1.0>
12.3669 	EXP 	pixel: fillColor = <psychopy.colors.Color: white, alpha=1.0>
12.3838 	EXP 	pixel: fillColor = <psychopy.colors.Color: white, alpha=1.0>
12.4002 	EXP 	pixel: fillColor = <psychopy.colors.Color: white, alpha=1.0>
12.4168 	EXP 	pixel: fillColor = <psychopy.colors.Color: white, alpha=1.0>
12.4335 	EXP 	pixel: fillColor = <psychopy.colors.Color: white, alpha=1.0>
12.4503 	EXP 	pixel: fillColor = <psychopy.colors.Color: white, alpha=1.0>
12.4668 	EXP 	pixel: fillColor = <psychopy.colors.Color: black, alpha=1.0>
12.4837 	EXP 	pixel: fillColor = <psychopy.colors.Color: white, alpha=1.0>
12.5003 	EXP 	pixel: fillColor = <psychopy.colors.Color: white, alpha=1.0>
12.5168 	EXP 	pixel: fillColor = <psychopy.colors.Color: white, alpha=1.0>
12.5493 	EXP 	pixel: fillColor = <psychopy.colors.Color: white, alpha=1.0>
12.5670 	EXP 	pixel: fillColor = <psychopy.colors.Color: white, alpha=1.0>
12.5834 	EXP 	pixel: fillColor = <psychopy.colors.Color: white, alpha=1.0>
12.6003 	EXP 	pixel: fillColor = <psychopy.colors.Color: white, alpha=1.0>
12.6171 	EXP 	pixel: fillColor = <psychopy.colors.Color: white, alpha=1.0>
12.6337 	EXP 	pixel: fillColor = <psychopy.colors.Color: white, alpha=1.0>
12.6502 	EXP 	pixel: fillColor = <psychopy.colors.Color: white, alpha=1.0>
12.6669 	EXP 	pixel: fillColor = <psychopy.colors.Color: white, alpha=1.0>
12.6836 	EXP 	pixel: fillColor = <psychopy.colors.Color: white, alpha=1.0>
12.7001 	EXP 	pixel: fillColor = <psychopy.colors.Color: white, alpha=1.0>
12.7171 	EXP 	pixel: fillColor = <psychopy.colors.Color: white, alpha=1.0>
12.7336 	EXP 	pixel: fillColor = <psychopy.colors.Color: white, alpha=1.0>
12.7502 	EXP 	pixel: fillColor = <psychopy.colors.Color: white, alpha=1.0>
12.7671 	EXP 	pixel: fillColor = <psychopy.colors.Color: white, alpha=1.0>
12.7835 	EXP 	pixel: fillColor = <psychopy.colors.Color: white, alpha=1.0>
12.8001 	EXP 	pixel: fillColor = <psychopy.colors.Color: white, alpha=1.0>
12.8170 	EXP 	pixel: fillColor = <psychopy.colors.Color: black, alpha=1.0>
12.8336 	EXP 	pixel: fillColor = <psychopy.colors.Color: white, alpha=1.0>
12.8505 	EXP 	pixel: fillColor = <psychopy.colors.Color: white, alpha=1.0>
12.8671 	EXP 	pixel: fillColor = <psychopy.colors.Color: white, alpha=1.0>
12.8837 	EXP 	pixel: fillColor = <psychopy.colors.Color: white, alpha=1.0>
12.9001 	EXP 	pixel: fillColor = <psychopy.colors.Color: white, alpha=1.0>
12.9166 	EXP 	pixel: fillColor = <psychopy.colors.Color: white, alpha=1.0>
12.9338 	EXP 	pixel: fillColor = <psychopy.colors.Color: white, alpha=1.0>
12.9504 	EXP 	pixel: fillColor = <psychopy.colors.Color: white, alpha=1.0>
12.9670 	EXP 	pixel: fillColor = <psychopy.colors.Color: white, alpha=1.0>
12.9837 	EXP 	pixel: fillColor = <psychopy.colors.Color: white, alpha=1.0>
13.0003 	EXP 	pixel: fillColor = <psychopy.colors.Color: white, alpha=1.0>
13.0171 	EXP 	pixel: fillColor = <psychopy.colors.Color: white, alpha=1.0>
13.0337 	EXP 	pixel: fillColor = <psychopy.colors.Color: white, alpha=1.0>
13.0505 	EXP 	pixel: fillColor = <psychopy.colors.Color: white, alpha=1.0>
13.0670 	EXP 	pixel: fillColor = <psychopy.colors.Color: white, alpha=1.0>
13.0839 	EXP 	pixel: fillColor = <psychopy.colors.Color: white, alpha=1.0>
13.1006 	EXP 	pixel: fillColor = <psychopy.colors.Color: white, alpha=1.0>
13.1171 	EXP 	pixel: fillColor = <psychopy.colors.Color: white, alpha=1.0>
13.1339 	EXP 	pixel: fillColor = <psychopy.colors.Color: white, alpha=1.0>
13.1504 	EXP 	pixel: fillColor = <psychopy.colors.Color: black, alpha=1.0>
13.1671 	EXP 	pixel: fillColor = <psychopy.colors.Color: white, alpha=1.0>
13.1838 	EXP 	pixel: fillColor = <psychopy.colors.Color: white, alpha=1.0>
13.2004 	EXP 	pixel: fillColor = <psychopy.colors.Color: white, alpha=1.0>
13.2171 	EXP 	pixel: fillColor = <psychopy.colors.Color: white, alpha=1.0>
13.2341 	EXP 	pixel: fillColor = <psychopy.colors.Color: white, alpha=1.0>
13.2504 	EXP 	pixel: fillColor = <psychopy.colors.Color: white, alpha=1.0>
13.2671 	EXP 	pixel: fillColor = <psychopy.colors.Color: white, alpha=1.0>
13.2839 	EXP 	pixel: fillColor = <psychopy.colors.Color: white, alpha=1.0>
13.3005 	EXP 	pixel: fillColor = <psychopy.colors.Color: white, alpha=1.0>
13.3171 	EXP 	pixel: fillColor = <psychopy.colors.Color: white, alpha=1.0>
13.3340 	EXP 	pixel: fillColor = <psychopy.colors.Color: white, alpha=1.0>
13.3662 	EXP 	pixel: fillColor = <psychopy.colors.Color: white, alpha=1.0>
13.3841 	EXP 	pixel: fillColor = <psychopy.colors.Color: white, alpha=1.0>
13.4005 	EXP 	pixel: fillColor = <psychopy.colors.Color: white, alpha=1.0>
13.4171 	EXP 	pixel: fillColor = <psychopy.colors.Color: white, alpha=1.0>
13.4340 	EXP 	pixel: fillColor = <psychopy.colors.Color: white, alpha=1.0>
13.4507 	EXP 	pixel: fillColor = <psychopy.colors.Color: white, alpha=1.0>
13.4671 	EXP 	pixel: fillColor = <psychopy.colors.Color: white, alpha=1.0>
13.4837 	EXP 	pixel: fillColor = <psychopy.colors.Color: white, alpha=1.0>
13.5007 	EXP 	pixel: fillColor = <psychopy.colors.Color: black, alpha=1.0>
13.5172 	EXP 	pixel: fillColor = <psychopy.colors.Color: white, alpha=1.0>
13.5337 	EXP 	pixel: fillColor = <psychopy.colors.Color: white, alpha=1.0>
13.5505 	EXP 	pixel: fillColor = <psychopy.colors.Color: white, alpha=1.0>
13.5672 	EXP 	pixel: fillColor = <psychopy.colors.Color: white, alpha=1.0>
13.5837 	EXP 	pixel: fillColor = <psychopy.colors.Color: white, alpha=1.0>
13.6006 	EXP 	pixel: fillColor = <psychopy.colors.Color: white, alpha=1.0>
13.6172 	EXP 	pixel: fillColor = <psychopy.colors.Color: white, alpha=1.0>
13.6340 	EXP 	pixel: fillColor = <psychopy.colors.Color: white, alpha=1.0>
13.6506 	EXP 	pixel: fillColor = <psychopy.colors.Color: white, alpha=1.0>
13.6672 	EXP 	pixel: fillColor = <psychopy.colors.Color: white, alpha=1.0>
13.6840 	EXP 	pixel: fillColor = <psychopy.colors.Color: white, alpha=1.0>
13.7006 	EXP 	pixel: fillColor = <psychopy.colors.Color: white, alpha=1.0>
13.7173 	EXP 	pixel: fillColor = <psychopy.colors.Color: white, alpha=1.0>
13.7340 	EXP 	pixel: fillColor = <psychopy.colors.Color: white, alpha=1.0>
13.7505 	EXP 	pixel: fillColor = <psychopy.colors.Color: white, alpha=1.0>
13.7673 	EXP 	pixel: fillColor = <psychopy.colors.Color: white, alpha=1.0>
13.7839 	EXP 	pixel: fillColor = <psychopy.colors.Color: white, alpha=1.0>
13.8004 	EXP 	pixel: fillColor = <psychopy.colors.Color: white, alpha=1.0>
13.8174 	EXP 	pixel: fillColor = <psychopy.colors.Color: white, alpha=1.0>
13.8342 	EXP 	pixel: fillColor = <psychopy.colors.Color: black, alpha=1.0>
13.8506 	EXP 	pixel: fillColor = <psychopy.colors.Color: white, alpha=1.0>
13.8675 	EXP 	pixel: fillColor = <psychopy.colors.Color: white, alpha=1.0>
13.8841 	EXP 	pixel: fillColor = <psychopy.colors.Color: white, alpha=1.0>
13.9007 	EXP 	pixel: fillColor = <psychopy.colors.Color: white, alpha=1.0>
13.9172 	EXP 	pixel: fillColor = <psychopy.colors.Color: white, alpha=1.0>
13.9341 	EXP 	pixel: fillColor = <psychopy.colors.Color: white, alpha=1.0>
13.9509 	EXP 	pixel: fillColor = <psychopy.colors.Color: white, alpha=1.0>
13.9671 	EXP 	pixel: fillColor = <psychopy.colors.Color: white, alpha=1.0>
13.9840 	EXP 	pixel: fillColor = <psychopy.colors.Color: white, alpha=1.0>
14.0009 	EXP 	pixel: fillColor = <psychopy.colors.Color: white, alpha=1.0>
14.0174 	EXP 	pixel: fillColor = <psychopy.colors.Color: white, alpha=1.0>
14.0341 	EXP 	pixel: fillColor = <psychopy.colors.Color: white, alpha=1.0>
14.0507 	EXP 	pixel: fillColor = <psychopy.colors.Color: white, alpha=1.0>
14.0674 	EXP 	pixel: fillColor = <psychopy.colors.Color: white, alpha=1.0>
14.0842 	EXP 	pixel: fillColor = <psychopy.colors.Color: white, alpha=1.0>
14.1007 	EXP 	pixel: fillColor = <psychopy.colors.Color: white, alpha=1.0>
14.1173 	EXP 	pixel: fillColor = <psychopy.colors.Color: white, alpha=1.0>
14.1342 	EXP 	pixel: fillColor = <psychopy.colors.Color: white, alpha=1.0>
14.1508 	EXP 	pixel: fillColor = <psychopy.colors.Color: white, alpha=1.0>
14.1820 	INFO 	Keyboard events cleared
14.1816 	EXP 	pixel: fillColor = <psychopy.colors.Color: black, alpha=1.0>
14.1816 	EXP 	gradcpt_image: autoDraw = False
14.1816 	EXP 	pixel: autoDraw = False
14.1816 	EXP 	debrief_text: height = 0.03
14.1816 	EXP 	debrief_text: height = 0.03
14.1816 	EXP 	debrief_text: height = 0.03
14.1816 	EXP 	debrief_text: text = 'Some debriefing text.'
14.1816 	EXP 	debrief_text: autoDraw = True
18.3399 	DATA 	Keypress: space
18.3517 	EXP 	debrief_text: autoDraw = False
18.3517 	EXP 	thanks_text: autoDraw = True
18.5216 	DATA 	Keypress: space
23.3531 	EXP 	thanks_text: autoDraw = False
23.3558 	EXP 	gradcptpy: status = STOPPED
23.3920 	INFO 	saved data to 'C:\\Users\\zhw\\Projects\\test\\gradcptpy\\data/470127_gradcptpy_2024-09-19_17h45.02.008.csv'
23.3954 	INFO 	saved data to C:\Users\zhw\Projects\test\gradcptpy\data/470127_gradcptpy_2024-09-19_17h45.02.008.psydat
23.4973 	EXP 	window1: mouseVisible = True
23.6971 	DEBUG 	Saving data for gradcptpy ExperimentHandler
