8.2934 	DEBUG 	Fullscreen settings ignored as running in pilot mode.
8.2955 	INFO 	Loaded monitor calibration from ['2024_09_13 09:37']
8.7721 	EXP 	Created window1 = Window(allowGUI=True, allowStencil=False, autoLog=True, backendConf=UNKNOWN, backgroundFit=<method-wrapper '__getattribute__' of attributeSetter object at 0x000001BDB8EC7580>, backgroundImage=<method-wrapper '__getattribute__' of attributeSetter object at 0x000001BDB8EC7520>, bitsMode=UNKNOWN, blendMode='avg', bpc=(8, 8, 8), color=array([0, 0, 0]), colorSpace='rgb', depthBits=8, fullscr=<method-wrapper '__getattribute__' of attributeSetter object at 0x000001BDB8EC7370>, gamma=None, gammaErrorPolicy='raise', infoMsg=UNKNOWN, lms=UNKNOWN, monitor=<psychopy.monitors.calibTools.Monitor object at 0x000001BDB8FDA1D0>, multiSample=False, name='window1', numSamples=2, pos=[560.0, 240.0], screen=0, size=array([800, 600]), stencilBits=0, stereo=False, title='PsychoPy', units='height', useFBO=True, useRetina=False, viewOri=0.0, viewPos=None, viewScale=None, waitBlanking=True, winType='pyglet')
8.7721 	EXP 	window1: backgroundImage = ''
8.7721 	EXP 	window1: backgroundFit = 'none'
8.7724 	EXP 	window1: mouseVisible = <method-wrapper '__getattribute__' of attributeSetter object at 0x000001BDB8EC76A0>
8.7727 	EXP 	window1: mouseVisible = <method-wrapper '__getattribute__' of attributeSetter object at 0x000001BDB8EC76A0>
8.7865 	EXP 	window1: mouseVisible = <method-wrapper '__getattribute__' of attributeSetter object at 0x000001BDB8EC76A0>
8.7875 	EXP 	window1: mouseVisible = <method-wrapper '__getattribute__' of attributeSetter object at 0x000001BDB8EC76A0>
8.7959 	DEBUG 	TextBox2 loaded 1 chars with 0 blanks and 1 valid
8.7969 	DEBUG 	TextBox2 loaded 1 chars with 0 blanks and 1 valid
8.7979 	DEBUG 	TextBox2 loaded 1 chars with 0 blanks and 1 valid
8.7991 	DEBUG 	TextBox2 loaded 1 chars with 0 blanks and 1 valid
8.8004 	DEBUG 	TextBox2 loaded 1 chars with 0 blanks and 1 valid
8.8010 	DEBUG 	TextBox2 loaded 1 chars with 0 blanks and 1 valid
8.8020 	DEBUG 	TextBox2 loaded 1 chars with 0 blanks and 1 valid
8.8033 	DEBUG 	TextBox2 loaded 1 chars with 0 blanks and 1 valid
8.8037 	DEBUG 	TextBox2 loaded 1 chars with 0 blanks and 1 valid
8.8042 	DEBUG 	TextBox2 loaded 1 chars with 0 blanks and 1 valid
8.8051 	DEBUG 	TextBox2 loaded 1 chars with 0 blanks and 1 valid
8.8061 	DEBUG 	TextBox2 loaded 1 chars with 0 blanks and 1 valid
8.8070 	DEBUG 	TextBox2 loaded 1 chars with 0 blanks and 1 valid
8.8080 	DEBUG 	TextBox2 loaded 1 chars with 0 blanks and 1 valid
8.8088 	DEBUG 	TextBox2 loaded 1 chars with 0 blanks and 1 valid
8.8098 	DEBUG 	TextBox2 loaded 1 chars with 0 blanks and 1 valid
8.8109 	DEBUG 	TextBox2 loaded 1 chars with 0 blanks and 1 valid
8.8115 	DEBUG 	TextBox2 loaded 1 chars with 0 blanks and 1 valid
8.8121 	DEBUG 	TextBox2 loaded 1 chars with 0 blanks and 1 valid
8.8134 	DEBUG 	TextBox2 loaded 1 chars with 0 blanks and 1 valid
8.8140 	DEBUG 	TextBox2 loaded 1 chars with 0 blanks and 1 valid
8.8158 	DEBUG 	Uploading Texture Font fontname to graphics card
8.8174 	DEBUG 	Upload of Texture Font fontname complete
8.8196 	EXP 	window1: mouseVisible = <method-wrapper '__getattribute__' of attributeSetter object at 0x000001BDB8EC76A0>
8.8197 	EXP 	window1: mouseVisible = <method-wrapper '__getattribute__' of attributeSetter object at 0x000001BDB8EC76A0>
8.8207 	EXP 	window1: mouseVisible = <method-wrapper '__getattribute__' of attributeSetter object at 0x000001BDB8EC76A0>
8.8217 	EXP 	window1: mouseVisible = <method-wrapper '__getattribute__' of attributeSetter object at 0x000001BDB8EC76A0>
8.8282 	DEBUG 	TextBox2 loaded 1 chars with 0 blanks and 1 valid
8.8296 	DEBUG 	TextBox2 loaded 1 chars with 0 blanks and 1 valid
8.8308 	DEBUG 	TextBox2 loaded 1 chars with 0 blanks and 1 valid
8.8311 	DEBUG 	Uploading Texture Font fontname to graphics card
8.8317 	DEBUG 	Upload of Texture Font fontname complete
8.8348 	EXP 	window1: Attempting to measure frame rate of screen (0) ...
8.8348 	EXP 	window1: recordFrameIntervals = False
9.0180 	EXP 	window1: recordFrameIntervals = True
9.2020 	EXP 	Screen (0) actual frame rate measured at 59.84Hz
9.2020 	EXP 	window1: recordFrameIntervals = False
9.2022 	EXP 	window1: mouseVisible = False
9.2027 	EXP 	window1: mouseVisible = False
9.2028 	EXP 	window1: mouseVisible = False
9.2039 	EXP 	window1: mouseVisible = False
9.2048 	EXP 	window1: mouseVisible = False
9.2112 	DEBUG 	TextBox2 loaded 1 chars with 0 blanks and 1 valid
9.2118 	DEBUG 	TextBox2 loaded 1 chars with 0 blanks and 1 valid
9.2129 	DEBUG 	TextBox2 loaded 1 chars with 0 blanks and 1 valid
9.2143 	DEBUG 	TextBox2 loaded 1 chars with 0 blanks and 1 valid
9.2155 	DEBUG 	TextBox2 loaded 1 chars with 0 blanks and 1 valid
9.2169 	DEBUG 	TextBox2 loaded 1 chars with 0 blanks and 1 valid
9.2176 	DEBUG 	TextBox2 loaded 1 chars with 0 blanks and 1 valid
9.2188 	DEBUG 	TextBox2 loaded 1 chars with 0 blanks and 1 valid
9.2201 	DEBUG 	TextBox2 loaded 1 chars with 0 blanks and 1 valid
9.2213 	DEBUG 	TextBox2 loaded 1 chars with 0 blanks and 1 valid
9.2217 	DEBUG 	Uploading Texture Font fontname to graphics card
9.2227 	DEBUG 	Upload of Texture Font fontname complete
9.2250 	EXP 	window1: mouseVisible = False
9.2251 	EXP 	window1: mouseVisible = False
9.2260 	EXP 	window1: mouseVisible = False
9.2269 	EXP 	window1: mouseVisible = False
9.3022 	WARNING 	launchHubServer: If using the iohub mouse or eyetracker devices, fullScr should be True.
12.9763 	INFO 	keyboard.Keyboard is using iohub backend.
12.9764 	INFO 	keyboard.Keyboard is using iohub backend.
12.9764 	INFO 	keyboard.Keyboard is using iohub backend.
12.9765 	INFO 	keyboard.Keyboard is using iohub backend.
12.9765 	INFO 	keyboard.Keyboard is using iohub backend.
12.9766 	INFO 	keyboard.Keyboard is using iohub backend.
12.9767 	INFO 	keyboard.Keyboard is using iohub backend.
12.9767 	EXP 	gradcptpy: status = STARTED
13.1773 	EXP 	window1: mouseVisible = False
13.4457 	EXP 	Created frame_rate_prompt = TextStim(__class__=<class 'psychopy.visual.text.TextStim'>, alignHoriz=method-wrapper(...), alignText='center', alignVert=method-wrapper(...), anchorHoriz='center', anchorVert='center', antialias=True, autoDraw=False, autoLog=True, bold=False, color=array([-1., -1., -1.]), colorSpace='rgb', contrast=1.0, depth=-2.0, draggable=False, flipHoriz=False, flipVert=False, font='Open Sans', fontFiles=[], height=0.05, italic=False, languageStyle='LTR', name='frame_rate_prompt', opacity=1, ori=0.0, pos=array([0., 0.]), rgb=UNKNOWN, text='Trying to estimate frame rate....', units='height', win=Window(...), wrapWidth=1)
13.4458 	EXP 	window1: mouseVisible = False
13.4719 	EXP 	Created welcome_text = TextStim(__class__=<class 'psychopy.visual.text.TextStim'>, alignHoriz=method-wrapper(...), alignText='center', alignVert=method-wrapper(...), anchorHoriz='center', anchorVert='center', antialias=True, autoDraw=False, autoLog=True, bold=False, color=array([-1., -1., -1.]), colorSpace='rgb', contrast=1.0, depth=-1.0, draggable=False, flipHoriz=False, flipVert=False, font='Open Sans', fontFiles=[], height=0.05, italic=False, languageStyle='LTR', name='welcome_text', opacity=1, ori=0.0, pos=array([0., 0.]), rgb=UNKNOWN, text=str(...), units='height', win=Window(...), wrapWidth=1)
13.4720 	EXP 	window1: mouseVisible = False
13.4736 	EXP 	Created gradcpt_prep_text = TextStim(__class__=<class 'psychopy.visual.text.TextStim'>, alignHoriz=method-wrapper(...), alignText='center', alignVert=method-wrapper(...), anchorHoriz='center', anchorVert='center', antialias=True, autoDraw=False, autoLog=True, bold=False, color=array([-1., -1., -1.]), colorSpace='rgb', contrast=1.0, depth=-1.0, draggable=False, flipHoriz=False, flipVert=False, font='Open Sans', fontFiles=[], height=0.03, italic=False, languageStyle='LTR', name='gradcpt_prep_text', opacity=1, ori=0.0, pos=array([0., 0.]), rgb=UNKNOWN, text='', units='height', win=Window(...), wrapWidth=1)
13.4737 	EXP 	window1: mouseVisible = False
13.4747 	EXP 	Created black_start_text = TextStim(__class__=<class 'psychopy.visual.text.TextStim'>, alignHoriz=method-wrapper(...), alignText='center', alignVert=method-wrapper(...), anchorHoriz='center', anchorVert='center', antialias=True, autoDraw=False, autoLog=True, bold=False, color=array([-1., -1., -1.]), colorSpace='rgb', contrast=1.0, depth=-1.0, draggable=False, flipHoriz=False, flipVert=False, font='Open Sans', fontFiles=[], height=0.03, italic=False, languageStyle='LTR', name='black_start_text', opacity=1, ori=0.0, pos=array([0., 0.]), rgb=UNKNOWN, text='', units='height', win=Window(...), wrapWidth=1)
13.4748 	EXP 	window1: mouseVisible = False
13.4759 	EXP 	Created prepare_block_text = TextStim(__class__=<class 'psychopy.visual.text.TextStim'>, alignHoriz=method-wrapper(...), alignText='center', alignVert=method-wrapper(...), anchorHoriz='center', anchorVert='center', antialias=True, autoDraw=False, autoLog=True, bold=False, color=array([-1., -1., -1.]), colorSpace='rgb', contrast=1.0, depth=-1.0, draggable=False, flipHoriz=False, flipVert=False, font='Arial', fontFiles=[], height=0.05, italic=False, languageStyle='LTR', name='prepare_block_text', opacity=1, ori=0.0, pos=array([0., 0.]), rgb=UNKNOWN, text='', units='height', win=Window(...), wrapWidth=1)
13.4760 	EXP 	window1: mouseVisible = False
13.4867 	EXP 	Created gradcpt_image = ImageStim(__class__=<class 'psychopy.visual.image.ImageStim'>, anchor=('center', 'center'), autoLog=True, color=array([1., 1., 1.]), colorSpace='rgb', contrast=1.0, depth=-1.0, draggable=False, flipHoriz=False, flipVert=False, image='default.png', interpolate=True, mask=None, maskParams=None, name='gradcpt_image', opacity=1, ori=0.0, pos=array([0., 0.]), size=array([0.5, 0.5]), texRes=128.0, units='height', win=Window(...))
13.4868 	EXP 	window1: mouseVisible = False
13.4879 	EXP 	Created es_text_component_gradcpt = TextStim(__class__=<class 'psychopy.visual.text.TextStim'>, alignHoriz=method-wrapper(...), alignText='center', alignVert=method-wrapper(...), anchorHoriz='center', anchorVert='center', antialias=True, autoDraw=False, autoLog=True, bold=False, color=array([-1., -1., -1.]), colorSpace='rgb', contrast=1.0, depth=-1.0, draggable=False, flipHoriz=False, flipVert=False, font='Open Sans', fontFiles=[], height=0.05, italic=False, languageStyle='LTR', name='es_text_component_gradcpt', opacity=1, ori=0.0, pos=array([0. , 0.2]), rgb=UNKNOWN, text='', units='height', win=Window(...), wrapWidth=1)
13.5488 	EXP 	window1: mouseVisible = False
13.5512 	EXP 	window1: mouseVisible = False
13.5665 	EXP 	window1: mouseVisible = False
13.5740 	EXP 	Created es_gradcpt_slider = Slider(__class__=<class 'psychopy.visual.slider.Slider'>, autoDraw=False, autoLog=True, borderColor=None, color=None, colorSpace='rgb', depth=-2, fillColor=None, flip=False, font='Open Sans', granularity=0.0, labelColor=None, labelHeight=0.05, labelWrapWidth=None, labels=None, lineColor=None, markerColor=None, name='es_gradcpt_slider', opacity=None, ori=0.0, pos=array([0., 0.]), readOnly=False, self=UNKNOWN, size=array([1. , 0.1]), startValue=None, style='rating', styleTweaks=[], ticks=array([0, 1]), units='height', win=Window(...))
13.5741 	EXP 	window1: mouseVisible = False
13.5752 	EXP 	Created low_anchor_gradcpt = TextStim(__class__=<class 'psychopy.visual.text.TextStim'>, alignHoriz=method-wrapper(...), alignText='center', alignVert=method-wrapper(...), anchorHoriz='center', anchorVert='center', antialias=True, autoDraw=False, autoLog=True, bold=False, color=array([-1., -1., -1.]), colorSpace='rgb', contrast=1.0, depth=-4.0, draggable=False, flipHoriz=False, flipVert=False, font='Open Sans', fontFiles=[], height=0.05, italic=False, languageStyle='LTR', name='low_anchor_gradcpt', opacity=1, ori=0.0, pos=array([-0.5 , -0.15]), rgb=UNKNOWN, text='', units='height', win=Window(...), wrapWidth=1)
13.5753 	EXP 	window1: mouseVisible = False
13.5763 	EXP 	Created high_anchor_gradcpt = TextStim(__class__=<class 'psychopy.visual.text.TextStim'>, alignHoriz=method-wrapper(...), alignText='center', alignVert=method-wrapper(...), anchorHoriz='center', anchorVert='center', antialias=True, autoDraw=False, autoLog=True, bold=False, color=array([-1., -1., -1.]), colorSpace='rgb', contrast=1.0, depth=-6.0, draggable=False, flipHoriz=False, flipVert=False, font='Open Sans', fontFiles=[], height=0.05, italic=False, languageStyle='LTR', name='high_anchor_gradcpt', opacity=1, ori=0.0, pos=array([ 0.5 , -0.15]), rgb=UNKNOWN, text='', units='height', win=Window(...), wrapWidth=1)
13.5764 	EXP 	window1: mouseVisible = False
13.5830 	EXP 	Created enter_advance_gradcpt = TextStim(__class__=<class 'psychopy.visual.text.TextStim'>, alignHoriz=method-wrapper(...), alignText='center', alignVert=method-wrapper(...), anchorHoriz='center', anchorVert='center', antialias=True, autoDraw=False, autoLog=True, bold=False, color=array([-1., -1., -1.]), colorSpace='rgb', contrast=1.0, depth=-7.0, draggable=False, flipHoriz=False, flipVert=False, font='Open Sans', fontFiles=[], height=0.05, italic=False, languageStyle='LTR', name='enter_advance_gradcpt', opacity=1, ori=0.0, pos=array([ 0. , -0.2]), rgb=UNKNOWN, text='Press "Enter" to advance.', units='height', win=Window(...), wrapWidth=1)
13.5831 	EXP 	window1: mouseVisible = False
13.5864 	EXP 	Created es_gradcpt_isi_text = TextStim(__class__=<class 'psychopy.visual.text.TextStim'>, alignHoriz=method-wrapper(...), alignText='center', alignVert=method-wrapper(...), anchorHoriz='center', anchorVert='center', antialias=True, autoDraw=False, autoLog=True, bold=False, color=array([-1., -1., -1.]), colorSpace='rgb', contrast=1.0, depth=0.0, draggable=False, flipHoriz=False, flipVert=False, font='Open Sans', fontFiles=[], height=0.05, italic=False, languageStyle='LTR', name='es_gradcpt_isi_text', opacity=1, ori=0.0, pos=array([0., 0.]), rgb=UNKNOWN, text='+', units='height', win=Window(...), wrapWidth=1)
13.5865 	EXP 	window1: mouseVisible = False
13.5875 	EXP 	Created prepare_text = TextStim(__class__=<class 'psychopy.visual.text.TextStim'>, alignHoriz=method-wrapper(...), alignText='center', alignVert=method-wrapper(...), anchorHoriz='center', anchorVert='center', antialias=True, autoDraw=False, autoLog=True, bold=False, color=array([-1., -1., -1.]), colorSpace='rgb', contrast=1.0, depth=-1.0, draggable=False, flipHoriz=False, flipVert=False, font='Arial', fontFiles=[], height=0.05, italic=False, languageStyle='LTR', name='prepare_text', opacity=1, ori=0.0, pos=array([0., 0.]), rgb=UNKNOWN, text='', units='height', win=Window(...), wrapWidth=1)
13.5876 	EXP 	window1: mouseVisible = False
13.5936 	EXP 	Created block_rest_text = TextStim(__class__=<class 'psychopy.visual.text.TextStim'>, alignHoriz=method-wrapper(...), alignText='center', alignVert=method-wrapper(...), anchorHoriz='center', anchorVert='center', antialias=True, autoDraw=False, autoLog=True, bold=False, color=array([-1., -1., -1.]), colorSpace='rgb', contrast=1.0, depth=-1.0, draggable=False, flipHoriz=False, flipVert=False, font='Open Sans', fontFiles=[], height=0.05, italic=False, languageStyle='LTR', name='block_rest_text', opacity=1, ori=0.0, pos=array([0., 0.]), rgb=UNKNOWN, text=str(...), units='height', win=Window(...), wrapWidth=1)
13.5937 	EXP 	window1: mouseVisible = False
13.5947 	EXP 	Created debrief_text = TextStim(__class__=<class 'psychopy.visual.text.TextStim'>, alignHoriz=method-wrapper(...), alignText='center', alignVert=method-wrapper(...), anchorHoriz='center', anchorVert='center', antialias=True, autoDraw=False, autoLog=True, bold=False, color=array([-1., -1., -1.]), colorSpace='rgb', contrast=1.0, depth=0.0, draggable=False, flipHoriz=False, flipVert=False, font='Open Sans', fontFiles=[], height=0.03, italic=False, languageStyle='LTR', name='debrief_text', opacity=1, ori=0.0, pos=array([0., 0.]), rgb=UNKNOWN, text='', units='height', win=Window(...), wrapWidth=1)
13.5947 	EXP 	window1: mouseVisible = False
13.5995 	EXP 	Created thanks_text = TextStim(__class__=<class 'psychopy.visual.text.TextStim'>, alignHoriz=method-wrapper(...), alignText='center', alignVert=method-wrapper(...), anchorHoriz='center', anchorVert='center', antialias=True, autoDraw=False, autoLog=True, bold=False, color=array([-1., -1., -1.]), colorSpace='rgb', contrast=1.0, depth=0.0, draggable=False, flipHoriz=False, flipVert=False, font='Open Sans', fontFiles=[], height=0.05, italic=False, languageStyle='LTR', name='thanks_text', opacity=1, ori=0.0, pos=array([0., 0.]), rgb=UNKNOWN, text='Thank you for your participation!', units='height', win=Window(...), wrapWidth=1)
0.0061 	EXP 	es_gradcpt_slider: autoLog = True
0.0061 	EXP 	es_gradcpt_slider: styleTweaks = []
0.0061 	EXP 	es_gradcpt_slider: styleTweaks = []
0.0061 	EXP 	es_gradcpt_slider: styleTweaks = []
0.0061 	EXP 	es_gradcpt_slider: styleTweaks = []
0.0061 	EXP 	es_gradcpt_slider: contrast = 1.0
0.0061 	EXP 	es_gradcpt_slider: markerPos = None
0.0061 	EXP 	es_gradcpt_slider: autoLog = True
0.0119 	EXP 	window1: mouseVisible = False
0.0261 	EXP 	frame_rate_prompt: autoDraw = True
5.0154 	EXP 	window1: mouseVisible = False
5.0289 	INFO 	Keyboard events cleared
5.0286 	EXP 	frame_rate_prompt: autoDraw = False
5.0286 	EXP 	welcome_text: autoDraw = True
6.5926 	DATA 	Keypress: space
6.5968 	INFO 	Keyboard events cleared
6.5965 	EXP 	welcome_text: autoDraw = False
6.5965 	EXP 	gradcpt_prep_text: height = 0.03
6.5965 	EXP 	gradcpt_prep_text: height = 0.03
6.5965 	EXP 	gradcpt_prep_text: height = 0.03
6.5965 	EXP 	gradcpt_prep_text: text = 'Now you will perform the attention task. A series of pictures will gradually be presented on the screen one after another. In this phase of the experiment, you will press the f key when you see a picture of a city scene, and you will press nothing when you see a picture of a mountain scene. It is important to respond as quickly and accurately as possible and to keep both hands on the keyboard at all times.\n\nWhen you answer thought probes during this phase, remember to again be as honest as possible. Whether you indicate that your attention was or was not on task will not affect your participation. \n\nPress the space bar to see the response mappings one more time before beginning.'
6.5965 	EXP 	gradcpt_prep_text: autoDraw = True
7.4527 	EXP 	New trial (rep=0, index=0): <Trial 0 (0 in rep 0) data={'thisN': 0, 'thisTrialN': 0, 'thisRepN': 0}>
7.4681 	DATA 	Keypress: space
7.4814 	INFO 	Keyboard events cleared
7.4810 	EXP 	gradcpt_prep_text: autoDraw = False
7.4810 	EXP 	black_start_text: height = 0.03
7.4810 	EXP 	black_start_text: height = 0.03
7.4810 	EXP 	black_start_text: height = 0.03
7.4810 	EXP 	black_start_text: text = 'Key for city scenes: f\n When you see a mountain scene, do not make a response.\n\nPress the space bar to begin.'
7.4810 	EXP 	black_start_text: autoDraw = True
9.2188 	DATA 	Keypress: space
9.2325 	EXP 	black_start_text: autoDraw = False
9.2325 	EXP 	prepare_block_text: autoDraw = True
14.2257 	EXP 	New trial (rep=0, index=0): <Trial 0 (0 in rep 0) data={'thisN': 0, 'thisTrialN': 0, 'thisRepN': 0}>
14.2258 	INFO 	keyboard.Keyboard is using iohub backend.
14.2389 	EXP 	prepare_block_text: autoDraw = False
14.2389 	EXP 	gradcpt_image: autoDraw = True
14.8627 	DATA 	Keypress: f
14.9136 	EXP 	window1: mouseVisible = True
14.9172 	DEBUG 	Saving data for gradcptpy ExperimentHandler
14.9191 	INFO 	saved data to C:\Users\dbrau\Dropbox\post_doc\professional\projects\independent\gradcptpy\data/507954_gradcptpy_2024-09-13_16h54.43.891.psydat
14.9206 	INFO 	saved data to 'C:\\Users\\dbrau\\Dropbox\\post_doc\\professional\\projects\\independent\\gradcptpy\\data/507954_gradcptpy_2024-09-13_16h54.43.891.csv'
