25.3000 	DEBUG 	Fullscreen settings ignored as running in pilot mode.
25.3021 	INFO 	Loaded monitor calibration from ['2024_09_16 16:06']
25.7786 	EXP 	Created window1 = Window(allowGUI=True, allowStencil=False, autoLog=True, backendConf=UNKNOWN, backgroundFit=<method-wrapper '__getattribute__' of attributeSetter object at 0x0000017EDC489B40>, backgroundImage=<method-wrapper '__getattribute__' of attributeSetter object at 0x0000017EDC489AE0>, bitsMode=UNKNOWN, blendMode='avg', bpc=(8, 8, 8), color=array([0, 0, 0]), colorSpace='rgb', depthBits=8, fullscr=<method-wrapper '__getattribute__' of attributeSetter object at 0x0000017EDC4881F0>, gamma=None, gammaErrorPolicy='raise', infoMsg=UNKNOWN, lms=UNKNOWN, monitor=<psychopy.monitors.calibTools.Monitor object at 0x0000017EDD275450>, multiSample=False, name='window1', numSamples=2, pos=[560.0, 240.0], screen=0, size=array([800, 600]), stencilBits=0, stereo=False, title='PsychoPy', units='height', useFBO=True, useRetina=False, viewOri=0.0, viewPos=None, viewScale=None, waitBlanking=True, winType='pyglet')
25.7787 	EXP 	window1: backgroundImage = ''
25.7787 	EXP 	window1: backgroundFit = 'none'
25.7789 	EXP 	window1: mouseVisible = <method-wrapper '__getattribute__' of attributeSetter object at 0x0000017EDC489C60>
25.7791 	EXP 	window1: mouseVisible = <method-wrapper '__getattribute__' of attributeSetter object at 0x0000017EDC489C60>
25.7860 	EXP 	window1: mouseVisible = <method-wrapper '__getattribute__' of attributeSetter object at 0x0000017EDC489C60>
25.7868 	EXP 	window1: mouseVisible = <method-wrapper '__getattribute__' of attributeSetter object at 0x0000017EDC489C60>
25.8026 	DEBUG 	TextBox2 loaded 1 chars with 0 blanks and 1 valid
25.8044 	DEBUG 	TextBox2 loaded 1 chars with 0 blanks and 1 valid
25.8061 	DEBUG 	TextBox2 loaded 1 chars with 0 blanks and 1 valid
25.8079 	DEBUG 	TextBox2 loaded 1 chars with 0 blanks and 1 valid
25.8097 	DEBUG 	TextBox2 loaded 1 chars with 0 blanks and 1 valid
25.8112 	DEBUG 	TextBox2 loaded 1 chars with 0 blanks and 1 valid
25.8129 	DEBUG 	TextBox2 loaded 1 chars with 0 blanks and 1 valid
25.8149 	DEBUG 	TextBox2 loaded 1 chars with 0 blanks and 1 valid
25.8161 	DEBUG 	TextBox2 loaded 1 chars with 0 blanks and 1 valid
25.8172 	DEBUG 	TextBox2 loaded 1 chars with 0 blanks and 1 valid
25.8189 	DEBUG 	TextBox2 loaded 1 chars with 0 blanks and 1 valid
25.8206 	DEBUG 	TextBox2 loaded 1 chars with 0 blanks and 1 valid
25.8222 	DEBUG 	TextBox2 loaded 1 chars with 0 blanks and 1 valid
25.8239 	DEBUG 	TextBox2 loaded 1 chars with 0 blanks and 1 valid
25.8254 	DEBUG 	TextBox2 loaded 1 chars with 0 blanks and 1 valid
25.8271 	DEBUG 	TextBox2 loaded 1 chars with 0 blanks and 1 valid
25.8290 	DEBUG 	TextBox2 loaded 1 chars with 0 blanks and 1 valid
25.8302 	DEBUG 	TextBox2 loaded 1 chars with 0 blanks and 1 valid
25.8315 	DEBUG 	TextBox2 loaded 1 chars with 0 blanks and 1 valid
25.8334 	DEBUG 	TextBox2 loaded 1 chars with 0 blanks and 1 valid
25.8351 	DEBUG 	TextBox2 loaded 1 chars with 0 blanks and 1 valid
25.8373 	DEBUG 	Uploading Texture Font fontname to graphics card
25.8434 	DEBUG 	Upload of Texture Font fontname complete
25.8452 	EXP 	window1: mouseVisible = <method-wrapper '__getattribute__' of attributeSetter object at 0x0000017EDC489C60>
25.8454 	EXP 	window1: mouseVisible = <method-wrapper '__getattribute__' of attributeSetter object at 0x0000017EDC489C60>
25.8462 	EXP 	window1: mouseVisible = <method-wrapper '__getattribute__' of attributeSetter object at 0x0000017EDC489C60>
25.8469 	EXP 	window1: mouseVisible = <method-wrapper '__getattribute__' of attributeSetter object at 0x0000017EDC489C60>
25.8536 	DEBUG 	TextBox2 loaded 1 chars with 0 blanks and 1 valid
25.8555 	DEBUG 	TextBox2 loaded 1 chars with 0 blanks and 1 valid
25.8574 	DEBUG 	TextBox2 loaded 1 chars with 0 blanks and 1 valid
25.8578 	DEBUG 	Uploading Texture Font fontname to graphics card
25.8676 	DEBUG 	Upload of Texture Font fontname complete
25.8701 	EXP 	window1: Attempting to measure frame rate of screen (0) ...
25.8701 	EXP 	window1: recordFrameIntervals = False
26.0845 	EXP 	window1: recordFrameIntervals = True
26.1348 	WARNING 	t of last frame was 20.49ms (=1/48)
26.2010 	WARNING 	t of last frame was 20.06ms (=1/49)
26.2844 	WARNING 	t of last frame was 20.22ms (=1/49)
26.3178 	WARNING 	t of last frame was 20.50ms (=1/48)
26.3681 	WARNING 	Multiple dropped frames have occurred - I'll stop bothering you about them!
26.5811 	EXP 	Screen (0) actual frame rate measured at 60.04Hz
26.5811 	EXP 	window1: recordFrameIntervals = False
26.5812 	EXP 	window1: mouseVisible = False
26.5816 	EXP 	window1: mouseVisible = False
26.5817 	EXP 	window1: mouseVisible = False
26.5826 	EXP 	window1: mouseVisible = False
26.5833 	EXP 	window1: mouseVisible = False
26.5900 	DEBUG 	TextBox2 loaded 1 chars with 0 blanks and 1 valid
26.5914 	DEBUG 	TextBox2 loaded 1 chars with 0 blanks and 1 valid
26.5931 	DEBUG 	TextBox2 loaded 1 chars with 0 blanks and 1 valid
26.5953 	DEBUG 	TextBox2 loaded 1 chars with 0 blanks and 1 valid
26.5975 	DEBUG 	TextBox2 loaded 1 chars with 0 blanks and 1 valid
26.5995 	DEBUG 	TextBox2 loaded 1 chars with 0 blanks and 1 valid
26.6008 	DEBUG 	TextBox2 loaded 1 chars with 0 blanks and 1 valid
26.6025 	DEBUG 	TextBox2 loaded 1 chars with 0 blanks and 1 valid
26.6045 	DEBUG 	TextBox2 loaded 1 chars with 0 blanks and 1 valid
26.6063 	DEBUG 	TextBox2 loaded 1 chars with 0 blanks and 1 valid
26.6067 	DEBUG 	Uploading Texture Font fontname to graphics card
26.6074 	DEBUG 	Upload of Texture Font fontname complete
26.6092 	EXP 	window1: mouseVisible = False
26.6093 	EXP 	window1: mouseVisible = False
26.6100 	EXP 	window1: mouseVisible = False
26.6107 	EXP 	window1: mouseVisible = False
26.6463 	WARNING 	launchHubServer: If using the iohub mouse or eyetracker devices, fullScr should be True.
31.7471 	INFO 	keyboard.Keyboard is using iohub backend.
31.7472 	INFO 	keyboard.Keyboard is using iohub backend.
31.7473 	INFO 	keyboard.Keyboard is using iohub backend.
31.7473 	INFO 	keyboard.Keyboard is using iohub backend.
31.7473 	EXP 	gradcptpy: status = STARTED
31.8844 	EXP 	window1: mouseVisible = False
32.0224 	EXP 	Created frame_rate_prompt = TextStim(__class__=<class 'psychopy.visual.text.TextStim'>, alignHoriz=method-wrapper(...), alignText='center', alignVert=method-wrapper(...), anchorHoriz='center', anchorVert='center', antialias=True, autoDraw=False, autoLog=True, bold=False, color=array([-1., -1., -1.]), colorSpace='rgb', contrast=1.0, depth=-2.0, draggable=False, flipHoriz=False, flipVert=False, font='Open Sans', fontFiles=[], height=0.05, italic=False, languageStyle='LTR', name='frame_rate_prompt', opacity=1, ori=0.0, pos=array([0., 0.]), rgb=UNKNOWN, text='Trying to estimate frame rate....', units='height', win=Window(...), wrapWidth=1)
32.0226 	EXP 	window1: mouseVisible = False
32.0505 	EXP 	Created welcome_text = TextStim(__class__=<class 'psychopy.visual.text.TextStim'>, alignHoriz=method-wrapper(...), alignText='center', alignVert=method-wrapper(...), anchorHoriz='center', anchorVert='center', antialias=True, autoDraw=False, autoLog=True, bold=False, color=array([-1., -1., -1.]), colorSpace='rgb', contrast=1.0, depth=-1.0, draggable=False, flipHoriz=False, flipVert=False, font='Open Sans', fontFiles=[], height=0.05, italic=False, languageStyle='LTR', name='welcome_text', opacity=1, ori=0.0, pos=array([0., 0.]), rgb=UNKNOWN, text=str(...), units='height', win=Window(...), wrapWidth=1)
32.0507 	EXP 	window1: mouseVisible = False
32.0521 	EXP 	Created gradcpt_prep_text = TextStim(__class__=<class 'psychopy.visual.text.TextStim'>, alignHoriz=method-wrapper(...), alignText='center', alignVert=method-wrapper(...), anchorHoriz='center', anchorVert='center', antialias=True, autoDraw=False, autoLog=True, bold=False, color=array([-1., -1., -1.]), colorSpace='rgb', contrast=1.0, depth=-1.0, draggable=False, flipHoriz=False, flipVert=False, font='Open Sans', fontFiles=[], height=0.03, italic=False, languageStyle='LTR', name='gradcpt_prep_text', opacity=1, ori=0.0, pos=array([0., 0.]), rgb=UNKNOWN, text='', units='height', win=Window(...), wrapWidth=1)
32.0522 	EXP 	window1: mouseVisible = False
32.0617 	EXP 	Created gradcpt_image = ImageStim(__class__=<class 'psychopy.visual.image.ImageStim'>, anchor=('center', 'center'), autoLog=True, color=array([1., 1., 1.]), colorSpace='rgb', contrast=1.0, depth=-1.0, draggable=False, flipHoriz=False, flipVert=False, image='default.png', interpolate=True, mask=None, maskParams=None, name='gradcpt_image', opacity=1, ori=0.0, pos=array([0., 0.]), size=array([0.5, 0.5]), texRes=128.0, units='height', win=Window(...))
32.0619 	EXP 	window1: mouseVisible = False
32.0643 	EXP 	Created pixel = Rect(__class__=<class 'psychopy.visual.rect.Rect'>, anchor=('left', 'bottom'), autoDraw=False, autoLog=True, closeShape=True, color=method-wrapper(...), colorSpace='rgb', contrast=None, depth=-2.0, draggable=False, fillColor=array([1, 1, 1]), fillColorSpace='rgb', fillRGB=array([1, 1, 1]), interpolate=True, lineColor=array([1., 1., 1.]), lineColorSpace='rgb', lineRGB=array([1, 1, 1]), lineWidth=0.0, name='pixel', opacity=1, ori=0.0, pos=array([-0.95, -0.95]), size=array([0.01, 0.01]), units='norm', vertices=ndarray(...), win=Window(...))
32.0644 	EXP 	window1: mouseVisible = False
32.0654 	EXP 	Created debrief_text = TextStim(__class__=<class 'psychopy.visual.text.TextStim'>, alignHoriz=method-wrapper(...), alignText='center', alignVert=method-wrapper(...), anchorHoriz='center', anchorVert='center', antialias=True, autoDraw=False, autoLog=True, bold=False, color=array([-1., -1., -1.]), colorSpace='rgb', contrast=1.0, depth=0.0, draggable=False, flipHoriz=False, flipVert=False, font='Open Sans', fontFiles=[], height=0.03, italic=False, languageStyle='LTR', name='debrief_text', opacity=1, ori=0.0, pos=array([0., 0.]), rgb=UNKNOWN, text='', units='height', win=Window(...), wrapWidth=1)
32.0655 	EXP 	window1: mouseVisible = False
32.0721 	EXP 	Created thanks_text = TextStim(__class__=<class 'psychopy.visual.text.TextStim'>, alignHoriz=method-wrapper(...), alignText='center', alignVert=method-wrapper(...), anchorHoriz='center', anchorVert='center', antialias=True, autoDraw=False, autoLog=True, bold=False, color=array([-1., -1., -1.]), colorSpace='rgb', contrast=1.0, depth=0.0, draggable=False, flipHoriz=False, flipVert=False, font='Open Sans', fontFiles=[], height=0.05, italic=False, languageStyle='LTR', name='thanks_text', opacity=1, ori=0.0, pos=array([0., 0.]), rgb=UNKNOWN, text='Thank you for your participation!', units='height', win=Window(...), wrapWidth=1)
0.0133 	EXP 	window1: mouseVisible = False
0.0270 	EXP 	frame_rate_prompt: autoDraw = True
1.0170 	EXP 	window1: mouseVisible = False
1.0289 	INFO 	Keyboard events cleared
1.0285 	EXP 	frame_rate_prompt: autoDraw = False
1.0285 	EXP 	welcome_text: autoDraw = True
5.1126 	DATA 	Keypress: space
5.1282 	INFO 	Keyboard events cleared
5.1278 	EXP 	welcome_text: autoDraw = False
5.1278 	EXP 	gradcpt_prep_text: height = 0.03
5.1278 	EXP 	gradcpt_prep_text: height = 0.03
5.1278 	EXP 	gradcpt_prep_text: height = 0.03
5.1278 	EXP 	gradcpt_prep_text: text = 'Now you will perform the attention task. A series of pictures will gradually be presented on the screen one after another. In this phase of the experiment, you will press the j key when you see a picture of a city scene, and you will press nothing when you see a picture of a mountain scene. It is important to respond as quickly and accurately as possible and to keep both hands on the keyboard at all times.\n\nWhen you answer thought probes during this phase, remember to again be as honest as possible. Whether you indicate that your attention was or was not on task will not affect your participation. \n\nPress the space bar to see the response mappings one more time before beginning.'
5.1278 	EXP 	gradcpt_prep_text: autoDraw = True
5.6497 	INFO 	keyboard.Keyboard is using iohub backend.
5.6535 	DATA 	Keypress: space
5.6792 	EXP 	gradcpt_prep_text: autoDraw = False
5.6792 	EXP 	pixel: fillColor = <psychopy.colors.Color: black, alpha=1.0>
5.6792 	EXP 	gradcpt_image: autoDraw = True
5.6792 	EXP 	pixel: autoDraw = True
5.6970 	EXP 	pixel: fillColor = <psychopy.colors.Color: white, alpha=1.0>
5.7135 	EXP 	pixel: fillColor = <psychopy.colors.Color: black, alpha=1.0>
5.7299 	EXP 	pixel: fillColor = <psychopy.colors.Color: white, alpha=1.0>
5.7467 	EXP 	pixel: fillColor = <psychopy.colors.Color: black, alpha=1.0>
5.7634 	EXP 	pixel: fillColor = <psychopy.colors.Color: white, alpha=1.0>
5.7801 	EXP 	pixel: fillColor = <psychopy.colors.Color: black, alpha=1.0>
5.7970 	EXP 	pixel: fillColor = <psychopy.colors.Color: white, alpha=1.0>
5.8134 	EXP 	pixel: fillColor = <psychopy.colors.Color: black, alpha=1.0>
5.8302 	EXP 	pixel: fillColor = <psychopy.colors.Color: white, alpha=1.0>
5.8612 	INFO 	Keyboard events cleared
5.8609 	EXP 	pixel: fillColor = <psychopy.colors.Color: black, alpha=1.0>
5.8609 	EXP 	gradcpt_image: autoDraw = False
5.8609 	EXP 	pixel: autoDraw = False
5.8609 	EXP 	debrief_text: height = 0.03
5.8609 	EXP 	debrief_text: height = 0.03
5.8609 	EXP 	debrief_text: height = 0.03
5.8609 	EXP 	debrief_text: text = 'Some debriefing text.'
5.8609 	EXP 	debrief_text: autoDraw = True
8.3521 	DATA 	Keypress: space
8.3635 	EXP 	debrief_text: autoDraw = False
8.3635 	EXP 	thanks_text: autoDraw = True
8.6670 	DATA 	Keypress: space
13.3655 	EXP 	thanks_text: autoDraw = False
13.3681 	EXP 	gradcptpy: status = STOPPED
13.3827 	INFO 	saved data to 'C:\\Users\\zhw\\Projects\\test\\gradcptpy\\data/518549_gradcptpy_2024-09-20_14h43.41.402.csv'
13.3858 	INFO 	saved data to C:\Users\zhw\Projects\test\gradcptpy\data/518549_gradcptpy_2024-09-20_14h43.41.402.psydat
13.4997 	EXP 	window1: mouseVisible = True
14.2052 	DEBUG 	Saving data for gradcptpy ExperimentHandler
