15.3372 	DEBUG 	Fullscreen settings ignored as running in pilot mode.
15.3389 	INFO 	Loaded monitor calibration from ['2024_09_16 16:06']
15.7627 	EXP 	Created window1 = Window(allowGUI=True, allowStencil=False, autoLog=True, backendConf=UNKNOWN, backgroundFit=<method-wrapper '__getattribute__' of attributeSetter object at 0x000001D44C0F0700>, backgroundImage=<method-wrapper '__getattribute__' of attributeSetter object at 0x000001D44C0F0760>, bitsMode=UNKNOWN, blendMode='avg', bpc=(8, 8, 8), color=array([0, 0, 0]), colorSpace='rgb', depthBits=8, fullscr=<method-wrapper '__getattribute__' of attributeSetter object at 0x000001D44C0F0910>, gamma=None, gammaErrorPolicy='raise', infoMsg=UNKNOWN, lms=UNKNOWN, monitor=<psychopy.monitors.calibTools.Monitor object at 0x000001D44C215390>, multiSample=False, name='window1', numSamples=2, pos=[560.0, 240.0], screen=0, size=array([800, 600]), stencilBits=0, stereo=False, title='PsychoPy', units='height', useFBO=True, useRetina=False, viewOri=0.0, viewPos=None, viewScale=None, waitBlanking=True, winType='pyglet')
15.7628 	EXP 	window1: backgroundImage = ''
15.7629 	EXP 	window1: backgroundFit = 'none'
15.7631 	EXP 	window1: mouseVisible = <method-wrapper '__getattribute__' of attributeSetter object at 0x000001D44C0F05E0>
15.7636 	EXP 	window1: mouseVisible = <method-wrapper '__getattribute__' of attributeSetter object at 0x000001D44C0F05E0>
15.7695 	EXP 	window1: mouseVisible = <method-wrapper '__getattribute__' of attributeSetter object at 0x000001D44C0F05E0>
15.7703 	EXP 	window1: mouseVisible = <method-wrapper '__getattribute__' of attributeSetter object at 0x000001D44C0F05E0>
15.7798 	DEBUG 	TextBox2 loaded 1 chars with 0 blanks and 1 valid
15.7815 	DEBUG 	TextBox2 loaded 1 chars with 0 blanks and 1 valid
15.7832 	DEBUG 	TextBox2 loaded 1 chars with 0 blanks and 1 valid
15.7851 	DEBUG 	TextBox2 loaded 1 chars with 0 blanks and 1 valid
15.7869 	DEBUG 	TextBox2 loaded 1 chars with 0 blanks and 1 valid
15.7882 	DEBUG 	TextBox2 loaded 1 chars with 0 blanks and 1 valid
15.7899 	DEBUG 	TextBox2 loaded 1 chars with 0 blanks and 1 valid
15.7920 	DEBUG 	TextBox2 loaded 1 chars with 0 blanks and 1 valid
15.7934 	DEBUG 	TextBox2 loaded 1 chars with 0 blanks and 1 valid
15.7946 	DEBUG 	TextBox2 loaded 1 chars with 0 blanks and 1 valid
15.7963 	DEBUG 	TextBox2 loaded 1 chars with 0 blanks and 1 valid
15.7980 	DEBUG 	TextBox2 loaded 1 chars with 0 blanks and 1 valid
15.7996 	DEBUG 	TextBox2 loaded 1 chars with 0 blanks and 1 valid
15.8012 	DEBUG 	TextBox2 loaded 1 chars with 0 blanks and 1 valid
15.8028 	DEBUG 	TextBox2 loaded 1 chars with 0 blanks and 1 valid
15.8044 	DEBUG 	TextBox2 loaded 1 chars with 0 blanks and 1 valid
15.8061 	DEBUG 	TextBox2 loaded 1 chars with 0 blanks and 1 valid
15.8074 	DEBUG 	TextBox2 loaded 1 chars with 0 blanks and 1 valid
15.8089 	DEBUG 	TextBox2 loaded 1 chars with 0 blanks and 1 valid
15.8109 	DEBUG 	TextBox2 loaded 1 chars with 0 blanks and 1 valid
15.8122 	DEBUG 	TextBox2 loaded 1 chars with 0 blanks and 1 valid
15.8127 	DEBUG 	Uploading Texture Font fontname to graphics card
15.8221 	DEBUG 	Upload of Texture Font fontname complete
15.8240 	EXP 	window1: mouseVisible = <method-wrapper '__getattribute__' of attributeSetter object at 0x000001D44C0F05E0>
15.8242 	EXP 	window1: mouseVisible = <method-wrapper '__getattribute__' of attributeSetter object at 0x000001D44C0F05E0>
15.8256 	EXP 	window1: mouseVisible = <method-wrapper '__getattribute__' of attributeSetter object at 0x000001D44C0F05E0>
15.8264 	EXP 	window1: mouseVisible = <method-wrapper '__getattribute__' of attributeSetter object at 0x000001D44C0F05E0>
15.8334 	DEBUG 	TextBox2 loaded 1 chars with 0 blanks and 1 valid
15.8355 	DEBUG 	TextBox2 loaded 1 chars with 0 blanks and 1 valid
15.8375 	DEBUG 	TextBox2 loaded 1 chars with 0 blanks and 1 valid
15.8379 	DEBUG 	Uploading Texture Font fontname to graphics card
15.8483 	DEBUG 	Upload of Texture Font fontname complete
15.8510 	EXP 	window1: Attempting to measure frame rate of screen (0) ...
15.8510 	EXP 	window1: recordFrameIntervals = False
16.0663 	EXP 	window1: recordFrameIntervals = True
16.1159 	WARNING 	t of last frame was 20.91ms (=1/47)
16.1495 	WARNING 	t of last frame was 21.22ms (=1/47)
16.1996 	WARNING 	t of last frame was 21.44ms (=1/46)
16.2494 	WARNING 	t of last frame was 21.08ms (=1/47)
16.2829 	WARNING 	Multiple dropped frames have occurred - I'll stop bothering you about them!
16.6453 	EXP 	Screen (0) actual frame rate measured at 60.07Hz
16.6454 	EXP 	window1: recordFrameIntervals = False
16.6455 	EXP 	window1: mouseVisible = False
16.6459 	EXP 	window1: mouseVisible = False
16.6460 	EXP 	window1: mouseVisible = False
16.6469 	EXP 	window1: mouseVisible = False
16.6478 	EXP 	window1: mouseVisible = False
16.6547 	DEBUG 	TextBox2 loaded 1 chars with 0 blanks and 1 valid
16.6561 	DEBUG 	TextBox2 loaded 1 chars with 0 blanks and 1 valid
16.6578 	DEBUG 	TextBox2 loaded 1 chars with 0 blanks and 1 valid
16.6601 	DEBUG 	TextBox2 loaded 1 chars with 0 blanks and 1 valid
16.6623 	DEBUG 	TextBox2 loaded 1 chars with 0 blanks and 1 valid
16.6644 	DEBUG 	TextBox2 loaded 1 chars with 0 blanks and 1 valid
16.6658 	DEBUG 	TextBox2 loaded 1 chars with 0 blanks and 1 valid
16.6676 	DEBUG 	TextBox2 loaded 1 chars with 0 blanks and 1 valid
16.6696 	DEBUG 	TextBox2 loaded 1 chars with 0 blanks and 1 valid
16.6714 	DEBUG 	TextBox2 loaded 1 chars with 0 blanks and 1 valid
16.6719 	DEBUG 	Uploading Texture Font fontname to graphics card
16.6726 	DEBUG 	Upload of Texture Font fontname complete
16.6744 	EXP 	window1: mouseVisible = False
16.6745 	EXP 	window1: mouseVisible = False
16.6754 	EXP 	window1: mouseVisible = False
16.6762 	EXP 	window1: mouseVisible = False
16.7080 	WARNING 	launchHubServer: If using the iohub mouse or eyetracker devices, fullScr should be True.
21.7837 	INFO 	keyboard.Keyboard is using iohub backend.
21.7838 	INFO 	keyboard.Keyboard is using iohub backend.
21.7838 	INFO 	keyboard.Keyboard is using iohub backend.
21.7839 	INFO 	keyboard.Keyboard is using iohub backend.
21.7839 	EXP 	gradcptpy: status = STARTED
21.9079 	EXP 	window1: mouseVisible = False
22.0298 	EXP 	Created frame_rate_prompt = TextStim(__class__=<class 'psychopy.visual.text.TextStim'>, alignHoriz=method-wrapper(...), alignText='center', alignVert=method-wrapper(...), anchorHoriz='center', anchorVert='center', antialias=True, autoDraw=False, autoLog=True, bold=False, color=array([-1., -1., -1.]), colorSpace='rgb', contrast=1.0, depth=-2.0, draggable=False, flipHoriz=False, flipVert=False, font='Open Sans', fontFiles=[], height=0.05, italic=False, languageStyle='LTR', name='frame_rate_prompt', opacity=1, ori=0.0, pos=array([0., 0.]), rgb=UNKNOWN, text='Trying to estimate frame rate....', units='height', win=Window(...), wrapWidth=1)
22.0300 	EXP 	window1: mouseVisible = False
22.0535 	EXP 	Created welcome_text = TextStim(__class__=<class 'psychopy.visual.text.TextStim'>, alignHoriz=method-wrapper(...), alignText='center', alignVert=method-wrapper(...), anchorHoriz='center', anchorVert='center', antialias=True, autoDraw=False, autoLog=True, bold=False, color=array([-1., -1., -1.]), colorSpace='rgb', contrast=1.0, depth=-1.0, draggable=False, flipHoriz=False, flipVert=False, font='Open Sans', fontFiles=[], height=0.05, italic=False, languageStyle='LTR', name='welcome_text', opacity=1, ori=0.0, pos=array([0., 0.]), rgb=UNKNOWN, text=str(...), units='height', win=Window(...), wrapWidth=1)
22.0536 	EXP 	window1: mouseVisible = False
22.0549 	EXP 	Created gradcpt_prep_text = TextStim(__class__=<class 'psychopy.visual.text.TextStim'>, alignHoriz=method-wrapper(...), alignText='center', alignVert=method-wrapper(...), anchorHoriz='center', anchorVert='center', antialias=True, autoDraw=False, autoLog=True, bold=False, color=array([-1., -1., -1.]), colorSpace='rgb', contrast=1.0, depth=-1.0, draggable=False, flipHoriz=False, flipVert=False, font='Open Sans', fontFiles=[], height=0.03, italic=False, languageStyle='LTR', name='gradcpt_prep_text', opacity=1, ori=0.0, pos=array([0., 0.]), rgb=UNKNOWN, text='', units='height', win=Window(...), wrapWidth=1)
22.0550 	EXP 	window1: mouseVisible = False
22.0613 	EXP 	Created gradcpt_image = ImageStim(__class__=<class 'psychopy.visual.image.ImageStim'>, anchor=('center', 'center'), autoLog=True, color=array([1., 1., 1.]), colorSpace='rgb', contrast=1.0, depth=-1.0, draggable=False, flipHoriz=False, flipVert=False, image='default.png', interpolate=True, mask=None, maskParams=None, name='gradcpt_image', opacity=1, ori=0.0, pos=array([0., 0.]), size=array([0.5, 0.5]), texRes=128.0, units='height', win=Window(...))
22.0614 	EXP 	window1: mouseVisible = False
22.0633 	EXP 	Created pixel = Rect(__class__=<class 'psychopy.visual.rect.Rect'>, anchor=('left', 'bottom'), autoDraw=False, autoLog=True, closeShape=True, color=method-wrapper(...), colorSpace='rgb', contrast=None, depth=-2.0, draggable=False, fillColor=array([1, 1, 1]), fillColorSpace='rgb', fillRGB=array([1, 1, 1]), interpolate=True, lineColor=array([1., 1., 1.]), lineColorSpace='rgb', lineRGB=array([1, 1, 1]), lineWidth=0.0, name='pixel', opacity=1, ori=0.0, pos=array([-0.95, -0.95]), size=array([0.01, 0.01]), units='norm', vertices=ndarray(...), win=Window(...))
22.0634 	EXP 	window1: mouseVisible = False
22.0643 	EXP 	Created debrief_text = TextStim(__class__=<class 'psychopy.visual.text.TextStim'>, alignHoriz=method-wrapper(...), alignText='center', alignVert=method-wrapper(...), anchorHoriz='center', anchorVert='center', antialias=True, autoDraw=False, autoLog=True, bold=False, color=array([-1., -1., -1.]), colorSpace='rgb', contrast=1.0, depth=0.0, draggable=False, flipHoriz=False, flipVert=False, font='Open Sans', fontFiles=[], height=0.03, italic=False, languageStyle='LTR', name='debrief_text', opacity=1, ori=0.0, pos=array([0., 0.]), rgb=UNKNOWN, text='', units='height', win=Window(...), wrapWidth=1)
22.0644 	EXP 	window1: mouseVisible = False
22.0705 	EXP 	Created thanks_text = TextStim(__class__=<class 'psychopy.visual.text.TextStim'>, alignHoriz=method-wrapper(...), alignText='center', alignVert=method-wrapper(...), anchorHoriz='center', anchorVert='center', antialias=True, autoDraw=False, autoLog=True, bold=False, color=array([-1., -1., -1.]), colorSpace='rgb', contrast=1.0, depth=0.0, draggable=False, flipHoriz=False, flipVert=False, font='Open Sans', fontFiles=[], height=0.05, italic=False, languageStyle='LTR', name='thanks_text', opacity=1, ori=0.0, pos=array([0., 0.]), rgb=UNKNOWN, text='Thank you for your participation!', units='height', win=Window(...), wrapWidth=1)
0.0119 	EXP 	window1: mouseVisible = False
0.0261 	EXP 	frame_rate_prompt: autoDraw = True
2.0137 	EXP 	window1: mouseVisible = False
2.0281 	INFO 	Keyboard events cleared
2.0277 	EXP 	frame_rate_prompt: autoDraw = False
2.0277 	EXP 	welcome_text: autoDraw = True
27.6640 	DATA 	Keypress: space
27.6671 	INFO 	Keyboard events cleared
27.6667 	EXP 	welcome_text: autoDraw = False
27.6667 	EXP 	gradcpt_prep_text: height = 0.03
27.6667 	EXP 	gradcpt_prep_text: height = 0.03
27.6667 	EXP 	gradcpt_prep_text: height = 0.03
27.6667 	EXP 	gradcpt_prep_text: text = 'Now you will perform the attention task. A series of pictures will gradually be presented on the screen one after another. In this phase of the experiment, you will press the f key when you see a picture of a city scene, and you will press nothing when you see a picture of a mountain scene. It is important to respond as quickly and accurately as possible and to keep both hands on the keyboard at all times.\n\nWhen you answer thought probes during this phase, remember to again be as honest as possible. Whether you indicate that your attention was or was not on task will not affect your participation. \n\nPress the space bar to see the response mappings one more time before beginning.'
27.6667 	EXP 	gradcpt_prep_text: autoDraw = True
27.9724 	INFO 	keyboard.Keyboard is using iohub backend.
27.9989 	DATA 	Keypress: space
28.0180 	EXP 	gradcpt_prep_text: autoDraw = False
28.0180 	EXP 	pixel: fillColor = <psychopy.colors.Color: black, alpha=1.0>
28.0180 	EXP 	gradcpt_image: autoDraw = True
28.0180 	EXP 	pixel: autoDraw = True
28.0359 	EXP 	pixel: fillColor = <psychopy.colors.Color: white, alpha=1.0>
28.0525 	EXP 	pixel: fillColor = <psychopy.colors.Color: black, alpha=1.0>
28.0693 	EXP 	pixel: fillColor = <psychopy.colors.Color: white, alpha=1.0>
28.0854 	EXP 	pixel: fillColor = <psychopy.colors.Color: black, alpha=1.0>
28.1025 	EXP 	pixel: fillColor = <psychopy.colors.Color: white, alpha=1.0>
28.1192 	EXP 	pixel: fillColor = <psychopy.colors.Color: black, alpha=1.0>
28.1354 	EXP 	pixel: fillColor = <psychopy.colors.Color: white, alpha=1.0>
28.1523 	EXP 	pixel: fillColor = <psychopy.colors.Color: black, alpha=1.0>
28.1690 	EXP 	pixel: fillColor = <psychopy.colors.Color: white, alpha=1.0>
28.1854 	EXP 	pixel: fillColor = <psychopy.colors.Color: black, alpha=1.0>
28.2024 	EXP 	pixel: fillColor = <psychopy.colors.Color: white, alpha=1.0>
28.2188 	EXP 	pixel: fillColor = <psychopy.colors.Color: black, alpha=1.0>
28.2354 	EXP 	pixel: fillColor = <psychopy.colors.Color: white, alpha=1.0>
28.2526 	EXP 	pixel: fillColor = <psychopy.colors.Color: black, alpha=1.0>
28.2689 	EXP 	pixel: fillColor = <psychopy.colors.Color: white, alpha=1.0>
28.2859 	EXP 	pixel: fillColor = <psychopy.colors.Color: black, alpha=1.0>
28.3026 	EXP 	pixel: fillColor = <psychopy.colors.Color: white, alpha=1.0>
28.3190 	EXP 	pixel: fillColor = <psychopy.colors.Color: black, alpha=1.0>
28.3358 	EXP 	pixel: fillColor = <psychopy.colors.Color: white, alpha=1.0>
28.3524 	EXP 	pixel: fillColor = <psychopy.colors.Color: black, alpha=1.0>
28.3692 	EXP 	pixel: fillColor = <psychopy.colors.Color: white, alpha=1.0>
28.3859 	EXP 	pixel: fillColor = <psychopy.colors.Color: black, alpha=1.0>
28.4025 	EXP 	pixel: fillColor = <psychopy.colors.Color: white, alpha=1.0>
28.4194 	EXP 	pixel: fillColor = <psychopy.colors.Color: black, alpha=1.0>
28.4362 	EXP 	pixel: fillColor = <psychopy.colors.Color: white, alpha=1.0>
28.4524 	EXP 	pixel: fillColor = <psychopy.colors.Color: black, alpha=1.0>
28.4691 	EXP 	pixel: fillColor = <psychopy.colors.Color: white, alpha=1.0>
28.4857 	EXP 	pixel: fillColor = <psychopy.colors.Color: black, alpha=1.0>
28.5026 	EXP 	pixel: fillColor = <psychopy.colors.Color: white, alpha=1.0>
28.5192 	EXP 	pixel: fillColor = <psychopy.colors.Color: black, alpha=1.0>
28.5360 	EXP 	pixel: fillColor = <psychopy.colors.Color: white, alpha=1.0>
28.5526 	EXP 	pixel: fillColor = <psychopy.colors.Color: black, alpha=1.0>
28.5696 	EXP 	pixel: fillColor = <psychopy.colors.Color: white, alpha=1.0>
28.5861 	EXP 	pixel: fillColor = <psychopy.colors.Color: black, alpha=1.0>
28.6028 	EXP 	pixel: fillColor = <psychopy.colors.Color: white, alpha=1.0>
28.6195 	EXP 	pixel: fillColor = <psychopy.colors.Color: black, alpha=1.0>
28.6356 	EXP 	pixel: fillColor = <psychopy.colors.Color: white, alpha=1.0>
28.6525 	EXP 	pixel: fillColor = <psychopy.colors.Color: black, alpha=1.0>
28.6692 	EXP 	pixel: fillColor = <psychopy.colors.Color: white, alpha=1.0>
28.6858 	EXP 	pixel: fillColor = <psychopy.colors.Color: black, alpha=1.0>
28.7026 	EXP 	pixel: fillColor = <psychopy.colors.Color: white, alpha=1.0>
28.7194 	EXP 	pixel: fillColor = <psychopy.colors.Color: black, alpha=1.0>
28.7362 	EXP 	pixel: fillColor = <psychopy.colors.Color: white, alpha=1.0>
28.7526 	EXP 	pixel: fillColor = <psychopy.colors.Color: black, alpha=1.0>
28.7692 	EXP 	pixel: fillColor = <psychopy.colors.Color: white, alpha=1.0>
28.7859 	EXP 	pixel: fillColor = <psychopy.colors.Color: black, alpha=1.0>
28.8023 	EXP 	pixel: fillColor = <psychopy.colors.Color: white, alpha=1.0>
28.8197 	EXP 	pixel: fillColor = <psychopy.colors.Color: black, alpha=1.0>
28.8358 	EXP 	pixel: fillColor = <psychopy.colors.Color: white, alpha=1.0>
28.8525 	EXP 	pixel: fillColor = <psychopy.colors.Color: black, alpha=1.0>
28.8694 	EXP 	pixel: fillColor = <psychopy.colors.Color: white, alpha=1.0>
28.8860 	EXP 	pixel: fillColor = <psychopy.colors.Color: black, alpha=1.0>
28.9027 	EXP 	pixel: fillColor = <psychopy.colors.Color: white, alpha=1.0>
28.9194 	EXP 	pixel: fillColor = <psychopy.colors.Color: black, alpha=1.0>
28.9361 	EXP 	pixel: fillColor = <psychopy.colors.Color: white, alpha=1.0>
28.9526 	EXP 	pixel: fillColor = <psychopy.colors.Color: black, alpha=1.0>
28.9692 	EXP 	pixel: fillColor = <psychopy.colors.Color: white, alpha=1.0>
28.9860 	EXP 	pixel: fillColor = <psychopy.colors.Color: black, alpha=1.0>
29.0026 	EXP 	pixel: fillColor = <psychopy.colors.Color: white, alpha=1.0>
29.0348 	EXP 	pixel: fillColor = <psychopy.colors.Color: black, alpha=1.0>
29.0525 	EXP 	pixel: fillColor = <psychopy.colors.Color: white, alpha=1.0>
29.0692 	EXP 	pixel: fillColor = <psychopy.colors.Color: black, alpha=1.0>
29.0865 	EXP 	pixel: fillColor = <psychopy.colors.Color: white, alpha=1.0>
29.1026 	EXP 	pixel: fillColor = <psychopy.colors.Color: black, alpha=1.0>
29.1195 	EXP 	pixel: fillColor = <psychopy.colors.Color: white, alpha=1.0>
29.1362 	EXP 	pixel: fillColor = <psychopy.colors.Color: black, alpha=1.0>
29.1526 	EXP 	pixel: fillColor = <psychopy.colors.Color: white, alpha=1.0>
29.1694 	EXP 	pixel: fillColor = <psychopy.colors.Color: black, alpha=1.0>
29.1859 	EXP 	pixel: fillColor = <psychopy.colors.Color: white, alpha=1.0>
29.2026 	EXP 	pixel: fillColor = <psychopy.colors.Color: black, alpha=1.0>
29.2194 	EXP 	pixel: fillColor = <psychopy.colors.Color: white, alpha=1.0>
29.2361 	EXP 	pixel: fillColor = <psychopy.colors.Color: black, alpha=1.0>
29.2529 	EXP 	pixel: fillColor = <psychopy.colors.Color: white, alpha=1.0>
29.2691 	EXP 	pixel: fillColor = <psychopy.colors.Color: black, alpha=1.0>
29.2861 	EXP 	pixel: fillColor = <psychopy.colors.Color: white, alpha=1.0>
29.3026 	EXP 	pixel: fillColor = <psychopy.colors.Color: black, alpha=1.0>
29.3197 	EXP 	pixel: fillColor = <psychopy.colors.Color: white, alpha=1.0>
29.3365 	EXP 	pixel: fillColor = <psychopy.colors.Color: black, alpha=1.0>
29.3530 	EXP 	pixel: fillColor = <psychopy.colors.Color: white, alpha=1.0>
29.3697 	EXP 	pixel: fillColor = <psychopy.colors.Color: black, alpha=1.0>
29.3863 	EXP 	pixel: fillColor = <psychopy.colors.Color: white, alpha=1.0>
29.4030 	EXP 	pixel: fillColor = <psychopy.colors.Color: black, alpha=1.0>
29.4197 	EXP 	pixel: fillColor = <psychopy.colors.Color: white, alpha=1.0>
29.4362 	EXP 	pixel: fillColor = <psychopy.colors.Color: black, alpha=1.0>
29.4529 	EXP 	pixel: fillColor = <psychopy.colors.Color: white, alpha=1.0>
29.4697 	EXP 	pixel: fillColor = <psychopy.colors.Color: black, alpha=1.0>
29.4864 	EXP 	pixel: fillColor = <psychopy.colors.Color: white, alpha=1.0>
29.5029 	EXP 	pixel: fillColor = <psychopy.colors.Color: black, alpha=1.0>
29.5197 	EXP 	pixel: fillColor = <psychopy.colors.Color: white, alpha=1.0>
29.5364 	EXP 	pixel: fillColor = <psychopy.colors.Color: black, alpha=1.0>
29.5532 	EXP 	pixel: fillColor = <psychopy.colors.Color: white, alpha=1.0>
29.5696 	EXP 	pixel: fillColor = <psychopy.colors.Color: black, alpha=1.0>
29.5862 	EXP 	pixel: fillColor = <psychopy.colors.Color: white, alpha=1.0>
29.6032 	EXP 	pixel: fillColor = <psychopy.colors.Color: black, alpha=1.0>
29.6198 	EXP 	pixel: fillColor = <psychopy.colors.Color: white, alpha=1.0>
29.6362 	EXP 	pixel: fillColor = <psychopy.colors.Color: black, alpha=1.0>
29.6531 	EXP 	pixel: fillColor = <psychopy.colors.Color: white, alpha=1.0>
29.6697 	EXP 	pixel: fillColor = <psychopy.colors.Color: black, alpha=1.0>
29.6864 	EXP 	pixel: fillColor = <psychopy.colors.Color: white, alpha=1.0>
29.7032 	EXP 	pixel: fillColor = <psychopy.colors.Color: black, alpha=1.0>
29.7198 	EXP 	pixel: fillColor = <psychopy.colors.Color: white, alpha=1.0>
29.7363 	EXP 	pixel: fillColor = <psychopy.colors.Color: black, alpha=1.0>
29.7531 	EXP 	pixel: fillColor = <psychopy.colors.Color: white, alpha=1.0>
29.7698 	EXP 	pixel: fillColor = <psychopy.colors.Color: black, alpha=1.0>
29.7862 	EXP 	pixel: fillColor = <psychopy.colors.Color: white, alpha=1.0>
29.8033 	EXP 	pixel: fillColor = <psychopy.colors.Color: black, alpha=1.0>
29.8198 	EXP 	pixel: fillColor = <psychopy.colors.Color: white, alpha=1.0>
29.8366 	EXP 	pixel: fillColor = <psychopy.colors.Color: black, alpha=1.0>
29.8531 	EXP 	pixel: fillColor = <psychopy.colors.Color: white, alpha=1.0>
29.8698 	EXP 	pixel: fillColor = <psychopy.colors.Color: black, alpha=1.0>
29.8864 	EXP 	pixel: fillColor = <psychopy.colors.Color: white, alpha=1.0>
29.9032 	EXP 	pixel: fillColor = <psychopy.colors.Color: black, alpha=1.0>
29.9200 	EXP 	pixel: fillColor = <psychopy.colors.Color: white, alpha=1.0>
29.9365 	EXP 	pixel: fillColor = <psychopy.colors.Color: black, alpha=1.0>
29.9532 	EXP 	pixel: fillColor = <psychopy.colors.Color: white, alpha=1.0>
29.9698 	EXP 	pixel: fillColor = <psychopy.colors.Color: black, alpha=1.0>
29.9866 	EXP 	pixel: fillColor = <psychopy.colors.Color: white, alpha=1.0>
30.0031 	EXP 	pixel: fillColor = <psychopy.colors.Color: black, alpha=1.0>
30.0200 	EXP 	pixel: fillColor = <psychopy.colors.Color: white, alpha=1.0>
30.0521 	EXP 	pixel: fillColor = <psychopy.colors.Color: black, alpha=1.0>
30.0698 	EXP 	pixel: fillColor = <psychopy.colors.Color: white, alpha=1.0>
30.0870 	EXP 	pixel: fillColor = <psychopy.colors.Color: black, alpha=1.0>
30.1031 	EXP 	pixel: fillColor = <psychopy.colors.Color: white, alpha=1.0>
30.1198 	EXP 	pixel: fillColor = <psychopy.colors.Color: black, alpha=1.0>
30.1366 	EXP 	pixel: fillColor = <psychopy.colors.Color: white, alpha=1.0>
30.1531 	EXP 	pixel: fillColor = <psychopy.colors.Color: black, alpha=1.0>
30.1699 	EXP 	pixel: fillColor = <psychopy.colors.Color: white, alpha=1.0>
30.1865 	EXP 	pixel: fillColor = <psychopy.colors.Color: black, alpha=1.0>
30.2032 	EXP 	pixel: fillColor = <psychopy.colors.Color: white, alpha=1.0>
30.2199 	EXP 	pixel: fillColor = <psychopy.colors.Color: black, alpha=1.0>
30.2366 	EXP 	pixel: fillColor = <psychopy.colors.Color: white, alpha=1.0>
30.2532 	EXP 	pixel: fillColor = <psychopy.colors.Color: black, alpha=1.0>
30.2699 	EXP 	pixel: fillColor = <psychopy.colors.Color: white, alpha=1.0>
30.2861 	EXP 	pixel: fillColor = <psychopy.colors.Color: black, alpha=1.0>
30.3035 	EXP 	pixel: fillColor = <psychopy.colors.Color: white, alpha=1.0>
30.3200 	EXP 	pixel: fillColor = <psychopy.colors.Color: black, alpha=1.0>
30.3366 	EXP 	pixel: fillColor = <psychopy.colors.Color: white, alpha=1.0>
30.3534 	EXP 	pixel: fillColor = <psychopy.colors.Color: black, alpha=1.0>
30.3700 	EXP 	pixel: fillColor = <psychopy.colors.Color: white, alpha=1.0>
30.3865 	EXP 	pixel: fillColor = <psychopy.colors.Color: black, alpha=1.0>
30.4032 	EXP 	pixel: fillColor = <psychopy.colors.Color: white, alpha=1.0>
30.4201 	EXP 	pixel: fillColor = <psychopy.colors.Color: black, alpha=1.0>
30.4366 	EXP 	pixel: fillColor = <psychopy.colors.Color: white, alpha=1.0>
30.4533 	EXP 	pixel: fillColor = <psychopy.colors.Color: black, alpha=1.0>
30.4700 	EXP 	pixel: fillColor = <psychopy.colors.Color: white, alpha=1.0>
30.4867 	EXP 	pixel: fillColor = <psychopy.colors.Color: black, alpha=1.0>
30.5031 	EXP 	pixel: fillColor = <psychopy.colors.Color: white, alpha=1.0>
30.5200 	EXP 	pixel: fillColor = <psychopy.colors.Color: black, alpha=1.0>
30.5366 	EXP 	pixel: fillColor = <psychopy.colors.Color: white, alpha=1.0>
30.5534 	EXP 	pixel: fillColor = <psychopy.colors.Color: black, alpha=1.0>
30.5700 	EXP 	pixel: fillColor = <psychopy.colors.Color: white, alpha=1.0>
30.5867 	EXP 	pixel: fillColor = <psychopy.colors.Color: black, alpha=1.0>
30.6033 	EXP 	pixel: fillColor = <psychopy.colors.Color: white, alpha=1.0>
30.6200 	EXP 	pixel: fillColor = <psychopy.colors.Color: black, alpha=1.0>
30.6367 	EXP 	pixel: fillColor = <psychopy.colors.Color: white, alpha=1.0>
30.6532 	EXP 	pixel: fillColor = <psychopy.colors.Color: black, alpha=1.0>
30.6700 	EXP 	pixel: fillColor = <psychopy.colors.Color: white, alpha=1.0>
30.6867 	EXP 	pixel: fillColor = <psychopy.colors.Color: black, alpha=1.0>
30.7033 	EXP 	pixel: fillColor = <psychopy.colors.Color: white, alpha=1.0>
30.7201 	EXP 	pixel: fillColor = <psychopy.colors.Color: black, alpha=1.0>
30.7368 	EXP 	pixel: fillColor = <psychopy.colors.Color: white, alpha=1.0>
30.7531 	EXP 	pixel: fillColor = <psychopy.colors.Color: black, alpha=1.0>
30.7699 	EXP 	pixel: fillColor = <psychopy.colors.Color: white, alpha=1.0>
30.7868 	EXP 	pixel: fillColor = <psychopy.colors.Color: black, alpha=1.0>
30.8035 	EXP 	pixel: fillColor = <psychopy.colors.Color: white, alpha=1.0>
30.8202 	EXP 	pixel: fillColor = <psychopy.colors.Color: black, alpha=1.0>
30.8371 	EXP 	pixel: fillColor = <psychopy.colors.Color: white, alpha=1.0>
30.8535 	EXP 	pixel: fillColor = <psychopy.colors.Color: black, alpha=1.0>
30.8701 	EXP 	pixel: fillColor = <psychopy.colors.Color: white, alpha=1.0>
30.8867 	EXP 	pixel: fillColor = <psychopy.colors.Color: black, alpha=1.0>
30.9035 	EXP 	pixel: fillColor = <psychopy.colors.Color: white, alpha=1.0>
30.9201 	EXP 	pixel: fillColor = <psychopy.colors.Color: black, alpha=1.0>
30.9369 	EXP 	pixel: fillColor = <psychopy.colors.Color: white, alpha=1.0>
30.9535 	EXP 	pixel: fillColor = <psychopy.colors.Color: black, alpha=1.0>
30.9700 	EXP 	pixel: fillColor = <psychopy.colors.Color: white, alpha=1.0>
30.9868 	EXP 	pixel: fillColor = <psychopy.colors.Color: black, alpha=1.0>
31.0034 	EXP 	pixel: fillColor = <psychopy.colors.Color: white, alpha=1.0>
31.0201 	EXP 	pixel: fillColor = <psychopy.colors.Color: black, alpha=1.0>
31.0368 	EXP 	pixel: fillColor = <psychopy.colors.Color: white, alpha=1.0>
31.0693 	EXP 	pixel: fillColor = <psychopy.colors.Color: black, alpha=1.0>
31.0869 	EXP 	pixel: fillColor = <psychopy.colors.Color: white, alpha=1.0>
31.1030 	EXP 	pixel: fillColor = <psychopy.colors.Color: black, alpha=1.0>
31.1196 	EXP 	pixel: fillColor = <psychopy.colors.Color: white, alpha=1.0>
31.1367 	EXP 	pixel: fillColor = <psychopy.colors.Color: black, alpha=1.0>
31.1530 	EXP 	pixel: fillColor = <psychopy.colors.Color: white, alpha=1.0>
31.1699 	EXP 	pixel: fillColor = <psychopy.colors.Color: black, alpha=1.0>
31.1872 	EXP 	pixel: fillColor = <psychopy.colors.Color: white, alpha=1.0>
31.2036 	EXP 	pixel: fillColor = <psychopy.colors.Color: black, alpha=1.0>
31.2201 	EXP 	pixel: fillColor = <psychopy.colors.Color: white, alpha=1.0>
31.2371 	EXP 	pixel: fillColor = <psychopy.colors.Color: black, alpha=1.0>
31.2537 	EXP 	pixel: fillColor = <psychopy.colors.Color: white, alpha=1.0>
31.2701 	EXP 	pixel: fillColor = <psychopy.colors.Color: black, alpha=1.0>
31.2871 	EXP 	pixel: fillColor = <psychopy.colors.Color: white, alpha=1.0>
31.3037 	EXP 	pixel: fillColor = <psychopy.colors.Color: black, alpha=1.0>
31.3201 	EXP 	pixel: fillColor = <psychopy.colors.Color: white, alpha=1.0>
31.3369 	EXP 	pixel: fillColor = <psychopy.colors.Color: black, alpha=1.0>
31.3536 	EXP 	pixel: fillColor = <psychopy.colors.Color: white, alpha=1.0>
31.3703 	EXP 	pixel: fillColor = <psychopy.colors.Color: black, alpha=1.0>
31.3871 	EXP 	pixel: fillColor = <psychopy.colors.Color: white, alpha=1.0>
31.4037 	EXP 	pixel: fillColor = <psychopy.colors.Color: black, alpha=1.0>
31.4202 	EXP 	pixel: fillColor = <psychopy.colors.Color: white, alpha=1.0>
31.4369 	EXP 	pixel: fillColor = <psychopy.colors.Color: black, alpha=1.0>
31.4541 	EXP 	pixel: fillColor = <psychopy.colors.Color: white, alpha=1.0>
31.4704 	EXP 	pixel: fillColor = <psychopy.colors.Color: black, alpha=1.0>
31.4869 	EXP 	pixel: fillColor = <psychopy.colors.Color: white, alpha=1.0>
31.5035 	EXP 	pixel: fillColor = <psychopy.colors.Color: black, alpha=1.0>
31.5203 	EXP 	pixel: fillColor = <psychopy.colors.Color: white, alpha=1.0>
31.5371 	EXP 	pixel: fillColor = <psychopy.colors.Color: black, alpha=1.0>
31.5538 	EXP 	pixel: fillColor = <psychopy.colors.Color: white, alpha=1.0>
31.5703 	EXP 	pixel: fillColor = <psychopy.colors.Color: black, alpha=1.0>
31.5875 	EXP 	pixel: fillColor = <psychopy.colors.Color: white, alpha=1.0>
31.6037 	EXP 	pixel: fillColor = <psychopy.colors.Color: black, alpha=1.0>
31.6203 	EXP 	pixel: fillColor = <psychopy.colors.Color: white, alpha=1.0>
31.6372 	EXP 	pixel: fillColor = <psychopy.colors.Color: black, alpha=1.0>
31.6538 	EXP 	pixel: fillColor = <psychopy.colors.Color: white, alpha=1.0>
31.6702 	EXP 	pixel: fillColor = <psychopy.colors.Color: black, alpha=1.0>
31.6869 	EXP 	pixel: fillColor = <psychopy.colors.Color: white, alpha=1.0>
31.7042 	EXP 	pixel: fillColor = <psychopy.colors.Color: black, alpha=1.0>
31.7204 	EXP 	pixel: fillColor = <psychopy.colors.Color: white, alpha=1.0>
31.7370 	EXP 	pixel: fillColor = <psychopy.colors.Color: black, alpha=1.0>
31.7538 	EXP 	pixel: fillColor = <psychopy.colors.Color: white, alpha=1.0>
31.7704 	EXP 	pixel: fillColor = <psychopy.colors.Color: black, alpha=1.0>
31.7871 	EXP 	pixel: fillColor = <psychopy.colors.Color: white, alpha=1.0>
31.8035 	EXP 	pixel: fillColor = <psychopy.colors.Color: black, alpha=1.0>
31.8203 	EXP 	pixel: fillColor = <psychopy.colors.Color: white, alpha=1.0>
31.8373 	EXP 	pixel: fillColor = <psychopy.colors.Color: black, alpha=1.0>
31.8539 	EXP 	pixel: fillColor = <psychopy.colors.Color: white, alpha=1.0>
31.8703 	EXP 	pixel: fillColor = <psychopy.colors.Color: black, alpha=1.0>
31.8871 	EXP 	pixel: fillColor = <psychopy.colors.Color: white, alpha=1.0>
31.9038 	EXP 	pixel: fillColor = <psychopy.colors.Color: black, alpha=1.0>
31.9203 	EXP 	pixel: fillColor = <psychopy.colors.Color: white, alpha=1.0>
31.9372 	EXP 	pixel: fillColor = <psychopy.colors.Color: black, alpha=1.0>
31.9537 	EXP 	pixel: fillColor = <psychopy.colors.Color: white, alpha=1.0>
31.9704 	EXP 	pixel: fillColor = <psychopy.colors.Color: black, alpha=1.0>
31.9871 	EXP 	pixel: fillColor = <psychopy.colors.Color: white, alpha=1.0>
32.0037 	EXP 	pixel: fillColor = <psychopy.colors.Color: black, alpha=1.0>
32.0204 	EXP 	pixel: fillColor = <psychopy.colors.Color: white, alpha=1.0>
32.0371 	EXP 	pixel: fillColor = <psychopy.colors.Color: black, alpha=1.0>
32.0538 	EXP 	pixel: fillColor = <psychopy.colors.Color: white, alpha=1.0>
32.0862 	EXP 	pixel: fillColor = <psychopy.colors.Color: black, alpha=1.0>
32.1035 	EXP 	pixel: fillColor = <psychopy.colors.Color: white, alpha=1.0>
32.1199 	EXP 	pixel: fillColor = <psychopy.colors.Color: black, alpha=1.0>
32.1370 	EXP 	pixel: fillColor = <psychopy.colors.Color: white, alpha=1.0>
32.1539 	EXP 	pixel: fillColor = <psychopy.colors.Color: black, alpha=1.0>
32.1705 	EXP 	pixel: fillColor = <psychopy.colors.Color: white, alpha=1.0>
32.1870 	EXP 	pixel: fillColor = <psychopy.colors.Color: black, alpha=1.0>
32.2039 	EXP 	pixel: fillColor = <psychopy.colors.Color: white, alpha=1.0>
32.2208 	EXP 	pixel: fillColor = <psychopy.colors.Color: black, alpha=1.0>
32.2372 	EXP 	pixel: fillColor = <psychopy.colors.Color: white, alpha=1.0>
32.2536 	EXP 	pixel: fillColor = <psychopy.colors.Color: black, alpha=1.0>
32.2706 	EXP 	pixel: fillColor = <psychopy.colors.Color: white, alpha=1.0>
32.2872 	EXP 	pixel: fillColor = <psychopy.colors.Color: black, alpha=1.0>
32.3039 	EXP 	pixel: fillColor = <psychopy.colors.Color: white, alpha=1.0>
32.3206 	EXP 	pixel: fillColor = <psychopy.colors.Color: black, alpha=1.0>
32.3372 	EXP 	pixel: fillColor = <psychopy.colors.Color: white, alpha=1.0>
32.3539 	EXP 	pixel: fillColor = <psychopy.colors.Color: black, alpha=1.0>
32.3706 	EXP 	pixel: fillColor = <psychopy.colors.Color: white, alpha=1.0>
32.3873 	EXP 	pixel: fillColor = <psychopy.colors.Color: black, alpha=1.0>
32.4039 	EXP 	pixel: fillColor = <psychopy.colors.Color: white, alpha=1.0>
32.4208 	EXP 	pixel: fillColor = <psychopy.colors.Color: black, alpha=1.0>
32.4370 	EXP 	pixel: fillColor = <psychopy.colors.Color: white, alpha=1.0>
32.4541 	EXP 	pixel: fillColor = <psychopy.colors.Color: black, alpha=1.0>
32.4705 	EXP 	pixel: fillColor = <psychopy.colors.Color: white, alpha=1.0>
32.4872 	EXP 	pixel: fillColor = <psychopy.colors.Color: black, alpha=1.0>
32.5039 	EXP 	pixel: fillColor = <psychopy.colors.Color: white, alpha=1.0>
32.5206 	EXP 	pixel: fillColor = <psychopy.colors.Color: black, alpha=1.0>
32.5372 	EXP 	pixel: fillColor = <psychopy.colors.Color: white, alpha=1.0>
32.5540 	EXP 	pixel: fillColor = <psychopy.colors.Color: black, alpha=1.0>
32.5705 	EXP 	pixel: fillColor = <psychopy.colors.Color: white, alpha=1.0>
32.5875 	EXP 	pixel: fillColor = <psychopy.colors.Color: black, alpha=1.0>
32.6041 	EXP 	pixel: fillColor = <psychopy.colors.Color: white, alpha=1.0>
32.6207 	EXP 	pixel: fillColor = <psychopy.colors.Color: black, alpha=1.0>
32.6373 	EXP 	pixel: fillColor = <psychopy.colors.Color: white, alpha=1.0>
32.6539 	EXP 	pixel: fillColor = <psychopy.colors.Color: black, alpha=1.0>
32.6707 	EXP 	pixel: fillColor = <psychopy.colors.Color: white, alpha=1.0>
32.6872 	EXP 	pixel: fillColor = <psychopy.colors.Color: black, alpha=1.0>
32.7041 	EXP 	pixel: fillColor = <psychopy.colors.Color: white, alpha=1.0>
32.7206 	EXP 	pixel: fillColor = <psychopy.colors.Color: black, alpha=1.0>
32.7372 	EXP 	pixel: fillColor = <psychopy.colors.Color: white, alpha=1.0>
32.7540 	EXP 	pixel: fillColor = <psychopy.colors.Color: black, alpha=1.0>
32.7707 	EXP 	pixel: fillColor = <psychopy.colors.Color: white, alpha=1.0>
32.7873 	EXP 	pixel: fillColor = <psychopy.colors.Color: black, alpha=1.0>
32.8040 	EXP 	pixel: fillColor = <psychopy.colors.Color: white, alpha=1.0>
32.8207 	EXP 	pixel: fillColor = <psychopy.colors.Color: black, alpha=1.0>
32.8373 	EXP 	pixel: fillColor = <psychopy.colors.Color: white, alpha=1.0>
32.8540 	EXP 	pixel: fillColor = <psychopy.colors.Color: black, alpha=1.0>
32.8707 	EXP 	pixel: fillColor = <psychopy.colors.Color: white, alpha=1.0>
32.8875 	EXP 	pixel: fillColor = <psychopy.colors.Color: black, alpha=1.0>
32.9040 	EXP 	pixel: fillColor = <psychopy.colors.Color: white, alpha=1.0>
32.9207 	EXP 	pixel: fillColor = <psychopy.colors.Color: black, alpha=1.0>
32.9375 	EXP 	pixel: fillColor = <psychopy.colors.Color: white, alpha=1.0>
32.9542 	EXP 	pixel: fillColor = <psychopy.colors.Color: black, alpha=1.0>
32.9707 	EXP 	pixel: fillColor = <psychopy.colors.Color: white, alpha=1.0>
32.9875 	EXP 	pixel: fillColor = <psychopy.colors.Color: black, alpha=1.0>
33.0040 	EXP 	pixel: fillColor = <psychopy.colors.Color: white, alpha=1.0>
33.0207 	EXP 	pixel: fillColor = <psychopy.colors.Color: black, alpha=1.0>
33.0374 	EXP 	pixel: fillColor = <psychopy.colors.Color: white, alpha=1.0>
33.0542 	EXP 	pixel: fillColor = <psychopy.colors.Color: black, alpha=1.0>
33.0708 	EXP 	pixel: fillColor = <psychopy.colors.Color: white, alpha=1.0>
33.1031 	EXP 	pixel: fillColor = <psychopy.colors.Color: black, alpha=1.0>
33.1208 	EXP 	pixel: fillColor = <psychopy.colors.Color: white, alpha=1.0>
33.1375 	EXP 	pixel: fillColor = <psychopy.colors.Color: black, alpha=1.0>
33.1542 	EXP 	pixel: fillColor = <psychopy.colors.Color: white, alpha=1.0>
33.1707 	EXP 	pixel: fillColor = <psychopy.colors.Color: black, alpha=1.0>
33.1875 	EXP 	pixel: fillColor = <psychopy.colors.Color: white, alpha=1.0>
33.2041 	EXP 	pixel: fillColor = <psychopy.colors.Color: black, alpha=1.0>
33.2209 	EXP 	pixel: fillColor = <psychopy.colors.Color: white, alpha=1.0>
33.2376 	EXP 	pixel: fillColor = <psychopy.colors.Color: black, alpha=1.0>
33.2542 	EXP 	pixel: fillColor = <psychopy.colors.Color: white, alpha=1.0>
33.2708 	EXP 	pixel: fillColor = <psychopy.colors.Color: black, alpha=1.0>
33.2875 	EXP 	pixel: fillColor = <psychopy.colors.Color: white, alpha=1.0>
33.3041 	EXP 	pixel: fillColor = <psychopy.colors.Color: black, alpha=1.0>
33.3211 	EXP 	pixel: fillColor = <psychopy.colors.Color: white, alpha=1.0>
33.3376 	EXP 	pixel: fillColor = <psychopy.colors.Color: black, alpha=1.0>
33.3542 	EXP 	pixel: fillColor = <psychopy.colors.Color: white, alpha=1.0>
33.3710 	EXP 	pixel: fillColor = <psychopy.colors.Color: black, alpha=1.0>
33.3875 	EXP 	pixel: fillColor = <psychopy.colors.Color: white, alpha=1.0>
33.4043 	EXP 	pixel: fillColor = <psychopy.colors.Color: black, alpha=1.0>
33.4209 	EXP 	pixel: fillColor = <psychopy.colors.Color: white, alpha=1.0>
33.4376 	EXP 	pixel: fillColor = <psychopy.colors.Color: black, alpha=1.0>
33.4543 	EXP 	pixel: fillColor = <psychopy.colors.Color: white, alpha=1.0>
33.4710 	EXP 	pixel: fillColor = <psychopy.colors.Color: black, alpha=1.0>
33.4876 	EXP 	pixel: fillColor = <psychopy.colors.Color: white, alpha=1.0>
33.5043 	EXP 	pixel: fillColor = <psychopy.colors.Color: black, alpha=1.0>
33.5208 	EXP 	pixel: fillColor = <psychopy.colors.Color: white, alpha=1.0>
33.5378 	EXP 	pixel: fillColor = <psychopy.colors.Color: black, alpha=1.0>
33.5555 	EXP 	pixel: fillColor = <psychopy.colors.Color: white, alpha=1.0>
33.5708 	EXP 	pixel: fillColor = <psychopy.colors.Color: black, alpha=1.0>
33.5875 	EXP 	pixel: fillColor = <psychopy.colors.Color: white, alpha=1.0>
33.6044 	EXP 	pixel: fillColor = <psychopy.colors.Color: black, alpha=1.0>
33.6204 	EXP 	pixel: fillColor = <psychopy.colors.Color: white, alpha=1.0>
33.6374 	EXP 	pixel: fillColor = <psychopy.colors.Color: black, alpha=1.0>
33.6544 	EXP 	pixel: fillColor = <psychopy.colors.Color: white, alpha=1.0>
33.6709 	EXP 	pixel: fillColor = <psychopy.colors.Color: black, alpha=1.0>
33.6875 	EXP 	pixel: fillColor = <psychopy.colors.Color: white, alpha=1.0>
33.7044 	EXP 	pixel: fillColor = <psychopy.colors.Color: black, alpha=1.0>
33.7209 	EXP 	pixel: fillColor = <psychopy.colors.Color: white, alpha=1.0>
33.7376 	EXP 	pixel: fillColor = <psychopy.colors.Color: black, alpha=1.0>
33.7545 	EXP 	pixel: fillColor = <psychopy.colors.Color: white, alpha=1.0>
33.7709 	EXP 	pixel: fillColor = <psychopy.colors.Color: black, alpha=1.0>
33.7875 	EXP 	pixel: fillColor = <psychopy.colors.Color: white, alpha=1.0>
33.8045 	EXP 	pixel: fillColor = <psychopy.colors.Color: black, alpha=1.0>
33.8209 	EXP 	pixel: fillColor = <psychopy.colors.Color: white, alpha=1.0>
33.8377 	EXP 	pixel: fillColor = <psychopy.colors.Color: black, alpha=1.0>
33.8545 	EXP 	pixel: fillColor = <psychopy.colors.Color: white, alpha=1.0>
33.8710 	EXP 	pixel: fillColor = <psychopy.colors.Color: black, alpha=1.0>
33.8877 	EXP 	pixel: fillColor = <psychopy.colors.Color: white, alpha=1.0>
33.9043 	EXP 	pixel: fillColor = <psychopy.colors.Color: black, alpha=1.0>
33.9210 	EXP 	pixel: fillColor = <psychopy.colors.Color: white, alpha=1.0>
33.9378 	EXP 	pixel: fillColor = <psychopy.colors.Color: black, alpha=1.0>
33.9544 	EXP 	pixel: fillColor = <psychopy.colors.Color: white, alpha=1.0>
33.9710 	EXP 	pixel: fillColor = <psychopy.colors.Color: black, alpha=1.0>
33.9880 	EXP 	pixel: fillColor = <psychopy.colors.Color: white, alpha=1.0>
34.0044 	EXP 	pixel: fillColor = <psychopy.colors.Color: black, alpha=1.0>
34.0211 	EXP 	pixel: fillColor = <psychopy.colors.Color: white, alpha=1.0>
34.0377 	EXP 	pixel: fillColor = <psychopy.colors.Color: black, alpha=1.0>
34.0544 	EXP 	pixel: fillColor = <psychopy.colors.Color: white, alpha=1.0>
34.0711 	EXP 	pixel: fillColor = <psychopy.colors.Color: black, alpha=1.0>
34.0877 	EXP 	pixel: fillColor = <psychopy.colors.Color: white, alpha=1.0>
34.1203 	EXP 	pixel: fillColor = <psychopy.colors.Color: black, alpha=1.0>
34.1376 	EXP 	pixel: fillColor = <psychopy.colors.Color: white, alpha=1.0>
34.1546 	EXP 	pixel: fillColor = <psychopy.colors.Color: black, alpha=1.0>
34.1712 	EXP 	pixel: fillColor = <psychopy.colors.Color: white, alpha=1.0>
34.1878 	EXP 	pixel: fillColor = <psychopy.colors.Color: black, alpha=1.0>
34.2045 	EXP 	pixel: fillColor = <psychopy.colors.Color: white, alpha=1.0>
34.2211 	EXP 	pixel: fillColor = <psychopy.colors.Color: black, alpha=1.0>
34.2378 	EXP 	pixel: fillColor = <psychopy.colors.Color: white, alpha=1.0>
34.2546 	EXP 	pixel: fillColor = <psychopy.colors.Color: black, alpha=1.0>
34.2710 	EXP 	pixel: fillColor = <psychopy.colors.Color: white, alpha=1.0>
34.2877 	EXP 	pixel: fillColor = <psychopy.colors.Color: black, alpha=1.0>
34.3046 	EXP 	pixel: fillColor = <psychopy.colors.Color: white, alpha=1.0>
34.3213 	EXP 	pixel: fillColor = <psychopy.colors.Color: black, alpha=1.0>
34.3379 	EXP 	pixel: fillColor = <psychopy.colors.Color: white, alpha=1.0>
34.3547 	EXP 	pixel: fillColor = <psychopy.colors.Color: black, alpha=1.0>
34.3713 	EXP 	pixel: fillColor = <psychopy.colors.Color: white, alpha=1.0>
34.3878 	EXP 	pixel: fillColor = <psychopy.colors.Color: black, alpha=1.0>
34.4044 	EXP 	pixel: fillColor = <psychopy.colors.Color: white, alpha=1.0>
34.4212 	EXP 	pixel: fillColor = <psychopy.colors.Color: black, alpha=1.0>
34.4379 	EXP 	pixel: fillColor = <psychopy.colors.Color: white, alpha=1.0>
34.4544 	EXP 	pixel: fillColor = <psychopy.colors.Color: black, alpha=1.0>
34.4711 	EXP 	pixel: fillColor = <psychopy.colors.Color: white, alpha=1.0>
34.4878 	EXP 	pixel: fillColor = <psychopy.colors.Color: black, alpha=1.0>
34.5047 	EXP 	pixel: fillColor = <psychopy.colors.Color: white, alpha=1.0>
34.5213 	EXP 	pixel: fillColor = <psychopy.colors.Color: black, alpha=1.0>
34.5379 	EXP 	pixel: fillColor = <psychopy.colors.Color: white, alpha=1.0>
34.5546 	EXP 	pixel: fillColor = <psychopy.colors.Color: black, alpha=1.0>
34.5716 	EXP 	pixel: fillColor = <psychopy.colors.Color: white, alpha=1.0>
34.5879 	EXP 	pixel: fillColor = <psychopy.colors.Color: black, alpha=1.0>
34.6046 	EXP 	pixel: fillColor = <psychopy.colors.Color: white, alpha=1.0>
34.6212 	EXP 	pixel: fillColor = <psychopy.colors.Color: black, alpha=1.0>
34.6380 	EXP 	pixel: fillColor = <psychopy.colors.Color: white, alpha=1.0>
34.6543 	EXP 	pixel: fillColor = <psychopy.colors.Color: black, alpha=1.0>
34.6713 	EXP 	pixel: fillColor = <psychopy.colors.Color: white, alpha=1.0>
34.6880 	EXP 	pixel: fillColor = <psychopy.colors.Color: black, alpha=1.0>
34.7046 	EXP 	pixel: fillColor = <psychopy.colors.Color: white, alpha=1.0>
34.7212 	EXP 	pixel: fillColor = <psychopy.colors.Color: black, alpha=1.0>
34.7380 	EXP 	pixel: fillColor = <psychopy.colors.Color: white, alpha=1.0>
34.7548 	EXP 	pixel: fillColor = <psychopy.colors.Color: black, alpha=1.0>
34.7713 	EXP 	pixel: fillColor = <psychopy.colors.Color: white, alpha=1.0>
34.7879 	EXP 	pixel: fillColor = <psychopy.colors.Color: black, alpha=1.0>
34.8047 	EXP 	pixel: fillColor = <psychopy.colors.Color: white, alpha=1.0>
34.8213 	EXP 	pixel: fillColor = <psychopy.colors.Color: black, alpha=1.0>
34.8379 	EXP 	pixel: fillColor = <psychopy.colors.Color: white, alpha=1.0>
34.8547 	EXP 	pixel: fillColor = <psychopy.colors.Color: black, alpha=1.0>
34.8713 	EXP 	pixel: fillColor = <psychopy.colors.Color: white, alpha=1.0>
34.8881 	EXP 	pixel: fillColor = <psychopy.colors.Color: black, alpha=1.0>
34.9046 	EXP 	pixel: fillColor = <psychopy.colors.Color: white, alpha=1.0>
34.9212 	EXP 	pixel: fillColor = <psychopy.colors.Color: black, alpha=1.0>
34.9381 	EXP 	pixel: fillColor = <psychopy.colors.Color: white, alpha=1.0>
34.9547 	EXP 	pixel: fillColor = <psychopy.colors.Color: black, alpha=1.0>
34.9710 	EXP 	pixel: fillColor = <psychopy.colors.Color: white, alpha=1.0>
34.9879 	EXP 	pixel: fillColor = <psychopy.colors.Color: black, alpha=1.0>
35.0047 	EXP 	pixel: fillColor = <psychopy.colors.Color: white, alpha=1.0>
35.0214 	EXP 	pixel: fillColor = <psychopy.colors.Color: black, alpha=1.0>
35.0380 	EXP 	pixel: fillColor = <psychopy.colors.Color: white, alpha=1.0>
35.0549 	EXP 	pixel: fillColor = <psychopy.colors.Color: black, alpha=1.0>
35.0713 	EXP 	pixel: fillColor = <psychopy.colors.Color: white, alpha=1.0>
35.0880 	EXP 	pixel: fillColor = <psychopy.colors.Color: black, alpha=1.0>
35.1048 	EXP 	pixel: fillColor = <psychopy.colors.Color: white, alpha=1.0>
35.1370 	EXP 	pixel: fillColor = <psychopy.colors.Color: black, alpha=1.0>
35.1547 	EXP 	pixel: fillColor = <psychopy.colors.Color: white, alpha=1.0>
35.1713 	EXP 	pixel: fillColor = <psychopy.colors.Color: black, alpha=1.0>
35.1881 	EXP 	pixel: fillColor = <psychopy.colors.Color: white, alpha=1.0>
35.2047 	EXP 	pixel: fillColor = <psychopy.colors.Color: black, alpha=1.0>
35.2214 	EXP 	pixel: fillColor = <psychopy.colors.Color: white, alpha=1.0>
35.2381 	EXP 	pixel: fillColor = <psychopy.colors.Color: black, alpha=1.0>
35.2547 	EXP 	pixel: fillColor = <psychopy.colors.Color: white, alpha=1.0>
35.2715 	EXP 	pixel: fillColor = <psychopy.colors.Color: black, alpha=1.0>
35.2880 	EXP 	pixel: fillColor = <psychopy.colors.Color: white, alpha=1.0>
35.3047 	EXP 	pixel: fillColor = <psychopy.colors.Color: black, alpha=1.0>
35.3216 	EXP 	pixel: fillColor = <psychopy.colors.Color: white, alpha=1.0>
35.3384 	EXP 	pixel: fillColor = <psychopy.colors.Color: black, alpha=1.0>
35.3549 	EXP 	pixel: fillColor = <psychopy.colors.Color: white, alpha=1.0>
35.3716 	EXP 	pixel: fillColor = <psychopy.colors.Color: black, alpha=1.0>
35.3882 	EXP 	pixel: fillColor = <psychopy.colors.Color: white, alpha=1.0>
35.4049 	EXP 	pixel: fillColor = <psychopy.colors.Color: black, alpha=1.0>
35.4214 	EXP 	pixel: fillColor = <psychopy.colors.Color: white, alpha=1.0>
35.4381 	EXP 	pixel: fillColor = <psychopy.colors.Color: black, alpha=1.0>
35.4549 	EXP 	pixel: fillColor = <psychopy.colors.Color: white, alpha=1.0>
35.4716 	EXP 	pixel: fillColor = <psychopy.colors.Color: black, alpha=1.0>
35.4881 	EXP 	pixel: fillColor = <psychopy.colors.Color: white, alpha=1.0>
35.5048 	EXP 	pixel: fillColor = <psychopy.colors.Color: black, alpha=1.0>
35.5214 	EXP 	pixel: fillColor = <psychopy.colors.Color: white, alpha=1.0>
35.5382 	EXP 	pixel: fillColor = <psychopy.colors.Color: black, alpha=1.0>
35.5548 	EXP 	pixel: fillColor = <psychopy.colors.Color: white, alpha=1.0>
35.5715 	EXP 	pixel: fillColor = <psychopy.colors.Color: black, alpha=1.0>
35.5881 	EXP 	pixel: fillColor = <psychopy.colors.Color: white, alpha=1.0>
35.6047 	EXP 	pixel: fillColor = <psychopy.colors.Color: black, alpha=1.0>
35.6213 	EXP 	pixel: fillColor = <psychopy.colors.Color: white, alpha=1.0>
35.6383 	EXP 	pixel: fillColor = <psychopy.colors.Color: black, alpha=1.0>
35.6548 	EXP 	pixel: fillColor = <psychopy.colors.Color: white, alpha=1.0>
35.6715 	EXP 	pixel: fillColor = <psychopy.colors.Color: black, alpha=1.0>
35.6882 	EXP 	pixel: fillColor = <psychopy.colors.Color: white, alpha=1.0>
35.7047 	EXP 	pixel: fillColor = <psychopy.colors.Color: black, alpha=1.0>
35.7215 	EXP 	pixel: fillColor = <psychopy.colors.Color: white, alpha=1.0>
35.7382 	EXP 	pixel: fillColor = <psychopy.colors.Color: black, alpha=1.0>
35.7549 	EXP 	pixel: fillColor = <psychopy.colors.Color: white, alpha=1.0>
35.7716 	EXP 	pixel: fillColor = <psychopy.colors.Color: black, alpha=1.0>
35.7881 	EXP 	pixel: fillColor = <psychopy.colors.Color: white, alpha=1.0>
35.8050 	EXP 	pixel: fillColor = <psychopy.colors.Color: black, alpha=1.0>
35.8216 	EXP 	pixel: fillColor = <psychopy.colors.Color: white, alpha=1.0>
35.8383 	EXP 	pixel: fillColor = <psychopy.colors.Color: black, alpha=1.0>
35.8550 	EXP 	pixel: fillColor = <psychopy.colors.Color: white, alpha=1.0>
35.8719 	EXP 	pixel: fillColor = <psychopy.colors.Color: black, alpha=1.0>
35.8886 	EXP 	pixel: fillColor = <psychopy.colors.Color: white, alpha=1.0>
35.9050 	EXP 	pixel: fillColor = <psychopy.colors.Color: black, alpha=1.0>
35.9217 	EXP 	pixel: fillColor = <psychopy.colors.Color: white, alpha=1.0>
35.9381 	EXP 	pixel: fillColor = <psychopy.colors.Color: black, alpha=1.0>
35.9550 	EXP 	pixel: fillColor = <psychopy.colors.Color: white, alpha=1.0>
35.9717 	EXP 	pixel: fillColor = <psychopy.colors.Color: black, alpha=1.0>
35.9884 	EXP 	pixel: fillColor = <psychopy.colors.Color: white, alpha=1.0>
36.0050 	EXP 	pixel: fillColor = <psychopy.colors.Color: black, alpha=1.0>
36.0218 	EXP 	pixel: fillColor = <psychopy.colors.Color: white, alpha=1.0>
36.0384 	EXP 	pixel: fillColor = <psychopy.colors.Color: black, alpha=1.0>
36.0551 	EXP 	pixel: fillColor = <psychopy.colors.Color: white, alpha=1.0>
36.0717 	EXP 	pixel: fillColor = <psychopy.colors.Color: black, alpha=1.0>
36.0884 	EXP 	pixel: fillColor = <psychopy.colors.Color: white, alpha=1.0>
36.1052 	EXP 	pixel: fillColor = <psychopy.colors.Color: black, alpha=1.0>
36.1217 	EXP 	pixel: fillColor = <psychopy.colors.Color: white, alpha=1.0>
36.1540 	EXP 	pixel: fillColor = <psychopy.colors.Color: black, alpha=1.0>
36.1717 	EXP 	pixel: fillColor = <psychopy.colors.Color: white, alpha=1.0>
36.1884 	EXP 	pixel: fillColor = <psychopy.colors.Color: black, alpha=1.0>
36.2051 	EXP 	pixel: fillColor = <psychopy.colors.Color: white, alpha=1.0>
36.2217 	EXP 	pixel: fillColor = <psychopy.colors.Color: black, alpha=1.0>
36.2384 	EXP 	pixel: fillColor = <psychopy.colors.Color: white, alpha=1.0>
36.2552 	EXP 	pixel: fillColor = <psychopy.colors.Color: black, alpha=1.0>
36.2716 	EXP 	pixel: fillColor = <psychopy.colors.Color: white, alpha=1.0>
36.2888 	EXP 	pixel: fillColor = <psychopy.colors.Color: black, alpha=1.0>
36.3051 	EXP 	pixel: fillColor = <psychopy.colors.Color: white, alpha=1.0>
36.3215 	EXP 	pixel: fillColor = <psychopy.colors.Color: black, alpha=1.0>
36.3385 	EXP 	pixel: fillColor = <psychopy.colors.Color: white, alpha=1.0>
36.3553 	EXP 	pixel: fillColor = <psychopy.colors.Color: black, alpha=1.0>
36.3719 	EXP 	pixel: fillColor = <psychopy.colors.Color: white, alpha=1.0>
36.3884 	EXP 	pixel: fillColor = <psychopy.colors.Color: black, alpha=1.0>
36.4052 	EXP 	pixel: fillColor = <psychopy.colors.Color: white, alpha=1.0>
36.4217 	EXP 	pixel: fillColor = <psychopy.colors.Color: black, alpha=1.0>
36.4385 	EXP 	pixel: fillColor = <psychopy.colors.Color: white, alpha=1.0>
36.4552 	EXP 	pixel: fillColor = <psychopy.colors.Color: black, alpha=1.0>
36.4718 	EXP 	pixel: fillColor = <psychopy.colors.Color: white, alpha=1.0>
36.4884 	EXP 	pixel: fillColor = <psychopy.colors.Color: black, alpha=1.0>
36.5051 	EXP 	pixel: fillColor = <psychopy.colors.Color: white, alpha=1.0>
36.5218 	EXP 	pixel: fillColor = <psychopy.colors.Color: black, alpha=1.0>
36.5385 	EXP 	pixel: fillColor = <psychopy.colors.Color: white, alpha=1.0>
36.5552 	EXP 	pixel: fillColor = <psychopy.colors.Color: black, alpha=1.0>
36.5719 	EXP 	pixel: fillColor = <psychopy.colors.Color: white, alpha=1.0>
36.5887 	EXP 	pixel: fillColor = <psychopy.colors.Color: black, alpha=1.0>
36.6052 	EXP 	pixel: fillColor = <psychopy.colors.Color: white, alpha=1.0>
36.6219 	EXP 	pixel: fillColor = <psychopy.colors.Color: black, alpha=1.0>
36.6385 	EXP 	pixel: fillColor = <psychopy.colors.Color: white, alpha=1.0>
36.6553 	EXP 	pixel: fillColor = <psychopy.colors.Color: black, alpha=1.0>
36.6718 	EXP 	pixel: fillColor = <psychopy.colors.Color: white, alpha=1.0>
36.6886 	EXP 	pixel: fillColor = <psychopy.colors.Color: black, alpha=1.0>
36.7052 	EXP 	pixel: fillColor = <psychopy.colors.Color: white, alpha=1.0>
36.7218 	EXP 	pixel: fillColor = <psychopy.colors.Color: black, alpha=1.0>
36.7385 	EXP 	pixel: fillColor = <psychopy.colors.Color: white, alpha=1.0>
36.7552 	EXP 	pixel: fillColor = <psychopy.colors.Color: black, alpha=1.0>
36.7720 	EXP 	pixel: fillColor = <psychopy.colors.Color: white, alpha=1.0>
36.7885 	EXP 	pixel: fillColor = <psychopy.colors.Color: black, alpha=1.0>
36.8053 	EXP 	pixel: fillColor = <psychopy.colors.Color: white, alpha=1.0>
36.8220 	EXP 	pixel: fillColor = <psychopy.colors.Color: black, alpha=1.0>
36.8386 	EXP 	pixel: fillColor = <psychopy.colors.Color: white, alpha=1.0>
36.8555 	EXP 	pixel: fillColor = <psychopy.colors.Color: black, alpha=1.0>
36.8721 	EXP 	pixel: fillColor = <psychopy.colors.Color: white, alpha=1.0>
36.8886 	EXP 	pixel: fillColor = <psychopy.colors.Color: black, alpha=1.0>
36.9052 	EXP 	pixel: fillColor = <psychopy.colors.Color: white, alpha=1.0>
36.9221 	EXP 	pixel: fillColor = <psychopy.colors.Color: black, alpha=1.0>
36.9386 	EXP 	pixel: fillColor = <psychopy.colors.Color: white, alpha=1.0>
36.9553 	EXP 	pixel: fillColor = <psychopy.colors.Color: black, alpha=1.0>
36.9722 	EXP 	pixel: fillColor = <psychopy.colors.Color: white, alpha=1.0>
36.9887 	EXP 	pixel: fillColor = <psychopy.colors.Color: black, alpha=1.0>
37.0054 	EXP 	pixel: fillColor = <psychopy.colors.Color: white, alpha=1.0>
37.0219 	EXP 	pixel: fillColor = <psychopy.colors.Color: black, alpha=1.0>
37.0386 	EXP 	pixel: fillColor = <psychopy.colors.Color: white, alpha=1.0>
37.0553 	EXP 	pixel: fillColor = <psychopy.colors.Color: black, alpha=1.0>
37.0720 	EXP 	pixel: fillColor = <psychopy.colors.Color: white, alpha=1.0>
37.0887 	EXP 	pixel: fillColor = <psychopy.colors.Color: black, alpha=1.0>
37.1052 	EXP 	pixel: fillColor = <psychopy.colors.Color: white, alpha=1.0>
37.1221 	EXP 	pixel: fillColor = <psychopy.colors.Color: black, alpha=1.0>
37.1387 	EXP 	pixel: fillColor = <psychopy.colors.Color: white, alpha=1.0>
37.1710 	EXP 	pixel: fillColor = <psychopy.colors.Color: black, alpha=1.0>
37.1886 	EXP 	pixel: fillColor = <psychopy.colors.Color: white, alpha=1.0>
37.2056 	EXP 	pixel: fillColor = <psychopy.colors.Color: black, alpha=1.0>
37.2222 	EXP 	pixel: fillColor = <psychopy.colors.Color: white, alpha=1.0>
37.2387 	EXP 	pixel: fillColor = <psychopy.colors.Color: black, alpha=1.0>
37.2556 	EXP 	pixel: fillColor = <psychopy.colors.Color: white, alpha=1.0>
37.2722 	EXP 	pixel: fillColor = <psychopy.colors.Color: black, alpha=1.0>
37.2886 	EXP 	pixel: fillColor = <psychopy.colors.Color: white, alpha=1.0>
37.3055 	EXP 	pixel: fillColor = <psychopy.colors.Color: black, alpha=1.0>
37.3226 	EXP 	pixel: fillColor = <psychopy.colors.Color: white, alpha=1.0>
37.3388 	EXP 	pixel: fillColor = <psychopy.colors.Color: black, alpha=1.0>
37.3555 	EXP 	pixel: fillColor = <psychopy.colors.Color: white, alpha=1.0>
37.3722 	EXP 	pixel: fillColor = <psychopy.colors.Color: black, alpha=1.0>
37.3889 	EXP 	pixel: fillColor = <psychopy.colors.Color: white, alpha=1.0>
37.4054 	EXP 	pixel: fillColor = <psychopy.colors.Color: black, alpha=1.0>
37.4220 	EXP 	pixel: fillColor = <psychopy.colors.Color: white, alpha=1.0>
37.4387 	EXP 	pixel: fillColor = <psychopy.colors.Color: black, alpha=1.0>
37.4555 	EXP 	pixel: fillColor = <psychopy.colors.Color: white, alpha=1.0>
37.4722 	EXP 	pixel: fillColor = <psychopy.colors.Color: black, alpha=1.0>
37.4890 	EXP 	pixel: fillColor = <psychopy.colors.Color: white, alpha=1.0>
37.5055 	EXP 	pixel: fillColor = <psychopy.colors.Color: black, alpha=1.0>
37.5224 	EXP 	pixel: fillColor = <psychopy.colors.Color: white, alpha=1.0>
37.5392 	EXP 	pixel: fillColor = <psychopy.colors.Color: black, alpha=1.0>
37.5552 	EXP 	pixel: fillColor = <psychopy.colors.Color: white, alpha=1.0>
37.5720 	EXP 	pixel: fillColor = <psychopy.colors.Color: black, alpha=1.0>
37.5890 	EXP 	pixel: fillColor = <psychopy.colors.Color: white, alpha=1.0>
37.6060 	EXP 	pixel: fillColor = <psychopy.colors.Color: black, alpha=1.0>
37.6223 	EXP 	pixel: fillColor = <psychopy.colors.Color: white, alpha=1.0>
37.6389 	EXP 	pixel: fillColor = <psychopy.colors.Color: black, alpha=1.0>
37.6550 	EXP 	pixel: fillColor = <psychopy.colors.Color: white, alpha=1.0>
37.6720 	EXP 	pixel: fillColor = <psychopy.colors.Color: black, alpha=1.0>
37.6887 	EXP 	pixel: fillColor = <psychopy.colors.Color: white, alpha=1.0>
37.7051 	EXP 	pixel: fillColor = <psychopy.colors.Color: black, alpha=1.0>
37.7223 	EXP 	pixel: fillColor = <psychopy.colors.Color: white, alpha=1.0>
37.7388 	EXP 	pixel: fillColor = <psychopy.colors.Color: black, alpha=1.0>
37.7558 	EXP 	pixel: fillColor = <psychopy.colors.Color: white, alpha=1.0>
37.7719 	EXP 	pixel: fillColor = <psychopy.colors.Color: black, alpha=1.0>
37.7886 	EXP 	pixel: fillColor = <psychopy.colors.Color: white, alpha=1.0>
37.8058 	EXP 	pixel: fillColor = <psychopy.colors.Color: black, alpha=1.0>
37.8224 	EXP 	pixel: fillColor = <psychopy.colors.Color: white, alpha=1.0>
37.8395 	EXP 	pixel: fillColor = <psychopy.colors.Color: black, alpha=1.0>
37.8557 	EXP 	pixel: fillColor = <psychopy.colors.Color: white, alpha=1.0>
37.8719 	EXP 	pixel: fillColor = <psychopy.colors.Color: black, alpha=1.0>
37.8888 	EXP 	pixel: fillColor = <psychopy.colors.Color: white, alpha=1.0>
37.9054 	EXP 	pixel: fillColor = <psychopy.colors.Color: black, alpha=1.0>
37.9228 	EXP 	pixel: fillColor = <psychopy.colors.Color: white, alpha=1.0>
37.9388 	EXP 	pixel: fillColor = <psychopy.colors.Color: black, alpha=1.0>
37.9555 	EXP 	pixel: fillColor = <psychopy.colors.Color: white, alpha=1.0>
37.9719 	EXP 	pixel: fillColor = <psychopy.colors.Color: black, alpha=1.0>
37.9886 	EXP 	pixel: fillColor = <psychopy.colors.Color: white, alpha=1.0>
38.0059 	EXP 	pixel: fillColor = <psychopy.colors.Color: black, alpha=1.0>
38.0222 	EXP 	pixel: fillColor = <psychopy.colors.Color: white, alpha=1.0>
38.0388 	EXP 	pixel: fillColor = <psychopy.colors.Color: black, alpha=1.0>
38.0552 	EXP 	pixel: fillColor = <psychopy.colors.Color: white, alpha=1.0>
38.0728 	EXP 	pixel: fillColor = <psychopy.colors.Color: black, alpha=1.0>
38.0888 	EXP 	pixel: fillColor = <psychopy.colors.Color: white, alpha=1.0>
38.1054 	EXP 	pixel: fillColor = <psychopy.colors.Color: black, alpha=1.0>
38.1222 	EXP 	pixel: fillColor = <psychopy.colors.Color: white, alpha=1.0>
38.1391 	EXP 	pixel: fillColor = <psychopy.colors.Color: black, alpha=1.0>
38.1556 	EXP 	pixel: fillColor = <psychopy.colors.Color: white, alpha=1.0>
38.1867 	INFO 	Keyboard events cleared
38.1864 	EXP 	pixel: fillColor = <psychopy.colors.Color: black, alpha=1.0>
38.1864 	EXP 	gradcpt_image: autoDraw = False
38.1864 	EXP 	pixel: autoDraw = False
38.1864 	EXP 	debrief_text: height = 0.03
38.1864 	EXP 	debrief_text: height = 0.03
38.1864 	EXP 	debrief_text: height = 0.03
38.1864 	EXP 	debrief_text: text = 'Some debriefing text.'
38.1864 	EXP 	debrief_text: autoDraw = True
39.9602 	DATA 	Keypress: space
39.9719 	EXP 	debrief_text: autoDraw = False
39.9719 	EXP 	thanks_text: autoDraw = True
40.1426 	DATA 	Keypress: space
44.9737 	EXP 	thanks_text: autoDraw = False
44.9763 	EXP 	gradcptpy: status = STOPPED
45.0179 	INFO 	saved data to 'C:\\Users\\zhw\\Projects\\test\\gradcptpy\\data/702850_gradcptpy_2024-09-20_14h54.51.210.csv'
45.0208 	INFO 	saved data to C:\Users\zhw\Projects\test\gradcptpy\data/702850_gradcptpy_2024-09-20_14h54.51.210.psydat
45.1563 	EXP 	window1: mouseVisible = True
45.7128 	DEBUG 	Saving data for gradcptpy ExperimentHandler
