9.8713 	DEBUG 	Fullscreen settings ignored as running in pilot mode.
9.8737 	INFO 	Loaded monitor calibration from ['2024_09_16 16:06']
10.2831 	EXP 	Created window1 = Window(allowGUI=True, allowStencil=False, autoLog=True, backendConf=UNKNOWN, backgroundFit=<method-wrapper '__getattribute__' of attributeSetter object at 0x0000021F2B58E410>, backgroundImage=<method-wrapper '__getattribute__' of attributeSetter object at 0x0000021F2B58E470>, bitsMode=UNKNOWN, blendMode='avg', bpc=(8, 8, 8), color=array([0, 0, 0]), colorSpace='rgb', depthBits=8, fullscr=<method-wrapper '__getattribute__' of attributeSetter object at 0x0000021F2B58E620>, gamma=None, gammaErrorPolicy='raise', infoMsg=UNKNOWN, lms=UNKNOWN, monitor=<psychopy.monitors.calibTools.Monitor object at 0x0000021F2C415330>, multiSample=False, name='window1', numSamples=2, pos=[560.0, 240.0], screen=0, size=array([800, 600]), stencilBits=0, stereo=False, title='PsychoPy', units='height', useFBO=True, useRetina=False, viewOri=0.0, viewPos=None, viewScale=None, waitBlanking=True, winType='pyglet')
10.2832 	EXP 	window1: backgroundImage = ''
10.2832 	EXP 	window1: backgroundFit = 'none'
10.2840 	EXP 	window1: mouseVisible = <method-wrapper '__getattribute__' of attributeSetter object at 0x0000021F2B58E080>
10.2847 	EXP 	window1: mouseVisible = <method-wrapper '__getattribute__' of attributeSetter object at 0x0000021F2B58E080>
10.2906 	EXP 	window1: mouseVisible = <method-wrapper '__getattribute__' of attributeSetter object at 0x0000021F2B58E080>
10.2914 	EXP 	window1: mouseVisible = <method-wrapper '__getattribute__' of attributeSetter object at 0x0000021F2B58E080>
10.2997 	DEBUG 	TextBox2 loaded 1 chars with 0 blanks and 1 valid
10.3013 	DEBUG 	TextBox2 loaded 1 chars with 0 blanks and 1 valid
10.3029 	DEBUG 	TextBox2 loaded 1 chars with 0 blanks and 1 valid
10.3050 	DEBUG 	TextBox2 loaded 1 chars with 0 blanks and 1 valid
10.3070 	DEBUG 	TextBox2 loaded 1 chars with 0 blanks and 1 valid
10.3083 	DEBUG 	TextBox2 loaded 1 chars with 0 blanks and 1 valid
10.3099 	DEBUG 	TextBox2 loaded 1 chars with 0 blanks and 1 valid
10.3119 	DEBUG 	TextBox2 loaded 1 chars with 0 blanks and 1 valid
10.3130 	DEBUG 	TextBox2 loaded 1 chars with 0 blanks and 1 valid
10.3141 	DEBUG 	TextBox2 loaded 1 chars with 0 blanks and 1 valid
10.3157 	DEBUG 	TextBox2 loaded 1 chars with 0 blanks and 1 valid
10.3173 	DEBUG 	TextBox2 loaded 1 chars with 0 blanks and 1 valid
10.3188 	DEBUG 	TextBox2 loaded 1 chars with 0 blanks and 1 valid
10.3204 	DEBUG 	TextBox2 loaded 1 chars with 0 blanks and 1 valid
10.3219 	DEBUG 	TextBox2 loaded 1 chars with 0 blanks and 1 valid
10.3235 	DEBUG 	TextBox2 loaded 1 chars with 0 blanks and 1 valid
10.3251 	DEBUG 	TextBox2 loaded 1 chars with 0 blanks and 1 valid
10.3264 	DEBUG 	TextBox2 loaded 1 chars with 0 blanks and 1 valid
10.3276 	DEBUG 	TextBox2 loaded 1 chars with 0 blanks and 1 valid
10.3295 	DEBUG 	TextBox2 loaded 1 chars with 0 blanks and 1 valid
10.3307 	DEBUG 	TextBox2 loaded 1 chars with 0 blanks and 1 valid
10.3312 	DEBUG 	Uploading Texture Font fontname to graphics card
10.3409 	DEBUG 	Upload of Texture Font fontname complete
10.3427 	EXP 	window1: mouseVisible = <method-wrapper '__getattribute__' of attributeSetter object at 0x0000021F2B58E080>
10.3429 	EXP 	window1: mouseVisible = <method-wrapper '__getattribute__' of attributeSetter object at 0x0000021F2B58E080>
10.3437 	EXP 	window1: mouseVisible = <method-wrapper '__getattribute__' of attributeSetter object at 0x0000021F2B58E080>
10.3444 	EXP 	window1: mouseVisible = <method-wrapper '__getattribute__' of attributeSetter object at 0x0000021F2B58E080>
10.3511 	DEBUG 	TextBox2 loaded 1 chars with 0 blanks and 1 valid
10.3533 	DEBUG 	TextBox2 loaded 1 chars with 0 blanks and 1 valid
10.3553 	DEBUG 	TextBox2 loaded 1 chars with 0 blanks and 1 valid
10.3557 	DEBUG 	Uploading Texture Font fontname to graphics card
10.3630 	DEBUG 	Upload of Texture Font fontname complete
10.3655 	EXP 	window1: Attempting to measure frame rate of screen (0) ...
10.3655 	EXP 	window1: recordFrameIntervals = False
10.5791 	EXP 	window1: recordFrameIntervals = True
10.6599 	WARNING 	t of last frame was 20.08ms (=1/49)
10.6934 	WARNING 	t of last frame was 20.46ms (=1/48)
10.7266 	WARNING 	t of last frame was 20.30ms (=1/49)
10.7600 	WARNING 	t of last frame was 20.50ms (=1/48)
10.8100 	WARNING 	Multiple dropped frames have occurred - I'll stop bothering you about them!
11.1562 	EXP 	Screen (0) actual frame rate measured at 60.09Hz
11.1562 	EXP 	window1: recordFrameIntervals = False
11.1563 	EXP 	window1: mouseVisible = False
11.1567 	EXP 	window1: mouseVisible = False
11.1569 	EXP 	window1: mouseVisible = False
11.1577 	EXP 	window1: mouseVisible = False
11.1584 	EXP 	window1: mouseVisible = False
11.1648 	DEBUG 	TextBox2 loaded 1 chars with 0 blanks and 1 valid
11.1661 	DEBUG 	TextBox2 loaded 1 chars with 0 blanks and 1 valid
11.1677 	DEBUG 	TextBox2 loaded 1 chars with 0 blanks and 1 valid
11.1698 	DEBUG 	TextBox2 loaded 1 chars with 0 blanks and 1 valid
11.1719 	DEBUG 	TextBox2 loaded 1 chars with 0 blanks and 1 valid
11.1739 	DEBUG 	TextBox2 loaded 1 chars with 0 blanks and 1 valid
11.1752 	DEBUG 	TextBox2 loaded 1 chars with 0 blanks and 1 valid
11.1769 	DEBUG 	TextBox2 loaded 1 chars with 0 blanks and 1 valid
11.1788 	DEBUG 	TextBox2 loaded 1 chars with 0 blanks and 1 valid
11.1806 	DEBUG 	TextBox2 loaded 1 chars with 0 blanks and 1 valid
11.1810 	DEBUG 	Uploading Texture Font fontname to graphics card
11.1817 	DEBUG 	Upload of Texture Font fontname complete
11.1834 	EXP 	window1: mouseVisible = False
11.1835 	EXP 	window1: mouseVisible = False
11.1842 	EXP 	window1: mouseVisible = False
11.1849 	EXP 	window1: mouseVisible = False
11.2146 	WARNING 	launchHubServer: If using the iohub mouse or eyetracker devices, fullScr should be True.
16.0068 	INFO 	keyboard.Keyboard is using iohub backend.
16.0069 	INFO 	keyboard.Keyboard is using iohub backend.
16.0070 	INFO 	keyboard.Keyboard is using iohub backend.
16.0070 	INFO 	keyboard.Keyboard is using iohub backend.
16.0070 	EXP 	gradcptpy: status = STARTED
16.1238 	EXP 	window1: mouseVisible = False
16.2423 	EXP 	Created frame_rate_prompt = TextStim(__class__=<class 'psychopy.visual.text.TextStim'>, alignHoriz=method-wrapper(...), alignText='center', alignVert=method-wrapper(...), anchorHoriz='center', anchorVert='center', antialias=True, autoDraw=False, autoLog=True, bold=False, color=array([-1., -1., -1.]), colorSpace='rgb', contrast=1.0, depth=-2.0, draggable=False, flipHoriz=False, flipVert=False, font='Open Sans', fontFiles=[], height=0.05, italic=False, languageStyle='LTR', name='frame_rate_prompt', opacity=1, ori=0.0, pos=array([0., 0.]), rgb=UNKNOWN, text='Trying to estimate frame rate....', units='height', win=Window(...), wrapWidth=1)
16.2424 	EXP 	window1: mouseVisible = False
16.2655 	EXP 	Created welcome_text = TextStim(__class__=<class 'psychopy.visual.text.TextStim'>, alignHoriz=method-wrapper(...), alignText='center', alignVert=method-wrapper(...), anchorHoriz='center', anchorVert='center', antialias=True, autoDraw=False, autoLog=True, bold=False, color=array([-1., -1., -1.]), colorSpace='rgb', contrast=1.0, depth=-1.0, draggable=False, flipHoriz=False, flipVert=False, font='Open Sans', fontFiles=[], height=0.05, italic=False, languageStyle='LTR', name='welcome_text', opacity=1, ori=0.0, pos=array([0., 0.]), rgb=UNKNOWN, text=str(...), units='height', win=Window(...), wrapWidth=1)
16.2656 	EXP 	window1: mouseVisible = False
16.2669 	EXP 	Created gradcpt_prep_text = TextStim(__class__=<class 'psychopy.visual.text.TextStim'>, alignHoriz=method-wrapper(...), alignText='center', alignVert=method-wrapper(...), anchorHoriz='center', anchorVert='center', antialias=True, autoDraw=False, autoLog=True, bold=False, color=array([-1., -1., -1.]), colorSpace='rgb', contrast=1.0, depth=-1.0, draggable=False, flipHoriz=False, flipVert=False, font='Open Sans', fontFiles=[], height=0.03, italic=False, languageStyle='LTR', name='gradcpt_prep_text', opacity=1, ori=0.0, pos=array([0., 0.]), rgb=UNKNOWN, text='', units='height', win=Window(...), wrapWidth=1)
16.2670 	EXP 	window1: mouseVisible = False
16.2740 	EXP 	Created gradcpt_image = ImageStim(__class__=<class 'psychopy.visual.image.ImageStim'>, anchor=('center', 'center'), autoLog=True, color=array([1., 1., 1.]), colorSpace='rgb', contrast=1.0, depth=-1.0, draggable=False, flipHoriz=False, flipVert=False, image='default.png', interpolate=True, mask=None, maskParams=None, name='gradcpt_image', opacity=1, ori=0.0, pos=array([0., 0.]), size=array([0.5, 0.5]), texRes=128.0, units='height', win=Window(...))
16.2741 	EXP 	window1: mouseVisible = False
16.2760 	EXP 	Created pixel = Rect(__class__=<class 'psychopy.visual.rect.Rect'>, anchor=('left', 'bottom'), autoDraw=False, autoLog=True, closeShape=True, color=method-wrapper(...), colorSpace='rgb', contrast=None, depth=-2.0, draggable=False, fillColor=array([1, 1, 1]), fillColorSpace='rgb', fillRGB=array([1, 1, 1]), interpolate=True, lineColor=array([1., 1., 1.]), lineColorSpace='rgb', lineRGB=array([1, 1, 1]), lineWidth=0.0, name='pixel', opacity=1, ori=0.0, pos=array([-1., -1.]), size=array([0.01, 0.01]), units='norm', vertices=ndarray(...), win=Window(...))
16.2761 	EXP 	window1: mouseVisible = False
16.2770 	EXP 	Created debrief_text = TextStim(__class__=<class 'psychopy.visual.text.TextStim'>, alignHoriz=method-wrapper(...), alignText='center', alignVert=method-wrapper(...), anchorHoriz='center', anchorVert='center', antialias=True, autoDraw=False, autoLog=True, bold=False, color=array([-1., -1., -1.]), colorSpace='rgb', contrast=1.0, depth=0.0, draggable=False, flipHoriz=False, flipVert=False, font='Open Sans', fontFiles=[], height=0.03, italic=False, languageStyle='LTR', name='debrief_text', opacity=1, ori=0.0, pos=array([0., 0.]), rgb=UNKNOWN, text='', units='height', win=Window(...), wrapWidth=1)
16.2771 	EXP 	window1: mouseVisible = False
16.2831 	EXP 	Created thanks_text = TextStim(__class__=<class 'psychopy.visual.text.TextStim'>, alignHoriz=method-wrapper(...), alignText='center', alignVert=method-wrapper(...), anchorHoriz='center', anchorVert='center', antialias=True, autoDraw=False, autoLog=True, bold=False, color=array([-1., -1., -1.]), colorSpace='rgb', contrast=1.0, depth=0.0, draggable=False, flipHoriz=False, flipVert=False, font='Open Sans', fontFiles=[], height=0.05, italic=False, languageStyle='LTR', name='thanks_text', opacity=1, ori=0.0, pos=array([0., 0.]), rgb=UNKNOWN, text='Thank you for your participation!', units='height', win=Window(...), wrapWidth=1)
0.0103 	EXP 	window1: mouseVisible = False
0.0243 	EXP 	frame_rate_prompt: autoDraw = True
5.0133 	EXP 	window1: mouseVisible = False
5.0279 	INFO 	Keyboard events cleared
5.0275 	EXP 	frame_rate_prompt: autoDraw = False
5.0275 	EXP 	welcome_text: autoDraw = True
6.8365 	DATA 	Keypress: space
6.8430 	INFO 	Keyboard events cleared
6.8426 	EXP 	welcome_text: autoDraw = False
6.8426 	EXP 	gradcpt_prep_text: height = 0.03
6.8426 	EXP 	gradcpt_prep_text: height = 0.03
6.8426 	EXP 	gradcpt_prep_text: height = 0.03
6.8426 	EXP 	gradcpt_prep_text: text = 'Now you will perform the attention task. A series of pictures will gradually be presented on the screen one after another. In this phase of the experiment, you will press the f key when you see a picture of a city scene, and you will press nothing when you see a picture of a mountain scene. It is important to respond as quickly and accurately as possible and to keep both hands on the keyboard at all times.\n\nWhen you answer thought probes during this phase, remember to again be as honest as possible. Whether you indicate that your attention was or was not on task will not affect your participation. \n\nPress the space bar to see the response mappings one more time before beginning.'
6.8426 	EXP 	gradcpt_prep_text: autoDraw = True
7.5985 	INFO 	keyboard.Keyboard is using iohub backend.
7.6202 	DATA 	Keypress: space
7.6439 	EXP 	gradcpt_prep_text: autoDraw = False
7.6439 	EXP 	pixel: fillColor = <psychopy.colors.Color: black, alpha=1.0>
7.6439 	EXP 	gradcpt_image: autoDraw = True
7.6439 	EXP 	pixel: autoDraw = True
7.6616 	EXP 	pixel: fillColor = <psychopy.colors.Color: white, alpha=1.0>
7.6783 	EXP 	pixel: fillColor = <psychopy.colors.Color: black, alpha=1.0>
7.6949 	EXP 	pixel: fillColor = <psychopy.colors.Color: white, alpha=1.0>
7.7116 	EXP 	pixel: fillColor = <psychopy.colors.Color: black, alpha=1.0>
7.7283 	EXP 	pixel: fillColor = <psychopy.colors.Color: white, alpha=1.0>
7.7450 	EXP 	pixel: fillColor = <psychopy.colors.Color: black, alpha=1.0>
7.7618 	EXP 	pixel: fillColor = <psychopy.colors.Color: white, alpha=1.0>
7.7783 	EXP 	pixel: fillColor = <psychopy.colors.Color: black, alpha=1.0>
7.7949 	EXP 	pixel: fillColor = <psychopy.colors.Color: white, alpha=1.0>
7.8117 	EXP 	pixel: fillColor = <psychopy.colors.Color: black, alpha=1.0>
7.8286 	EXP 	pixel: fillColor = <psychopy.colors.Color: white, alpha=1.0>
7.8449 	EXP 	pixel: fillColor = <psychopy.colors.Color: black, alpha=1.0>
7.8617 	EXP 	pixel: fillColor = <psychopy.colors.Color: white, alpha=1.0>
7.8784 	EXP 	pixel: fillColor = <psychopy.colors.Color: black, alpha=1.0>
7.8952 	EXP 	pixel: fillColor = <psychopy.colors.Color: white, alpha=1.0>
7.9117 	EXP 	pixel: fillColor = <psychopy.colors.Color: black, alpha=1.0>
7.9283 	EXP 	pixel: fillColor = <psychopy.colors.Color: white, alpha=1.0>
7.9451 	EXP 	pixel: fillColor = <psychopy.colors.Color: black, alpha=1.0>
7.9616 	EXP 	pixel: fillColor = <psychopy.colors.Color: white, alpha=1.0>
7.9781 	EXP 	pixel: fillColor = <psychopy.colors.Color: black, alpha=1.0>
7.9951 	EXP 	pixel: fillColor = <psychopy.colors.Color: white, alpha=1.0>
8.0117 	EXP 	pixel: fillColor = <psychopy.colors.Color: black, alpha=1.0>
8.0285 	EXP 	pixel: fillColor = <psychopy.colors.Color: white, alpha=1.0>
8.0450 	EXP 	pixel: fillColor = <psychopy.colors.Color: black, alpha=1.0>
8.0617 	EXP 	pixel: fillColor = <psychopy.colors.Color: white, alpha=1.0>
8.0786 	EXP 	pixel: fillColor = <psychopy.colors.Color: black, alpha=1.0>
8.0949 	EXP 	pixel: fillColor = <psychopy.colors.Color: white, alpha=1.0>
8.1116 	EXP 	pixel: fillColor = <psychopy.colors.Color: black, alpha=1.0>
8.1283 	EXP 	pixel: fillColor = <psychopy.colors.Color: white, alpha=1.0>
8.1451 	EXP 	pixel: fillColor = <psychopy.colors.Color: black, alpha=1.0>
8.1619 	EXP 	pixel: fillColor = <psychopy.colors.Color: white, alpha=1.0>
8.1786 	EXP 	pixel: fillColor = <psychopy.colors.Color: black, alpha=1.0>
8.1950 	EXP 	pixel: fillColor = <psychopy.colors.Color: white, alpha=1.0>
8.2119 	EXP 	pixel: fillColor = <psychopy.colors.Color: black, alpha=1.0>
8.2285 	EXP 	pixel: fillColor = <psychopy.colors.Color: white, alpha=1.0>
8.2451 	EXP 	pixel: fillColor = <psychopy.colors.Color: black, alpha=1.0>
8.2619 	EXP 	pixel: fillColor = <psychopy.colors.Color: white, alpha=1.0>
8.2786 	EXP 	pixel: fillColor = <psychopy.colors.Color: black, alpha=1.0>
8.2951 	EXP 	pixel: fillColor = <psychopy.colors.Color: white, alpha=1.0>
8.3116 	EXP 	pixel: fillColor = <psychopy.colors.Color: black, alpha=1.0>
8.3284 	EXP 	pixel: fillColor = <psychopy.colors.Color: white, alpha=1.0>
8.3452 	EXP 	pixel: fillColor = <psychopy.colors.Color: black, alpha=1.0>
8.3619 	EXP 	pixel: fillColor = <psychopy.colors.Color: white, alpha=1.0>
8.3784 	EXP 	pixel: fillColor = <psychopy.colors.Color: black, alpha=1.0>
8.3951 	EXP 	pixel: fillColor = <psychopy.colors.Color: white, alpha=1.0>
8.4118 	EXP 	pixel: fillColor = <psychopy.colors.Color: black, alpha=1.0>
8.4284 	EXP 	pixel: fillColor = <psychopy.colors.Color: white, alpha=1.0>
8.4610 	EXP 	pixel: fillColor = <psychopy.colors.Color: black, alpha=1.0>
8.4785 	EXP 	pixel: fillColor = <psychopy.colors.Color: white, alpha=1.0>
8.4952 	EXP 	pixel: fillColor = <psychopy.colors.Color: black, alpha=1.0>
8.5118 	EXP 	pixel: fillColor = <psychopy.colors.Color: white, alpha=1.0>
8.5285 	EXP 	pixel: fillColor = <psychopy.colors.Color: black, alpha=1.0>
8.5452 	EXP 	pixel: fillColor = <psychopy.colors.Color: white, alpha=1.0>
8.5619 	EXP 	pixel: fillColor = <psychopy.colors.Color: black, alpha=1.0>
8.5785 	EXP 	pixel: fillColor = <psychopy.colors.Color: white, alpha=1.0>
8.5952 	EXP 	pixel: fillColor = <psychopy.colors.Color: black, alpha=1.0>
8.6119 	EXP 	pixel: fillColor = <psychopy.colors.Color: white, alpha=1.0>
8.6286 	EXP 	pixel: fillColor = <psychopy.colors.Color: black, alpha=1.0>
8.6453 	EXP 	pixel: fillColor = <psychopy.colors.Color: white, alpha=1.0>
8.6619 	EXP 	pixel: fillColor = <psychopy.colors.Color: black, alpha=1.0>
8.6785 	EXP 	pixel: fillColor = <psychopy.colors.Color: white, alpha=1.0>
8.6954 	EXP 	pixel: fillColor = <psychopy.colors.Color: black, alpha=1.0>
8.7120 	EXP 	pixel: fillColor = <psychopy.colors.Color: white, alpha=1.0>
8.7285 	EXP 	pixel: fillColor = <psychopy.colors.Color: black, alpha=1.0>
8.7453 	EXP 	pixel: fillColor = <psychopy.colors.Color: white, alpha=1.0>
8.7622 	EXP 	pixel: fillColor = <psychopy.colors.Color: black, alpha=1.0>
8.7787 	EXP 	pixel: fillColor = <psychopy.colors.Color: white, alpha=1.0>
8.7953 	EXP 	pixel: fillColor = <psychopy.colors.Color: black, alpha=1.0>
8.8121 	EXP 	pixel: fillColor = <psychopy.colors.Color: white, alpha=1.0>
8.8287 	EXP 	pixel: fillColor = <psychopy.colors.Color: black, alpha=1.0>
8.8453 	EXP 	pixel: fillColor = <psychopy.colors.Color: white, alpha=1.0>
8.8622 	EXP 	pixel: fillColor = <psychopy.colors.Color: black, alpha=1.0>
8.8786 	EXP 	pixel: fillColor = <psychopy.colors.Color: white, alpha=1.0>
8.8953 	EXP 	pixel: fillColor = <psychopy.colors.Color: black, alpha=1.0>
8.9122 	EXP 	pixel: fillColor = <psychopy.colors.Color: white, alpha=1.0>
8.9288 	EXP 	pixel: fillColor = <psychopy.colors.Color: black, alpha=1.0>
8.9452 	EXP 	pixel: fillColor = <psychopy.colors.Color: white, alpha=1.0>
8.9621 	EXP 	pixel: fillColor = <psychopy.colors.Color: black, alpha=1.0>
8.9786 	EXP 	pixel: fillColor = <psychopy.colors.Color: white, alpha=1.0>
8.9953 	EXP 	pixel: fillColor = <psychopy.colors.Color: black, alpha=1.0>
9.0118 	EXP 	pixel: fillColor = <psychopy.colors.Color: white, alpha=1.0>
9.0288 	EXP 	pixel: fillColor = <psychopy.colors.Color: black, alpha=1.0>
9.0454 	EXP 	pixel: fillColor = <psychopy.colors.Color: white, alpha=1.0>
9.0619 	EXP 	pixel: fillColor = <psychopy.colors.Color: black, alpha=1.0>
9.0788 	EXP 	pixel: fillColor = <psychopy.colors.Color: white, alpha=1.0>
9.0956 	EXP 	pixel: fillColor = <psychopy.colors.Color: black, alpha=1.0>
9.1121 	EXP 	pixel: fillColor = <psychopy.colors.Color: white, alpha=1.0>
9.1287 	EXP 	pixel: fillColor = <psychopy.colors.Color: black, alpha=1.0>
9.1454 	EXP 	pixel: fillColor = <psychopy.colors.Color: white, alpha=1.0>
9.1622 	EXP 	pixel: fillColor = <psychopy.colors.Color: black, alpha=1.0>
9.1788 	EXP 	pixel: fillColor = <psychopy.colors.Color: white, alpha=1.0>
9.1954 	EXP 	pixel: fillColor = <psychopy.colors.Color: black, alpha=1.0>
9.2121 	EXP 	pixel: fillColor = <psychopy.colors.Color: white, alpha=1.0>
9.2287 	EXP 	pixel: fillColor = <psychopy.colors.Color: black, alpha=1.0>
9.2454 	EXP 	pixel: fillColor = <psychopy.colors.Color: white, alpha=1.0>
9.2779 	EXP 	pixel: fillColor = <psychopy.colors.Color: black, alpha=1.0>
9.2955 	EXP 	pixel: fillColor = <psychopy.colors.Color: white, alpha=1.0>
9.3121 	EXP 	pixel: fillColor = <psychopy.colors.Color: black, alpha=1.0>
9.3288 	EXP 	pixel: fillColor = <psychopy.colors.Color: white, alpha=1.0>
9.3457 	EXP 	pixel: fillColor = <psychopy.colors.Color: black, alpha=1.0>
9.3620 	EXP 	pixel: fillColor = <psychopy.colors.Color: white, alpha=1.0>
9.3787 	EXP 	pixel: fillColor = <psychopy.colors.Color: black, alpha=1.0>
9.3956 	EXP 	pixel: fillColor = <psychopy.colors.Color: white, alpha=1.0>
9.4122 	EXP 	pixel: fillColor = <psychopy.colors.Color: black, alpha=1.0>
9.4288 	EXP 	pixel: fillColor = <psychopy.colors.Color: white, alpha=1.0>
9.4455 	EXP 	pixel: fillColor = <psychopy.colors.Color: black, alpha=1.0>
9.4621 	EXP 	pixel: fillColor = <psychopy.colors.Color: white, alpha=1.0>
9.4788 	EXP 	pixel: fillColor = <psychopy.colors.Color: black, alpha=1.0>
9.4956 	EXP 	pixel: fillColor = <psychopy.colors.Color: white, alpha=1.0>
9.5121 	EXP 	pixel: fillColor = <psychopy.colors.Color: black, alpha=1.0>
9.5287 	EXP 	pixel: fillColor = <psychopy.colors.Color: white, alpha=1.0>
9.5456 	EXP 	pixel: fillColor = <psychopy.colors.Color: black, alpha=1.0>
9.5622 	EXP 	pixel: fillColor = <psychopy.colors.Color: white, alpha=1.0>
9.5788 	EXP 	pixel: fillColor = <psychopy.colors.Color: black, alpha=1.0>
9.5955 	EXP 	pixel: fillColor = <psychopy.colors.Color: white, alpha=1.0>
9.6124 	EXP 	pixel: fillColor = <psychopy.colors.Color: black, alpha=1.0>
9.6289 	EXP 	pixel: fillColor = <psychopy.colors.Color: white, alpha=1.0>
9.6456 	EXP 	pixel: fillColor = <psychopy.colors.Color: black, alpha=1.0>
9.6624 	EXP 	pixel: fillColor = <psychopy.colors.Color: white, alpha=1.0>
9.6790 	EXP 	pixel: fillColor = <psychopy.colors.Color: black, alpha=1.0>
9.6955 	EXP 	pixel: fillColor = <psychopy.colors.Color: white, alpha=1.0>
9.7125 	EXP 	pixel: fillColor = <psychopy.colors.Color: black, alpha=1.0>
9.7288 	EXP 	pixel: fillColor = <psychopy.colors.Color: white, alpha=1.0>
9.7456 	EXP 	pixel: fillColor = <psychopy.colors.Color: black, alpha=1.0>
9.7623 	EXP 	pixel: fillColor = <psychopy.colors.Color: white, alpha=1.0>
9.7788 	EXP 	pixel: fillColor = <psychopy.colors.Color: black, alpha=1.0>
9.7956 	EXP 	pixel: fillColor = <psychopy.colors.Color: white, alpha=1.0>
9.8123 	EXP 	pixel: fillColor = <psychopy.colors.Color: black, alpha=1.0>
9.8289 	EXP 	pixel: fillColor = <psychopy.colors.Color: white, alpha=1.0>
9.8457 	EXP 	pixel: fillColor = <psychopy.colors.Color: black, alpha=1.0>
9.8623 	EXP 	pixel: fillColor = <psychopy.colors.Color: white, alpha=1.0>
9.8790 	EXP 	pixel: fillColor = <psychopy.colors.Color: black, alpha=1.0>
9.8959 	EXP 	pixel: fillColor = <psychopy.colors.Color: white, alpha=1.0>
9.9123 	EXP 	pixel: fillColor = <psychopy.colors.Color: black, alpha=1.0>
9.9289 	EXP 	pixel: fillColor = <psychopy.colors.Color: white, alpha=1.0>
9.9457 	EXP 	pixel: fillColor = <psychopy.colors.Color: black, alpha=1.0>
9.9623 	EXP 	pixel: fillColor = <psychopy.colors.Color: white, alpha=1.0>
9.9789 	EXP 	pixel: fillColor = <psychopy.colors.Color: black, alpha=1.0>
9.9956 	EXP 	pixel: fillColor = <psychopy.colors.Color: white, alpha=1.0>
10.0123 	EXP 	pixel: fillColor = <psychopy.colors.Color: black, alpha=1.0>
10.0290 	EXP 	pixel: fillColor = <psychopy.colors.Color: white, alpha=1.0>
10.0457 	EXP 	pixel: fillColor = <psychopy.colors.Color: black, alpha=1.0>
10.0624 	EXP 	pixel: fillColor = <psychopy.colors.Color: white, alpha=1.0>
10.0947 	EXP 	pixel: fillColor = <psychopy.colors.Color: black, alpha=1.0>
10.1124 	EXP 	pixel: fillColor = <psychopy.colors.Color: white, alpha=1.0>
10.1290 	EXP 	pixel: fillColor = <psychopy.colors.Color: black, alpha=1.0>
10.1458 	EXP 	pixel: fillColor = <psychopy.colors.Color: white, alpha=1.0>
10.1624 	EXP 	pixel: fillColor = <psychopy.colors.Color: black, alpha=1.0>
10.1791 	EXP 	pixel: fillColor = <psychopy.colors.Color: white, alpha=1.0>
10.1961 	EXP 	pixel: fillColor = <psychopy.colors.Color: black, alpha=1.0>
10.2124 	EXP 	pixel: fillColor = <psychopy.colors.Color: white, alpha=1.0>
10.2289 	EXP 	pixel: fillColor = <psychopy.colors.Color: black, alpha=1.0>
10.2457 	EXP 	pixel: fillColor = <psychopy.colors.Color: white, alpha=1.0>
10.2624 	EXP 	pixel: fillColor = <psychopy.colors.Color: black, alpha=1.0>
10.2790 	EXP 	pixel: fillColor = <psychopy.colors.Color: white, alpha=1.0>
10.2959 	EXP 	pixel: fillColor = <psychopy.colors.Color: black, alpha=1.0>
10.3124 	EXP 	pixel: fillColor = <psychopy.colors.Color: white, alpha=1.0>
10.3290 	EXP 	pixel: fillColor = <psychopy.colors.Color: black, alpha=1.0>
10.3458 	EXP 	pixel: fillColor = <psychopy.colors.Color: white, alpha=1.0>
10.3626 	EXP 	pixel: fillColor = <psychopy.colors.Color: black, alpha=1.0>
10.3791 	EXP 	pixel: fillColor = <psychopy.colors.Color: white, alpha=1.0>
10.3958 	EXP 	pixel: fillColor = <psychopy.colors.Color: black, alpha=1.0>
10.4126 	EXP 	pixel: fillColor = <psychopy.colors.Color: white, alpha=1.0>
10.4291 	EXP 	pixel: fillColor = <psychopy.colors.Color: black, alpha=1.0>
10.4458 	EXP 	pixel: fillColor = <psychopy.colors.Color: white, alpha=1.0>
10.4625 	EXP 	pixel: fillColor = <psychopy.colors.Color: black, alpha=1.0>
10.4792 	EXP 	pixel: fillColor = <psychopy.colors.Color: white, alpha=1.0>
10.4958 	EXP 	pixel: fillColor = <psychopy.colors.Color: black, alpha=1.0>
10.5126 	EXP 	pixel: fillColor = <psychopy.colors.Color: white, alpha=1.0>
10.5292 	EXP 	pixel: fillColor = <psychopy.colors.Color: black, alpha=1.0>
10.5457 	EXP 	pixel: fillColor = <psychopy.colors.Color: white, alpha=1.0>
10.5627 	EXP 	pixel: fillColor = <psychopy.colors.Color: black, alpha=1.0>
10.5792 	EXP 	pixel: fillColor = <psychopy.colors.Color: white, alpha=1.0>
10.5958 	EXP 	pixel: fillColor = <psychopy.colors.Color: black, alpha=1.0>
10.6126 	EXP 	pixel: fillColor = <psychopy.colors.Color: white, alpha=1.0>
10.6293 	EXP 	pixel: fillColor = <psychopy.colors.Color: black, alpha=1.0>
10.6458 	EXP 	pixel: fillColor = <psychopy.colors.Color: white, alpha=1.0>
10.6624 	EXP 	pixel: fillColor = <psychopy.colors.Color: black, alpha=1.0>
10.6792 	EXP 	pixel: fillColor = <psychopy.colors.Color: white, alpha=1.0>
10.6959 	EXP 	pixel: fillColor = <psychopy.colors.Color: black, alpha=1.0>
10.7127 	EXP 	pixel: fillColor = <psychopy.colors.Color: white, alpha=1.0>
10.7291 	EXP 	pixel: fillColor = <psychopy.colors.Color: black, alpha=1.0>
10.7461 	EXP 	pixel: fillColor = <psychopy.colors.Color: white, alpha=1.0>
10.7625 	EXP 	pixel: fillColor = <psychopy.colors.Color: black, alpha=1.0>
10.7793 	EXP 	pixel: fillColor = <psychopy.colors.Color: white, alpha=1.0>
10.7959 	EXP 	pixel: fillColor = <psychopy.colors.Color: black, alpha=1.0>
10.8126 	EXP 	pixel: fillColor = <psychopy.colors.Color: white, alpha=1.0>
10.8291 	EXP 	pixel: fillColor = <psychopy.colors.Color: black, alpha=1.0>
10.8461 	EXP 	pixel: fillColor = <psychopy.colors.Color: white, alpha=1.0>
10.8625 	EXP 	pixel: fillColor = <psychopy.colors.Color: black, alpha=1.0>
10.8794 	EXP 	pixel: fillColor = <psychopy.colors.Color: white, alpha=1.0>
10.9111 	EXP 	pixel: fillColor = <psychopy.colors.Color: black, alpha=1.0>
10.9288 	EXP 	pixel: fillColor = <psychopy.colors.Color: white, alpha=1.0>
10.9457 	EXP 	pixel: fillColor = <psychopy.colors.Color: black, alpha=1.0>
10.9627 	EXP 	pixel: fillColor = <psychopy.colors.Color: white, alpha=1.0>
10.9795 	EXP 	pixel: fillColor = <psychopy.colors.Color: black, alpha=1.0>
10.9961 	EXP 	pixel: fillColor = <psychopy.colors.Color: white, alpha=1.0>
11.0125 	EXP 	pixel: fillColor = <psychopy.colors.Color: black, alpha=1.0>
11.0296 	EXP 	pixel: fillColor = <psychopy.colors.Color: white, alpha=1.0>
11.0461 	EXP 	pixel: fillColor = <psychopy.colors.Color: black, alpha=1.0>
11.0627 	EXP 	pixel: fillColor = <psychopy.colors.Color: white, alpha=1.0>
11.0794 	EXP 	pixel: fillColor = <psychopy.colors.Color: black, alpha=1.0>
11.0960 	EXP 	pixel: fillColor = <psychopy.colors.Color: white, alpha=1.0>
11.1126 	EXP 	pixel: fillColor = <psychopy.colors.Color: black, alpha=1.0>
11.1293 	EXP 	pixel: fillColor = <psychopy.colors.Color: white, alpha=1.0>
11.1460 	EXP 	pixel: fillColor = <psychopy.colors.Color: black, alpha=1.0>
11.1626 	EXP 	pixel: fillColor = <psychopy.colors.Color: white, alpha=1.0>
11.1794 	EXP 	pixel: fillColor = <psychopy.colors.Color: black, alpha=1.0>
11.1960 	EXP 	pixel: fillColor = <psychopy.colors.Color: white, alpha=1.0>
11.2129 	EXP 	pixel: fillColor = <psychopy.colors.Color: black, alpha=1.0>
11.2294 	EXP 	pixel: fillColor = <psychopy.colors.Color: white, alpha=1.0>
11.2459 	EXP 	pixel: fillColor = <psychopy.colors.Color: black, alpha=1.0>
11.2629 	EXP 	pixel: fillColor = <psychopy.colors.Color: white, alpha=1.0>
11.2796 	EXP 	pixel: fillColor = <psychopy.colors.Color: black, alpha=1.0>
11.2960 	EXP 	pixel: fillColor = <psychopy.colors.Color: white, alpha=1.0>
11.3127 	EXP 	pixel: fillColor = <psychopy.colors.Color: black, alpha=1.0>
11.3295 	EXP 	pixel: fillColor = <psychopy.colors.Color: white, alpha=1.0>
11.3460 	EXP 	pixel: fillColor = <psychopy.colors.Color: black, alpha=1.0>
11.3627 	EXP 	pixel: fillColor = <psychopy.colors.Color: white, alpha=1.0>
11.3794 	EXP 	pixel: fillColor = <psychopy.colors.Color: black, alpha=1.0>
11.3962 	EXP 	pixel: fillColor = <psychopy.colors.Color: white, alpha=1.0>
11.4127 	EXP 	pixel: fillColor = <psychopy.colors.Color: black, alpha=1.0>
11.4294 	EXP 	pixel: fillColor = <psychopy.colors.Color: white, alpha=1.0>
11.4461 	EXP 	pixel: fillColor = <psychopy.colors.Color: black, alpha=1.0>
11.4628 	EXP 	pixel: fillColor = <psychopy.colors.Color: white, alpha=1.0>
11.4793 	EXP 	pixel: fillColor = <psychopy.colors.Color: black, alpha=1.0>
11.4960 	EXP 	pixel: fillColor = <psychopy.colors.Color: white, alpha=1.0>
11.5129 	EXP 	pixel: fillColor = <psychopy.colors.Color: black, alpha=1.0>
11.5296 	EXP 	pixel: fillColor = <psychopy.colors.Color: white, alpha=1.0>
11.5463 	EXP 	pixel: fillColor = <psychopy.colors.Color: black, alpha=1.0>
11.5628 	EXP 	pixel: fillColor = <psychopy.colors.Color: white, alpha=1.0>
11.5795 	EXP 	pixel: fillColor = <psychopy.colors.Color: black, alpha=1.0>
11.5959 	EXP 	pixel: fillColor = <psychopy.colors.Color: white, alpha=1.0>
11.6128 	EXP 	pixel: fillColor = <psychopy.colors.Color: black, alpha=1.0>
11.6295 	EXP 	pixel: fillColor = <psychopy.colors.Color: white, alpha=1.0>
11.6461 	EXP 	pixel: fillColor = <psychopy.colors.Color: black, alpha=1.0>
11.6630 	EXP 	pixel: fillColor = <psychopy.colors.Color: white, alpha=1.0>
11.6795 	EXP 	pixel: fillColor = <psychopy.colors.Color: black, alpha=1.0>
11.6966 	EXP 	pixel: fillColor = <psychopy.colors.Color: white, alpha=1.0>
11.7286 	EXP 	pixel: fillColor = <psychopy.colors.Color: black, alpha=1.0>
11.7464 	EXP 	pixel: fillColor = <psychopy.colors.Color: white, alpha=1.0>
11.7630 	EXP 	pixel: fillColor = <psychopy.colors.Color: black, alpha=1.0>
11.7794 	EXP 	pixel: fillColor = <psychopy.colors.Color: white, alpha=1.0>
11.7964 	EXP 	pixel: fillColor = <psychopy.colors.Color: black, alpha=1.0>
11.8129 	EXP 	pixel: fillColor = <psychopy.colors.Color: white, alpha=1.0>
11.8295 	EXP 	pixel: fillColor = <psychopy.colors.Color: black, alpha=1.0>
11.8461 	EXP 	pixel: fillColor = <psychopy.colors.Color: white, alpha=1.0>
11.8629 	EXP 	pixel: fillColor = <psychopy.colors.Color: black, alpha=1.0>
11.8796 	EXP 	pixel: fillColor = <psychopy.colors.Color: white, alpha=1.0>
11.8961 	EXP 	pixel: fillColor = <psychopy.colors.Color: black, alpha=1.0>
11.9129 	EXP 	pixel: fillColor = <psychopy.colors.Color: white, alpha=1.0>
11.9297 	EXP 	pixel: fillColor = <psychopy.colors.Color: black, alpha=1.0>
11.9461 	EXP 	pixel: fillColor = <psychopy.colors.Color: white, alpha=1.0>
11.9630 	EXP 	pixel: fillColor = <psychopy.colors.Color: black, alpha=1.0>
11.9796 	EXP 	pixel: fillColor = <psychopy.colors.Color: white, alpha=1.0>
11.9963 	EXP 	pixel: fillColor = <psychopy.colors.Color: black, alpha=1.0>
12.0130 	EXP 	pixel: fillColor = <psychopy.colors.Color: white, alpha=1.0>
12.0296 	EXP 	pixel: fillColor = <psychopy.colors.Color: black, alpha=1.0>
12.0463 	EXP 	pixel: fillColor = <psychopy.colors.Color: white, alpha=1.0>
12.0631 	EXP 	pixel: fillColor = <psychopy.colors.Color: black, alpha=1.0>
12.0795 	EXP 	pixel: fillColor = <psychopy.colors.Color: white, alpha=1.0>
12.0967 	EXP 	pixel: fillColor = <psychopy.colors.Color: black, alpha=1.0>
12.1130 	EXP 	pixel: fillColor = <psychopy.colors.Color: white, alpha=1.0>
12.1297 	EXP 	pixel: fillColor = <psychopy.colors.Color: black, alpha=1.0>
12.1463 	EXP 	pixel: fillColor = <psychopy.colors.Color: white, alpha=1.0>
12.1631 	EXP 	pixel: fillColor = <psychopy.colors.Color: black, alpha=1.0>
12.1798 	EXP 	pixel: fillColor = <psychopy.colors.Color: white, alpha=1.0>
12.1963 	EXP 	pixel: fillColor = <psychopy.colors.Color: black, alpha=1.0>
12.2129 	EXP 	pixel: fillColor = <psychopy.colors.Color: white, alpha=1.0>
12.2297 	EXP 	pixel: fillColor = <psychopy.colors.Color: black, alpha=1.0>
12.2463 	EXP 	pixel: fillColor = <psychopy.colors.Color: white, alpha=1.0>
12.2628 	EXP 	pixel: fillColor = <psychopy.colors.Color: black, alpha=1.0>
12.2797 	EXP 	pixel: fillColor = <psychopy.colors.Color: white, alpha=1.0>
12.2963 	EXP 	pixel: fillColor = <psychopy.colors.Color: black, alpha=1.0>
12.3131 	EXP 	pixel: fillColor = <psychopy.colors.Color: white, alpha=1.0>
12.3296 	EXP 	pixel: fillColor = <psychopy.colors.Color: black, alpha=1.0>
12.3465 	EXP 	pixel: fillColor = <psychopy.colors.Color: white, alpha=1.0>
12.3632 	EXP 	pixel: fillColor = <psychopy.colors.Color: black, alpha=1.0>
12.3797 	EXP 	pixel: fillColor = <psychopy.colors.Color: white, alpha=1.0>
12.3965 	EXP 	pixel: fillColor = <psychopy.colors.Color: black, alpha=1.0>
12.4131 	EXP 	pixel: fillColor = <psychopy.colors.Color: white, alpha=1.0>
12.4297 	EXP 	pixel: fillColor = <psychopy.colors.Color: black, alpha=1.0>
12.4463 	EXP 	pixel: fillColor = <psychopy.colors.Color: white, alpha=1.0>
12.4631 	EXP 	pixel: fillColor = <psychopy.colors.Color: black, alpha=1.0>
12.4798 	EXP 	pixel: fillColor = <psychopy.colors.Color: white, alpha=1.0>
12.4964 	EXP 	pixel: fillColor = <psychopy.colors.Color: black, alpha=1.0>
12.5132 	EXP 	pixel: fillColor = <psychopy.colors.Color: white, alpha=1.0>
12.5454 	EXP 	pixel: fillColor = <psychopy.colors.Color: black, alpha=1.0>
12.5631 	EXP 	pixel: fillColor = <psychopy.colors.Color: white, alpha=1.0>
12.5798 	EXP 	pixel: fillColor = <psychopy.colors.Color: black, alpha=1.0>
12.5963 	EXP 	pixel: fillColor = <psychopy.colors.Color: white, alpha=1.0>
12.6132 	EXP 	pixel: fillColor = <psychopy.colors.Color: black, alpha=1.0>
12.6297 	EXP 	pixel: fillColor = <psychopy.colors.Color: white, alpha=1.0>
12.6466 	EXP 	pixel: fillColor = <psychopy.colors.Color: black, alpha=1.0>
12.6631 	EXP 	pixel: fillColor = <psychopy.colors.Color: white, alpha=1.0>
12.6800 	EXP 	pixel: fillColor = <psychopy.colors.Color: black, alpha=1.0>
12.6965 	EXP 	pixel: fillColor = <psychopy.colors.Color: white, alpha=1.0>
12.7131 	EXP 	pixel: fillColor = <psychopy.colors.Color: black, alpha=1.0>
12.7297 	EXP 	pixel: fillColor = <psychopy.colors.Color: white, alpha=1.0>
12.7467 	EXP 	pixel: fillColor = <psychopy.colors.Color: black, alpha=1.0>
12.7632 	EXP 	pixel: fillColor = <psychopy.colors.Color: white, alpha=1.0>
12.7797 	EXP 	pixel: fillColor = <psychopy.colors.Color: black, alpha=1.0>
12.7965 	EXP 	pixel: fillColor = <psychopy.colors.Color: white, alpha=1.0>
12.8132 	EXP 	pixel: fillColor = <psychopy.colors.Color: black, alpha=1.0>
12.8299 	EXP 	pixel: fillColor = <psychopy.colors.Color: white, alpha=1.0>
12.8466 	EXP 	pixel: fillColor = <psychopy.colors.Color: black, alpha=1.0>
12.8632 	EXP 	pixel: fillColor = <psychopy.colors.Color: white, alpha=1.0>
12.8799 	EXP 	pixel: fillColor = <psychopy.colors.Color: black, alpha=1.0>
12.8966 	EXP 	pixel: fillColor = <psychopy.colors.Color: white, alpha=1.0>
12.9131 	EXP 	pixel: fillColor = <psychopy.colors.Color: black, alpha=1.0>
12.9300 	EXP 	pixel: fillColor = <psychopy.colors.Color: white, alpha=1.0>
12.9466 	EXP 	pixel: fillColor = <psychopy.colors.Color: black, alpha=1.0>
12.9632 	EXP 	pixel: fillColor = <psychopy.colors.Color: white, alpha=1.0>
12.9799 	EXP 	pixel: fillColor = <psychopy.colors.Color: black, alpha=1.0>
12.9966 	EXP 	pixel: fillColor = <psychopy.colors.Color: white, alpha=1.0>
13.0132 	EXP 	pixel: fillColor = <psychopy.colors.Color: black, alpha=1.0>
13.0300 	EXP 	pixel: fillColor = <psychopy.colors.Color: white, alpha=1.0>
13.0467 	EXP 	pixel: fillColor = <psychopy.colors.Color: black, alpha=1.0>
13.0633 	EXP 	pixel: fillColor = <psychopy.colors.Color: white, alpha=1.0>
13.0798 	EXP 	pixel: fillColor = <psychopy.colors.Color: black, alpha=1.0>
13.0967 	EXP 	pixel: fillColor = <psychopy.colors.Color: white, alpha=1.0>
13.1132 	EXP 	pixel: fillColor = <psychopy.colors.Color: black, alpha=1.0>
13.1297 	EXP 	pixel: fillColor = <psychopy.colors.Color: white, alpha=1.0>
13.1465 	EXP 	pixel: fillColor = <psychopy.colors.Color: black, alpha=1.0>
13.1633 	EXP 	pixel: fillColor = <psychopy.colors.Color: white, alpha=1.0>
13.1800 	EXP 	pixel: fillColor = <psychopy.colors.Color: black, alpha=1.0>
13.1966 	EXP 	pixel: fillColor = <psychopy.colors.Color: white, alpha=1.0>
13.2132 	EXP 	pixel: fillColor = <psychopy.colors.Color: black, alpha=1.0>
13.2300 	EXP 	pixel: fillColor = <psychopy.colors.Color: white, alpha=1.0>
13.2467 	EXP 	pixel: fillColor = <psychopy.colors.Color: black, alpha=1.0>
13.2633 	EXP 	pixel: fillColor = <psychopy.colors.Color: white, alpha=1.0>
13.2801 	EXP 	pixel: fillColor = <psychopy.colors.Color: black, alpha=1.0>
13.2966 	EXP 	pixel: fillColor = <psychopy.colors.Color: white, alpha=1.0>
13.3135 	EXP 	pixel: fillColor = <psychopy.colors.Color: black, alpha=1.0>
13.3301 	EXP 	pixel: fillColor = <psychopy.colors.Color: white, alpha=1.0>
13.3625 	EXP 	pixel: fillColor = <psychopy.colors.Color: black, alpha=1.0>
13.3800 	EXP 	pixel: fillColor = <psychopy.colors.Color: white, alpha=1.0>
13.3966 	EXP 	pixel: fillColor = <psychopy.colors.Color: black, alpha=1.0>
13.4135 	EXP 	pixel: fillColor = <psychopy.colors.Color: white, alpha=1.0>
13.4299 	EXP 	pixel: fillColor = <psychopy.colors.Color: black, alpha=1.0>
13.4467 	EXP 	pixel: fillColor = <psychopy.colors.Color: white, alpha=1.0>
13.4633 	EXP 	pixel: fillColor = <psychopy.colors.Color: black, alpha=1.0>
13.4796 	EXP 	pixel: fillColor = <psychopy.colors.Color: white, alpha=1.0>
13.4965 	EXP 	pixel: fillColor = <psychopy.colors.Color: black, alpha=1.0>
13.5136 	EXP 	pixel: fillColor = <psychopy.colors.Color: white, alpha=1.0>
13.5301 	EXP 	pixel: fillColor = <psychopy.colors.Color: black, alpha=1.0>
13.5464 	EXP 	pixel: fillColor = <psychopy.colors.Color: white, alpha=1.0>
13.5631 	EXP 	pixel: fillColor = <psychopy.colors.Color: black, alpha=1.0>
13.5796 	EXP 	pixel: fillColor = <psychopy.colors.Color: white, alpha=1.0>
13.5963 	EXP 	pixel: fillColor = <psychopy.colors.Color: black, alpha=1.0>
13.6129 	EXP 	pixel: fillColor = <psychopy.colors.Color: white, alpha=1.0>
13.6296 	EXP 	pixel: fillColor = <psychopy.colors.Color: black, alpha=1.0>
13.6463 	EXP 	pixel: fillColor = <psychopy.colors.Color: white, alpha=1.0>
13.6630 	EXP 	pixel: fillColor = <psychopy.colors.Color: black, alpha=1.0>
13.6796 	EXP 	pixel: fillColor = <psychopy.colors.Color: white, alpha=1.0>
13.6964 	EXP 	pixel: fillColor = <psychopy.colors.Color: black, alpha=1.0>
13.7130 	EXP 	pixel: fillColor = <psychopy.colors.Color: white, alpha=1.0>
13.7297 	EXP 	pixel: fillColor = <psychopy.colors.Color: black, alpha=1.0>
13.7464 	EXP 	pixel: fillColor = <psychopy.colors.Color: white, alpha=1.0>
13.7630 	EXP 	pixel: fillColor = <psychopy.colors.Color: black, alpha=1.0>
13.7797 	EXP 	pixel: fillColor = <psychopy.colors.Color: white, alpha=1.0>
13.7964 	EXP 	pixel: fillColor = <psychopy.colors.Color: black, alpha=1.0>
13.8131 	EXP 	pixel: fillColor = <psychopy.colors.Color: white, alpha=1.0>
13.8297 	EXP 	pixel: fillColor = <psychopy.colors.Color: black, alpha=1.0>
13.8464 	EXP 	pixel: fillColor = <psychopy.colors.Color: white, alpha=1.0>
13.8636 	EXP 	pixel: fillColor = <psychopy.colors.Color: black, alpha=1.0>
13.8798 	EXP 	pixel: fillColor = <psychopy.colors.Color: white, alpha=1.0>
13.8964 	EXP 	pixel: fillColor = <psychopy.colors.Color: black, alpha=1.0>
13.9130 	EXP 	pixel: fillColor = <psychopy.colors.Color: white, alpha=1.0>
13.9298 	EXP 	pixel: fillColor = <psychopy.colors.Color: black, alpha=1.0>
13.9464 	EXP 	pixel: fillColor = <psychopy.colors.Color: white, alpha=1.0>
13.9631 	EXP 	pixel: fillColor = <psychopy.colors.Color: black, alpha=1.0>
13.9797 	EXP 	pixel: fillColor = <psychopy.colors.Color: white, alpha=1.0>
13.9965 	EXP 	pixel: fillColor = <psychopy.colors.Color: black, alpha=1.0>
14.0131 	EXP 	pixel: fillColor = <psychopy.colors.Color: white, alpha=1.0>
14.0298 	EXP 	pixel: fillColor = <psychopy.colors.Color: black, alpha=1.0>
14.0464 	EXP 	pixel: fillColor = <psychopy.colors.Color: white, alpha=1.0>
14.0632 	EXP 	pixel: fillColor = <psychopy.colors.Color: black, alpha=1.0>
14.0798 	EXP 	pixel: fillColor = <psychopy.colors.Color: white, alpha=1.0>
14.0964 	EXP 	pixel: fillColor = <psychopy.colors.Color: black, alpha=1.0>
14.1131 	EXP 	pixel: fillColor = <psychopy.colors.Color: white, alpha=1.0>
14.1298 	EXP 	pixel: fillColor = <psychopy.colors.Color: black, alpha=1.0>
14.1465 	EXP 	pixel: fillColor = <psychopy.colors.Color: white, alpha=1.0>
14.1787 	EXP 	pixel: fillColor = <psychopy.colors.Color: black, alpha=1.0>
14.1965 	EXP 	pixel: fillColor = <psychopy.colors.Color: white, alpha=1.0>
14.2131 	EXP 	pixel: fillColor = <psychopy.colors.Color: black, alpha=1.0>
14.2299 	EXP 	pixel: fillColor = <psychopy.colors.Color: white, alpha=1.0>
14.2464 	EXP 	pixel: fillColor = <psychopy.colors.Color: black, alpha=1.0>
14.2631 	EXP 	pixel: fillColor = <psychopy.colors.Color: white, alpha=1.0>
14.2798 	EXP 	pixel: fillColor = <psychopy.colors.Color: black, alpha=1.0>
14.2965 	EXP 	pixel: fillColor = <psychopy.colors.Color: white, alpha=1.0>
14.3132 	EXP 	pixel: fillColor = <psychopy.colors.Color: black, alpha=1.0>
14.3298 	EXP 	pixel: fillColor = <psychopy.colors.Color: white, alpha=1.0>
14.3469 	EXP 	pixel: fillColor = <psychopy.colors.Color: black, alpha=1.0>
14.3636 	EXP 	pixel: fillColor = <psychopy.colors.Color: white, alpha=1.0>
14.3801 	EXP 	pixel: fillColor = <psychopy.colors.Color: black, alpha=1.0>
14.3970 	EXP 	pixel: fillColor = <psychopy.colors.Color: white, alpha=1.0>
14.4137 	EXP 	pixel: fillColor = <psychopy.colors.Color: black, alpha=1.0>
14.4304 	EXP 	pixel: fillColor = <psychopy.colors.Color: white, alpha=1.0>
14.4469 	EXP 	pixel: fillColor = <psychopy.colors.Color: black, alpha=1.0>
14.4635 	EXP 	pixel: fillColor = <psychopy.colors.Color: white, alpha=1.0>
14.4804 	EXP 	pixel: fillColor = <psychopy.colors.Color: black, alpha=1.0>
14.4970 	EXP 	pixel: fillColor = <psychopy.colors.Color: white, alpha=1.0>
14.5137 	EXP 	pixel: fillColor = <psychopy.colors.Color: black, alpha=1.0>
14.5303 	EXP 	pixel: fillColor = <psychopy.colors.Color: white, alpha=1.0>
14.5469 	EXP 	pixel: fillColor = <psychopy.colors.Color: black, alpha=1.0>
14.5636 	EXP 	pixel: fillColor = <psychopy.colors.Color: white, alpha=1.0>
14.5803 	EXP 	pixel: fillColor = <psychopy.colors.Color: black, alpha=1.0>
14.5970 	EXP 	pixel: fillColor = <psychopy.colors.Color: white, alpha=1.0>
14.6139 	EXP 	pixel: fillColor = <psychopy.colors.Color: black, alpha=1.0>
14.6306 	EXP 	pixel: fillColor = <psychopy.colors.Color: white, alpha=1.0>
14.6470 	EXP 	pixel: fillColor = <psychopy.colors.Color: black, alpha=1.0>
14.6637 	EXP 	pixel: fillColor = <psychopy.colors.Color: white, alpha=1.0>
14.6804 	EXP 	pixel: fillColor = <psychopy.colors.Color: black, alpha=1.0>
14.6969 	EXP 	pixel: fillColor = <psychopy.colors.Color: white, alpha=1.0>
14.7138 	EXP 	pixel: fillColor = <psychopy.colors.Color: black, alpha=1.0>
14.7304 	EXP 	pixel: fillColor = <psychopy.colors.Color: white, alpha=1.0>
14.7469 	EXP 	pixel: fillColor = <psychopy.colors.Color: black, alpha=1.0>
14.7638 	EXP 	pixel: fillColor = <psychopy.colors.Color: white, alpha=1.0>
14.7804 	EXP 	pixel: fillColor = <psychopy.colors.Color: black, alpha=1.0>
14.7970 	EXP 	pixel: fillColor = <psychopy.colors.Color: white, alpha=1.0>
14.8139 	EXP 	pixel: fillColor = <psychopy.colors.Color: black, alpha=1.0>
14.8304 	EXP 	pixel: fillColor = <psychopy.colors.Color: white, alpha=1.0>
14.8468 	EXP 	pixel: fillColor = <psychopy.colors.Color: black, alpha=1.0>
14.8638 	EXP 	pixel: fillColor = <psychopy.colors.Color: white, alpha=1.0>
14.8805 	EXP 	pixel: fillColor = <psychopy.colors.Color: black, alpha=1.0>
14.8972 	EXP 	pixel: fillColor = <psychopy.colors.Color: white, alpha=1.0>
14.9138 	EXP 	pixel: fillColor = <psychopy.colors.Color: black, alpha=1.0>
14.9305 	EXP 	pixel: fillColor = <psychopy.colors.Color: white, alpha=1.0>
14.9472 	EXP 	pixel: fillColor = <psychopy.colors.Color: black, alpha=1.0>
14.9637 	EXP 	pixel: fillColor = <psychopy.colors.Color: white, alpha=1.0>
14.9964 	EXP 	pixel: fillColor = <psychopy.colors.Color: black, alpha=1.0>
15.0140 	EXP 	pixel: fillColor = <psychopy.colors.Color: white, alpha=1.0>
15.0305 	EXP 	pixel: fillColor = <psychopy.colors.Color: black, alpha=1.0>
15.0477 	EXP 	pixel: fillColor = <psychopy.colors.Color: white, alpha=1.0>
15.0635 	EXP 	pixel: fillColor = <psychopy.colors.Color: black, alpha=1.0>
15.0804 	EXP 	pixel: fillColor = <psychopy.colors.Color: white, alpha=1.0>
15.0971 	EXP 	pixel: fillColor = <psychopy.colors.Color: black, alpha=1.0>
15.1140 	EXP 	pixel: fillColor = <psychopy.colors.Color: white, alpha=1.0>
15.1304 	EXP 	pixel: fillColor = <psychopy.colors.Color: black, alpha=1.0>
15.1469 	EXP 	pixel: fillColor = <psychopy.colors.Color: white, alpha=1.0>
15.1634 	EXP 	pixel: fillColor = <psychopy.colors.Color: black, alpha=1.0>
15.1806 	EXP 	pixel: fillColor = <psychopy.colors.Color: white, alpha=1.0>
15.1972 	EXP 	pixel: fillColor = <psychopy.colors.Color: black, alpha=1.0>
15.2141 	EXP 	pixel: fillColor = <psychopy.colors.Color: white, alpha=1.0>
15.2305 	EXP 	pixel: fillColor = <psychopy.colors.Color: black, alpha=1.0>
15.2471 	EXP 	pixel: fillColor = <psychopy.colors.Color: white, alpha=1.0>
15.2638 	EXP 	pixel: fillColor = <psychopy.colors.Color: black, alpha=1.0>
15.2807 	EXP 	pixel: fillColor = <psychopy.colors.Color: white, alpha=1.0>
15.2975 	EXP 	pixel: fillColor = <psychopy.colors.Color: black, alpha=1.0>
15.3139 	EXP 	pixel: fillColor = <psychopy.colors.Color: white, alpha=1.0>
15.3307 	EXP 	pixel: fillColor = <psychopy.colors.Color: black, alpha=1.0>
15.3474 	EXP 	pixel: fillColor = <psychopy.colors.Color: white, alpha=1.0>
15.3640 	EXP 	pixel: fillColor = <psychopy.colors.Color: black, alpha=1.0>
15.3805 	EXP 	pixel: fillColor = <psychopy.colors.Color: white, alpha=1.0>
15.3974 	EXP 	pixel: fillColor = <psychopy.colors.Color: black, alpha=1.0>
15.4139 	EXP 	pixel: fillColor = <psychopy.colors.Color: white, alpha=1.0>
15.4306 	EXP 	pixel: fillColor = <psychopy.colors.Color: black, alpha=1.0>
15.4474 	EXP 	pixel: fillColor = <psychopy.colors.Color: white, alpha=1.0>
15.4641 	EXP 	pixel: fillColor = <psychopy.colors.Color: black, alpha=1.0>
15.4806 	EXP 	pixel: fillColor = <psychopy.colors.Color: white, alpha=1.0>
15.4975 	EXP 	pixel: fillColor = <psychopy.colors.Color: black, alpha=1.0>
15.5140 	EXP 	pixel: fillColor = <psychopy.colors.Color: white, alpha=1.0>
15.5306 	EXP 	pixel: fillColor = <psychopy.colors.Color: black, alpha=1.0>
15.5474 	EXP 	pixel: fillColor = <psychopy.colors.Color: white, alpha=1.0>
15.5640 	EXP 	pixel: fillColor = <psychopy.colors.Color: black, alpha=1.0>
15.5804 	EXP 	pixel: fillColor = <psychopy.colors.Color: white, alpha=1.0>
15.5974 	EXP 	pixel: fillColor = <psychopy.colors.Color: black, alpha=1.0>
15.6141 	EXP 	pixel: fillColor = <psychopy.colors.Color: white, alpha=1.0>
15.6307 	EXP 	pixel: fillColor = <psychopy.colors.Color: black, alpha=1.0>
15.6474 	EXP 	pixel: fillColor = <psychopy.colors.Color: white, alpha=1.0>
15.6640 	EXP 	pixel: fillColor = <psychopy.colors.Color: black, alpha=1.0>
15.6808 	EXP 	pixel: fillColor = <psychopy.colors.Color: white, alpha=1.0>
15.6974 	EXP 	pixel: fillColor = <psychopy.colors.Color: black, alpha=1.0>
15.7143 	EXP 	pixel: fillColor = <psychopy.colors.Color: white, alpha=1.0>
15.7306 	EXP 	pixel: fillColor = <psychopy.colors.Color: black, alpha=1.0>
15.7476 	EXP 	pixel: fillColor = <psychopy.colors.Color: white, alpha=1.0>
15.7640 	EXP 	pixel: fillColor = <psychopy.colors.Color: black, alpha=1.0>
15.7806 	EXP 	pixel: fillColor = <psychopy.colors.Color: white, alpha=1.0>
15.8120 	INFO 	Keyboard events cleared
15.8116 	EXP 	pixel: fillColor = <psychopy.colors.Color: black, alpha=1.0>
15.8116 	EXP 	gradcpt_image: autoDraw = False
15.8116 	EXP 	pixel: autoDraw = False
15.8116 	EXP 	debrief_text: height = 0.03
15.8116 	EXP 	debrief_text: height = 0.03
15.8116 	EXP 	debrief_text: height = 0.03
15.8116 	EXP 	debrief_text: text = 'Some debriefing text.'
15.8116 	EXP 	debrief_text: autoDraw = True
17.6691 	DATA 	Keypress: space
17.6811 	EXP 	debrief_text: autoDraw = False
17.6811 	EXP 	thanks_text: autoDraw = True
18.2012 	DATA 	Keypress: space
22.6822 	EXP 	thanks_text: autoDraw = False
22.6848 	EXP 	gradcptpy: status = STOPPED
22.7196 	INFO 	saved data to 'C:\\Users\\zhw\\Projects\\test\\gradcptpy\\data/766558_gradcptpy_2024-09-19_17h53.37.092.csv'
22.7228 	INFO 	saved data to C:\Users\zhw\Projects\test\gradcptpy\data/766558_gradcptpy_2024-09-19_17h53.37.092.psydat
22.8342 	EXP 	window1: mouseVisible = True
23.1700 	DEBUG 	Saving data for gradcptpy ExperimentHandler
