10.8650 	DEBUG 	Fullscreen settings ignored as running in pilot mode.
10.8661 	INFO 	Loaded monitor calibration from ['2024_09_16 16:06']
11.4888 	EXP 	Created window1 = Window(allowGUI=True, allowStencil=False, autoLog=True, backendConf=UNKNOWN, backgroundFit=<method-wrapper '__getattribute__' of attributeSetter object at 0x000001BCDA426860>, backgroundImage=<method-wrapper '__getattribute__' of attributeSetter object at 0x000001BCDA426950>, bitsMode=UNKNOWN, blendMode='avg', bpc=(8, 8, 8), color=array([0, 0, 0]), colorSpace='rgb', depthBits=8, fullscr=<method-wrapper '__getattribute__' of attributeSetter object at 0x000001BCDA425990>, gamma=None, gammaErrorPolicy='raise', infoMsg=UNKNOWN, lms=UNKNOWN, monitor=<psychopy.monitors.calibTools.Monitor object at 0x000001BD2374E410>, multiSample=False, name='window1', numSamples=2, pos=[560.0, 240.0], screen=0, size=array([800, 600]), stencilBits=0, stereo=False, title='PsychoPy', units='height', useFBO=True, useRetina=False, viewOri=0.0, viewPos=None, viewScale=None, waitBlanking=True, winType='pyglet')
11.4888 	EXP 	window1: backgroundImage = ''
11.4889 	EXP 	window1: backgroundFit = 'none'
11.4891 	EXP 	window1: mouseVisible = <method-wrapper '__getattribute__' of attributeSetter object at 0x000001BCDA4267D0>
11.4893 	EXP 	window1: mouseVisible = <method-wrapper '__getattribute__' of attributeSetter object at 0x000001BCDA4267D0>
11.5050 	EXP 	window1: mouseVisible = <method-wrapper '__getattribute__' of attributeSetter object at 0x000001BCDA4267D0>
11.5058 	EXP 	window1: mouseVisible = <method-wrapper '__getattribute__' of attributeSetter object at 0x000001BCDA4267D0>
11.5140 	DEBUG 	TextBox2 loaded 1 chars with 0 blanks and 1 valid
11.5151 	DEBUG 	TextBox2 loaded 1 chars with 0 blanks and 1 valid
11.5161 	DEBUG 	TextBox2 loaded 1 chars with 0 blanks and 1 valid
11.5174 	DEBUG 	TextBox2 loaded 1 chars with 0 blanks and 1 valid
11.5188 	DEBUG 	TextBox2 loaded 1 chars with 0 blanks and 1 valid
11.5196 	DEBUG 	TextBox2 loaded 1 chars with 0 blanks and 1 valid
11.5206 	DEBUG 	TextBox2 loaded 1 chars with 0 blanks and 1 valid
11.5219 	DEBUG 	TextBox2 loaded 1 chars with 0 blanks and 1 valid
11.5224 	DEBUG 	TextBox2 loaded 1 chars with 0 blanks and 1 valid
11.5230 	DEBUG 	TextBox2 loaded 1 chars with 0 blanks and 1 valid
11.5241 	DEBUG 	TextBox2 loaded 1 chars with 0 blanks and 1 valid
11.5252 	DEBUG 	TextBox2 loaded 1 chars with 0 blanks and 1 valid
11.5261 	DEBUG 	TextBox2 loaded 1 chars with 0 blanks and 1 valid
11.5272 	DEBUG 	TextBox2 loaded 1 chars with 0 blanks and 1 valid
11.5280 	DEBUG 	TextBox2 loaded 1 chars with 0 blanks and 1 valid
11.5291 	DEBUG 	TextBox2 loaded 1 chars with 0 blanks and 1 valid
11.5301 	DEBUG 	TextBox2 loaded 1 chars with 0 blanks and 1 valid
11.5307 	DEBUG 	TextBox2 loaded 1 chars with 0 blanks and 1 valid
11.5314 	DEBUG 	TextBox2 loaded 1 chars with 0 blanks and 1 valid
11.5327 	DEBUG 	TextBox2 loaded 1 chars with 0 blanks and 1 valid
11.5333 	DEBUG 	TextBox2 loaded 1 chars with 0 blanks and 1 valid
11.5338 	DEBUG 	Uploading Texture Font fontname to graphics card
11.5418 	DEBUG 	Upload of Texture Font fontname complete
11.5436 	EXP 	window1: mouseVisible = <method-wrapper '__getattribute__' of attributeSetter object at 0x000001BCDA4267D0>
11.5438 	EXP 	window1: mouseVisible = <method-wrapper '__getattribute__' of attributeSetter object at 0x000001BCDA4267D0>
11.5446 	EXP 	window1: mouseVisible = <method-wrapper '__getattribute__' of attributeSetter object at 0x000001BCDA4267D0>
11.5453 	EXP 	window1: mouseVisible = <method-wrapper '__getattribute__' of attributeSetter object at 0x000001BCDA4267D0>
11.5510 	DEBUG 	TextBox2 loaded 1 chars with 0 blanks and 1 valid
11.5526 	DEBUG 	TextBox2 loaded 1 chars with 0 blanks and 1 valid
11.5540 	DEBUG 	TextBox2 loaded 1 chars with 0 blanks and 1 valid
11.5543 	DEBUG 	Uploading Texture Font fontname to graphics card
11.5641 	DEBUG 	Upload of Texture Font fontname complete
11.5665 	EXP 	window1: Attempting to measure frame rate of screen (0) ...
11.5666 	EXP 	window1: recordFrameIntervals = False
11.7578 	EXP 	window1: recordFrameIntervals = True
12.0879 	EXP 	Screen (0) actual frame rate measured at 61.06Hz
12.0880 	EXP 	window1: recordFrameIntervals = False
12.0880 	EXP 	window1: mouseVisible = False
12.0884 	EXP 	window1: mouseVisible = False
12.0886 	EXP 	window1: mouseVisible = False
12.0895 	EXP 	window1: mouseVisible = False
12.0903 	EXP 	window1: mouseVisible = False
12.0966 	DEBUG 	TextBox2 loaded 1 chars with 0 blanks and 1 valid
12.0974 	DEBUG 	TextBox2 loaded 1 chars with 0 blanks and 1 valid
12.0986 	DEBUG 	TextBox2 loaded 1 chars with 0 blanks and 1 valid
12.1002 	DEBUG 	TextBox2 loaded 1 chars with 0 blanks and 1 valid
12.1016 	DEBUG 	TextBox2 loaded 1 chars with 0 blanks and 1 valid
12.1032 	DEBUG 	TextBox2 loaded 1 chars with 0 blanks and 1 valid
12.1041 	DEBUG 	TextBox2 loaded 1 chars with 0 blanks and 1 valid
12.1055 	DEBUG 	TextBox2 loaded 1 chars with 0 blanks and 1 valid
12.1070 	DEBUG 	TextBox2 loaded 1 chars with 0 blanks and 1 valid
12.1084 	DEBUG 	TextBox2 loaded 1 chars with 0 blanks and 1 valid
12.1088 	DEBUG 	Uploading Texture Font fontname to graphics card
12.1095 	DEBUG 	Upload of Texture Font fontname complete
12.1114 	EXP 	window1: mouseVisible = False
12.1115 	EXP 	window1: mouseVisible = False
12.1122 	EXP 	window1: mouseVisible = False
12.1129 	EXP 	window1: mouseVisible = False
12.1935 	WARNING 	launchHubServer: If using the iohub mouse or eyetracker devices, fullScr should be True.
16.0989 	INFO 	keyboard.Keyboard is using iohub backend.
16.0989 	INFO 	keyboard.Keyboard is using iohub backend.
16.0990 	INFO 	keyboard.Keyboard is using iohub backend.
16.0990 	INFO 	keyboard.Keyboard is using iohub backend.
16.0991 	INFO 	keyboard.Keyboard is using iohub backend.
16.0991 	INFO 	keyboard.Keyboard is using iohub backend.
16.0991 	INFO 	keyboard.Keyboard is using iohub backend.
16.0991 	EXP 	gradcptpy: status = STARTED
16.3467 	EXP 	window1: mouseVisible = False
16.6151 	EXP 	Created frame_rate_prompt = TextStim(__class__=<class 'psychopy.visual.text.TextStim'>, alignHoriz=method-wrapper(...), alignText='center', alignVert=method-wrapper(...), anchorHoriz='center', anchorVert='center', antialias=True, autoDraw=False, autoLog=True, bold=False, color=array([-1., -1., -1.]), colorSpace='rgb', contrast=1.0, depth=-2.0, draggable=False, flipHoriz=False, flipVert=False, font='Open Sans', fontFiles=[], height=0.05, italic=False, languageStyle='LTR', name='frame_rate_prompt', opacity=1, ori=0.0, pos=array([0., 0.]), rgb=UNKNOWN, text='Trying to estimate frame rate....', units='height', win=Window(...), wrapWidth=1)
16.6152 	EXP 	window1: mouseVisible = False
16.6550 	EXP 	Created welcome_text = TextStim(__class__=<class 'psychopy.visual.text.TextStim'>, alignHoriz=method-wrapper(...), alignText='center', alignVert=method-wrapper(...), anchorHoriz='center', anchorVert='center', antialias=True, autoDraw=False, autoLog=True, bold=False, color=array([-1., -1., -1.]), colorSpace='rgb', contrast=1.0, depth=-1.0, draggable=False, flipHoriz=False, flipVert=False, font='Open Sans', fontFiles=[], height=0.05, italic=False, languageStyle='LTR', name='welcome_text', opacity=1, ori=0.0, pos=array([0., 0.]), rgb=UNKNOWN, text=str(...), units='height', win=Window(...), wrapWidth=1)
16.6551 	EXP 	window1: mouseVisible = False
16.6566 	EXP 	Created gradcpt_prep_text = TextStim(__class__=<class 'psychopy.visual.text.TextStim'>, alignHoriz=method-wrapper(...), alignText='center', alignVert=method-wrapper(...), anchorHoriz='center', anchorVert='center', antialias=True, autoDraw=False, autoLog=True, bold=False, color=array([-1., -1., -1.]), colorSpace='rgb', contrast=1.0, depth=-1.0, draggable=False, flipHoriz=False, flipVert=False, font='Open Sans', fontFiles=[], height=0.03, italic=False, languageStyle='LTR', name='gradcpt_prep_text', opacity=1, ori=0.0, pos=array([0., 0.]), rgb=UNKNOWN, text='', units='height', win=Window(...), wrapWidth=1)
16.6567 	EXP 	window1: mouseVisible = False
16.6575 	EXP 	Created black_start_text = TextStim(__class__=<class 'psychopy.visual.text.TextStim'>, alignHoriz=method-wrapper(...), alignText='center', alignVert=method-wrapper(...), anchorHoriz='center', anchorVert='center', antialias=True, autoDraw=False, autoLog=True, bold=False, color=array([-1., -1., -1.]), colorSpace='rgb', contrast=1.0, depth=-1.0, draggable=False, flipHoriz=False, flipVert=False, font='Open Sans', fontFiles=[], height=0.03, italic=False, languageStyle='LTR', name='black_start_text', opacity=1, ori=0.0, pos=array([0., 0.]), rgb=UNKNOWN, text='', units='height', win=Window(...), wrapWidth=1)
16.6576 	EXP 	window1: mouseVisible = False
16.6588 	EXP 	Created prepare_block_text = TextStim(__class__=<class 'psychopy.visual.text.TextStim'>, alignHoriz=method-wrapper(...), alignText='center', alignVert=method-wrapper(...), anchorHoriz='center', anchorVert='center', antialias=True, autoDraw=False, autoLog=True, bold=False, color=array([-1., -1., -1.]), colorSpace='rgb', contrast=1.0, depth=-1.0, draggable=False, flipHoriz=False, flipVert=False, font='Arial', fontFiles=[], height=0.05, italic=False, languageStyle='LTR', name='prepare_block_text', opacity=1, ori=0.0, pos=array([0., 0.]), rgb=UNKNOWN, text='', units='height', win=Window(...), wrapWidth=1)
16.6589 	EXP 	window1: mouseVisible = False
16.6710 	EXP 	Created gradcpt_image = ImageStim(__class__=<class 'psychopy.visual.image.ImageStim'>, anchor=('center', 'center'), autoLog=True, color=array([1., 1., 1.]), colorSpace='rgb', contrast=1.0, depth=-1.0, draggable=False, flipHoriz=False, flipVert=False, image='default.png', interpolate=True, mask=None, maskParams=None, name='gradcpt_image', opacity=1, ori=0.0, pos=array([0., 0.]), size=array([0.5, 0.5]), texRes=128.0, units='height', win=Window(...))
16.6711 	EXP 	window1: mouseVisible = False
16.6721 	EXP 	Created es_text_component_gradcpt = TextStim(__class__=<class 'psychopy.visual.text.TextStim'>, alignHoriz=method-wrapper(...), alignText='center', alignVert=method-wrapper(...), anchorHoriz='center', anchorVert='center', antialias=True, autoDraw=False, autoLog=True, bold=False, color=array([-1., -1., -1.]), colorSpace='rgb', contrast=1.0, depth=-1.0, draggable=False, flipHoriz=False, flipVert=False, font='Open Sans', fontFiles=[], height=0.05, italic=False, languageStyle='LTR', name='es_text_component_gradcpt', opacity=1, ori=0.0, pos=array([0. , 0.2]), rgb=UNKNOWN, text='', units='height', win=Window(...), wrapWidth=1)
16.7354 	EXP 	window1: mouseVisible = False
16.7379 	EXP 	window1: mouseVisible = False
16.7446 	EXP 	window1: mouseVisible = False
16.7513 	EXP 	Created es_gradcpt_slider = Slider(__class__=<class 'psychopy.visual.slider.Slider'>, autoDraw=False, autoLog=True, borderColor=None, color=None, colorSpace='rgb', depth=-2, fillColor=None, flip=False, font='Open Sans', granularity=0.0, labelColor=None, labelHeight=0.05, labelWrapWidth=None, labels=None, lineColor=None, markerColor=None, name='es_gradcpt_slider', opacity=None, ori=0.0, pos=array([0., 0.]), readOnly=False, self=UNKNOWN, size=array([1. , 0.1]), startValue=None, style='rating', styleTweaks=[], ticks=array([0, 1]), units='height', win=Window(...))
16.7515 	EXP 	window1: mouseVisible = False
16.7524 	EXP 	Created low_anchor_gradcpt = TextStim(__class__=<class 'psychopy.visual.text.TextStim'>, alignHoriz=method-wrapper(...), alignText='center', alignVert=method-wrapper(...), anchorHoriz='center', anchorVert='center', antialias=True, autoDraw=False, autoLog=True, bold=False, color=array([-1., -1., -1.]), colorSpace='rgb', contrast=1.0, depth=-4.0, draggable=False, flipHoriz=False, flipVert=False, font='Open Sans', fontFiles=[], height=0.05, italic=False, languageStyle='LTR', name='low_anchor_gradcpt', opacity=1, ori=0.0, pos=array([-0.5 , -0.15]), rgb=UNKNOWN, text='', units='height', win=Window(...), wrapWidth=1)
16.7525 	EXP 	window1: mouseVisible = False
16.7536 	EXP 	Created high_anchor_gradcpt = TextStim(__class__=<class 'psychopy.visual.text.TextStim'>, alignHoriz=method-wrapper(...), alignText='center', alignVert=method-wrapper(...), anchorHoriz='center', anchorVert='center', antialias=True, autoDraw=False, autoLog=True, bold=False, color=array([-1., -1., -1.]), colorSpace='rgb', contrast=1.0, depth=-6.0, draggable=False, flipHoriz=False, flipVert=False, font='Open Sans', fontFiles=[], height=0.05, italic=False, languageStyle='LTR', name='high_anchor_gradcpt', opacity=1, ori=0.0, pos=array([ 0.5 , -0.15]), rgb=UNKNOWN, text='', units='height', win=Window(...), wrapWidth=1)
16.7537 	EXP 	window1: mouseVisible = False
16.7624 	EXP 	Created enter_advance_gradcpt = TextStim(__class__=<class 'psychopy.visual.text.TextStim'>, alignHoriz=method-wrapper(...), alignText='center', alignVert=method-wrapper(...), anchorHoriz='center', anchorVert='center', antialias=True, autoDraw=False, autoLog=True, bold=False, color=array([-1., -1., -1.]), colorSpace='rgb', contrast=1.0, depth=-7.0, draggable=False, flipHoriz=False, flipVert=False, font='Open Sans', fontFiles=[], height=0.05, italic=False, languageStyle='LTR', name='enter_advance_gradcpt', opacity=1, ori=0.0, pos=array([ 0. , -0.2]), rgb=UNKNOWN, text='Press "Enter" to advance.', units='height', win=Window(...), wrapWidth=1)
16.7625 	EXP 	window1: mouseVisible = False
16.7672 	EXP 	Created es_gradcpt_isi_text = TextStim(__class__=<class 'psychopy.visual.text.TextStim'>, alignHoriz=method-wrapper(...), alignText='center', alignVert=method-wrapper(...), anchorHoriz='center', anchorVert='center', antialias=True, autoDraw=False, autoLog=True, bold=False, color=array([-1., -1., -1.]), colorSpace='rgb', contrast=1.0, depth=0.0, draggable=False, flipHoriz=False, flipVert=False, font='Open Sans', fontFiles=[], height=0.05, italic=False, languageStyle='LTR', name='es_gradcpt_isi_text', opacity=1, ori=0.0, pos=array([0., 0.]), rgb=UNKNOWN, text='+', units='height', win=Window(...), wrapWidth=1)
16.7673 	EXP 	window1: mouseVisible = False
16.7682 	EXP 	Created prepare_text = TextStim(__class__=<class 'psychopy.visual.text.TextStim'>, alignHoriz=method-wrapper(...), alignText='center', alignVert=method-wrapper(...), anchorHoriz='center', anchorVert='center', antialias=True, autoDraw=False, autoLog=True, bold=False, color=array([-1., -1., -1.]), colorSpace='rgb', contrast=1.0, depth=-1.0, draggable=False, flipHoriz=False, flipVert=False, font='Arial', fontFiles=[], height=0.05, italic=False, languageStyle='LTR', name='prepare_text', opacity=1, ori=0.0, pos=array([0., 0.]), rgb=UNKNOWN, text='', units='height', win=Window(...), wrapWidth=1)
16.7683 	EXP 	window1: mouseVisible = False
16.7761 	EXP 	Created block_rest_text = TextStim(__class__=<class 'psychopy.visual.text.TextStim'>, alignHoriz=method-wrapper(...), alignText='center', alignVert=method-wrapper(...), anchorHoriz='center', anchorVert='center', antialias=True, autoDraw=False, autoLog=True, bold=False, color=array([-1., -1., -1.]), colorSpace='rgb', contrast=1.0, depth=-1.0, draggable=False, flipHoriz=False, flipVert=False, font='Open Sans', fontFiles=[], height=0.05, italic=False, languageStyle='LTR', name='block_rest_text', opacity=1, ori=0.0, pos=array([0., 0.]), rgb=UNKNOWN, text=str(...), units='height', win=Window(...), wrapWidth=1)
16.7762 	EXP 	window1: mouseVisible = False
16.7771 	EXP 	Created debrief_text = TextStim(__class__=<class 'psychopy.visual.text.TextStim'>, alignHoriz=method-wrapper(...), alignText='center', alignVert=method-wrapper(...), anchorHoriz='center', anchorVert='center', antialias=True, autoDraw=False, autoLog=True, bold=False, color=array([-1., -1., -1.]), colorSpace='rgb', contrast=1.0, depth=0.0, draggable=False, flipHoriz=False, flipVert=False, font='Open Sans', fontFiles=[], height=0.03, italic=False, languageStyle='LTR', name='debrief_text', opacity=1, ori=0.0, pos=array([0., 0.]), rgb=UNKNOWN, text='', units='height', win=Window(...), wrapWidth=1)
16.7772 	EXP 	window1: mouseVisible = False
16.7831 	EXP 	Created thanks_text = TextStim(__class__=<class 'psychopy.visual.text.TextStim'>, alignHoriz=method-wrapper(...), alignText='center', alignVert=method-wrapper(...), anchorHoriz='center', anchorVert='center', antialias=True, autoDraw=False, autoLog=True, bold=False, color=array([-1., -1., -1.]), colorSpace='rgb', contrast=1.0, depth=0.0, draggable=False, flipHoriz=False, flipVert=False, font='Open Sans', fontFiles=[], height=0.05, italic=False, languageStyle='LTR', name='thanks_text', opacity=1, ori=0.0, pos=array([0., 0.]), rgb=UNKNOWN, text='Thank you for your participation!', units='height', win=Window(...), wrapWidth=1)
0.0050 	EXP 	es_gradcpt_slider: autoLog = True
0.0050 	EXP 	es_gradcpt_slider: styleTweaks = []
0.0050 	EXP 	es_gradcpt_slider: styleTweaks = []
0.0050 	EXP 	es_gradcpt_slider: styleTweaks = []
0.0050 	EXP 	es_gradcpt_slider: styleTweaks = []
0.0050 	EXP 	es_gradcpt_slider: contrast = 1.0
0.0050 	EXP 	es_gradcpt_slider: markerPos = None
0.0050 	EXP 	es_gradcpt_slider: autoLog = True
0.0083 	EXP 	window1: mouseVisible = False
0.0226 	EXP 	frame_rate_prompt: autoDraw = True
5.0114 	EXP 	window1: mouseVisible = False
5.0258 	INFO 	Keyboard events cleared
5.0254 	EXP 	frame_rate_prompt: autoDraw = False
5.0254 	EXP 	welcome_text: autoDraw = True
22.5039 	DATA 	Keypress: space
22.5127 	INFO 	Keyboard events cleared
22.5122 	EXP 	welcome_text: autoDraw = False
22.5122 	EXP 	gradcpt_prep_text: height = 0.03
22.5122 	EXP 	gradcpt_prep_text: height = 0.03
22.5122 	EXP 	gradcpt_prep_text: height = 0.03
22.5122 	EXP 	gradcpt_prep_text: text = 'Now you will perform the attention task. A series of pictures will gradually be presented on the screen one after another. In this phase of the experiment, you will press the f key when you see a picture of a city scene, and you will press nothing when you see a picture of a mountain scene. It is important to respond as quickly and accurately as possible and to keep both hands on the keyboard at all times.\n\nWhen you answer thought probes during this phase, remember to again be as honest as possible. Whether you indicate that your attention was or was not on task will not affect your participation. \n\nPress the space bar to see the response mappings one more time before beginning.'
22.5122 	EXP 	gradcpt_prep_text: autoDraw = True
54.9280 	EXP 	New trial (rep=0, index=0): <Trial 0 (0 in rep 0) data={'thisN': 0, 'thisTrialN': 0, 'thisRepN': 0}>
54.9460 	DATA 	Keypress: space
54.9559 	INFO 	Keyboard events cleared
54.9555 	EXP 	gradcpt_prep_text: autoDraw = False
54.9555 	EXP 	black_start_text: height = 0.03
54.9555 	EXP 	black_start_text: height = 0.03
54.9555 	EXP 	black_start_text: height = 0.03
54.9555 	EXP 	black_start_text: text = 'Key for city scenes: f\n When you see a mountain scene, do not make a response.\n\nPress the space bar to begin.'
54.9555 	EXP 	black_start_text: autoDraw = True
58.6104 	DATA 	Keypress: space
58.6406 	EXP 	black_start_text: autoDraw = False
58.6406 	EXP 	prepare_block_text: autoDraw = True
63.6133 	EXP 	New trial (rep=0, index=0): <Trial 0 (0 in rep 0) data={'thisN': 0, 'thisTrialN': 0, 'thisRepN': 0}>
63.6134 	INFO 	keyboard.Keyboard is using iohub backend.
63.6273 	EXP 	prepare_block_text: autoDraw = False
63.6273 	EXP 	gradcpt_image: autoDraw = True
65.3974 	INFO 	Keyboard events cleared
65.3990 	DATA 	Keypress: f
66.7479 	INFO 	Keyboard events cleared
66.7495 	DATA 	Keypress: f
67.7480 	INFO 	Keyboard events cleared
67.7496 	DATA 	Keypress: f
69.2819 	INFO 	Keyboard events cleared
69.2835 	DATA 	Keypress: f
70.2323 	INFO 	Keyboard events cleared
70.2339 	DATA 	Keypress: f
71.0994 	INFO 	Keyboard events cleared
71.1010 	DATA 	Keypress: f
71.7758 	INFO 	Keyboard events cleared
71.7796 	DATA 	Keypress: f
72.7830 	INFO 	Keyboard events cleared
72.7845 	DATA 	Keypress: f
73.4682 	DATA 	Keypress: f
73.4832 	INFO 	Keyboard events cleared
74.2669 	INFO 	Keyboard events cleared
74.2684 	DATA 	Keypress: f
75.0433 	INFO 	Keyboard events cleared
75.0472 	DATA 	Keypress: f
75.7839 	INFO 	Keyboard events cleared
75.7857 	DATA 	Keypress: f
76.6777 	INFO 	Keyboard events cleared
76.6815 	DATA 	Keypress: f
77.4512 	INFO 	Keyboard events cleared
77.4528 	DATA 	Keypress: f
78.2179 	INFO 	Keyboard events cleared
78.2195 	DATA 	Keypress: f
79.8194 	INFO 	Keyboard events cleared
79.8210 	DATA 	Keypress: f
80.8522 	INFO 	Keyboard events cleared
80.8537 	DATA 	Keypress: f
81.7871 	DATA 	Keypress: f
81.8028 	INFO 	Keyboard events cleared
82.3689 	INFO 	Keyboard events cleared
82.3705 	DATA 	Keypress: f
83.3698 	INFO 	Keyboard events cleared
83.3713 	DATA 	Keypress: f
84.8036 	INFO 	Keyboard events cleared
84.8051 	DATA 	Keypress: f
85.6537 	INFO 	Keyboard events cleared
85.6553 	DATA 	Keypress: f
86.4988 	INFO 	Keyboard events cleared
86.5025 	DATA 	Keypress: f
87.1874 	INFO 	Keyboard events cleared
87.1889 	DATA 	Keypress: f
88.0543 	INFO 	Keyboard events cleared
88.0559 	DATA 	Keypress: f
88.7546 	INFO 	Keyboard events cleared
88.7561 	DATA 	Keypress: f
89.7213 	INFO 	Keyboard events cleared
89.7229 	DATA 	Keypress: f
90.5052 	INFO 	Keyboard events cleared
90.5069 	DATA 	Keypress: f
91.2053 	INFO 	Keyboard events cleared
91.2068 	DATA 	Keypress: f
92.0888 	INFO 	Keyboard events cleared
92.0904 	DATA 	Keypress: f
92.2309 	EXP 	New trial (rep=0, index=0): <Trial 0 (0 in rep 0) data={'thisN': 0, 'thisTrialN': 0, 'thisRepN': 0}>
92.2313 	EXP 	window1: mouseVisible = True
92.2667 	EXP 	gradcpt_image: autoDraw = False
92.2667 	EXP 	es_text_component_gradcpt: height = 0.05
92.2667 	EXP 	es_text_component_gradcpt: height = 0.05
92.2667 	EXP 	es_text_component_gradcpt: height = 0.05
92.2667 	EXP 	es_text_component_gradcpt: text = 'How difficult was it to disengage from your thoughts?'
92.2667 	EXP 	es_gradcpt_slider: markerPos = None
92.2667 	EXP 	es_gradcpt_slider: markerPos = None
92.2667 	EXP 	low_anchor_gradcpt: height = 0.05
92.2667 	EXP 	low_anchor_gradcpt: height = 0.05
92.2667 	EXP 	low_anchor_gradcpt: height = 0.05
92.2667 	EXP 	low_anchor_gradcpt: text = 'extremely\neasy'
92.2667 	EXP 	high_anchor_gradcpt: height = 0.05
92.2667 	EXP 	high_anchor_gradcpt: height = 0.05
92.2667 	EXP 	high_anchor_gradcpt: height = 0.05
92.2667 	EXP 	high_anchor_gradcpt: text = 'extremely\ndifficult'
92.2667 	EXP 	es_text_component_gradcpt: autoDraw = True
92.2667 	EXP 	es_gradcpt_slider: autoDraw = True
92.2667 	EXP 	low_anchor_gradcpt: autoDraw = True
92.2667 	EXP 	high_anchor_gradcpt: autoDraw = True
98.7063 	DATA 	Mouse: Left button down, pos=(188,305)
98.7195 	EXP 	es_gradcpt_slider: markerPos = 0.14666666666666667
98.7363 	EXP 	es_gradcpt_slider: markerPos = 0.14666666666666667
98.7532 	EXP 	es_gradcpt_slider: markerPos = 0.14666666666666667
98.7698 	EXP 	es_gradcpt_slider: markerPos = 0.14666666666666667
98.7865 	EXP 	es_gradcpt_slider: markerPos = 0.14666666666666667
98.8033 	EXP 	es_gradcpt_slider: markerPos = 0.14666666666666667
98.8197 	EXP 	es_gradcpt_slider: markerPos = 0.14666666666666667
98.8230 	DATA 	Mouse:  Left button up, pos=(188,305)
98.8364 	EXP 	es_gradcpt_slider: markerPos = 0.14666666666666667
98.8535 	INFO 	Keyboard events cleared
98.8532 	EXP 	enter_advance_gradcpt: autoDraw = True
100.3909 	EXP 	window1: mouseVisible = False
100.3927 	DATA 	Keypress: backslash
100.3929 	DATA 	Keypress: return
100.4044 	EXP 	es_text_component_gradcpt: autoDraw = False
100.4044 	EXP 	es_gradcpt_slider: autoDraw = False
100.4044 	EXP 	low_anchor_gradcpt: autoDraw = False
100.4044 	EXP 	high_anchor_gradcpt: autoDraw = False
100.4044 	EXP 	enter_advance_gradcpt: autoDraw = False
100.4044 	EXP 	es_gradcpt_isi_text: autoDraw = True
100.8911 	EXP 	New trial (rep=1, index=0): <Trial 1 (0 in rep 1) data={'thisN': 1, 'thisTrialN': 0, 'thisRepN': 1}>
100.8914 	EXP 	window1: mouseVisible = True
100.9196 	EXP 	es_gradcpt_isi_text: autoDraw = False
100.9196 	EXP 	es_gradcpt_isi_text: autoDraw = False
100.9196 	EXP 	es_text_component_gradcpt: height = 0.05
100.9196 	EXP 	es_text_component_gradcpt: height = 0.05
100.9196 	EXP 	es_text_component_gradcpt: height = 0.05
100.9196 	EXP 	es_text_component_gradcpt: text = 'Were your thoughts freely moving?'
100.9196 	EXP 	es_gradcpt_slider: markerPos = None
100.9196 	EXP 	es_gradcpt_slider: markerPos = None
100.9196 	EXP 	low_anchor_gradcpt: height = 0.05
100.9196 	EXP 	low_anchor_gradcpt: height = 0.05
100.9196 	EXP 	low_anchor_gradcpt: height = 0.05
100.9196 	EXP 	low_anchor_gradcpt: text = 'unmoving'
100.9196 	EXP 	high_anchor_gradcpt: height = 0.05
100.9196 	EXP 	high_anchor_gradcpt: height = 0.05
100.9196 	EXP 	high_anchor_gradcpt: height = 0.05
100.9196 	EXP 	high_anchor_gradcpt: text = 'moving freely'
100.9196 	EXP 	es_text_component_gradcpt: autoDraw = True
100.9196 	EXP 	es_gradcpt_slider: autoDraw = True
100.9196 	EXP 	low_anchor_gradcpt: autoDraw = True
100.9196 	EXP 	high_anchor_gradcpt: autoDraw = True
105.0084 	DATA 	Mouse: Left button down, pos=(130,301)
105.0216 	EXP 	es_gradcpt_slider: markerPos = 0.04999999999999999
105.0383 	EXP 	es_gradcpt_slider: markerPos = 0.04999999999999999
105.0550 	EXP 	es_gradcpt_slider: markerPos = 0.051666666666666694
105.0610 	DATA 	Mouse:  Left button up, pos=(131,302)
105.0718 	EXP 	es_gradcpt_slider: markerPos = 0.051666666666666694
105.0883 	EXP 	es_gradcpt_slider: markerPos = 0.051666666666666694
105.1055 	INFO 	Keyboard events cleared
105.1051 	EXP 	enter_advance_gradcpt: autoDraw = True
106.5760 	EXP 	window1: mouseVisible = False
106.5769 	DATA 	Keypress: return
106.5894 	EXP 	es_text_component_gradcpt: autoDraw = False
106.5894 	EXP 	es_gradcpt_slider: autoDraw = False
106.5894 	EXP 	low_anchor_gradcpt: autoDraw = False
106.5894 	EXP 	high_anchor_gradcpt: autoDraw = False
106.5894 	EXP 	enter_advance_gradcpt: autoDraw = False
106.5894 	EXP 	es_gradcpt_isi_text: autoDraw = True
107.0761 	EXP 	New trial (rep=2, index=0): <Trial 2 (0 in rep 2) data={'thisN': 2, 'thisTrialN': 0, 'thisRepN': 2}>
107.0764 	EXP 	window1: mouseVisible = True
107.1053 	EXP 	es_gradcpt_isi_text: autoDraw = False
107.1053 	EXP 	es_gradcpt_isi_text: autoDraw = False
107.1053 	EXP 	es_text_component_gradcpt: height = 0.05
107.1053 	EXP 	es_text_component_gradcpt: height = 0.05
107.1053 	EXP 	es_text_component_gradcpt: height = 0.05
107.1053 	EXP 	es_text_component_gradcpt: text = 'How positive or negative were you feeling?'
107.1053 	EXP 	es_gradcpt_slider: markerPos = None
107.1053 	EXP 	es_gradcpt_slider: markerPos = None
107.1053 	EXP 	low_anchor_gradcpt: height = 0.05
107.1053 	EXP 	low_anchor_gradcpt: height = 0.05
107.1053 	EXP 	low_anchor_gradcpt: height = 0.05
107.1053 	EXP 	low_anchor_gradcpt: text = 'completely\nnegative'
107.1053 	EXP 	high_anchor_gradcpt: height = 0.05
107.1053 	EXP 	high_anchor_gradcpt: height = 0.05
107.1053 	EXP 	high_anchor_gradcpt: height = 0.05
107.1053 	EXP 	high_anchor_gradcpt: text = 'completely\npositive'
107.1053 	EXP 	es_text_component_gradcpt: autoDraw = True
107.1053 	EXP 	es_gradcpt_slider: autoDraw = True
107.1053 	EXP 	low_anchor_gradcpt: autoDraw = True
107.1053 	EXP 	high_anchor_gradcpt: autoDraw = True
110.5268 	DATA 	Mouse: Left button down, pos=(390,309)
110.5399 	EXP 	es_gradcpt_slider: markerPos = 0.48333333333333334
110.5569 	EXP 	es_gradcpt_slider: markerPos = 0.48333333333333334
110.5734 	EXP 	es_gradcpt_slider: markerPos = 0.48333333333333334
110.5900 	EXP 	es_gradcpt_slider: markerPos = 0.48333333333333334
110.6066 	EXP 	es_gradcpt_slider: markerPos = 0.48333333333333334
110.6234 	EXP 	es_gradcpt_slider: markerPos = 0.48333333333333334
110.6268 	DATA 	Mouse:  Left button up, pos=(390,309)
110.6400 	EXP 	es_gradcpt_slider: markerPos = 0.48333333333333334
110.6571 	INFO 	Keyboard events cleared
110.6567 	EXP 	enter_advance_gradcpt: autoDraw = True
111.3939 	EXP 	window1: mouseVisible = False
111.3948 	DATA 	Keypress: return
111.4079 	EXP 	es_text_component_gradcpt: autoDraw = False
111.4079 	EXP 	es_gradcpt_slider: autoDraw = False
111.4079 	EXP 	low_anchor_gradcpt: autoDraw = False
111.4079 	EXP 	high_anchor_gradcpt: autoDraw = False
111.4079 	EXP 	enter_advance_gradcpt: autoDraw = False
111.4079 	EXP 	es_gradcpt_isi_text: autoDraw = True
111.8944 	EXP 	New trial (rep=3, index=0): <Trial 3 (0 in rep 3) data={'thisN': 3, 'thisTrialN': 0, 'thisRepN': 3}>
111.8947 	EXP 	window1: mouseVisible = True
111.9230 	EXP 	es_gradcpt_isi_text: autoDraw = False
111.9230 	EXP 	es_gradcpt_isi_text: autoDraw = False
111.9230 	EXP 	es_text_component_gradcpt: height = 0.05
111.9230 	EXP 	es_text_component_gradcpt: height = 0.05
111.9230 	EXP 	es_text_component_gradcpt: height = 0.05
111.9230 	EXP 	es_text_component_gradcpt: text = 'How intentional were your thoughts?'
111.9230 	EXP 	es_gradcpt_slider: markerPos = None
111.9230 	EXP 	es_gradcpt_slider: markerPos = None
111.9230 	EXP 	low_anchor_gradcpt: height = 0.05
111.9230 	EXP 	low_anchor_gradcpt: height = 0.05
111.9230 	EXP 	low_anchor_gradcpt: height = 0.05
111.9230 	EXP 	low_anchor_gradcpt: text = 'completely\nunintentional'
111.9230 	EXP 	high_anchor_gradcpt: height = 0.05
111.9230 	EXP 	high_anchor_gradcpt: height = 0.05
111.9230 	EXP 	high_anchor_gradcpt: height = 0.05
111.9230 	EXP 	high_anchor_gradcpt: text = 'completely\nintentional'
111.9230 	EXP 	es_text_component_gradcpt: autoDraw = True
111.9230 	EXP 	es_gradcpt_slider: autoDraw = True
111.9230 	EXP 	low_anchor_gradcpt: autoDraw = True
111.9230 	EXP 	high_anchor_gradcpt: autoDraw = True
115.9616 	DATA 	Mouse: Left button down, pos=(532,295)
115.9751 	EXP 	es_gradcpt_slider: markerPos = 0.72
115.9919 	EXP 	es_gradcpt_slider: markerPos = 0.72
116.0082 	EXP 	es_gradcpt_slider: markerPos = 0.72
116.0249 	EXP 	es_gradcpt_slider: markerPos = 0.72
116.0418 	EXP 	es_gradcpt_slider: markerPos = 0.72
116.0584 	EXP 	es_gradcpt_slider: markerPos = 0.72
116.0750 	EXP 	es_gradcpt_slider: markerPos = 0.72
116.0783 	DATA 	Mouse:  Left button up, pos=(532,295)
116.0918 	EXP 	es_gradcpt_slider: markerPos = 0.72
116.1089 	INFO 	Keyboard events cleared
116.1085 	EXP 	enter_advance_gradcpt: autoDraw = True
116.6459 	EXP 	window1: mouseVisible = False
116.6467 	DATA 	Keypress: return
116.6594 	EXP 	es_text_component_gradcpt: autoDraw = False
116.6594 	EXP 	es_gradcpt_slider: autoDraw = False
116.6594 	EXP 	low_anchor_gradcpt: autoDraw = False
116.6594 	EXP 	high_anchor_gradcpt: autoDraw = False
116.6594 	EXP 	enter_advance_gradcpt: autoDraw = False
116.6594 	EXP 	es_gradcpt_isi_text: autoDraw = True
117.1460 	EXP 	New trial (rep=4, index=0): <Trial 4 (0 in rep 4) data={'thisN': 4, 'thisTrialN': 0, 'thisRepN': 4}>
117.1463 	EXP 	window1: mouseVisible = True
117.1745 	EXP 	es_gradcpt_isi_text: autoDraw = False
117.1745 	EXP 	es_gradcpt_isi_text: autoDraw = False
117.1745 	EXP 	es_text_component_gradcpt: height = 0.05
117.1745 	EXP 	es_text_component_gradcpt: height = 0.05
117.1745 	EXP 	es_text_component_gradcpt: height = 0.05
117.1745 	EXP 	es_text_component_gradcpt: text = 'Where was your attention during the previous trial?'
117.1745 	EXP 	es_gradcpt_slider: markerPos = None
117.1745 	EXP 	es_gradcpt_slider: markerPos = None
117.1745 	EXP 	low_anchor_gradcpt: height = 0.05
117.1745 	EXP 	low_anchor_gradcpt: height = 0.05
117.1745 	EXP 	low_anchor_gradcpt: height = 0.05
117.1745 	EXP 	low_anchor_gradcpt: text = 'on-task'
117.1745 	EXP 	high_anchor_gradcpt: height = 0.05
117.1745 	EXP 	high_anchor_gradcpt: height = 0.05
117.1745 	EXP 	high_anchor_gradcpt: height = 0.05
117.1745 	EXP 	high_anchor_gradcpt: text = 'off-task'
117.1745 	EXP 	es_text_component_gradcpt: autoDraw = True
117.1745 	EXP 	es_gradcpt_slider: autoDraw = True
117.1745 	EXP 	low_anchor_gradcpt: autoDraw = True
117.1745 	EXP 	high_anchor_gradcpt: autoDraw = True
122.7138 	DATA 	Mouse: Left button down, pos=(165,300)
122.7268 	EXP 	es_gradcpt_slider: markerPos = 0.10833333333333334
122.7434 	EXP 	es_gradcpt_slider: markerPos = 0.10833333333333334
122.7604 	EXP 	es_gradcpt_slider: markerPos = 0.10833333333333334
122.7766 	EXP 	es_gradcpt_slider: markerPos = 0.10833333333333334
122.7800 	DATA 	Mouse:  Left button up, pos=(165,300)
122.7935 	EXP 	es_gradcpt_slider: markerPos = 0.10833333333333334
122.8105 	INFO 	Keyboard events cleared
122.8101 	EXP 	enter_advance_gradcpt: autoDraw = True
123.4813 	EXP 	window1: mouseVisible = False
123.4822 	DATA 	Keypress: return
123.4949 	EXP 	es_text_component_gradcpt: autoDraw = False
123.4949 	EXP 	es_gradcpt_slider: autoDraw = False
123.4949 	EXP 	low_anchor_gradcpt: autoDraw = False
123.4949 	EXP 	high_anchor_gradcpt: autoDraw = False
123.4949 	EXP 	enter_advance_gradcpt: autoDraw = False
123.4949 	EXP 	es_gradcpt_isi_text: autoDraw = True
123.9809 	EXP 	New trial (rep=5, index=0): <Trial 5 (0 in rep 5) data={'thisN': 5, 'thisTrialN': 0, 'thisRepN': 5}>
123.9812 	EXP 	window1: mouseVisible = True
124.0104 	EXP 	es_gradcpt_isi_text: autoDraw = False
124.0104 	EXP 	es_gradcpt_isi_text: autoDraw = False
124.0104 	EXP 	es_text_component_gradcpt: height = 0.05
124.0104 	EXP 	es_text_component_gradcpt: height = 0.05
124.0104 	EXP 	es_text_component_gradcpt: height = 0.05
124.0104 	EXP 	es_text_component_gradcpt: text = 'How confident are you about your ratings for this trial?'
124.0104 	EXP 	es_gradcpt_slider: markerPos = None
124.0104 	EXP 	es_gradcpt_slider: markerPos = None
124.0104 	EXP 	low_anchor_gradcpt: height = 0.05
124.0104 	EXP 	low_anchor_gradcpt: height = 0.05
124.0104 	EXP 	low_anchor_gradcpt: height = 0.05
124.0104 	EXP 	low_anchor_gradcpt: text = 'completely\nunconfident'
124.0104 	EXP 	high_anchor_gradcpt: height = 0.05
124.0104 	EXP 	high_anchor_gradcpt: height = 0.05
124.0104 	EXP 	high_anchor_gradcpt: height = 0.05
124.0104 	EXP 	high_anchor_gradcpt: text = 'completely\nconfident'
124.0104 	EXP 	es_text_component_gradcpt: autoDraw = True
124.0104 	EXP 	es_gradcpt_slider: autoDraw = True
124.0104 	EXP 	low_anchor_gradcpt: autoDraw = True
124.0104 	EXP 	high_anchor_gradcpt: autoDraw = True
131.3499 	DATA 	Mouse: Left button down, pos=(506,301)
131.3630 	EXP 	es_gradcpt_slider: markerPos = 0.6766666666666666
131.3798 	EXP 	es_gradcpt_slider: markerPos = 0.6766666666666666
131.3964 	EXP 	es_gradcpt_slider: markerPos = 0.6766666666666666
131.4131 	EXP 	es_gradcpt_slider: markerPos = 0.6766666666666666
131.4166 	DATA 	Mouse:  Left button up, pos=(506,301)
131.4296 	EXP 	es_gradcpt_slider: markerPos = 0.6766666666666666
131.4467 	INFO 	Keyboard events cleared
131.4463 	EXP 	enter_advance_gradcpt: autoDraw = True
132.1670 	EXP 	window1: mouseVisible = False
132.1679 	DATA 	Keypress: return
132.1809 	EXP 	es_text_component_gradcpt: autoDraw = False
132.1809 	EXP 	es_gradcpt_slider: autoDraw = False
132.1809 	EXP 	low_anchor_gradcpt: autoDraw = False
132.1809 	EXP 	high_anchor_gradcpt: autoDraw = False
132.1809 	EXP 	enter_advance_gradcpt: autoDraw = False
132.1809 	EXP 	es_gradcpt_isi_text: autoDraw = True
132.6807 	EXP 	es_gradcpt_isi_text: autoDraw = False
132.6807 	EXP 	es_gradcpt_isi_text: autoDraw = False
132.6807 	EXP 	prepare_text: autoDraw = True
137.6685 	EXP 	New trial (rep=1, index=0): <Trial 1 (0 in rep 1) data={'thisN': 1, 'thisTrialN': 0, 'thisRepN': 1}>
137.6832 	EXP 	prepare_text: autoDraw = False
137.6832 	EXP 	gradcpt_image: autoDraw = True
138.2535 	INFO 	Keyboard events cleared
138.2552 	DATA 	Keypress: f
139.8037 	INFO 	Keyboard events cleared
139.8052 	DATA 	Keypress: f
141.4875 	INFO 	Keyboard events cleared
141.4894 	DATA 	Keypress: f
142.3710 	INFO 	Keyboard events cleared
142.3726 	DATA 	Keypress: f
143.1714 	INFO 	Keyboard events cleared
143.1730 	DATA 	Keypress: f
144.0213 	INFO 	Keyboard events cleared
144.0229 	DATA 	Keypress: f
144.8209 	INFO 	Keyboard events cleared
144.8225 	DATA 	Keypress: f
145.5723 	INFO 	Keyboard events cleared
145.5739 	DATA 	Keypress: f
146.5722 	INFO 	Keyboard events cleared
146.5738 	DATA 	Keypress: f
147.2726 	INFO 	Keyboard events cleared
147.2742 	DATA 	Keypress: f
148.0560 	INFO 	Keyboard events cleared
148.0576 	DATA 	Keypress: f
148.9078 	DATA 	Keypress: f
148.9229 	INFO 	Keyboard events cleared
149.6733 	INFO 	Keyboard events cleared
149.6749 	DATA 	Keypress: f
150.7339 	INFO 	Keyboard events cleared
150.7379 	DATA 	Keypress: f
151.3904 	INFO 	Keyboard events cleared
151.3919 	DATA 	Keypress: f
152.1739 	INFO 	Keyboard events cleared
152.1755 	DATA 	Keypress: f
152.9907 	INFO 	Keyboard events cleared
152.9923 	DATA 	Keypress: f
153.8578 	INFO 	Keyboard events cleared
153.8593 	DATA 	Keypress: f
154.5581 	INFO 	Keyboard events cleared
154.5597 	DATA 	Keypress: f
155.3416 	INFO 	Keyboard events cleared
155.3434 	DATA 	Keypress: f
156.1918 	INFO 	Keyboard events cleared
156.1934 	DATA 	Keypress: f
157.0087 	INFO 	Keyboard events cleared
157.0102 	DATA 	Keypress: f
157.8271 	DATA 	Keypress: f
157.8425 	INFO 	Keyboard events cleared
158.0786 	EXP 	New trial (rep=0, index=0): <Trial 0 (0 in rep 0) data={'thisN': 0, 'thisTrialN': 0, 'thisRepN': 0}>
158.0789 	EXP 	window1: mouseVisible = True
158.1038 	EXP 	gradcpt_image: autoDraw = False
158.1038 	EXP 	es_text_component_gradcpt: height = 0.05
158.1038 	EXP 	es_text_component_gradcpt: height = 0.05
158.1038 	EXP 	es_text_component_gradcpt: height = 0.05
158.1038 	EXP 	es_text_component_gradcpt: text = 'How difficult was it to disengage from your thoughts?'
158.1038 	EXP 	es_gradcpt_slider: markerPos = None
158.1038 	EXP 	es_gradcpt_slider: markerPos = None
158.1038 	EXP 	low_anchor_gradcpt: height = 0.05
158.1038 	EXP 	low_anchor_gradcpt: height = 0.05
158.1038 	EXP 	low_anchor_gradcpt: height = 0.05
158.1038 	EXP 	low_anchor_gradcpt: text = 'extremely\neasy'
158.1038 	EXP 	high_anchor_gradcpt: height = 0.05
158.1038 	EXP 	high_anchor_gradcpt: height = 0.05
158.1038 	EXP 	high_anchor_gradcpt: height = 0.05
158.1038 	EXP 	high_anchor_gradcpt: text = 'extremely\ndifficult'
158.1038 	EXP 	es_text_component_gradcpt: autoDraw = True
158.1038 	EXP 	es_gradcpt_slider: autoDraw = True
158.1038 	EXP 	low_anchor_gradcpt: autoDraw = True
158.1038 	EXP 	high_anchor_gradcpt: autoDraw = True
160.8258 	DATA 	Mouse: Left button down, pos=(168,289)
160.8389 	EXP 	es_gradcpt_slider: markerPos = 0.11333333333333334
160.8554 	EXP 	es_gradcpt_slider: markerPos = 0.11333333333333334
160.8719 	EXP 	es_gradcpt_slider: markerPos = 0.11333333333333334
160.8755 	DATA 	Mouse:  Left button up, pos=(168,289)
160.8888 	EXP 	es_gradcpt_slider: markerPos = 0.11333333333333334
160.9057 	INFO 	Keyboard events cleared
160.9053 	EXP 	enter_advance_gradcpt: autoDraw = True
162.0095 	EXP 	window1: mouseVisible = False
162.0104 	DATA 	Keypress: return
162.0233 	EXP 	es_text_component_gradcpt: autoDraw = False
162.0233 	EXP 	es_gradcpt_slider: autoDraw = False
162.0233 	EXP 	low_anchor_gradcpt: autoDraw = False
162.0233 	EXP 	high_anchor_gradcpt: autoDraw = False
162.0233 	EXP 	enter_advance_gradcpt: autoDraw = False
162.0233 	EXP 	es_gradcpt_isi_text: autoDraw = True
162.5100 	EXP 	New trial (rep=1, index=0): <Trial 1 (0 in rep 1) data={'thisN': 1, 'thisTrialN': 0, 'thisRepN': 1}>
162.5104 	EXP 	window1: mouseVisible = True
162.5385 	EXP 	es_gradcpt_isi_text: autoDraw = False
162.5385 	EXP 	es_gradcpt_isi_text: autoDraw = False
162.5385 	EXP 	es_text_component_gradcpt: height = 0.05
162.5385 	EXP 	es_text_component_gradcpt: height = 0.05
162.5385 	EXP 	es_text_component_gradcpt: height = 0.05
162.5385 	EXP 	es_text_component_gradcpt: text = 'How intentional were your thoughts?'
162.5385 	EXP 	es_gradcpt_slider: markerPos = None
162.5385 	EXP 	es_gradcpt_slider: markerPos = None
162.5385 	EXP 	low_anchor_gradcpt: height = 0.05
162.5385 	EXP 	low_anchor_gradcpt: height = 0.05
162.5385 	EXP 	low_anchor_gradcpt: height = 0.05
162.5385 	EXP 	low_anchor_gradcpt: text = 'completely\nunintentional'
162.5385 	EXP 	high_anchor_gradcpt: height = 0.05
162.5385 	EXP 	high_anchor_gradcpt: height = 0.05
162.5385 	EXP 	high_anchor_gradcpt: height = 0.05
162.5385 	EXP 	high_anchor_gradcpt: text = 'completely\nintentional'
162.5385 	EXP 	es_text_component_gradcpt: autoDraw = True
162.5385 	EXP 	es_gradcpt_slider: autoDraw = True
162.5385 	EXP 	low_anchor_gradcpt: autoDraw = True
162.5385 	EXP 	high_anchor_gradcpt: autoDraw = True
166.4779 	DATA 	Mouse: Left button down, pos=(574,301)
166.4902 	EXP 	es_gradcpt_slider: markerPos = 0.79
166.5071 	EXP 	es_gradcpt_slider: markerPos = 0.7916666666666667
166.5239 	EXP 	es_gradcpt_slider: markerPos = 0.7933333333333333
166.5405 	EXP 	es_gradcpt_slider: markerPos = 0.7933333333333333
166.5570 	EXP 	es_gradcpt_slider: markerPos = 0.7933333333333333
166.5734 	EXP 	es_gradcpt_slider: markerPos = 0.7933333333333333
166.5795 	DATA 	Mouse:  Left button up, pos=(576,301)
166.5900 	EXP 	es_gradcpt_slider: markerPos = 0.7933333333333333
166.6067 	EXP 	es_gradcpt_slider: markerPos = 0.7933333333333333
166.6238 	INFO 	Keyboard events cleared
166.6235 	EXP 	enter_advance_gradcpt: autoDraw = True
167.1943 	EXP 	window1: mouseVisible = False
167.1952 	DATA 	Keypress: return
167.2083 	EXP 	es_text_component_gradcpt: autoDraw = False
167.2083 	EXP 	es_gradcpt_slider: autoDraw = False
167.2083 	EXP 	low_anchor_gradcpt: autoDraw = False
167.2083 	EXP 	high_anchor_gradcpt: autoDraw = False
167.2083 	EXP 	enter_advance_gradcpt: autoDraw = False
167.2083 	EXP 	es_gradcpt_isi_text: autoDraw = True
167.6949 	EXP 	New trial (rep=2, index=0): <Trial 2 (0 in rep 2) data={'thisN': 2, 'thisTrialN': 0, 'thisRepN': 2}>
167.6952 	EXP 	window1: mouseVisible = True
167.7235 	EXP 	es_gradcpt_isi_text: autoDraw = False
167.7235 	EXP 	es_gradcpt_isi_text: autoDraw = False
167.7235 	EXP 	es_text_component_gradcpt: height = 0.05
167.7235 	EXP 	es_text_component_gradcpt: height = 0.05
167.7235 	EXP 	es_text_component_gradcpt: height = 0.05
167.7235 	EXP 	es_text_component_gradcpt: text = 'Were your thoughts freely moving?'
167.7235 	EXP 	es_gradcpt_slider: markerPos = None
167.7235 	EXP 	es_gradcpt_slider: markerPos = None
167.7235 	EXP 	low_anchor_gradcpt: height = 0.05
167.7235 	EXP 	low_anchor_gradcpt: height = 0.05
167.7235 	EXP 	low_anchor_gradcpt: height = 0.05
167.7235 	EXP 	low_anchor_gradcpt: text = 'unmoving'
167.7235 	EXP 	high_anchor_gradcpt: height = 0.05
167.7235 	EXP 	high_anchor_gradcpt: height = 0.05
167.7235 	EXP 	high_anchor_gradcpt: height = 0.05
167.7235 	EXP 	high_anchor_gradcpt: text = 'moving freely'
167.7235 	EXP 	es_text_component_gradcpt: autoDraw = True
167.7235 	EXP 	es_gradcpt_slider: autoDraw = True
167.7235 	EXP 	low_anchor_gradcpt: autoDraw = True
167.7235 	EXP 	high_anchor_gradcpt: autoDraw = True
223.2279 	DATA 	Mouse: Left button down, pos=(495,298)
223.2410 	EXP 	es_gradcpt_slider: markerPos = 0.6583333333333333
223.2577 	EXP 	es_gradcpt_slider: markerPos = 0.6583333333333333
223.2744 	EXP 	es_gradcpt_slider: markerPos = 0.6583333333333333
223.2778 	DATA 	Mouse:  Left button up, pos=(495,298)
223.2910 	EXP 	es_gradcpt_slider: markerPos = 0.6583333333333333
223.3081 	INFO 	Keyboard events cleared
223.3078 	EXP 	enter_advance_gradcpt: autoDraw = True
223.6946 	DATA 	Mouse: Left button down, pos=(330,302)
223.7079 	EXP 	es_gradcpt_slider: markerPos = 0.3833333333333333
223.7246 	EXP 	es_gradcpt_slider: markerPos = 0.3833333333333333
223.7412 	EXP 	es_gradcpt_slider: markerPos = 0.3833333333333333
223.7579 	EXP 	es_gradcpt_slider: markerPos = 0.3833333333333333
223.7614 	DATA 	Mouse:  Left button up, pos=(330,302)
223.7746 	EXP 	es_gradcpt_slider: markerPos = 0.3833333333333333
224.1639 	DATA 	Mouse: Left button down, pos=(209,309)
224.1913 	EXP 	es_gradcpt_slider: markerPos = 0.18166666666666664
224.2082 	EXP 	es_gradcpt_slider: markerPos = 0.18166666666666664
224.2245 	EXP 	es_gradcpt_slider: markerPos = 0.18166666666666664
224.2409 	EXP 	es_gradcpt_slider: markerPos = 0.18166666666666664
224.2579 	EXP 	es_gradcpt_slider: markerPos = 0.18166666666666664
224.2614 	DATA 	Mouse:  Left button up, pos=(209,309)
224.2743 	EXP 	es_gradcpt_slider: markerPos = 0.18166666666666664
225.2954 	EXP 	window1: mouseVisible = False
225.2962 	DATA 	Keypress: return
225.3089 	EXP 	es_text_component_gradcpt: autoDraw = False
225.3089 	EXP 	es_gradcpt_slider: autoDraw = False
225.3089 	EXP 	low_anchor_gradcpt: autoDraw = False
225.3089 	EXP 	high_anchor_gradcpt: autoDraw = False
225.3089 	EXP 	enter_advance_gradcpt: autoDraw = False
225.3089 	EXP 	es_gradcpt_isi_text: autoDraw = True
225.7953 	EXP 	New trial (rep=3, index=0): <Trial 3 (0 in rep 3) data={'thisN': 3, 'thisTrialN': 0, 'thisRepN': 3}>
225.7956 	EXP 	window1: mouseVisible = True
225.8244 	EXP 	es_gradcpt_isi_text: autoDraw = False
225.8244 	EXP 	es_gradcpt_isi_text: autoDraw = False
225.8244 	EXP 	es_text_component_gradcpt: height = 0.05
225.8244 	EXP 	es_text_component_gradcpt: height = 0.05
225.8244 	EXP 	es_text_component_gradcpt: height = 0.05
225.8244 	EXP 	es_text_component_gradcpt: text = 'Where was your attention during the previous trial?'
225.8244 	EXP 	es_gradcpt_slider: markerPos = None
225.8244 	EXP 	es_gradcpt_slider: markerPos = None
225.8244 	EXP 	low_anchor_gradcpt: height = 0.05
225.8244 	EXP 	low_anchor_gradcpt: height = 0.05
225.8244 	EXP 	low_anchor_gradcpt: height = 0.05
225.8244 	EXP 	low_anchor_gradcpt: text = 'on-task'
225.8244 	EXP 	high_anchor_gradcpt: height = 0.05
225.8244 	EXP 	high_anchor_gradcpt: height = 0.05
225.8244 	EXP 	high_anchor_gradcpt: height = 0.05
225.8244 	EXP 	high_anchor_gradcpt: text = 'off-task'
225.8244 	EXP 	es_text_component_gradcpt: autoDraw = True
225.8244 	EXP 	es_gradcpt_slider: autoDraw = True
225.8244 	EXP 	low_anchor_gradcpt: autoDraw = True
225.8244 	EXP 	high_anchor_gradcpt: autoDraw = True
228.9457 	DATA 	Mouse: Left button down, pos=(136,296)
228.9590 	EXP 	es_gradcpt_slider: markerPos = 0.06
228.9757 	EXP 	es_gradcpt_slider: markerPos = 0.06
228.9924 	EXP 	es_gradcpt_slider: markerPos = 0.06
229.0090 	EXP 	es_gradcpt_slider: markerPos = 0.06
229.0122 	DATA 	Mouse:  Left button up, pos=(136,296)
229.0261 	EXP 	es_gradcpt_slider: markerPos = 0.06
229.0433 	INFO 	Keyboard events cleared
229.0429 	EXP 	enter_advance_gradcpt: autoDraw = True
229.2633 	EXP 	window1: mouseVisible = False
229.2641 	DATA 	Keypress: return
229.2776 	EXP 	es_text_component_gradcpt: autoDraw = False
229.2776 	EXP 	es_gradcpt_slider: autoDraw = False
229.2776 	EXP 	low_anchor_gradcpt: autoDraw = False
229.2776 	EXP 	high_anchor_gradcpt: autoDraw = False
229.2776 	EXP 	enter_advance_gradcpt: autoDraw = False
229.2776 	EXP 	es_gradcpt_isi_text: autoDraw = True
229.7637 	EXP 	New trial (rep=4, index=0): <Trial 4 (0 in rep 4) data={'thisN': 4, 'thisTrialN': 0, 'thisRepN': 4}>
229.7640 	EXP 	window1: mouseVisible = True
229.7927 	EXP 	es_gradcpt_isi_text: autoDraw = False
229.7927 	EXP 	es_gradcpt_isi_text: autoDraw = False
229.7927 	EXP 	es_text_component_gradcpt: height = 0.05
229.7927 	EXP 	es_text_component_gradcpt: height = 0.05
229.7927 	EXP 	es_text_component_gradcpt: height = 0.05
229.7927 	EXP 	es_text_component_gradcpt: text = 'How positive or negative were you feeling?'
229.7927 	EXP 	es_gradcpt_slider: markerPos = None
229.7927 	EXP 	es_gradcpt_slider: markerPos = None
229.7927 	EXP 	low_anchor_gradcpt: height = 0.05
229.7927 	EXP 	low_anchor_gradcpt: height = 0.05
229.7927 	EXP 	low_anchor_gradcpt: height = 0.05
229.7927 	EXP 	low_anchor_gradcpt: text = 'completely\nnegative'
229.7927 	EXP 	high_anchor_gradcpt: height = 0.05
229.7927 	EXP 	high_anchor_gradcpt: height = 0.05
229.7927 	EXP 	high_anchor_gradcpt: height = 0.05
229.7927 	EXP 	high_anchor_gradcpt: text = 'completely\npositive'
229.7927 	EXP 	es_text_component_gradcpt: autoDraw = True
229.7927 	EXP 	es_gradcpt_slider: autoDraw = True
229.7927 	EXP 	low_anchor_gradcpt: autoDraw = True
229.7927 	EXP 	high_anchor_gradcpt: autoDraw = True
231.4966 	DATA 	Mouse: Left button down, pos=(403,304)
231.5103 	EXP 	es_gradcpt_slider: markerPos = 0.505
231.5271 	EXP 	es_gradcpt_slider: markerPos = 0.505
231.5436 	EXP 	es_gradcpt_slider: markerPos = 0.505
231.5472 	DATA 	Mouse:  Left button up, pos=(403,305)
231.5604 	EXP 	es_gradcpt_slider: markerPos = 0.505
231.5773 	INFO 	Keyboard events cleared
231.5769 	EXP 	enter_advance_gradcpt: autoDraw = True
231.7474 	EXP 	window1: mouseVisible = False
231.7482 	DATA 	Keypress: return
231.7612 	EXP 	es_text_component_gradcpt: autoDraw = False
231.7612 	EXP 	es_gradcpt_slider: autoDraw = False
231.7612 	EXP 	low_anchor_gradcpt: autoDraw = False
231.7612 	EXP 	high_anchor_gradcpt: autoDraw = False
231.7612 	EXP 	enter_advance_gradcpt: autoDraw = False
231.7612 	EXP 	es_gradcpt_isi_text: autoDraw = True
232.2478 	EXP 	New trial (rep=5, index=0): <Trial 5 (0 in rep 5) data={'thisN': 5, 'thisTrialN': 0, 'thisRepN': 5}>
232.2481 	EXP 	window1: mouseVisible = True
232.2765 	EXP 	es_gradcpt_isi_text: autoDraw = False
232.2765 	EXP 	es_gradcpt_isi_text: autoDraw = False
232.2765 	EXP 	es_text_component_gradcpt: height = 0.05
232.2765 	EXP 	es_text_component_gradcpt: height = 0.05
232.2765 	EXP 	es_text_component_gradcpt: height = 0.05
232.2765 	EXP 	es_text_component_gradcpt: text = 'How confident are you about your ratings for this trial?'
232.2765 	EXP 	es_gradcpt_slider: markerPos = None
232.2765 	EXP 	es_gradcpt_slider: markerPos = None
232.2765 	EXP 	low_anchor_gradcpt: height = 0.05
232.2765 	EXP 	low_anchor_gradcpt: height = 0.05
232.2765 	EXP 	low_anchor_gradcpt: height = 0.05
232.2765 	EXP 	low_anchor_gradcpt: text = 'completely\nunconfident'
232.2765 	EXP 	high_anchor_gradcpt: height = 0.05
232.2765 	EXP 	high_anchor_gradcpt: height = 0.05
232.2765 	EXP 	high_anchor_gradcpt: height = 0.05
232.2765 	EXP 	high_anchor_gradcpt: text = 'completely\nconfident'
232.2765 	EXP 	es_text_component_gradcpt: autoDraw = True
232.2765 	EXP 	es_gradcpt_slider: autoDraw = True
232.2765 	EXP 	low_anchor_gradcpt: autoDraw = True
232.2765 	EXP 	high_anchor_gradcpt: autoDraw = True
234.2145 	DATA 	Mouse: Left button down, pos=(610,290)
234.2275 	EXP 	es_gradcpt_slider: markerPos = 0.85
234.2444 	EXP 	es_gradcpt_slider: markerPos = 0.85
234.2611 	EXP 	es_gradcpt_slider: markerPos = 0.85
234.2778 	EXP 	es_gradcpt_slider: markerPos = 0.85
234.2837 	DATA 	Mouse:  Left button up, pos=(610,290)
234.2948 	EXP 	es_gradcpt_slider: markerPos = 0.85
234.3112 	EXP 	es_gradcpt_slider: markerPos = 0.85
234.3279 	INFO 	Keyboard events cleared
234.3276 	EXP 	enter_advance_gradcpt: autoDraw = True
234.5315 	EXP 	window1: mouseVisible = False
234.5324 	DATA 	Keypress: return
234.5454 	EXP 	es_text_component_gradcpt: autoDraw = False
234.5454 	EXP 	es_gradcpt_slider: autoDraw = False
234.5454 	EXP 	low_anchor_gradcpt: autoDraw = False
234.5454 	EXP 	high_anchor_gradcpt: autoDraw = False
234.5454 	EXP 	enter_advance_gradcpt: autoDraw = False
234.5454 	EXP 	es_gradcpt_isi_text: autoDraw = True
235.0618 	INFO 	Keyboard events cleared
235.0614 	EXP 	es_gradcpt_isi_text: autoDraw = False
235.0614 	EXP 	es_gradcpt_isi_text: autoDraw = False
235.0614 	EXP 	prepare_text: autoDraw = False
235.0614 	EXP 	block_rest_text: autoDraw = True
238.6331 	EXP 	New trial (rep=1, index=0): <Trial 1 (0 in rep 1) data={'thisN': 1, 'thisTrialN': 0, 'thisRepN': 1}>
238.6340 	DATA 	Keypress: space
238.6471 	INFO 	Keyboard events cleared
238.6467 	EXP 	block_rest_text: autoDraw = False
238.6467 	EXP 	black_start_text: text = 'Key for city scenes: f\n When you see a mountain scene, do not make a response.\n\nPress the space bar to begin.'
238.6467 	EXP 	black_start_text: autoDraw = True
277.1959 	DATA 	Keypress: space
277.2076 	EXP 	black_start_text: autoDraw = False
277.2076 	EXP 	prepare_block_text: autoDraw = True
282.1969 	EXP 	New trial (rep=0, index=0): <Trial 0 (0 in rep 0) data={'thisN': 0, 'thisTrialN': 0, 'thisRepN': 0}>
282.2099 	EXP 	prepare_block_text: autoDraw = False
282.2099 	EXP 	gradcpt_image: autoDraw = True
282.9150 	DATA 	Keypress: f
282.9305 	INFO 	Keyboard events cleared
283.4821 	DATA 	Keypress: f
283.4972 	INFO 	Keyboard events cleared
284.3311 	INFO 	Keyboard events cleared
284.3326 	DATA 	Keypress: f
285.3146 	INFO 	Keyboard events cleared
285.3161 	DATA 	Keypress: f
286.1648 	INFO 	Keyboard events cleared
286.1664 	DATA 	Keypress: f
286.9818 	INFO 	Keyboard events cleared
286.9833 	DATA 	Keypress: f
287.6675 	DATA 	Keypress: f
287.6818 	INFO 	Keyboard events cleared
288.5988 	INFO 	Keyboard events cleared
288.6004 	DATA 	Keypress: f
289.3824 	INFO 	Keyboard events cleared
289.3839 	DATA 	Keypress: f
290.1158 	INFO 	Keyboard events cleared
290.1176 	DATA 	Keypress: f
291.0994 	INFO 	Keyboard events cleared
291.1009 	DATA 	Keypress: f
291.8499 	INFO 	Keyboard events cleared
291.8514 	DATA 	Keypress: f
292.7167 	INFO 	Keyboard events cleared
292.7183 	DATA 	Keypress: f
293.7171 	INFO 	Keyboard events cleared
293.7189 	DATA 	Keypress: f
294.3007 	INFO 	Keyboard events cleared
294.3023 	DATA 	Keypress: f
295.0176 	INFO 	Keyboard events cleared
295.0193 	DATA 	Keypress: f
295.8178 	INFO 	Keyboard events cleared
295.8196 	DATA 	Keypress: f
296.6028 	DATA 	Keypress: f
296.6181 	INFO 	Keyboard events cleared
297.4350 	INFO 	Keyboard events cleared
297.4366 	DATA 	Keypress: f
298.4015 	INFO 	Keyboard events cleared
298.4032 	DATA 	Keypress: f
299.3254 	INFO 	Keyboard events cleared
299.3271 	DATA 	Keypress: f
300.1536 	DATA 	Keypress: f
300.1689 	INFO 	Keyboard events cleared
300.9027 	INFO 	Keyboard events cleared
300.9043 	DATA 	Keypress: f
301.7690 	INFO 	Keyboard events cleared
301.7706 	DATA 	Keypress: f
302.5379 	DATA 	Keypress: f
302.5532 	INFO 	Keyboard events cleared
303.4366 	INFO 	Keyboard events cleared
303.4382 	DATA 	Keypress: f
304.2539 	INFO 	Keyboard events cleared
304.2555 	DATA 	Keypress: f
305.1374 	INFO 	Keyboard events cleared
305.1390 	DATA 	Keypress: f
306.0209 	INFO 	Keyboard events cleared
306.0224 	DATA 	Keypress: f
306.8046 	INFO 	Keyboard events cleared
306.8062 	DATA 	Keypress: f
307.8047 	INFO 	Keyboard events cleared
307.8063 	DATA 	Keypress: f
308.6051 	INFO 	Keyboard events cleared
308.6066 	DATA 	Keypress: f
309.3387 	INFO 	Keyboard events cleared
309.3403 	DATA 	Keypress: f
310.0721 	INFO 	Keyboard events cleared
310.0737 	DATA 	Keypress: f
311.6726 	INFO 	Keyboard events cleared
311.6741 	DATA 	Keypress: f
312.4896 	INFO 	Keyboard events cleared
312.4912 	DATA 	Keypress: f
313.3064 	INFO 	Keyboard events cleared
313.3080 	DATA 	Keypress: f
314.8570 	INFO 	Keyboard events cleared
314.8586 	DATA 	Keypress: f
315.7904 	INFO 	Keyboard events cleared
315.7919 	DATA 	Keypress: f
316.7742 	INFO 	Keyboard events cleared
316.7758 	DATA 	Keypress: f
317.4579 	INFO 	Keyboard events cleared
317.4595 	DATA 	Keypress: f
318.2916 	INFO 	Keyboard events cleared
318.2932 	DATA 	Keypress: f
319.2247 	INFO 	Keyboard events cleared
319.2263 	DATA 	Keypress: f
319.3002 	EXP 	New trial (rep=0, index=0): <Trial 0 (0 in rep 0) data={'thisN': 0, 'thisTrialN': 0, 'thisRepN': 0}>
319.3005 	EXP 	window1: mouseVisible = True
319.3196 	EXP 	gradcpt_image: autoDraw = False
319.3196 	EXP 	es_text_component_gradcpt: height = 0.05
319.3196 	EXP 	es_text_component_gradcpt: height = 0.05
319.3196 	EXP 	es_text_component_gradcpt: height = 0.05
319.3196 	EXP 	es_text_component_gradcpt: text = 'Were your thoughts freely moving?'
319.3196 	EXP 	es_gradcpt_slider: markerPos = None
319.3196 	EXP 	es_gradcpt_slider: markerPos = None
319.3196 	EXP 	low_anchor_gradcpt: height = 0.05
319.3196 	EXP 	low_anchor_gradcpt: height = 0.05
319.3196 	EXP 	low_anchor_gradcpt: height = 0.05
319.3196 	EXP 	low_anchor_gradcpt: text = 'unmoving'
319.3196 	EXP 	high_anchor_gradcpt: height = 0.05
319.3196 	EXP 	high_anchor_gradcpt: height = 0.05
319.3196 	EXP 	high_anchor_gradcpt: height = 0.05
319.3196 	EXP 	high_anchor_gradcpt: text = 'moving freely'
319.3196 	EXP 	es_text_component_gradcpt: autoDraw = True
319.3196 	EXP 	es_gradcpt_slider: autoDraw = True
319.3196 	EXP 	low_anchor_gradcpt: autoDraw = True
319.3196 	EXP 	high_anchor_gradcpt: autoDraw = True
322.0412 	DATA 	Mouse: Left button down, pos=(189,304)
322.0546 	EXP 	es_gradcpt_slider: markerPos = 0.14833333333333332
322.0713 	EXP 	es_gradcpt_slider: markerPos = 0.14833333333333332
322.0878 	EXP 	es_gradcpt_slider: markerPos = 0.14833333333333332
322.1043 	EXP 	es_gradcpt_slider: markerPos = 0.15000000000000002
322.1214 	EXP 	es_gradcpt_slider: markerPos = 0.15000000000000002
322.1248 	DATA 	Mouse:  Left button up, pos=(190,304)
322.1381 	EXP 	es_gradcpt_slider: markerPos = 0.15000000000000002
322.1549 	INFO 	Keyboard events cleared
322.1546 	EXP 	enter_advance_gradcpt: autoDraw = True
322.4431 	DATA 	Mouse: Left button down, pos=(263,299)
322.4547 	EXP 	es_gradcpt_slider: markerPos = 0.27166666666666667
322.4714 	EXP 	es_gradcpt_slider: markerPos = 0.2733333333333333
322.4881 	EXP 	es_gradcpt_slider: markerPos = 0.2733333333333333
322.5045 	EXP 	es_gradcpt_slider: markerPos = 0.2733333333333333
322.5218 	EXP 	es_gradcpt_slider: markerPos = 0.2733333333333333
322.5384 	EXP 	es_gradcpt_slider: markerPos = 0.27666666666666667
322.5548 	EXP 	es_gradcpt_slider: markerPos = 0.29166666666666663
322.5712 	EXP 	es_gradcpt_slider: markerPos = 0.29833333333333334
322.5880 	EXP 	es_gradcpt_slider: markerPos = 0.3
322.6048 	EXP 	es_gradcpt_slider: markerPos = 0.30833333333333335
322.6215 	EXP 	es_gradcpt_slider: markerPos = 0.31166666666666665
322.6381 	EXP 	es_gradcpt_slider: markerPos = 0.31166666666666665
322.6547 	EXP 	es_gradcpt_slider: markerPos = 0.31166666666666665
322.6715 	EXP 	es_gradcpt_slider: markerPos = 0.31166666666666665
322.6880 	EXP 	es_gradcpt_slider: markerPos = 0.31166666666666665
322.7048 	EXP 	es_gradcpt_slider: markerPos = 0.31166666666666665
322.7213 	EXP 	es_gradcpt_slider: markerPos = 0.31166666666666665
322.7381 	EXP 	es_gradcpt_slider: markerPos = 0.31166666666666665
322.7548 	EXP 	es_gradcpt_slider: markerPos = 0.31166666666666665
322.7716 	EXP 	es_gradcpt_slider: markerPos = 0.31166666666666665
322.7881 	EXP 	es_gradcpt_slider: markerPos = 0.31166666666666665
322.8049 	EXP 	es_gradcpt_slider: markerPos = 0.31166666666666665
322.8214 	EXP 	es_gradcpt_slider: markerPos = 0.31166666666666665
322.8383 	EXP 	es_gradcpt_slider: markerPos = 0.31166666666666665
322.8547 	EXP 	es_gradcpt_slider: markerPos = 0.30333333333333334
322.8716 	EXP 	es_gradcpt_slider: markerPos = 0.29666666666666663
322.8877 	EXP 	es_gradcpt_slider: markerPos = 0.28500000000000003
322.9043 	EXP 	es_gradcpt_slider: markerPos = 0.2783333333333333
322.9215 	EXP 	es_gradcpt_slider: markerPos = 0.275
322.9381 	EXP 	es_gradcpt_slider: markerPos = 0.27166666666666667
322.9548 	EXP 	es_gradcpt_slider: markerPos = 0.2683333333333333
322.9716 	EXP 	es_gradcpt_slider: markerPos = 0.2633333333333333
322.9881 	EXP 	es_gradcpt_slider: markerPos = 0.255
323.0048 	EXP 	es_gradcpt_slider: markerPos = 0.245
323.0218 	EXP 	es_gradcpt_slider: markerPos = 0.22666666666666668
323.0383 	EXP 	es_gradcpt_slider: markerPos = 0.21333333333333332
323.0550 	EXP 	es_gradcpt_slider: markerPos = 0.21000000000000002
323.0716 	EXP 	es_gradcpt_slider: markerPos = 0.20666666666666667
323.0884 	EXP 	es_gradcpt_slider: markerPos = 0.20166666666666666
323.1048 	EXP 	es_gradcpt_slider: markerPos = 0.19166666666666665
323.1212 	EXP 	es_gradcpt_slider: markerPos = 0.18166666666666664
323.1383 	EXP 	es_gradcpt_slider: markerPos = 0.16999999999999998
323.1550 	EXP 	es_gradcpt_slider: markerPos = 0.15999999999999998
323.1715 	EXP 	es_gradcpt_slider: markerPos = 0.14833333333333332
323.1884 	EXP 	es_gradcpt_slider: markerPos = 0.13666666666666666
323.2047 	EXP 	es_gradcpt_slider: markerPos = 0.125
323.2217 	EXP 	es_gradcpt_slider: markerPos = 0.11166666666666669
323.2382 	EXP 	es_gradcpt_slider: markerPos = 0.10499999999999998
323.2549 	EXP 	es_gradcpt_slider: markerPos = 0.10333333333333333
323.2718 	EXP 	es_gradcpt_slider: markerPos = 0.10333333333333333
323.2883 	EXP 	es_gradcpt_slider: markerPos = 0.10333333333333333
323.3049 	EXP 	es_gradcpt_slider: markerPos = 0.10333333333333333
323.3216 	EXP 	es_gradcpt_slider: markerPos = 0.10333333333333333
323.3381 	EXP 	es_gradcpt_slider: markerPos = 0.10333333333333333
323.3548 	EXP 	es_gradcpt_slider: markerPos = 0.10333333333333333
323.3727 	EXP 	es_gradcpt_slider: markerPos = 0.10333333333333333
323.3886 	EXP 	es_gradcpt_slider: markerPos = 0.10333333333333333
323.4054 	EXP 	es_gradcpt_slider: markerPos = 0.10333333333333333
323.4217 	EXP 	es_gradcpt_slider: markerPos = 0.10333333333333333
323.4383 	EXP 	es_gradcpt_slider: markerPos = 0.10333333333333333
323.4549 	EXP 	es_gradcpt_slider: markerPos = 0.10333333333333333
323.4718 	EXP 	es_gradcpt_slider: markerPos = 0.10333333333333333
323.4882 	EXP 	es_gradcpt_slider: markerPos = 0.10333333333333333
323.5049 	EXP 	es_gradcpt_slider: markerPos = 0.10333333333333333
323.5217 	EXP 	es_gradcpt_slider: markerPos = 0.10333333333333333
323.5384 	EXP 	es_gradcpt_slider: markerPos = 0.10333333333333333
323.5548 	EXP 	es_gradcpt_slider: markerPos = 0.10333333333333333
323.5717 	EXP 	es_gradcpt_slider: markerPos = 0.10333333333333333
323.5884 	EXP 	es_gradcpt_slider: markerPos = 0.10333333333333333
323.6050 	EXP 	es_gradcpt_slider: markerPos = 0.10333333333333333
323.6218 	EXP 	es_gradcpt_slider: markerPos = 0.10333333333333333
323.6383 	EXP 	es_gradcpt_slider: markerPos = 0.10333333333333333
323.6551 	EXP 	es_gradcpt_slider: markerPos = 0.10333333333333333
323.6720 	EXP 	es_gradcpt_slider: markerPos = 0.10333333333333333
323.6755 	DATA 	Mouse:  Left button up, pos=(162,302)
323.6884 	EXP 	es_gradcpt_slider: markerPos = 0.10333333333333333
324.0425 	EXP 	window1: mouseVisible = False
324.0434 	DATA 	Keypress: return
324.0560 	EXP 	es_text_component_gradcpt: autoDraw = False
324.0560 	EXP 	es_gradcpt_slider: autoDraw = False
324.0560 	EXP 	low_anchor_gradcpt: autoDraw = False
324.0560 	EXP 	high_anchor_gradcpt: autoDraw = False
324.0560 	EXP 	enter_advance_gradcpt: autoDraw = False
324.0560 	EXP 	es_gradcpt_isi_text: autoDraw = True
324.5426 	EXP 	New trial (rep=1, index=0): <Trial 1 (0 in rep 1) data={'thisN': 1, 'thisTrialN': 0, 'thisRepN': 1}>
324.5429 	EXP 	window1: mouseVisible = True
324.5714 	EXP 	es_gradcpt_isi_text: autoDraw = False
324.5714 	EXP 	es_gradcpt_isi_text: autoDraw = False
324.5714 	EXP 	es_text_component_gradcpt: height = 0.05
324.5714 	EXP 	es_text_component_gradcpt: height = 0.05
324.5714 	EXP 	es_text_component_gradcpt: height = 0.05
324.5714 	EXP 	es_text_component_gradcpt: text = 'Where was your attention during the previous trial?'
324.5714 	EXP 	es_gradcpt_slider: markerPos = None
324.5714 	EXP 	es_gradcpt_slider: markerPos = None
324.5714 	EXP 	low_anchor_gradcpt: height = 0.05
324.5714 	EXP 	low_anchor_gradcpt: height = 0.05
324.5714 	EXP 	low_anchor_gradcpt: height = 0.05
324.5714 	EXP 	low_anchor_gradcpt: text = 'on-task'
324.5714 	EXP 	high_anchor_gradcpt: height = 0.05
324.5714 	EXP 	high_anchor_gradcpt: height = 0.05
324.5714 	EXP 	high_anchor_gradcpt: height = 0.05
324.5714 	EXP 	high_anchor_gradcpt: text = 'off-task'
324.5714 	EXP 	es_text_component_gradcpt: autoDraw = True
324.5714 	EXP 	es_gradcpt_slider: autoDraw = True
324.5714 	EXP 	low_anchor_gradcpt: autoDraw = True
324.5714 	EXP 	high_anchor_gradcpt: autoDraw = True
325.8426 	DATA 	Mouse: Left button down, pos=(189,305)
325.8554 	EXP 	es_gradcpt_slider: markerPos = 0.14833333333333332
325.8723 	EXP 	es_gradcpt_slider: markerPos = 0.14833333333333332
325.8889 	EXP 	es_gradcpt_slider: markerPos = 0.14833333333333332
325.9056 	EXP 	es_gradcpt_slider: markerPos = 0.14833333333333332
325.9222 	EXP 	es_gradcpt_slider: markerPos = 0.14833333333333332
325.9387 	EXP 	es_gradcpt_slider: markerPos = 0.14833333333333332
325.9420 	DATA 	Mouse:  Left button up, pos=(189,305)
325.9554 	EXP 	es_gradcpt_slider: markerPos = 0.14833333333333332
325.9726 	INFO 	Keyboard events cleared
325.9722 	EXP 	enter_advance_gradcpt: autoDraw = True
326.1261 	EXP 	window1: mouseVisible = False
326.1269 	DATA 	Keypress: return
326.1401 	EXP 	es_text_component_gradcpt: autoDraw = False
326.1401 	EXP 	es_gradcpt_slider: autoDraw = False
326.1401 	EXP 	low_anchor_gradcpt: autoDraw = False
326.1401 	EXP 	high_anchor_gradcpt: autoDraw = False
326.1401 	EXP 	enter_advance_gradcpt: autoDraw = False
326.1401 	EXP 	es_gradcpt_isi_text: autoDraw = True
326.6265 	EXP 	New trial (rep=2, index=0): <Trial 2 (0 in rep 2) data={'thisN': 2, 'thisTrialN': 0, 'thisRepN': 2}>
326.6268 	EXP 	window1: mouseVisible = True
326.6555 	EXP 	es_gradcpt_isi_text: autoDraw = False
326.6555 	EXP 	es_gradcpt_isi_text: autoDraw = False
326.6555 	EXP 	es_text_component_gradcpt: height = 0.05
326.6555 	EXP 	es_text_component_gradcpt: height = 0.05
326.6555 	EXP 	es_text_component_gradcpt: height = 0.05
326.6555 	EXP 	es_text_component_gradcpt: text = 'How positive or negative were you feeling?'
326.6555 	EXP 	es_gradcpt_slider: markerPos = None
326.6555 	EXP 	es_gradcpt_slider: markerPos = None
326.6555 	EXP 	low_anchor_gradcpt: height = 0.05
326.6555 	EXP 	low_anchor_gradcpt: height = 0.05
326.6555 	EXP 	low_anchor_gradcpt: height = 0.05
326.6555 	EXP 	low_anchor_gradcpt: text = 'completely\nnegative'
326.6555 	EXP 	high_anchor_gradcpt: height = 0.05
326.6555 	EXP 	high_anchor_gradcpt: height = 0.05
326.6555 	EXP 	high_anchor_gradcpt: height = 0.05
326.6555 	EXP 	high_anchor_gradcpt: text = 'completely\npositive'
326.6555 	EXP 	es_text_component_gradcpt: autoDraw = True
326.6555 	EXP 	es_gradcpt_slider: autoDraw = True
326.6555 	EXP 	low_anchor_gradcpt: autoDraw = True
326.6555 	EXP 	high_anchor_gradcpt: autoDraw = True
328.3436 	DATA 	Mouse: Left button down, pos=(400,299)
328.3572 	EXP 	es_gradcpt_slider: markerPos = 0.5
328.3732 	EXP 	es_gradcpt_slider: markerPos = 0.5
328.3898 	EXP 	es_gradcpt_slider: markerPos = 0.5
328.4063 	EXP 	es_gradcpt_slider: markerPos = 0.5
328.4097 	DATA 	Mouse:  Left button up, pos=(400,299)
328.4233 	EXP 	es_gradcpt_slider: markerPos = 0.5
328.4403 	INFO 	Keyboard events cleared
328.4399 	EXP 	enter_advance_gradcpt: autoDraw = True
328.5270 	EXP 	window1: mouseVisible = False
328.5278 	DATA 	Keypress: return
328.5406 	EXP 	es_text_component_gradcpt: autoDraw = False
328.5406 	EXP 	es_gradcpt_slider: autoDraw = False
328.5406 	EXP 	low_anchor_gradcpt: autoDraw = False
328.5406 	EXP 	high_anchor_gradcpt: autoDraw = False
328.5406 	EXP 	enter_advance_gradcpt: autoDraw = False
328.5406 	EXP 	es_gradcpt_isi_text: autoDraw = True
329.0273 	EXP 	New trial (rep=3, index=0): <Trial 3 (0 in rep 3) data={'thisN': 3, 'thisTrialN': 0, 'thisRepN': 3}>
329.0276 	EXP 	window1: mouseVisible = True
329.0558 	EXP 	es_gradcpt_isi_text: autoDraw = False
329.0558 	EXP 	es_gradcpt_isi_text: autoDraw = False
329.0558 	EXP 	es_text_component_gradcpt: height = 0.05
329.0558 	EXP 	es_text_component_gradcpt: height = 0.05
329.0558 	EXP 	es_text_component_gradcpt: height = 0.05
329.0558 	EXP 	es_text_component_gradcpt: text = 'How intentional were your thoughts?'
329.0558 	EXP 	es_gradcpt_slider: markerPos = None
329.0558 	EXP 	es_gradcpt_slider: markerPos = None
329.0558 	EXP 	low_anchor_gradcpt: height = 0.05
329.0558 	EXP 	low_anchor_gradcpt: height = 0.05
329.0558 	EXP 	low_anchor_gradcpt: height = 0.05
329.0558 	EXP 	low_anchor_gradcpt: text = 'completely\nunintentional'
329.0558 	EXP 	high_anchor_gradcpt: height = 0.05
329.0558 	EXP 	high_anchor_gradcpt: height = 0.05
329.0558 	EXP 	high_anchor_gradcpt: height = 0.05
329.0558 	EXP 	high_anchor_gradcpt: text = 'completely\nintentional'
329.0558 	EXP 	es_text_component_gradcpt: autoDraw = True
329.0558 	EXP 	es_gradcpt_slider: autoDraw = True
329.0558 	EXP 	low_anchor_gradcpt: autoDraw = True
329.0558 	EXP 	high_anchor_gradcpt: autoDraw = True
331.4279 	DATA 	Mouse: Left button down, pos=(501,293)
331.4408 	EXP 	es_gradcpt_slider: markerPos = 0.6683333333333333
331.4573 	EXP 	es_gradcpt_slider: markerPos = 0.6683333333333333
331.4741 	EXP 	es_gradcpt_slider: markerPos = 0.6683333333333333
331.4908 	EXP 	es_gradcpt_slider: markerPos = 0.6683333333333333
331.5074 	EXP 	es_gradcpt_slider: markerPos = 0.6683333333333333
331.5108 	DATA 	Mouse:  Left button up, pos=(501,293)
331.5241 	EXP 	es_gradcpt_slider: markerPos = 0.6683333333333333
331.5412 	INFO 	Keyboard events cleared
331.5408 	EXP 	enter_advance_gradcpt: autoDraw = True
331.7280 	EXP 	window1: mouseVisible = False
331.7288 	DATA 	Keypress: return
331.7416 	EXP 	es_text_component_gradcpt: autoDraw = False
331.7416 	EXP 	es_gradcpt_slider: autoDraw = False
331.7416 	EXP 	low_anchor_gradcpt: autoDraw = False
331.7416 	EXP 	high_anchor_gradcpt: autoDraw = False
331.7416 	EXP 	enter_advance_gradcpt: autoDraw = False
331.7416 	EXP 	es_gradcpt_isi_text: autoDraw = True
332.2283 	EXP 	New trial (rep=4, index=0): <Trial 4 (0 in rep 4) data={'thisN': 4, 'thisTrialN': 0, 'thisRepN': 4}>
332.2285 	EXP 	window1: mouseVisible = True
332.2568 	EXP 	es_gradcpt_isi_text: autoDraw = False
332.2568 	EXP 	es_gradcpt_isi_text: autoDraw = False
332.2568 	EXP 	es_text_component_gradcpt: height = 0.05
332.2568 	EXP 	es_text_component_gradcpt: height = 0.05
332.2568 	EXP 	es_text_component_gradcpt: height = 0.05
332.2568 	EXP 	es_text_component_gradcpt: text = 'How difficult was it to disengage from your thoughts?'
332.2568 	EXP 	es_gradcpt_slider: markerPos = None
332.2568 	EXP 	es_gradcpt_slider: markerPos = None
332.2568 	EXP 	low_anchor_gradcpt: height = 0.05
332.2568 	EXP 	low_anchor_gradcpt: height = 0.05
332.2568 	EXP 	low_anchor_gradcpt: height = 0.05
332.2568 	EXP 	low_anchor_gradcpt: text = 'extremely\neasy'
332.2568 	EXP 	high_anchor_gradcpt: height = 0.05
332.2568 	EXP 	high_anchor_gradcpt: height = 0.05
332.2568 	EXP 	high_anchor_gradcpt: height = 0.05
332.2568 	EXP 	high_anchor_gradcpt: text = 'extremely\ndifficult'
332.2568 	EXP 	es_text_component_gradcpt: autoDraw = True
332.2568 	EXP 	es_gradcpt_slider: autoDraw = True
332.2568 	EXP 	low_anchor_gradcpt: autoDraw = True
332.2568 	EXP 	high_anchor_gradcpt: autoDraw = True
336.8126 	DATA 	Mouse: Left button down, pos=(215,303)
336.8253 	EXP 	es_gradcpt_slider: markerPos = 0.19166666666666665
336.8422 	EXP 	es_gradcpt_slider: markerPos = 0.19166666666666665
336.8588 	EXP 	es_gradcpt_slider: markerPos = 0.19333333333333336
336.8752 	EXP 	es_gradcpt_slider: markerPos = 0.19333333333333336
336.8920 	EXP 	es_gradcpt_slider: markerPos = 0.19333333333333336
336.8953 	DATA 	Mouse:  Left button up, pos=(216,304)
336.9087 	EXP 	es_gradcpt_slider: markerPos = 0.19333333333333336
336.9257 	INFO 	Keyboard events cleared
336.9253 	EXP 	enter_advance_gradcpt: autoDraw = True
337.1801 	EXP 	window1: mouseVisible = False
337.1810 	DATA 	Keypress: return
337.1935 	EXP 	es_text_component_gradcpt: autoDraw = False
337.1935 	EXP 	es_gradcpt_slider: autoDraw = False
337.1935 	EXP 	low_anchor_gradcpt: autoDraw = False
337.1935 	EXP 	high_anchor_gradcpt: autoDraw = False
337.1935 	EXP 	enter_advance_gradcpt: autoDraw = False
337.1935 	EXP 	es_gradcpt_isi_text: autoDraw = True
337.6796 	EXP 	New trial (rep=5, index=0): <Trial 5 (0 in rep 5) data={'thisN': 5, 'thisTrialN': 0, 'thisRepN': 5}>
337.6799 	EXP 	window1: mouseVisible = True
337.7083 	EXP 	es_gradcpt_isi_text: autoDraw = False
337.7083 	EXP 	es_gradcpt_isi_text: autoDraw = False
337.7083 	EXP 	es_text_component_gradcpt: height = 0.05
337.7083 	EXP 	es_text_component_gradcpt: height = 0.05
337.7083 	EXP 	es_text_component_gradcpt: height = 0.05
337.7083 	EXP 	es_text_component_gradcpt: text = 'How confident are you about your ratings for this trial?'
337.7083 	EXP 	es_gradcpt_slider: markerPos = None
337.7083 	EXP 	es_gradcpt_slider: markerPos = None
337.7083 	EXP 	low_anchor_gradcpt: height = 0.05
337.7083 	EXP 	low_anchor_gradcpt: height = 0.05
337.7083 	EXP 	low_anchor_gradcpt: height = 0.05
337.7083 	EXP 	low_anchor_gradcpt: text = 'completely\nunconfident'
337.7083 	EXP 	high_anchor_gradcpt: height = 0.05
337.7083 	EXP 	high_anchor_gradcpt: height = 0.05
337.7083 	EXP 	high_anchor_gradcpt: height = 0.05
337.7083 	EXP 	high_anchor_gradcpt: text = 'completely\nconfident'
337.7083 	EXP 	es_text_component_gradcpt: autoDraw = True
337.7083 	EXP 	es_gradcpt_slider: autoDraw = True
337.7083 	EXP 	low_anchor_gradcpt: autoDraw = True
337.7083 	EXP 	high_anchor_gradcpt: autoDraw = True
339.4463 	DATA 	Mouse: Left button down, pos=(423,297)
339.4598 	EXP 	es_gradcpt_slider: markerPos = 0.5383333333333333
339.4765 	EXP 	es_gradcpt_slider: markerPos = 0.5383333333333333
339.4932 	EXP 	es_gradcpt_slider: markerPos = 0.5383333333333333
339.5098 	EXP 	es_gradcpt_slider: markerPos = 0.5383333333333333
339.5265 	EXP 	es_gradcpt_slider: markerPos = 0.5383333333333333
339.5431 	EXP 	es_gradcpt_slider: markerPos = 0.5383333333333333
339.5465 	DATA 	Mouse:  Left button up, pos=(423,297)
339.5598 	EXP 	es_gradcpt_slider: markerPos = 0.5383333333333333
339.5769 	INFO 	Keyboard events cleared
339.5766 	EXP 	enter_advance_gradcpt: autoDraw = True
339.7471 	EXP 	window1: mouseVisible = False
339.7479 	DATA 	Keypress: return
339.7609 	EXP 	es_text_component_gradcpt: autoDraw = False
339.7609 	EXP 	es_gradcpt_slider: autoDraw = False
339.7609 	EXP 	low_anchor_gradcpt: autoDraw = False
339.7609 	EXP 	high_anchor_gradcpt: autoDraw = False
339.7609 	EXP 	enter_advance_gradcpt: autoDraw = False
339.7609 	EXP 	es_gradcpt_isi_text: autoDraw = True
340.2610 	EXP 	es_gradcpt_isi_text: autoDraw = False
340.2610 	EXP 	es_gradcpt_isi_text: autoDraw = False
340.2610 	EXP 	prepare_text: autoDraw = True
345.2487 	EXP 	New trial (rep=1, index=0): <Trial 1 (0 in rep 1) data={'thisN': 1, 'thisTrialN': 0, 'thisRepN': 1}>
345.2631 	EXP 	prepare_text: autoDraw = False
345.2631 	EXP 	gradcpt_image: autoDraw = True
345.8503 	INFO 	Keyboard events cleared
345.8519 	DATA 	Keypress: f
346.7000 	INFO 	Keyboard events cleared
346.7015 	DATA 	Keypress: f
347.5171 	INFO 	Keyboard events cleared
347.5186 	DATA 	Keypress: f
348.2838 	INFO 	Keyboard events cleared
348.2853 	DATA 	Keypress: f
349.0847 	INFO 	Keyboard events cleared
349.0862 	DATA 	Keypress: f
350.7344 	INFO 	Keyboard events cleared
350.7359 	DATA 	Keypress: f
351.5512 	INFO 	Keyboard events cleared
351.5527 	DATA 	Keypress: f
352.3699 	DATA 	Keypress: f
352.3850 	INFO 	Keyboard events cleared
353.3021 	INFO 	Keyboard events cleared
353.3039 	DATA 	Keypress: f
354.0519 	INFO 	Keyboard events cleared
354.0535 	DATA 	Keypress: f
354.8694 	INFO 	Keyboard events cleared
354.8712 	DATA 	Keypress: f
355.5858 	INFO 	Keyboard events cleared
355.5876 	DATA 	Keypress: f
356.4030 	INFO 	Keyboard events cleared
356.4045 	DATA 	Keypress: f
357.4199 	INFO 	Keyboard events cleared
357.4214 	DATA 	Keypress: f
357.4727 	EXP 	New trial (rep=0, index=0): <Trial 0 (0 in rep 0) data={'thisN': 0, 'thisTrialN': 0, 'thisRepN': 0}>
357.4730 	EXP 	window1: mouseVisible = True
357.4980 	EXP 	gradcpt_image: autoDraw = False
357.4980 	EXP 	es_text_component_gradcpt: height = 0.05
357.4980 	EXP 	es_text_component_gradcpt: height = 0.05
357.4980 	EXP 	es_text_component_gradcpt: height = 0.05
357.4980 	EXP 	es_text_component_gradcpt: text = 'Were your thoughts freely moving?'
357.4980 	EXP 	es_gradcpt_slider: markerPos = None
357.4980 	EXP 	es_gradcpt_slider: markerPos = None
357.4980 	EXP 	low_anchor_gradcpt: height = 0.05
357.4980 	EXP 	low_anchor_gradcpt: height = 0.05
357.4980 	EXP 	low_anchor_gradcpt: height = 0.05
357.4980 	EXP 	low_anchor_gradcpt: text = 'unmoving'
357.4980 	EXP 	high_anchor_gradcpt: height = 0.05
357.4980 	EXP 	high_anchor_gradcpt: height = 0.05
357.4980 	EXP 	high_anchor_gradcpt: height = 0.05
357.4980 	EXP 	high_anchor_gradcpt: text = 'moving freely'
357.4980 	EXP 	es_text_component_gradcpt: autoDraw = True
357.4980 	EXP 	es_gradcpt_slider: autoDraw = True
357.4980 	EXP 	low_anchor_gradcpt: autoDraw = True
357.4980 	EXP 	high_anchor_gradcpt: autoDraw = True
359.6697 	DATA 	Mouse: Left button down, pos=(198,287)
359.6827 	EXP 	es_gradcpt_slider: markerPos = 0.16166666666666668
359.6997 	EXP 	es_gradcpt_slider: markerPos = 0.15833333333333333
359.7161 	EXP 	es_gradcpt_slider: markerPos = 0.15666666666666668
359.7326 	EXP 	es_gradcpt_slider: markerPos = 0.15666666666666668
359.7385 	DATA 	Mouse:  Left button up, pos=(194,288)
359.7493 	EXP 	es_gradcpt_slider: markerPos = 0.15666666666666668
359.7662 	EXP 	es_gradcpt_slider: markerPos = 0.15666666666666668
359.7831 	INFO 	Keyboard events cleared
359.7828 	EXP 	enter_advance_gradcpt: autoDraw = True
360.2700 	EXP 	window1: mouseVisible = False
360.2709 	DATA 	Keypress: return
360.2836 	EXP 	es_text_component_gradcpt: autoDraw = False
360.2836 	EXP 	es_gradcpt_slider: autoDraw = False
360.2836 	EXP 	low_anchor_gradcpt: autoDraw = False
360.2836 	EXP 	high_anchor_gradcpt: autoDraw = False
360.2836 	EXP 	enter_advance_gradcpt: autoDraw = False
360.2836 	EXP 	es_gradcpt_isi_text: autoDraw = True
360.7704 	EXP 	New trial (rep=1, index=0): <Trial 1 (0 in rep 1) data={'thisN': 1, 'thisTrialN': 0, 'thisRepN': 1}>
360.7706 	EXP 	window1: mouseVisible = True
360.7989 	EXP 	es_gradcpt_isi_text: autoDraw = False
360.7989 	EXP 	es_gradcpt_isi_text: autoDraw = False
360.7989 	EXP 	es_text_component_gradcpt: height = 0.05
360.7989 	EXP 	es_text_component_gradcpt: height = 0.05
360.7989 	EXP 	es_text_component_gradcpt: height = 0.05
360.7989 	EXP 	es_text_component_gradcpt: text = 'How difficult was it to disengage from your thoughts?'
360.7989 	EXP 	es_gradcpt_slider: markerPos = None
360.7989 	EXP 	es_gradcpt_slider: markerPos = None
360.7989 	EXP 	low_anchor_gradcpt: height = 0.05
360.7989 	EXP 	low_anchor_gradcpt: height = 0.05
360.7989 	EXP 	low_anchor_gradcpt: height = 0.05
360.7989 	EXP 	low_anchor_gradcpt: text = 'extremely\neasy'
360.7989 	EXP 	high_anchor_gradcpt: height = 0.05
360.7989 	EXP 	high_anchor_gradcpt: height = 0.05
360.7989 	EXP 	high_anchor_gradcpt: height = 0.05
360.7989 	EXP 	high_anchor_gradcpt: text = 'extremely\ndifficult'
360.7989 	EXP 	es_text_component_gradcpt: autoDraw = True
360.7989 	EXP 	es_gradcpt_slider: autoDraw = True
360.7989 	EXP 	low_anchor_gradcpt: autoDraw = True
360.7989 	EXP 	high_anchor_gradcpt: autoDraw = True
363.0538 	DATA 	Mouse: Left button down, pos=(200,306)
363.0670 	EXP 	es_gradcpt_slider: markerPos = 0.16666666666666669
363.0835 	EXP 	es_gradcpt_slider: markerPos = 0.16666666666666669
363.1000 	EXP 	es_gradcpt_slider: markerPos = 0.16666666666666669
363.1166 	EXP 	es_gradcpt_slider: markerPos = 0.16666666666666669
363.1332 	EXP 	es_gradcpt_slider: markerPos = 0.16666666666666669
363.1500 	EXP 	es_gradcpt_slider: markerPos = 0.16666666666666669
363.1666 	EXP 	es_gradcpt_slider: markerPos = 0.16666666666666669
363.1699 	DATA 	Mouse:  Left button up, pos=(200,306)
363.1839 	EXP 	es_gradcpt_slider: markerPos = 0.16666666666666669
363.2006 	INFO 	Keyboard events cleared
363.2002 	EXP 	enter_advance_gradcpt: autoDraw = True
363.6378 	EXP 	window1: mouseVisible = False
363.6386 	DATA 	Keypress: return
363.6515 	EXP 	es_text_component_gradcpt: autoDraw = False
363.6515 	EXP 	es_gradcpt_slider: autoDraw = False
363.6515 	EXP 	low_anchor_gradcpt: autoDraw = False
363.6515 	EXP 	high_anchor_gradcpt: autoDraw = False
363.6515 	EXP 	enter_advance_gradcpt: autoDraw = False
363.6515 	EXP 	es_gradcpt_isi_text: autoDraw = True
364.1384 	EXP 	New trial (rep=2, index=0): <Trial 2 (0 in rep 2) data={'thisN': 2, 'thisTrialN': 0, 'thisRepN': 2}>
364.1387 	EXP 	window1: mouseVisible = True
364.1667 	EXP 	es_gradcpt_isi_text: autoDraw = False
364.1667 	EXP 	es_gradcpt_isi_text: autoDraw = False
364.1667 	EXP 	es_text_component_gradcpt: height = 0.05
364.1667 	EXP 	es_text_component_gradcpt: height = 0.05
364.1667 	EXP 	es_text_component_gradcpt: height = 0.05
364.1667 	EXP 	es_text_component_gradcpt: text = 'How positive or negative were you feeling?'
364.1667 	EXP 	es_gradcpt_slider: markerPos = None
364.1667 	EXP 	es_gradcpt_slider: markerPos = None
364.1667 	EXP 	low_anchor_gradcpt: height = 0.05
364.1667 	EXP 	low_anchor_gradcpt: height = 0.05
364.1667 	EXP 	low_anchor_gradcpt: height = 0.05
364.1667 	EXP 	low_anchor_gradcpt: text = 'completely\nnegative'
364.1667 	EXP 	high_anchor_gradcpt: height = 0.05
364.1667 	EXP 	high_anchor_gradcpt: height = 0.05
364.1667 	EXP 	high_anchor_gradcpt: height = 0.05
364.1667 	EXP 	high_anchor_gradcpt: text = 'completely\npositive'
364.1667 	EXP 	es_text_component_gradcpt: autoDraw = True
364.1667 	EXP 	es_gradcpt_slider: autoDraw = True
364.1667 	EXP 	low_anchor_gradcpt: autoDraw = True
364.1667 	EXP 	high_anchor_gradcpt: autoDraw = True
366.1884 	DATA 	Mouse: Left button down, pos=(208,300)
366.2012 	EXP 	es_gradcpt_slider: markerPos = 0.18
366.2180 	EXP 	es_gradcpt_slider: markerPos = 0.18
366.2350 	EXP 	es_gradcpt_slider: markerPos = 0.18
366.2512 	EXP 	es_gradcpt_slider: markerPos = 0.18
366.2679 	EXP 	es_gradcpt_slider: markerPos = 0.18
366.2848 	EXP 	es_gradcpt_slider: markerPos = 0.18
366.3014 	EXP 	es_gradcpt_slider: markerPos = 0.18
366.3047 	DATA 	Mouse:  Left button up, pos=(208,299)
366.3179 	EXP 	es_gradcpt_slider: markerPos = 0.18
366.3352 	INFO 	Keyboard events cleared
366.3348 	EXP 	enter_advance_gradcpt: autoDraw = True
370.8590 	DATA 	Mouse: Left button down, pos=(499,300)
370.8862 	EXP 	es_gradcpt_slider: markerPos = 0.665
370.9026 	EXP 	es_gradcpt_slider: markerPos = 0.665
370.9195 	EXP 	es_gradcpt_slider: markerPos = 0.665
370.9362 	EXP 	es_gradcpt_slider: markerPos = 0.665
370.9529 	EXP 	es_gradcpt_slider: markerPos = 0.665
370.9565 	DATA 	Mouse:  Left button up, pos=(499,300)
370.9694 	EXP 	es_gradcpt_slider: markerPos = 0.665
371.4730 	DATA 	Mouse: Left button down, pos=(399,296)
371.4861 	EXP 	es_gradcpt_slider: markerPos = 0.49833333333333335
371.5027 	EXP 	es_gradcpt_slider: markerPos = 0.49833333333333335
371.5192 	EXP 	es_gradcpt_slider: markerPos = 0.49833333333333335
371.5358 	EXP 	es_gradcpt_slider: markerPos = 0.49833333333333335
371.5525 	EXP 	es_gradcpt_slider: markerPos = 0.49833333333333335
371.5560 	DATA 	Mouse:  Left button up, pos=(399,296)
371.5692 	EXP 	es_gradcpt_slider: markerPos = 0.49833333333333335
371.8403 	EXP 	window1: mouseVisible = False
371.8411 	DATA 	Keypress: return
371.8540 	EXP 	es_text_component_gradcpt: autoDraw = False
371.8540 	EXP 	es_gradcpt_slider: autoDraw = False
371.8540 	EXP 	low_anchor_gradcpt: autoDraw = False
371.8540 	EXP 	high_anchor_gradcpt: autoDraw = False
371.8540 	EXP 	enter_advance_gradcpt: autoDraw = False
371.8540 	EXP 	es_gradcpt_isi_text: autoDraw = True
372.3405 	EXP 	New trial (rep=3, index=0): <Trial 3 (0 in rep 3) data={'thisN': 3, 'thisTrialN': 0, 'thisRepN': 3}>
372.3409 	EXP 	window1: mouseVisible = True
372.3691 	EXP 	es_gradcpt_isi_text: autoDraw = False
372.3691 	EXP 	es_gradcpt_isi_text: autoDraw = False
372.3691 	EXP 	es_text_component_gradcpt: height = 0.05
372.3691 	EXP 	es_text_component_gradcpt: height = 0.05
372.3691 	EXP 	es_text_component_gradcpt: height = 0.05
372.3691 	EXP 	es_text_component_gradcpt: text = 'How intentional were your thoughts?'
372.3691 	EXP 	es_gradcpt_slider: markerPos = None
372.3691 	EXP 	es_gradcpt_slider: markerPos = None
372.3691 	EXP 	low_anchor_gradcpt: height = 0.05
372.3691 	EXP 	low_anchor_gradcpt: height = 0.05
372.3691 	EXP 	low_anchor_gradcpt: height = 0.05
372.3691 	EXP 	low_anchor_gradcpt: text = 'completely\nunintentional'
372.3691 	EXP 	high_anchor_gradcpt: height = 0.05
372.3691 	EXP 	high_anchor_gradcpt: height = 0.05
372.3691 	EXP 	high_anchor_gradcpt: height = 0.05
372.3691 	EXP 	high_anchor_gradcpt: text = 'completely\nintentional'
372.3691 	EXP 	es_text_component_gradcpt: autoDraw = True
372.3691 	EXP 	es_gradcpt_slider: autoDraw = True
372.3691 	EXP 	low_anchor_gradcpt: autoDraw = True
372.3691 	EXP 	high_anchor_gradcpt: autoDraw = True
375.2415 	DATA 	Mouse: Left button down, pos=(501,299)
375.2541 	EXP 	es_gradcpt_slider: markerPos = 0.6683333333333333
375.2709 	EXP 	es_gradcpt_slider: markerPos = 0.6683333333333333
375.2874 	EXP 	es_gradcpt_slider: markerPos = 0.6683333333333333
375.3046 	EXP 	es_gradcpt_slider: markerPos = 0.6683333333333333
375.3079 	DATA 	Mouse:  Left button up, pos=(501,299)
375.3208 	EXP 	es_gradcpt_slider: markerPos = 0.6683333333333333
375.3382 	INFO 	Keyboard events cleared
375.3378 	EXP 	enter_advance_gradcpt: autoDraw = True
376.6248 	EXP 	window1: mouseVisible = False
376.6257 	DATA 	Keypress: return
376.6388 	EXP 	es_text_component_gradcpt: autoDraw = False
376.6388 	EXP 	es_gradcpt_slider: autoDraw = False
376.6388 	EXP 	low_anchor_gradcpt: autoDraw = False
376.6388 	EXP 	high_anchor_gradcpt: autoDraw = False
376.6388 	EXP 	enter_advance_gradcpt: autoDraw = False
376.6388 	EXP 	es_gradcpt_isi_text: autoDraw = True
377.1254 	EXP 	New trial (rep=4, index=0): <Trial 4 (0 in rep 4) data={'thisN': 4, 'thisTrialN': 0, 'thisRepN': 4}>
377.1257 	EXP 	window1: mouseVisible = True
377.1541 	EXP 	es_gradcpt_isi_text: autoDraw = False
377.1541 	EXP 	es_gradcpt_isi_text: autoDraw = False
377.1541 	EXP 	es_text_component_gradcpt: height = 0.05
377.1541 	EXP 	es_text_component_gradcpt: height = 0.05
377.1541 	EXP 	es_text_component_gradcpt: height = 0.05
377.1541 	EXP 	es_text_component_gradcpt: text = 'Where was your attention during the previous trial?'
377.1541 	EXP 	es_gradcpt_slider: markerPos = None
377.1541 	EXP 	es_gradcpt_slider: markerPos = None
377.1541 	EXP 	low_anchor_gradcpt: height = 0.05
377.1541 	EXP 	low_anchor_gradcpt: height = 0.05
377.1541 	EXP 	low_anchor_gradcpt: height = 0.05
377.1541 	EXP 	low_anchor_gradcpt: text = 'on-task'
377.1541 	EXP 	high_anchor_gradcpt: height = 0.05
377.1541 	EXP 	high_anchor_gradcpt: height = 0.05
377.1541 	EXP 	high_anchor_gradcpt: height = 0.05
377.1541 	EXP 	high_anchor_gradcpt: text = 'off-task'
377.1541 	EXP 	es_text_component_gradcpt: autoDraw = True
377.1541 	EXP 	es_gradcpt_slider: autoDraw = True
377.1541 	EXP 	low_anchor_gradcpt: autoDraw = True
377.1541 	EXP 	high_anchor_gradcpt: autoDraw = True
378.9419 	DATA 	Mouse: Left button down, pos=(196,294)
378.9550 	EXP 	es_gradcpt_slider: markerPos = 0.15999999999999998
378.9717 	EXP 	es_gradcpt_slider: markerPos = 0.15999999999999998
378.9778 	DATA 	Mouse:  Left button up, pos=(196,294)
378.9886 	EXP 	es_gradcpt_slider: markerPos = 0.15999999999999998
379.0052 	EXP 	es_gradcpt_slider: markerPos = 0.15999999999999998
379.0225 	INFO 	Keyboard events cleared
379.0221 	EXP 	enter_advance_gradcpt: autoDraw = True
379.1756 	EXP 	window1: mouseVisible = False
379.1765 	DATA 	Keypress: return
379.1895 	EXP 	es_text_component_gradcpt: autoDraw = False
379.1895 	EXP 	es_gradcpt_slider: autoDraw = False
379.1895 	EXP 	low_anchor_gradcpt: autoDraw = False
379.1895 	EXP 	high_anchor_gradcpt: autoDraw = False
379.1895 	EXP 	enter_advance_gradcpt: autoDraw = False
379.1895 	EXP 	es_gradcpt_isi_text: autoDraw = True
379.6760 	EXP 	New trial (rep=5, index=0): <Trial 5 (0 in rep 5) data={'thisN': 5, 'thisTrialN': 0, 'thisRepN': 5}>
379.6763 	EXP 	window1: mouseVisible = True
379.7046 	EXP 	es_gradcpt_isi_text: autoDraw = False
379.7046 	EXP 	es_gradcpt_isi_text: autoDraw = False
379.7046 	EXP 	es_text_component_gradcpt: height = 0.05
379.7046 	EXP 	es_text_component_gradcpt: height = 0.05
379.7046 	EXP 	es_text_component_gradcpt: height = 0.05
379.7046 	EXP 	es_text_component_gradcpt: text = 'How confident are you about your ratings for this trial?'
379.7046 	EXP 	es_gradcpt_slider: markerPos = None
379.7046 	EXP 	es_gradcpt_slider: markerPos = None
379.7046 	EXP 	low_anchor_gradcpt: height = 0.05
379.7046 	EXP 	low_anchor_gradcpt: height = 0.05
379.7046 	EXP 	low_anchor_gradcpt: height = 0.05
379.7046 	EXP 	low_anchor_gradcpt: text = 'completely\nunconfident'
379.7046 	EXP 	high_anchor_gradcpt: height = 0.05
379.7046 	EXP 	high_anchor_gradcpt: height = 0.05
379.7046 	EXP 	high_anchor_gradcpt: height = 0.05
379.7046 	EXP 	high_anchor_gradcpt: text = 'completely\nconfident'
379.7046 	EXP 	es_text_component_gradcpt: autoDraw = True
379.7046 	EXP 	es_gradcpt_slider: autoDraw = True
379.7046 	EXP 	low_anchor_gradcpt: autoDraw = True
379.7046 	EXP 	high_anchor_gradcpt: autoDraw = True
381.6264 	DATA 	Mouse: Left button down, pos=(631,304)
381.6396 	EXP 	es_gradcpt_slider: markerPos = 0.885
381.6562 	EXP 	es_gradcpt_slider: markerPos = 0.885
381.6727 	EXP 	es_gradcpt_slider: markerPos = 0.885
381.6893 	EXP 	es_gradcpt_slider: markerPos = 0.885
381.7060 	EXP 	es_gradcpt_slider: markerPos = 0.885
381.7094 	DATA 	Mouse:  Left button up, pos=(631,304)
381.7228 	EXP 	es_gradcpt_slider: markerPos = 0.885
381.7398 	INFO 	Keyboard events cleared
381.7394 	EXP 	enter_advance_gradcpt: autoDraw = True
381.9270 	EXP 	window1: mouseVisible = False
381.9279 	DATA 	Keypress: return
381.9403 	EXP 	es_text_component_gradcpt: autoDraw = False
381.9403 	EXP 	es_gradcpt_slider: autoDraw = False
381.9403 	EXP 	low_anchor_gradcpt: autoDraw = False
381.9403 	EXP 	high_anchor_gradcpt: autoDraw = False
381.9403 	EXP 	enter_advance_gradcpt: autoDraw = False
381.9403 	EXP 	es_gradcpt_isi_text: autoDraw = True
382.4568 	INFO 	Keyboard events cleared
382.4564 	EXP 	es_gradcpt_isi_text: autoDraw = False
382.4564 	EXP 	es_gradcpt_isi_text: autoDraw = False
382.4564 	EXP 	prepare_text: autoDraw = False
382.4564 	EXP 	block_rest_text: autoDraw = True
384.5682 	DATA 	Keypress: space
384.5740 	INFO 	Keyboard events cleared
384.5736 	EXP 	block_rest_text: autoDraw = False
384.5736 	EXP 	debrief_text: height = 0.03
384.5736 	EXP 	debrief_text: height = 0.03
384.5736 	EXP 	debrief_text: height = 0.03
384.5736 	EXP 	debrief_text: text = 'Some debriefing text.'
384.5736 	EXP 	debrief_text: autoDraw = True
388.0307 	DATA 	Keypress: space
388.0422 	EXP 	debrief_text: autoDraw = False
388.0422 	EXP 	thanks_text: autoDraw = True
388.7958 	DATA 	Keypress: space
390.8294 	DATA 	Keypress: space
393.0435 	EXP 	thanks_text: autoDraw = False
393.0461 	EXP 	gradcptpy: status = STOPPED
393.0853 	INFO 	saved data to 'C:\\Users\\zhw\\Projects\\test\\gradcptpy\\data/791963_gradcptpy_2024-09-16_16h13.18.070.csv'
393.0928 	INFO 	saved data to C:\Users\zhw\Projects\test\gradcptpy\data/791963_gradcptpy_2024-09-16_16h13.18.070.psydat
393.2096 	EXP 	window1: mouseVisible = True
393.6745 	DEBUG 	Saving data for gradcptpy ExperimentHandler
