20.9845 	DEBUG 	Fullscreen settings ignored as running in pilot mode.
20.9870 	INFO 	Loaded monitor calibration from ['2024_09_16 16:06']
21.4629 	EXP 	Created window1 = Window(allowGUI=True, allowStencil=False, autoLog=True, backendConf=UNKNOWN, backgroundFit=<method-wrapper '__getattribute__' of attributeSetter object at 0x00000271E255C760>, backgroundImage=<method-wrapper '__getattribute__' of attributeSetter object at 0x00000271E255F100>, bitsMode=UNKNOWN, blendMode='avg', bpc=(8, 8, 8), color=array([0, 0, 0]), colorSpace='rgb', depthBits=8, fullscr=<method-wrapper '__getattribute__' of attributeSetter object at 0x00000271E255DDE0>, gamma=None, gammaErrorPolicy='raise', infoMsg=UNKNOWN, lms=UNKNOWN, monitor=<psychopy.monitors.calibTools.Monitor object at 0x000002722C4D9990>, multiSample=False, name='window1', numSamples=2, pos=[560.0, 240.0], screen=0, size=array([800, 600]), stencilBits=0, stereo=False, title='PsychoPy', units='height', useFBO=True, useRetina=False, viewOri=0.0, viewPos=None, viewScale=None, waitBlanking=True, winType='pyglet')
21.4631 	EXP 	window1: backgroundImage = ''
21.4631 	EXP 	window1: backgroundFit = 'none'
21.4634 	EXP 	window1: mouseVisible = <method-wrapper '__getattribute__' of attributeSetter object at 0x00000271E255C880>
21.4636 	EXP 	window1: mouseVisible = <method-wrapper '__getattribute__' of attributeSetter object at 0x00000271E255C880>
21.4703 	EXP 	window1: mouseVisible = <method-wrapper '__getattribute__' of attributeSetter object at 0x00000271E255C880>
21.4711 	EXP 	window1: mouseVisible = <method-wrapper '__getattribute__' of attributeSetter object at 0x00000271E255C880>
21.4878 	DEBUG 	TextBox2 loaded 1 chars with 0 blanks and 1 valid
21.4895 	DEBUG 	TextBox2 loaded 1 chars with 0 blanks and 1 valid
21.4911 	DEBUG 	TextBox2 loaded 1 chars with 0 blanks and 1 valid
21.4931 	DEBUG 	TextBox2 loaded 1 chars with 0 blanks and 1 valid
21.4955 	DEBUG 	TextBox2 loaded 1 chars with 0 blanks and 1 valid
21.4968 	DEBUG 	TextBox2 loaded 1 chars with 0 blanks and 1 valid
21.4984 	DEBUG 	TextBox2 loaded 1 chars with 0 blanks and 1 valid
21.5003 	DEBUG 	TextBox2 loaded 1 chars with 0 blanks and 1 valid
21.5013 	DEBUG 	TextBox2 loaded 1 chars with 0 blanks and 1 valid
21.5024 	DEBUG 	TextBox2 loaded 1 chars with 0 blanks and 1 valid
21.5040 	DEBUG 	TextBox2 loaded 1 chars with 0 blanks and 1 valid
21.5055 	DEBUG 	TextBox2 loaded 1 chars with 0 blanks and 1 valid
21.5071 	DEBUG 	TextBox2 loaded 1 chars with 0 blanks and 1 valid
21.5087 	DEBUG 	TextBox2 loaded 1 chars with 0 blanks and 1 valid
21.5103 	DEBUG 	TextBox2 loaded 1 chars with 0 blanks and 1 valid
21.5122 	DEBUG 	TextBox2 loaded 1 chars with 0 blanks and 1 valid
21.5139 	DEBUG 	TextBox2 loaded 1 chars with 0 blanks and 1 valid
21.5151 	DEBUG 	TextBox2 loaded 1 chars with 0 blanks and 1 valid
21.5164 	DEBUG 	TextBox2 loaded 1 chars with 0 blanks and 1 valid
21.5183 	DEBUG 	TextBox2 loaded 1 chars with 0 blanks and 1 valid
21.5199 	DEBUG 	TextBox2 loaded 1 chars with 0 blanks and 1 valid
21.5220 	DEBUG 	Uploading Texture Font fontname to graphics card
21.5310 	DEBUG 	Upload of Texture Font fontname complete
21.5328 	EXP 	window1: mouseVisible = <method-wrapper '__getattribute__' of attributeSetter object at 0x00000271E255C880>
21.5330 	EXP 	window1: mouseVisible = <method-wrapper '__getattribute__' of attributeSetter object at 0x00000271E255C880>
21.5338 	EXP 	window1: mouseVisible = <method-wrapper '__getattribute__' of attributeSetter object at 0x00000271E255C880>
21.5345 	EXP 	window1: mouseVisible = <method-wrapper '__getattribute__' of attributeSetter object at 0x00000271E255C880>
21.5413 	DEBUG 	TextBox2 loaded 1 chars with 0 blanks and 1 valid
21.5437 	DEBUG 	TextBox2 loaded 1 chars with 0 blanks and 1 valid
21.5458 	DEBUG 	TextBox2 loaded 1 chars with 0 blanks and 1 valid
21.5462 	DEBUG 	Uploading Texture Font fontname to graphics card
21.5552 	DEBUG 	Upload of Texture Font fontname complete
21.5577 	EXP 	window1: Attempting to measure frame rate of screen (0) ...
21.5578 	EXP 	window1: recordFrameIntervals = False
21.7807 	EXP 	window1: recordFrameIntervals = True
22.2459 	EXP 	Screen (0) actual frame rate measured at 60.86Hz
22.2459 	EXP 	window1: recordFrameIntervals = False
22.2460 	EXP 	window1: mouseVisible = False
22.2464 	EXP 	window1: mouseVisible = False
22.2465 	EXP 	window1: mouseVisible = False
22.2474 	EXP 	window1: mouseVisible = False
22.2481 	EXP 	window1: mouseVisible = False
22.2545 	DEBUG 	TextBox2 loaded 1 chars with 0 blanks and 1 valid
22.2558 	DEBUG 	TextBox2 loaded 1 chars with 0 blanks and 1 valid
22.2574 	DEBUG 	TextBox2 loaded 1 chars with 0 blanks and 1 valid
22.2596 	DEBUG 	TextBox2 loaded 1 chars with 0 blanks and 1 valid
22.2617 	DEBUG 	TextBox2 loaded 1 chars with 0 blanks and 1 valid
22.2635 	DEBUG 	TextBox2 loaded 1 chars with 0 blanks and 1 valid
22.2648 	DEBUG 	TextBox2 loaded 1 chars with 0 blanks and 1 valid
22.2665 	DEBUG 	TextBox2 loaded 1 chars with 0 blanks and 1 valid
22.2684 	DEBUG 	TextBox2 loaded 1 chars with 0 blanks and 1 valid
22.2702 	DEBUG 	TextBox2 loaded 1 chars with 0 blanks and 1 valid
22.2706 	DEBUG 	Uploading Texture Font fontname to graphics card
22.2713 	DEBUG 	Upload of Texture Font fontname complete
22.2731 	EXP 	window1: mouseVisible = False
22.2732 	EXP 	window1: mouseVisible = False
22.2739 	EXP 	window1: mouseVisible = False
22.2746 	EXP 	window1: mouseVisible = False
22.3098 	WARNING 	launchHubServer: If using the iohub mouse or eyetracker devices, fullScr should be True.
27.3118 	INFO 	keyboard.Keyboard is using iohub backend.
27.3119 	INFO 	keyboard.Keyboard is using iohub backend.
27.3119 	INFO 	keyboard.Keyboard is using iohub backend.
27.3120 	INFO 	keyboard.Keyboard is using iohub backend.
27.3120 	INFO 	keyboard.Keyboard is using iohub backend.
27.3121 	INFO 	keyboard.Keyboard is using iohub backend.
27.3121 	EXP 	gradcptpy: status = STARTED
27.4517 	EXP 	window1: mouseVisible = False
27.5908 	EXP 	Created frame_rate_prompt = TextStim(__class__=<class 'psychopy.visual.text.TextStim'>, alignHoriz=method-wrapper(...), alignText='center', alignVert=method-wrapper(...), anchorHoriz='center', anchorVert='center', antialias=True, autoDraw=False, autoLog=True, bold=False, color=array([-1., -1., -1.]), colorSpace='rgb', contrast=1.0, depth=-2.0, draggable=False, flipHoriz=False, flipVert=False, font='Open Sans', fontFiles=[], height=0.05, italic=False, languageStyle='LTR', name='frame_rate_prompt', opacity=1, ori=0.0, pos=array([0., 0.]), rgb=UNKNOWN, text='Trying to estimate frame rate....', units='height', win=Window(...), wrapWidth=1)
27.5910 	EXP 	window1: mouseVisible = False
27.6191 	EXP 	Created welcome_text = TextStim(__class__=<class 'psychopy.visual.text.TextStim'>, alignHoriz=method-wrapper(...), alignText='center', alignVert=method-wrapper(...), anchorHoriz='center', anchorVert='center', antialias=True, autoDraw=False, autoLog=True, bold=False, color=array([-1., -1., -1.]), colorSpace='rgb', contrast=1.0, depth=-1.0, draggable=False, flipHoriz=False, flipVert=False, font='Open Sans', fontFiles=[], height=0.05, italic=False, languageStyle='LTR', name='welcome_text', opacity=1, ori=0.0, pos=array([0., 0.]), rgb=UNKNOWN, text=str(...), units='height', win=Window(...), wrapWidth=1)
27.6192 	EXP 	window1: mouseVisible = False
27.6209 	EXP 	Created gradcpt_prep_text = TextStim(__class__=<class 'psychopy.visual.text.TextStim'>, alignHoriz=method-wrapper(...), alignText='center', alignVert=method-wrapper(...), anchorHoriz='center', anchorVert='center', antialias=True, autoDraw=False, autoLog=True, bold=False, color=array([-1., -1., -1.]), colorSpace='rgb', contrast=1.0, depth=-1.0, draggable=False, flipHoriz=False, flipVert=False, font='Open Sans', fontFiles=[], height=0.03, italic=False, languageStyle='LTR', name='gradcpt_prep_text', opacity=1, ori=0.0, pos=array([0., 0.]), rgb=UNKNOWN, text='', units='height', win=Window(...), wrapWidth=1)
27.6211 	EXP 	window1: mouseVisible = False
27.6220 	EXP 	Created black_start_text = TextStim(__class__=<class 'psychopy.visual.text.TextStim'>, alignHoriz=method-wrapper(...), alignText='center', alignVert=method-wrapper(...), anchorHoriz='center', anchorVert='center', antialias=True, autoDraw=False, autoLog=True, bold=False, color=array([-1., -1., -1.]), colorSpace='rgb', contrast=1.0, depth=-1.0, draggable=False, flipHoriz=False, flipVert=False, font='Open Sans', fontFiles=[], height=0.03, italic=False, languageStyle='LTR', name='black_start_text', opacity=1, ori=0.0, pos=array([0., 0.]), rgb=UNKNOWN, text='', units='height', win=Window(...), wrapWidth=1)
27.6221 	EXP 	window1: mouseVisible = False
27.6234 	EXP 	Created prepare_block_text = TextStim(__class__=<class 'psychopy.visual.text.TextStim'>, alignHoriz=method-wrapper(...), alignText='center', alignVert=method-wrapper(...), anchorHoriz='center', anchorVert='center', antialias=True, autoDraw=False, autoLog=True, bold=False, color=array([-1., -1., -1.]), colorSpace='rgb', contrast=1.0, depth=-1.0, draggable=False, flipHoriz=False, flipVert=False, font='Arial', fontFiles=[], height=0.05, italic=False, languageStyle='LTR', name='prepare_block_text', opacity=1, ori=0.0, pos=array([0., 0.]), rgb=UNKNOWN, text='', units='height', win=Window(...), wrapWidth=1)
27.6235 	EXP 	window1: mouseVisible = False
27.6329 	EXP 	Created gradcpt_image = ImageStim(__class__=<class 'psychopy.visual.image.ImageStim'>, anchor=('center', 'center'), autoLog=True, color=array([1., 1., 1.]), colorSpace='rgb', contrast=1.0, depth=-1.0, draggable=False, flipHoriz=False, flipVert=False, image='default.png', interpolate=True, mask=None, maskParams=None, name='gradcpt_image', opacity=1, ori=0.0, pos=array([0., 0.]), size=array([0.5, 0.5]), texRes=128.0, units='height', win=Window(...))
27.6331 	EXP 	window1: mouseVisible = False
27.6340 	EXP 	Created prepare_text = TextStim(__class__=<class 'psychopy.visual.text.TextStim'>, alignHoriz=method-wrapper(...), alignText='center', alignVert=method-wrapper(...), anchorHoriz='center', anchorVert='center', antialias=True, autoDraw=False, autoLog=True, bold=False, color=array([-1., -1., -1.]), colorSpace='rgb', contrast=1.0, depth=-1.0, draggable=False, flipHoriz=False, flipVert=False, font='Arial', fontFiles=[], height=0.05, italic=False, languageStyle='LTR', name='prepare_text', opacity=1, ori=0.0, pos=array([0., 0.]), rgb=UNKNOWN, text='', units='height', win=Window(...), wrapWidth=1)
27.6341 	EXP 	window1: mouseVisible = False
27.6419 	EXP 	Created block_rest_text = TextStim(__class__=<class 'psychopy.visual.text.TextStim'>, alignHoriz=method-wrapper(...), alignText='center', alignVert=method-wrapper(...), anchorHoriz='center', anchorVert='center', antialias=True, autoDraw=False, autoLog=True, bold=False, color=array([-1., -1., -1.]), colorSpace='rgb', contrast=1.0, depth=-1.0, draggable=False, flipHoriz=False, flipVert=False, font='Open Sans', fontFiles=[], height=0.05, italic=False, languageStyle='LTR', name='block_rest_text', opacity=1, ori=0.0, pos=array([0., 0.]), rgb=UNKNOWN, text=str(...), units='height', win=Window(...), wrapWidth=1)
27.6420 	EXP 	window1: mouseVisible = False
27.6430 	EXP 	Created debrief_text = TextStim(__class__=<class 'psychopy.visual.text.TextStim'>, alignHoriz=method-wrapper(...), alignText='center', alignVert=method-wrapper(...), anchorHoriz='center', anchorVert='center', antialias=True, autoDraw=False, autoLog=True, bold=False, color=array([-1., -1., -1.]), colorSpace='rgb', contrast=1.0, depth=0.0, draggable=False, flipHoriz=False, flipVert=False, font='Open Sans', fontFiles=[], height=0.03, italic=False, languageStyle='LTR', name='debrief_text', opacity=1, ori=0.0, pos=array([0., 0.]), rgb=UNKNOWN, text='', units='height', win=Window(...), wrapWidth=1)
27.6431 	EXP 	window1: mouseVisible = False
27.6486 	EXP 	Created thanks_text = TextStim(__class__=<class 'psychopy.visual.text.TextStim'>, alignHoriz=method-wrapper(...), alignText='center', alignVert=method-wrapper(...), anchorHoriz='center', anchorVert='center', antialias=True, autoDraw=False, autoLog=True, bold=False, color=array([-1., -1., -1.]), colorSpace='rgb', contrast=1.0, depth=0.0, draggable=False, flipHoriz=False, flipVert=False, font='Open Sans', fontFiles=[], height=0.05, italic=False, languageStyle='LTR', name='thanks_text', opacity=1, ori=0.0, pos=array([0., 0.]), rgb=UNKNOWN, text='Thank you for your participation!', units='height', win=Window(...), wrapWidth=1)
0.0198 	EXP 	window1: mouseVisible = False
0.0345 	EXP 	frame_rate_prompt: autoDraw = True
1.6590 	DATA 	Mouse: Left button down, pos=(588,424)
1.7539 	DATA 	Mouse:  Left button up, pos=(588,424)
5.0048 	EXP 	window1: mouseVisible = False
5.0184 	INFO 	Keyboard events cleared
5.0180 	EXP 	frame_rate_prompt: autoDraw = False
5.0180 	EXP 	welcome_text: autoDraw = True
62.5798 	DATA 	Mouse: Left button down, pos=(35,591)
62.6281 	DATA 	Mouse:  Left button up, pos=(35,591)
64.2075 	DATA 	Keypress: escape
64.2894 	EXP 	gradcptpy: status = STOPPED
64.3023 	EXP 	welcome_text: autoDraw = False
64.3048 	EXP 	gradcptpy: status = STOPPED
64.3179 	INFO 	saved data to 'C:\\Users\\zhw\\Projects\\test\\gradcptpy\\data/862771_gradcptpy_2024-09-19_16h37.21.473.csv'
64.3208 	INFO 	saved data to C:\Users\zhw\Projects\test\gradcptpy\data/862771_gradcptpy_2024-09-19_16h37.21.473.psydat
64.4703 	EXP 	window1: mouseVisible = True
64.7192 	DEBUG 	Saving data for gradcptpy ExperimentHandler
