11.7492 	EXP 	Created window1 = Window(allowGUI=True, allowStencil=False, autoLog=True, backendConf=UNKNOWN, backgroundFit=<method-wrapper '__getattribute__' of attributeSetter object at 0x0000028BBAC73A00>, backgroundImage=<method-wrapper '__getattribute__' of attributeSetter object at 0x0000028BBAC73A60>, bitsMode=UNKNOWN, blendMode='avg', bpc=(8, 8, 8), color=array([0, 0, 0]), colorSpace='rgb', depthBits=8, fullscr=<method-wrapper '__getattribute__' of attributeSetter object at 0x0000028BBAC73C10>, gamma=None, gammaErrorPolicy='raise', infoMsg=UNKNOWN, lms=UNKNOWN, monitor=<psychopy.monitors.calibTools.Monitor object at 0x0000028BBAD95360>, multiSample=False, name='window1', numSamples=2, pos=[0.0, 0.0], screen=0, size=array([1920, 1080]), stencilBits=0, stereo=False, title='PsychoPy', units='height', useFBO=True, useRetina=False, viewOri=0.0, viewPos=None, viewScale=None, waitBlanking=True, winType='pyglet')
11.7493 	EXP 	window1: backgroundImage = ''
11.7493 	EXP 	window1: backgroundFit = 'none'
11.7498 	EXP 	window1: mouseVisible = <method-wrapper '__getattribute__' of attributeSetter object at 0x0000028BBAC738E0>
11.7503 	EXP 	window1: mouseVisible = <method-wrapper '__getattribute__' of attributeSetter object at 0x0000028BBAC738E0>
11.7561 	EXP 	window1: mouseVisible = <method-wrapper '__getattribute__' of attributeSetter object at 0x0000028BBAC738E0>
11.7583 	EXP 	window1: mouseVisible = <method-wrapper '__getattribute__' of attributeSetter object at 0x0000028BBAC738E0>
11.8380 	EXP 	window1: mouseVisible = <method-wrapper '__getattribute__' of attributeSetter object at 0x0000028BBAC738E0>
11.8382 	EXP 	window1: mouseVisible = <method-wrapper '__getattribute__' of attributeSetter object at 0x0000028BBAC738E0>
11.8390 	EXP 	window1: mouseVisible = <method-wrapper '__getattribute__' of attributeSetter object at 0x0000028BBAC738E0>
11.8397 	EXP 	window1: mouseVisible = <method-wrapper '__getattribute__' of attributeSetter object at 0x0000028BBAC738E0>
11.8682 	EXP 	window1: Attempting to measure frame rate of screen (0) ...
11.8682 	EXP 	window1: recordFrameIntervals = False
11.8767 	DATA 	Keypress: return
12.0619 	EXP 	window1: recordFrameIntervals = True
12.2452 	EXP 	Screen (0) actual frame rate measured at 60.06Hz
12.2453 	EXP 	window1: recordFrameIntervals = False
12.2453 	EXP 	window1: mouseVisible = False
16.9770 	EXP 	gradcptpy: status = STARTED
17.0937 	EXP 	window1: mouseVisible = False
17.2120 	EXP 	Created frame_rate_prompt = TextStim(__class__=<class 'psychopy.visual.text.TextStim'>, alignHoriz=method-wrapper(...), alignText='center', alignVert=method-wrapper(...), anchorHoriz='center', anchorVert='center', antialias=True, autoDraw=False, autoLog=True, bold=False, color=array([-1., -1., -1.]), colorSpace='rgb', contrast=1.0, depth=-2.0, draggable=False, flipHoriz=False, flipVert=False, font='Open Sans', fontFiles=[], height=0.05, italic=False, languageStyle='LTR', name='frame_rate_prompt', opacity=1, ori=0.0, pos=array([0., 0.]), rgb=UNKNOWN, text='Trying to estimate frame rate....', units='height', win=Window(...), wrapWidth=1)
17.2121 	EXP 	window1: mouseVisible = False
17.2366 	EXP 	Created welcome_text = TextStim(__class__=<class 'psychopy.visual.text.TextStim'>, alignHoriz=method-wrapper(...), alignText='center', alignVert=method-wrapper(...), anchorHoriz='center', anchorVert='center', antialias=True, autoDraw=False, autoLog=True, bold=False, color=array([-1., -1., -1.]), colorSpace='rgb', contrast=1.0, depth=-1.0, draggable=False, flipHoriz=False, flipVert=False, font='Open Sans', fontFiles=[], height=0.05, italic=False, languageStyle='LTR', name='welcome_text', opacity=1, ori=0.0, pos=array([0., 0.]), rgb=UNKNOWN, text=str(...), units='height', win=Window(...), wrapWidth=1)
17.2367 	EXP 	window1: mouseVisible = False
17.2383 	EXP 	Created gradcpt_prep_text = TextStim(__class__=<class 'psychopy.visual.text.TextStim'>, alignHoriz=method-wrapper(...), alignText='center', alignVert=method-wrapper(...), anchorHoriz='center', anchorVert='center', antialias=True, autoDraw=False, autoLog=True, bold=False, color=array([-1., -1., -1.]), colorSpace='rgb', contrast=1.0, depth=-1.0, draggable=False, flipHoriz=False, flipVert=False, font='Open Sans', fontFiles=[], height=0.03, italic=False, languageStyle='LTR', name='gradcpt_prep_text', opacity=1, ori=0.0, pos=array([0., 0.]), rgb=UNKNOWN, text='', units='height', win=Window(...), wrapWidth=1)
17.2384 	EXP 	window1: mouseVisible = False
17.2440 	EXP 	Created gradcpt_image = ImageStim(__class__=<class 'psychopy.visual.image.ImageStim'>, anchor=('center', 'center'), autoLog=True, color=array([1., 1., 1.]), colorSpace='rgb', contrast=1.0, depth=-1.0, draggable=False, flipHoriz=False, flipVert=False, image='default.png', interpolate=True, mask=None, maskParams=None, name='gradcpt_image', opacity=1, ori=0.0, pos=array([0., 0.]), size=array([0.5, 0.5]), texRes=128.0, units='height', win=Window(...))
17.2441 	EXP 	window1: mouseVisible = False
17.2460 	EXP 	Created pixel = Rect(__class__=<class 'psychopy.visual.rect.Rect'>, anchor=('left', 'bottom'), autoDraw=False, autoLog=True, closeShape=True, color=method-wrapper(...), colorSpace='rgb', contrast=None, depth=-2.0, draggable=False, fillColor=array([1, 1, 1]), fillColorSpace='rgb', fillRGB=array([1, 1, 1]), interpolate=True, lineColor=array([1., 1., 1.]), lineColorSpace='rgb', lineRGB=array([1, 1, 1]), lineWidth=0.0, name='pixel', opacity=1, ori=0.0, pos=array([-1., -1.]), size=array([0.01, 0.01]), units='norm', vertices=ndarray(...), win=Window(...))
17.2461 	EXP 	window1: mouseVisible = False
17.2470 	EXP 	Created debrief_text = TextStim(__class__=<class 'psychopy.visual.text.TextStim'>, alignHoriz=method-wrapper(...), alignText='center', alignVert=method-wrapper(...), anchorHoriz='center', anchorVert='center', antialias=True, autoDraw=False, autoLog=True, bold=False, color=array([-1., -1., -1.]), colorSpace='rgb', contrast=1.0, depth=0.0, draggable=False, flipHoriz=False, flipVert=False, font='Open Sans', fontFiles=[], height=0.03, italic=False, languageStyle='LTR', name='debrief_text', opacity=1, ori=0.0, pos=array([0., 0.]), rgb=UNKNOWN, text='', units='height', win=Window(...), wrapWidth=1)
17.2471 	EXP 	window1: mouseVisible = False
17.2532 	EXP 	Created thanks_text = TextStim(__class__=<class 'psychopy.visual.text.TextStim'>, alignHoriz=method-wrapper(...), alignText='center', alignVert=method-wrapper(...), anchorHoriz='center', anchorVert='center', antialias=True, autoDraw=False, autoLog=True, bold=False, color=array([-1., -1., -1.]), colorSpace='rgb', contrast=1.0, depth=0.0, draggable=False, flipHoriz=False, flipVert=False, font='Open Sans', fontFiles=[], height=0.05, italic=False, languageStyle='LTR', name='thanks_text', opacity=1, ori=0.0, pos=array([0., 0.]), rgb=UNKNOWN, text='Thank you for your participation!', units='height', win=Window(...), wrapWidth=1)
0.0072 	EXP 	window1: mouseVisible = False
0.0266 	EXP 	frame_rate_prompt: autoDraw = True
5.0128 	EXP 	window1: mouseVisible = False
5.0286 	EXP 	frame_rate_prompt: autoDraw = False
5.0286 	EXP 	welcome_text: autoDraw = True
6.3877 	DATA 	Keypress: space
6.3953 	EXP 	welcome_text: autoDraw = False
6.3953 	EXP 	gradcpt_prep_text: height = 0.03
6.3953 	EXP 	gradcpt_prep_text: height = 0.03
6.3953 	EXP 	gradcpt_prep_text: height = 0.03
6.3953 	EXP 	gradcpt_prep_text: text = 'Now you will perform the attention task. A series of pictures will gradually be presented on the screen one after another. In this phase of the experiment, you will press the j key when you see a picture of a city scene, and you will press nothing when you see a picture of a mountain scene. It is important to respond as quickly and accurately as possible and to keep both hands on the keyboard at all times.\n\nWhen you answer thought probes during this phase, remember to again be as honest as possible. Whether you indicate that your attention was or was not on task will not affect your participation. \n\nPress the space bar to see the response mappings one more time before beginning.'
6.3953 	EXP 	gradcpt_prep_text: autoDraw = True
6.8363 	DATA 	Keypress: space
6.8498 	EXP 	gradcpt_prep_text: autoDraw = False
6.8498 	EXP 	pixel: fillColor = <psychopy.colors.Color: black, alpha=1.0>
6.8498 	EXP 	gradcpt_image: autoDraw = True
6.8498 	EXP 	pixel: autoDraw = True
6.8746 	EXP 	pixel: fillColor = <psychopy.colors.Color: white, alpha=1.0>
6.8962 	EXP 	pixel: fillColor = <psychopy.colors.Color: black, alpha=1.0>
6.9126 	EXP 	pixel: fillColor = <psychopy.colors.Color: white, alpha=1.0>
6.9292 	EXP 	pixel: fillColor = <psychopy.colors.Color: black, alpha=1.0>
6.9459 	EXP 	pixel: fillColor = <psychopy.colors.Color: white, alpha=1.0>
6.9626 	EXP 	pixel: fillColor = <psychopy.colors.Color: black, alpha=1.0>
6.9796 	EXP 	pixel: fillColor = <psychopy.colors.Color: white, alpha=1.0>
6.9961 	EXP 	pixel: fillColor = <psychopy.colors.Color: black, alpha=1.0>
7.0125 	EXP 	pixel: fillColor = <psychopy.colors.Color: white, alpha=1.0>
7.0293 	EXP 	pixel: fillColor = <psychopy.colors.Color: black, alpha=1.0>
7.0461 	EXP 	pixel: fillColor = <psychopy.colors.Color: white, alpha=1.0>
7.0626 	EXP 	pixel: fillColor = <psychopy.colors.Color: black, alpha=1.0>
7.0794 	EXP 	pixel: fillColor = <psychopy.colors.Color: white, alpha=1.0>
7.0959 	EXP 	pixel: fillColor = <psychopy.colors.Color: black, alpha=1.0>
7.1125 	EXP 	pixel: fillColor = <psychopy.colors.Color: white, alpha=1.0>
7.1296 	EXP 	pixel: fillColor = <psychopy.colors.Color: black, alpha=1.0>
7.1460 	EXP 	pixel: fillColor = <psychopy.colors.Color: white, alpha=1.0>
7.1624 	EXP 	pixel: fillColor = <psychopy.colors.Color: black, alpha=1.0>
7.1794 	EXP 	pixel: fillColor = <psychopy.colors.Color: white, alpha=1.0>
7.1958 	EXP 	pixel: fillColor = <psychopy.colors.Color: black, alpha=1.0>
7.2127 	EXP 	pixel: fillColor = <psychopy.colors.Color: white, alpha=1.0>
7.2293 	EXP 	pixel: fillColor = <psychopy.colors.Color: black, alpha=1.0>
7.2460 	EXP 	pixel: fillColor = <psychopy.colors.Color: white, alpha=1.0>
7.2627 	EXP 	pixel: fillColor = <psychopy.colors.Color: black, alpha=1.0>
7.2794 	EXP 	pixel: fillColor = <psychopy.colors.Color: white, alpha=1.0>
7.2960 	EXP 	pixel: fillColor = <psychopy.colors.Color: black, alpha=1.0>
7.3128 	EXP 	pixel: fillColor = <psychopy.colors.Color: white, alpha=1.0>
7.3293 	EXP 	pixel: fillColor = <psychopy.colors.Color: black, alpha=1.0>
7.3461 	EXP 	pixel: fillColor = <psychopy.colors.Color: white, alpha=1.0>
7.3625 	EXP 	pixel: fillColor = <psychopy.colors.Color: black, alpha=1.0>
7.3794 	EXP 	pixel: fillColor = <psychopy.colors.Color: white, alpha=1.0>
7.3961 	EXP 	pixel: fillColor = <psychopy.colors.Color: black, alpha=1.0>
7.4127 	EXP 	pixel: fillColor = <psychopy.colors.Color: white, alpha=1.0>
7.4294 	EXP 	pixel: fillColor = <psychopy.colors.Color: black, alpha=1.0>
7.4461 	EXP 	pixel: fillColor = <psychopy.colors.Color: white, alpha=1.0>
7.4628 	EXP 	pixel: fillColor = <psychopy.colors.Color: black, alpha=1.0>
7.4796 	EXP 	pixel: fillColor = <psychopy.colors.Color: white, alpha=1.0>
7.4962 	EXP 	pixel: fillColor = <psychopy.colors.Color: black, alpha=1.0>
7.5125 	EXP 	pixel: fillColor = <psychopy.colors.Color: white, alpha=1.0>
7.5297 	EXP 	pixel: fillColor = <psychopy.colors.Color: black, alpha=1.0>
7.5463 	EXP 	pixel: fillColor = <psychopy.colors.Color: white, alpha=1.0>
7.5627 	EXP 	pixel: fillColor = <psychopy.colors.Color: black, alpha=1.0>
7.5795 	EXP 	pixel: fillColor = <psychopy.colors.Color: white, alpha=1.0>
7.5962 	EXP 	pixel: fillColor = <psychopy.colors.Color: black, alpha=1.0>
7.6128 	EXP 	pixel: fillColor = <psychopy.colors.Color: white, alpha=1.0>
7.6297 	EXP 	pixel: fillColor = <psychopy.colors.Color: black, alpha=1.0>
7.6462 	EXP 	pixel: fillColor = <psychopy.colors.Color: white, alpha=1.0>
7.6692 	EXP 	pixel: fillColor = <psychopy.colors.Color: black, alpha=1.0>
7.6915 	EXP 	pixel: fillColor = <psychopy.colors.Color: white, alpha=1.0>
7.7131 	EXP 	pixel: fillColor = <psychopy.colors.Color: black, alpha=1.0>
7.7294 	EXP 	pixel: fillColor = <psychopy.colors.Color: white, alpha=1.0>
7.7462 	EXP 	pixel: fillColor = <psychopy.colors.Color: black, alpha=1.0>
7.7629 	EXP 	pixel: fillColor = <psychopy.colors.Color: white, alpha=1.0>
7.7797 	EXP 	pixel: fillColor = <psychopy.colors.Color: black, alpha=1.0>
7.7960 	EXP 	pixel: fillColor = <psychopy.colors.Color: white, alpha=1.0>
7.8130 	EXP 	pixel: fillColor = <psychopy.colors.Color: black, alpha=1.0>
7.8296 	EXP 	pixel: fillColor = <psychopy.colors.Color: white, alpha=1.0>
7.8461 	EXP 	pixel: fillColor = <psychopy.colors.Color: black, alpha=1.0>
7.8627 	EXP 	pixel: fillColor = <psychopy.colors.Color: white, alpha=1.0>
7.8795 	EXP 	pixel: fillColor = <psychopy.colors.Color: black, alpha=1.0>
7.8962 	EXP 	pixel: fillColor = <psychopy.colors.Color: white, alpha=1.0>
7.9128 	EXP 	pixel: fillColor = <psychopy.colors.Color: black, alpha=1.0>
7.9299 	EXP 	pixel: fillColor = <psychopy.colors.Color: white, alpha=1.0>
7.9461 	EXP 	pixel: fillColor = <psychopy.colors.Color: black, alpha=1.0>
7.9628 	EXP 	pixel: fillColor = <psychopy.colors.Color: white, alpha=1.0>
7.9797 	EXP 	pixel: fillColor = <psychopy.colors.Color: black, alpha=1.0>
7.9963 	EXP 	pixel: fillColor = <psychopy.colors.Color: white, alpha=1.0>
8.0130 	EXP 	pixel: fillColor = <psychopy.colors.Color: black, alpha=1.0>
8.0296 	EXP 	pixel: fillColor = <psychopy.colors.Color: white, alpha=1.0>
8.0461 	EXP 	pixel: fillColor = <psychopy.colors.Color: black, alpha=1.0>
8.0628 	EXP 	pixel: fillColor = <psychopy.colors.Color: white, alpha=1.0>
8.0797 	EXP 	pixel: fillColor = <psychopy.colors.Color: black, alpha=1.0>
8.0961 	EXP 	pixel: fillColor = <psychopy.colors.Color: white, alpha=1.0>
8.1130 	EXP 	pixel: fillColor = <psychopy.colors.Color: black, alpha=1.0>
8.1295 	EXP 	pixel: fillColor = <psychopy.colors.Color: white, alpha=1.0>
8.1463 	EXP 	pixel: fillColor = <psychopy.colors.Color: black, alpha=1.0>
8.1631 	EXP 	pixel: fillColor = <psychopy.colors.Color: white, alpha=1.0>
8.1795 	EXP 	pixel: fillColor = <psychopy.colors.Color: black, alpha=1.0>
8.1963 	EXP 	pixel: fillColor = <psychopy.colors.Color: white, alpha=1.0>
8.2129 	EXP 	pixel: fillColor = <psychopy.colors.Color: black, alpha=1.0>
8.2296 	EXP 	pixel: fillColor = <psychopy.colors.Color: white, alpha=1.0>
8.2462 	EXP 	pixel: fillColor = <psychopy.colors.Color: black, alpha=1.0>
8.2630 	EXP 	pixel: fillColor = <psychopy.colors.Color: white, alpha=1.0>
8.2795 	EXP 	pixel: fillColor = <psychopy.colors.Color: black, alpha=1.0>
8.2964 	EXP 	pixel: fillColor = <psychopy.colors.Color: white, alpha=1.0>
8.3129 	EXP 	pixel: fillColor = <psychopy.colors.Color: black, alpha=1.0>
8.3296 	EXP 	pixel: fillColor = <psychopy.colors.Color: white, alpha=1.0>
8.3464 	EXP 	pixel: fillColor = <psychopy.colors.Color: black, alpha=1.0>
8.3632 	EXP 	pixel: fillColor = <psychopy.colors.Color: white, alpha=1.0>
8.3795 	EXP 	pixel: fillColor = <psychopy.colors.Color: black, alpha=1.0>
8.3965 	EXP 	pixel: fillColor = <psychopy.colors.Color: white, alpha=1.0>
8.4129 	EXP 	pixel: fillColor = <psychopy.colors.Color: black, alpha=1.0>
8.4296 	EXP 	pixel: fillColor = <psychopy.colors.Color: white, alpha=1.0>
8.4463 	EXP 	pixel: fillColor = <psychopy.colors.Color: black, alpha=1.0>
8.4632 	EXP 	pixel: fillColor = <psychopy.colors.Color: white, alpha=1.0>
8.4856 	EXP 	pixel: fillColor = <psychopy.colors.Color: black, alpha=1.0>
8.5086 	EXP 	pixel: fillColor = <psychopy.colors.Color: white, alpha=1.0>
8.5296 	EXP 	pixel: fillColor = <psychopy.colors.Color: black, alpha=1.0>
8.5466 	EXP 	pixel: fillColor = <psychopy.colors.Color: white, alpha=1.0>
8.5631 	EXP 	pixel: fillColor = <psychopy.colors.Color: black, alpha=1.0>
8.5797 	EXP 	pixel: fillColor = <psychopy.colors.Color: white, alpha=1.0>
8.5965 	EXP 	pixel: fillColor = <psychopy.colors.Color: black, alpha=1.0>
8.6132 	EXP 	pixel: fillColor = <psychopy.colors.Color: white, alpha=1.0>
8.6295 	EXP 	pixel: fillColor = <psychopy.colors.Color: black, alpha=1.0>
8.6464 	EXP 	pixel: fillColor = <psychopy.colors.Color: white, alpha=1.0>
8.6633 	EXP 	pixel: fillColor = <psychopy.colors.Color: black, alpha=1.0>
8.6797 	EXP 	pixel: fillColor = <psychopy.colors.Color: white, alpha=1.0>
8.6966 	EXP 	pixel: fillColor = <psychopy.colors.Color: black, alpha=1.0>
8.7132 	EXP 	pixel: fillColor = <psychopy.colors.Color: white, alpha=1.0>
8.7297 	EXP 	pixel: fillColor = <psychopy.colors.Color: black, alpha=1.0>
8.7464 	EXP 	pixel: fillColor = <psychopy.colors.Color: white, alpha=1.0>
8.7630 	EXP 	pixel: fillColor = <psychopy.colors.Color: black, alpha=1.0>
8.7798 	EXP 	pixel: fillColor = <psychopy.colors.Color: white, alpha=1.0>
8.7965 	EXP 	pixel: fillColor = <psychopy.colors.Color: black, alpha=1.0>
8.8131 	EXP 	pixel: fillColor = <psychopy.colors.Color: white, alpha=1.0>
8.8298 	EXP 	pixel: fillColor = <psychopy.colors.Color: black, alpha=1.0>
8.8466 	EXP 	pixel: fillColor = <psychopy.colors.Color: white, alpha=1.0>
8.8630 	EXP 	pixel: fillColor = <psychopy.colors.Color: black, alpha=1.0>
8.8798 	EXP 	pixel: fillColor = <psychopy.colors.Color: white, alpha=1.0>
8.8965 	EXP 	pixel: fillColor = <psychopy.colors.Color: black, alpha=1.0>
8.9131 	EXP 	pixel: fillColor = <psychopy.colors.Color: white, alpha=1.0>
8.9299 	EXP 	pixel: fillColor = <psychopy.colors.Color: black, alpha=1.0>
8.9463 	EXP 	pixel: fillColor = <psychopy.colors.Color: white, alpha=1.0>
8.9634 	EXP 	pixel: fillColor = <psychopy.colors.Color: black, alpha=1.0>
8.9800 	EXP 	pixel: fillColor = <psychopy.colors.Color: white, alpha=1.0>
8.9967 	EXP 	pixel: fillColor = <psychopy.colors.Color: black, alpha=1.0>
9.0136 	EXP 	pixel: fillColor = <psychopy.colors.Color: white, alpha=1.0>
9.0299 	EXP 	pixel: fillColor = <psychopy.colors.Color: black, alpha=1.0>
9.0466 	EXP 	pixel: fillColor = <psychopy.colors.Color: white, alpha=1.0>
9.0630 	EXP 	pixel: fillColor = <psychopy.colors.Color: black, alpha=1.0>
9.0799 	EXP 	pixel: fillColor = <psychopy.colors.Color: white, alpha=1.0>
9.0966 	EXP 	pixel: fillColor = <psychopy.colors.Color: black, alpha=1.0>
9.1131 	EXP 	pixel: fillColor = <psychopy.colors.Color: white, alpha=1.0>
9.1299 	EXP 	pixel: fillColor = <psychopy.colors.Color: black, alpha=1.0>
9.1467 	EXP 	pixel: fillColor = <psychopy.colors.Color: white, alpha=1.0>
9.1632 	EXP 	pixel: fillColor = <psychopy.colors.Color: black, alpha=1.0>
9.1798 	EXP 	pixel: fillColor = <psychopy.colors.Color: white, alpha=1.0>
9.1965 	EXP 	pixel: fillColor = <psychopy.colors.Color: black, alpha=1.0>
9.2134 	EXP 	pixel: fillColor = <psychopy.colors.Color: white, alpha=1.0>
9.2298 	EXP 	pixel: fillColor = <psychopy.colors.Color: black, alpha=1.0>
9.2467 	EXP 	pixel: fillColor = <psychopy.colors.Color: white, alpha=1.0>
9.2631 	EXP 	pixel: fillColor = <psychopy.colors.Color: black, alpha=1.0>
9.2801 	EXP 	pixel: fillColor = <psychopy.colors.Color: white, alpha=1.0>
9.3028 	EXP 	pixel: fillColor = <psychopy.colors.Color: black, alpha=1.0>
9.3255 	EXP 	pixel: fillColor = <psychopy.colors.Color: white, alpha=1.0>
9.3469 	EXP 	pixel: fillColor = <psychopy.colors.Color: black, alpha=1.0>
9.3633 	EXP 	pixel: fillColor = <psychopy.colors.Color: white, alpha=1.0>
9.3800 	EXP 	pixel: fillColor = <psychopy.colors.Color: black, alpha=1.0>
9.3965 	EXP 	pixel: fillColor = <psychopy.colors.Color: white, alpha=1.0>
9.4133 	EXP 	pixel: fillColor = <psychopy.colors.Color: black, alpha=1.0>
9.4299 	EXP 	pixel: fillColor = <psychopy.colors.Color: white, alpha=1.0>
9.4467 	EXP 	pixel: fillColor = <psychopy.colors.Color: black, alpha=1.0>
9.4633 	EXP 	pixel: fillColor = <psychopy.colors.Color: white, alpha=1.0>
9.4800 	EXP 	pixel: fillColor = <psychopy.colors.Color: black, alpha=1.0>
9.4966 	EXP 	pixel: fillColor = <psychopy.colors.Color: white, alpha=1.0>
9.5134 	EXP 	pixel: fillColor = <psychopy.colors.Color: black, alpha=1.0>
9.5299 	EXP 	pixel: fillColor = <psychopy.colors.Color: white, alpha=1.0>
9.5475 	EXP 	pixel: fillColor = <psychopy.colors.Color: black, alpha=1.0>
9.5633 	EXP 	pixel: fillColor = <psychopy.colors.Color: white, alpha=1.0>
9.5802 	EXP 	pixel: fillColor = <psychopy.colors.Color: black, alpha=1.0>
9.5967 	EXP 	pixel: fillColor = <psychopy.colors.Color: white, alpha=1.0>
9.6134 	EXP 	pixel: fillColor = <psychopy.colors.Color: black, alpha=1.0>
9.6303 	EXP 	pixel: fillColor = <psychopy.colors.Color: white, alpha=1.0>
9.6467 	EXP 	pixel: fillColor = <psychopy.colors.Color: black, alpha=1.0>
9.6636 	EXP 	pixel: fillColor = <psychopy.colors.Color: white, alpha=1.0>
9.6802 	EXP 	pixel: fillColor = <psychopy.colors.Color: black, alpha=1.0>
9.6967 	EXP 	pixel: fillColor = <psychopy.colors.Color: white, alpha=1.0>
9.7134 	EXP 	pixel: fillColor = <psychopy.colors.Color: black, alpha=1.0>
9.7302 	EXP 	pixel: fillColor = <psychopy.colors.Color: white, alpha=1.0>
9.7467 	EXP 	pixel: fillColor = <psychopy.colors.Color: black, alpha=1.0>
9.7635 	EXP 	pixel: fillColor = <psychopy.colors.Color: white, alpha=1.0>
9.7799 	EXP 	pixel: fillColor = <psychopy.colors.Color: black, alpha=1.0>
9.7968 	EXP 	pixel: fillColor = <psychopy.colors.Color: white, alpha=1.0>
9.8136 	EXP 	pixel: fillColor = <psychopy.colors.Color: black, alpha=1.0>
9.8300 	EXP 	pixel: fillColor = <psychopy.colors.Color: white, alpha=1.0>
9.8469 	EXP 	pixel: fillColor = <psychopy.colors.Color: black, alpha=1.0>
9.8634 	EXP 	pixel: fillColor = <psychopy.colors.Color: white, alpha=1.0>
9.8802 	EXP 	pixel: fillColor = <psychopy.colors.Color: black, alpha=1.0>
9.8966 	EXP 	pixel: fillColor = <psychopy.colors.Color: white, alpha=1.0>
9.9134 	EXP 	pixel: fillColor = <psychopy.colors.Color: black, alpha=1.0>
9.9303 	EXP 	pixel: fillColor = <psychopy.colors.Color: white, alpha=1.0>
9.9469 	EXP 	pixel: fillColor = <psychopy.colors.Color: black, alpha=1.0>
9.9636 	EXP 	pixel: fillColor = <psychopy.colors.Color: white, alpha=1.0>
9.9800 	EXP 	pixel: fillColor = <psychopy.colors.Color: black, alpha=1.0>
9.9970 	EXP 	pixel: fillColor = <psychopy.colors.Color: white, alpha=1.0>
10.0137 	EXP 	pixel: fillColor = <psychopy.colors.Color: black, alpha=1.0>
10.0303 	EXP 	pixel: fillColor = <psychopy.colors.Color: white, alpha=1.0>
10.0470 	EXP 	pixel: fillColor = <psychopy.colors.Color: black, alpha=1.0>
10.0634 	EXP 	pixel: fillColor = <psychopy.colors.Color: white, alpha=1.0>
10.0803 	EXP 	pixel: fillColor = <psychopy.colors.Color: black, alpha=1.0>
10.0969 	EXP 	pixel: fillColor = <psychopy.colors.Color: white, alpha=1.0>
10.1194 	EXP 	pixel: fillColor = <psychopy.colors.Color: black, alpha=1.0>
10.1333 	EXP 	pixel: fillColor = <psychopy.colors.Color: white, alpha=1.0>
10.1479 	EXP 	pixel: fillColor = <psychopy.colors.Color: black, alpha=1.0>
10.1635 	EXP 	pixel: fillColor = <psychopy.colors.Color: white, alpha=1.0>
10.1805 	EXP 	pixel: fillColor = <psychopy.colors.Color: black, alpha=1.0>
10.1969 	EXP 	pixel: fillColor = <psychopy.colors.Color: white, alpha=1.0>
10.2137 	EXP 	pixel: fillColor = <psychopy.colors.Color: black, alpha=1.0>
10.2302 	EXP 	pixel: fillColor = <psychopy.colors.Color: white, alpha=1.0>
10.2466 	EXP 	pixel: fillColor = <psychopy.colors.Color: black, alpha=1.0>
10.2640 	EXP 	pixel: fillColor = <psychopy.colors.Color: white, alpha=1.0>
10.2803 	EXP 	pixel: fillColor = <psychopy.colors.Color: black, alpha=1.0>
10.2970 	EXP 	pixel: fillColor = <psychopy.colors.Color: white, alpha=1.0>
10.3136 	EXP 	pixel: fillColor = <psychopy.colors.Color: black, alpha=1.0>
10.3311 	EXP 	pixel: fillColor = <psychopy.colors.Color: white, alpha=1.0>
10.3470 	EXP 	pixel: fillColor = <psychopy.colors.Color: black, alpha=1.0>
10.3638 	EXP 	pixel: fillColor = <psychopy.colors.Color: white, alpha=1.0>
10.3805 	EXP 	pixel: fillColor = <psychopy.colors.Color: black, alpha=1.0>
10.3970 	EXP 	pixel: fillColor = <psychopy.colors.Color: white, alpha=1.0>
10.4136 	EXP 	pixel: fillColor = <psychopy.colors.Color: black, alpha=1.0>
10.4302 	EXP 	pixel: fillColor = <psychopy.colors.Color: white, alpha=1.0>
10.4466 	EXP 	pixel: fillColor = <psychopy.colors.Color: black, alpha=1.0>
10.4635 	EXP 	pixel: fillColor = <psychopy.colors.Color: white, alpha=1.0>
10.4805 	EXP 	pixel: fillColor = <psychopy.colors.Color: black, alpha=1.0>
10.4973 	EXP 	pixel: fillColor = <psychopy.colors.Color: white, alpha=1.0>
10.5136 	EXP 	pixel: fillColor = <psychopy.colors.Color: black, alpha=1.0>
10.5304 	EXP 	pixel: fillColor = <psychopy.colors.Color: white, alpha=1.0>
10.5469 	EXP 	pixel: fillColor = <psychopy.colors.Color: black, alpha=1.0>
10.5637 	EXP 	pixel: fillColor = <psychopy.colors.Color: white, alpha=1.0>
10.5806 	EXP 	pixel: fillColor = <psychopy.colors.Color: black, alpha=1.0>
10.5971 	EXP 	pixel: fillColor = <psychopy.colors.Color: white, alpha=1.0>
10.6139 	EXP 	pixel: fillColor = <psychopy.colors.Color: black, alpha=1.0>
10.6304 	EXP 	pixel: fillColor = <psychopy.colors.Color: white, alpha=1.0>
10.6474 	EXP 	pixel: fillColor = <psychopy.colors.Color: black, alpha=1.0>
10.6637 	EXP 	pixel: fillColor = <psychopy.colors.Color: white, alpha=1.0>
10.6805 	EXP 	pixel: fillColor = <psychopy.colors.Color: black, alpha=1.0>
10.6971 	EXP 	pixel: fillColor = <psychopy.colors.Color: white, alpha=1.0>
10.7139 	EXP 	pixel: fillColor = <psychopy.colors.Color: black, alpha=1.0>
10.7305 	EXP 	pixel: fillColor = <psychopy.colors.Color: white, alpha=1.0>
10.7471 	EXP 	pixel: fillColor = <psychopy.colors.Color: black, alpha=1.0>
10.7639 	EXP 	pixel: fillColor = <psychopy.colors.Color: white, alpha=1.0>
10.7805 	EXP 	pixel: fillColor = <psychopy.colors.Color: black, alpha=1.0>
10.7970 	EXP 	pixel: fillColor = <psychopy.colors.Color: white, alpha=1.0>
10.8136 	EXP 	pixel: fillColor = <psychopy.colors.Color: black, alpha=1.0>
10.8305 	EXP 	pixel: fillColor = <psychopy.colors.Color: white, alpha=1.0>
10.8469 	EXP 	pixel: fillColor = <psychopy.colors.Color: black, alpha=1.0>
10.8639 	EXP 	pixel: fillColor = <psychopy.colors.Color: white, alpha=1.0>
10.8805 	EXP 	pixel: fillColor = <psychopy.colors.Color: black, alpha=1.0>
10.8970 	EXP 	pixel: fillColor = <psychopy.colors.Color: white, alpha=1.0>
10.9195 	EXP 	pixel: fillColor = <psychopy.colors.Color: black, alpha=1.0>
10.9337 	EXP 	pixel: fillColor = <psychopy.colors.Color: white, alpha=1.0>
10.9482 	EXP 	pixel: fillColor = <psychopy.colors.Color: black, alpha=1.0>
10.9639 	EXP 	pixel: fillColor = <psychopy.colors.Color: white, alpha=1.0>
10.9808 	EXP 	pixel: fillColor = <psychopy.colors.Color: black, alpha=1.0>
10.9975 	EXP 	pixel: fillColor = <psychopy.colors.Color: white, alpha=1.0>
11.0139 	EXP 	pixel: fillColor = <psychopy.colors.Color: black, alpha=1.0>
11.0304 	EXP 	pixel: fillColor = <psychopy.colors.Color: white, alpha=1.0>
11.0473 	EXP 	pixel: fillColor = <psychopy.colors.Color: black, alpha=1.0>
11.0638 	EXP 	pixel: fillColor = <psychopy.colors.Color: white, alpha=1.0>
11.0805 	EXP 	pixel: fillColor = <psychopy.colors.Color: black, alpha=1.0>
11.0974 	EXP 	pixel: fillColor = <psychopy.colors.Color: white, alpha=1.0>
11.1138 	EXP 	pixel: fillColor = <psychopy.colors.Color: black, alpha=1.0>
11.1306 	EXP 	pixel: fillColor = <psychopy.colors.Color: white, alpha=1.0>
11.1474 	EXP 	pixel: fillColor = <psychopy.colors.Color: black, alpha=1.0>
11.1638 	EXP 	pixel: fillColor = <psychopy.colors.Color: white, alpha=1.0>
11.1806 	EXP 	pixel: fillColor = <psychopy.colors.Color: black, alpha=1.0>
11.1974 	EXP 	pixel: fillColor = <psychopy.colors.Color: white, alpha=1.0>
11.2139 	EXP 	pixel: fillColor = <psychopy.colors.Color: black, alpha=1.0>
11.2306 	EXP 	pixel: fillColor = <psychopy.colors.Color: white, alpha=1.0>
11.2473 	EXP 	pixel: fillColor = <psychopy.colors.Color: black, alpha=1.0>
11.2642 	EXP 	pixel: fillColor = <psychopy.colors.Color: white, alpha=1.0>
11.2805 	EXP 	pixel: fillColor = <psychopy.colors.Color: black, alpha=1.0>
11.2975 	EXP 	pixel: fillColor = <psychopy.colors.Color: white, alpha=1.0>
11.3139 	EXP 	pixel: fillColor = <psychopy.colors.Color: black, alpha=1.0>
11.3307 	EXP 	pixel: fillColor = <psychopy.colors.Color: white, alpha=1.0>
11.3472 	EXP 	pixel: fillColor = <psychopy.colors.Color: black, alpha=1.0>
11.3639 	EXP 	pixel: fillColor = <psychopy.colors.Color: white, alpha=1.0>
11.3805 	EXP 	pixel: fillColor = <psychopy.colors.Color: black, alpha=1.0>
11.3973 	EXP 	pixel: fillColor = <psychopy.colors.Color: white, alpha=1.0>
11.4138 	EXP 	pixel: fillColor = <psychopy.colors.Color: black, alpha=1.0>
11.4307 	EXP 	pixel: fillColor = <psychopy.colors.Color: white, alpha=1.0>
11.4475 	EXP 	pixel: fillColor = <psychopy.colors.Color: black, alpha=1.0>
11.4640 	EXP 	pixel: fillColor = <psychopy.colors.Color: white, alpha=1.0>
11.4807 	EXP 	pixel: fillColor = <psychopy.colors.Color: black, alpha=1.0>
11.4975 	EXP 	pixel: fillColor = <psychopy.colors.Color: white, alpha=1.0>
11.5141 	EXP 	pixel: fillColor = <psychopy.colors.Color: black, alpha=1.0>
11.5306 	EXP 	pixel: fillColor = <psychopy.colors.Color: white, alpha=1.0>
11.5472 	EXP 	pixel: fillColor = <psychopy.colors.Color: black, alpha=1.0>
11.5641 	EXP 	pixel: fillColor = <psychopy.colors.Color: white, alpha=1.0>
11.5806 	EXP 	pixel: fillColor = <psychopy.colors.Color: black, alpha=1.0>
11.5975 	EXP 	pixel: fillColor = <psychopy.colors.Color: white, alpha=1.0>
11.6139 	EXP 	pixel: fillColor = <psychopy.colors.Color: black, alpha=1.0>
11.6309 	EXP 	pixel: fillColor = <psychopy.colors.Color: white, alpha=1.0>
11.6472 	EXP 	pixel: fillColor = <psychopy.colors.Color: black, alpha=1.0>
11.6641 	EXP 	pixel: fillColor = <psychopy.colors.Color: white, alpha=1.0>
11.6809 	EXP 	pixel: fillColor = <psychopy.colors.Color: black, alpha=1.0>
11.6974 	EXP 	pixel: fillColor = <psychopy.colors.Color: white, alpha=1.0>
11.7198 	EXP 	pixel: fillColor = <psychopy.colors.Color: black, alpha=1.0>
11.7428 	EXP 	pixel: fillColor = <psychopy.colors.Color: white, alpha=1.0>
11.7640 	EXP 	pixel: fillColor = <psychopy.colors.Color: black, alpha=1.0>
11.7807 	EXP 	pixel: fillColor = <psychopy.colors.Color: white, alpha=1.0>
11.7974 	EXP 	pixel: fillColor = <psychopy.colors.Color: black, alpha=1.0>
11.8139 	EXP 	pixel: fillColor = <psychopy.colors.Color: white, alpha=1.0>
11.8307 	EXP 	pixel: fillColor = <psychopy.colors.Color: black, alpha=1.0>
11.8475 	EXP 	pixel: fillColor = <psychopy.colors.Color: white, alpha=1.0>
11.8642 	EXP 	pixel: fillColor = <psychopy.colors.Color: black, alpha=1.0>
11.8809 	EXP 	pixel: fillColor = <psychopy.colors.Color: white, alpha=1.0>
11.8973 	EXP 	pixel: fillColor = <psychopy.colors.Color: black, alpha=1.0>
11.9144 	EXP 	pixel: fillColor = <psychopy.colors.Color: white, alpha=1.0>
11.9308 	EXP 	pixel: fillColor = <psychopy.colors.Color: black, alpha=1.0>
11.9474 	EXP 	pixel: fillColor = <psychopy.colors.Color: white, alpha=1.0>
11.9640 	EXP 	pixel: fillColor = <psychopy.colors.Color: black, alpha=1.0>
11.9808 	EXP 	pixel: fillColor = <psychopy.colors.Color: white, alpha=1.0>
11.9973 	EXP 	pixel: fillColor = <psychopy.colors.Color: black, alpha=1.0>
12.0141 	EXP 	pixel: fillColor = <psychopy.colors.Color: white, alpha=1.0>
12.0306 	EXP 	pixel: fillColor = <psychopy.colors.Color: black, alpha=1.0>
12.0473 	EXP 	pixel: fillColor = <psychopy.colors.Color: white, alpha=1.0>
12.0647 	EXP 	pixel: fillColor = <psychopy.colors.Color: black, alpha=1.0>
12.0806 	EXP 	pixel: fillColor = <psychopy.colors.Color: white, alpha=1.0>
12.0974 	EXP 	pixel: fillColor = <psychopy.colors.Color: black, alpha=1.0>
12.1143 	EXP 	pixel: fillColor = <psychopy.colors.Color: white, alpha=1.0>
12.1308 	EXP 	pixel: fillColor = <psychopy.colors.Color: black, alpha=1.0>
12.1474 	EXP 	pixel: fillColor = <psychopy.colors.Color: white, alpha=1.0>
12.1641 	EXP 	pixel: fillColor = <psychopy.colors.Color: black, alpha=1.0>
12.1807 	EXP 	pixel: fillColor = <psychopy.colors.Color: white, alpha=1.0>
12.1977 	EXP 	pixel: fillColor = <psychopy.colors.Color: black, alpha=1.0>
12.2143 	EXP 	pixel: fillColor = <psychopy.colors.Color: white, alpha=1.0>
12.2306 	EXP 	pixel: fillColor = <psychopy.colors.Color: black, alpha=1.0>
12.2475 	EXP 	pixel: fillColor = <psychopy.colors.Color: white, alpha=1.0>
12.2643 	EXP 	pixel: fillColor = <psychopy.colors.Color: black, alpha=1.0>
12.2808 	EXP 	pixel: fillColor = <psychopy.colors.Color: white, alpha=1.0>
12.2976 	EXP 	pixel: fillColor = <psychopy.colors.Color: black, alpha=1.0>
12.3141 	EXP 	pixel: fillColor = <psychopy.colors.Color: white, alpha=1.0>
12.3308 	EXP 	pixel: fillColor = <psychopy.colors.Color: black, alpha=1.0>
12.3477 	EXP 	pixel: fillColor = <psychopy.colors.Color: white, alpha=1.0>
12.3643 	EXP 	pixel: fillColor = <psychopy.colors.Color: black, alpha=1.0>
12.3808 	EXP 	pixel: fillColor = <psychopy.colors.Color: white, alpha=1.0>
12.3976 	EXP 	pixel: fillColor = <psychopy.colors.Color: black, alpha=1.0>
12.4142 	EXP 	pixel: fillColor = <psychopy.colors.Color: white, alpha=1.0>
12.4307 	EXP 	pixel: fillColor = <psychopy.colors.Color: black, alpha=1.0>
12.4474 	EXP 	pixel: fillColor = <psychopy.colors.Color: white, alpha=1.0>
12.4641 	EXP 	pixel: fillColor = <psychopy.colors.Color: black, alpha=1.0>
12.4811 	EXP 	pixel: fillColor = <psychopy.colors.Color: white, alpha=1.0>
12.4978 	EXP 	pixel: fillColor = <psychopy.colors.Color: black, alpha=1.0>
12.5143 	EXP 	pixel: fillColor = <psychopy.colors.Color: white, alpha=1.0>
12.5366 	EXP 	pixel: fillColor = <psychopy.colors.Color: black, alpha=1.0>
12.5506 	EXP 	pixel: fillColor = <psychopy.colors.Color: white, alpha=1.0>
12.5652 	EXP 	pixel: fillColor = <psychopy.colors.Color: black, alpha=1.0>
12.5811 	EXP 	pixel: fillColor = <psychopy.colors.Color: white, alpha=1.0>
12.5976 	EXP 	pixel: fillColor = <psychopy.colors.Color: black, alpha=1.0>
12.6144 	EXP 	pixel: fillColor = <psychopy.colors.Color: white, alpha=1.0>
12.6311 	EXP 	pixel: fillColor = <psychopy.colors.Color: black, alpha=1.0>
12.6476 	EXP 	pixel: fillColor = <psychopy.colors.Color: white, alpha=1.0>
12.6645 	EXP 	pixel: fillColor = <psychopy.colors.Color: black, alpha=1.0>
12.6811 	EXP 	pixel: fillColor = <psychopy.colors.Color: white, alpha=1.0>
12.6975 	EXP 	pixel: fillColor = <psychopy.colors.Color: black, alpha=1.0>
12.7145 	EXP 	pixel: fillColor = <psychopy.colors.Color: white, alpha=1.0>
12.7312 	EXP 	pixel: fillColor = <psychopy.colors.Color: black, alpha=1.0>
12.7478 	EXP 	pixel: fillColor = <psychopy.colors.Color: white, alpha=1.0>
12.7643 	EXP 	pixel: fillColor = <psychopy.colors.Color: black, alpha=1.0>
12.7811 	EXP 	pixel: fillColor = <psychopy.colors.Color: white, alpha=1.0>
12.7977 	EXP 	pixel: fillColor = <psychopy.colors.Color: black, alpha=1.0>
12.8146 	EXP 	pixel: fillColor = <psychopy.colors.Color: white, alpha=1.0>
12.8310 	EXP 	pixel: fillColor = <psychopy.colors.Color: black, alpha=1.0>
12.8476 	EXP 	pixel: fillColor = <psychopy.colors.Color: white, alpha=1.0>
12.8644 	EXP 	pixel: fillColor = <psychopy.colors.Color: black, alpha=1.0>
12.8812 	EXP 	pixel: fillColor = <psychopy.colors.Color: white, alpha=1.0>
12.8977 	EXP 	pixel: fillColor = <psychopy.colors.Color: black, alpha=1.0>
12.9146 	EXP 	pixel: fillColor = <psychopy.colors.Color: white, alpha=1.0>
12.9311 	EXP 	pixel: fillColor = <psychopy.colors.Color: black, alpha=1.0>
12.9478 	EXP 	pixel: fillColor = <psychopy.colors.Color: white, alpha=1.0>
12.9646 	EXP 	pixel: fillColor = <psychopy.colors.Color: black, alpha=1.0>
12.9810 	EXP 	pixel: fillColor = <psychopy.colors.Color: white, alpha=1.0>
12.9978 	EXP 	pixel: fillColor = <psychopy.colors.Color: black, alpha=1.0>
13.0143 	EXP 	pixel: fillColor = <psychopy.colors.Color: white, alpha=1.0>
13.0311 	EXP 	pixel: fillColor = <psychopy.colors.Color: black, alpha=1.0>
13.0479 	EXP 	pixel: fillColor = <psychopy.colors.Color: white, alpha=1.0>
13.0645 	EXP 	pixel: fillColor = <psychopy.colors.Color: black, alpha=1.0>
13.0813 	EXP 	pixel: fillColor = <psychopy.colors.Color: white, alpha=1.0>
13.0977 	EXP 	pixel: fillColor = <psychopy.colors.Color: black, alpha=1.0>
13.1143 	EXP 	pixel: fillColor = <psychopy.colors.Color: white, alpha=1.0>
13.1310 	EXP 	pixel: fillColor = <psychopy.colors.Color: black, alpha=1.0>
13.1479 	EXP 	pixel: fillColor = <psychopy.colors.Color: white, alpha=1.0>
13.1644 	EXP 	pixel: fillColor = <psychopy.colors.Color: black, alpha=1.0>
13.1814 	EXP 	pixel: fillColor = <psychopy.colors.Color: white, alpha=1.0>
13.1979 	EXP 	pixel: fillColor = <psychopy.colors.Color: black, alpha=1.0>
13.2144 	EXP 	pixel: fillColor = <psychopy.colors.Color: white, alpha=1.0>
13.2312 	EXP 	pixel: fillColor = <psychopy.colors.Color: black, alpha=1.0>
13.2480 	EXP 	pixel: fillColor = <psychopy.colors.Color: white, alpha=1.0>
13.2645 	EXP 	pixel: fillColor = <psychopy.colors.Color: black, alpha=1.0>
13.2812 	EXP 	pixel: fillColor = <psychopy.colors.Color: white, alpha=1.0>
13.2979 	EXP 	pixel: fillColor = <psychopy.colors.Color: black, alpha=1.0>
13.3143 	EXP 	pixel: fillColor = <psychopy.colors.Color: white, alpha=1.0>
13.3364 	EXP 	pixel: fillColor = <psychopy.colors.Color: black, alpha=1.0>
13.3504 	EXP 	pixel: fillColor = <psychopy.colors.Color: white, alpha=1.0>
13.3652 	EXP 	pixel: fillColor = <psychopy.colors.Color: black, alpha=1.0>
13.3813 	EXP 	pixel: fillColor = <psychopy.colors.Color: white, alpha=1.0>
13.3981 	EXP 	pixel: fillColor = <psychopy.colors.Color: black, alpha=1.0>
13.4146 	EXP 	pixel: fillColor = <psychopy.colors.Color: white, alpha=1.0>
13.4314 	EXP 	pixel: fillColor = <psychopy.colors.Color: black, alpha=1.0>
13.4478 	EXP 	pixel: fillColor = <psychopy.colors.Color: white, alpha=1.0>
13.4646 	EXP 	pixel: fillColor = <psychopy.colors.Color: black, alpha=1.0>
13.4811 	EXP 	pixel: fillColor = <psychopy.colors.Color: white, alpha=1.0>
13.4978 	EXP 	pixel: fillColor = <psychopy.colors.Color: black, alpha=1.0>
13.5145 	EXP 	pixel: fillColor = <psychopy.colors.Color: white, alpha=1.0>
13.5314 	EXP 	pixel: fillColor = <psychopy.colors.Color: black, alpha=1.0>
13.5481 	EXP 	pixel: fillColor = <psychopy.colors.Color: white, alpha=1.0>
13.5641 	EXP 	pixel: fillColor = <psychopy.colors.Color: black, alpha=1.0>
13.5808 	EXP 	pixel: fillColor = <psychopy.colors.Color: white, alpha=1.0>
13.5980 	EXP 	pixel: fillColor = <psychopy.colors.Color: black, alpha=1.0>
13.6147 	EXP 	pixel: fillColor = <psychopy.colors.Color: white, alpha=1.0>
13.6313 	EXP 	pixel: fillColor = <psychopy.colors.Color: black, alpha=1.0>
13.6480 	EXP 	pixel: fillColor = <psychopy.colors.Color: white, alpha=1.0>
13.6647 	EXP 	pixel: fillColor = <psychopy.colors.Color: black, alpha=1.0>
13.6813 	EXP 	pixel: fillColor = <psychopy.colors.Color: white, alpha=1.0>
13.6979 	EXP 	pixel: fillColor = <psychopy.colors.Color: black, alpha=1.0>
13.7147 	EXP 	pixel: fillColor = <psychopy.colors.Color: white, alpha=1.0>
13.7312 	EXP 	pixel: fillColor = <psychopy.colors.Color: black, alpha=1.0>
13.7480 	EXP 	pixel: fillColor = <psychopy.colors.Color: white, alpha=1.0>
13.7645 	EXP 	pixel: fillColor = <psychopy.colors.Color: black, alpha=1.0>
13.7813 	EXP 	pixel: fillColor = <psychopy.colors.Color: white, alpha=1.0>
13.7979 	EXP 	pixel: fillColor = <psychopy.colors.Color: black, alpha=1.0>
13.8146 	EXP 	pixel: fillColor = <psychopy.colors.Color: white, alpha=1.0>
13.8313 	EXP 	pixel: fillColor = <psychopy.colors.Color: black, alpha=1.0>
13.8480 	EXP 	pixel: fillColor = <psychopy.colors.Color: white, alpha=1.0>
13.8647 	EXP 	pixel: fillColor = <psychopy.colors.Color: black, alpha=1.0>
13.8813 	EXP 	pixel: fillColor = <psychopy.colors.Color: white, alpha=1.0>
13.8983 	EXP 	pixel: fillColor = <psychopy.colors.Color: black, alpha=1.0>
13.9148 	EXP 	pixel: fillColor = <psychopy.colors.Color: white, alpha=1.0>
13.9313 	EXP 	pixel: fillColor = <psychopy.colors.Color: black, alpha=1.0>
13.9483 	EXP 	pixel: fillColor = <psychopy.colors.Color: white, alpha=1.0>
13.9648 	EXP 	pixel: fillColor = <psychopy.colors.Color: black, alpha=1.0>
13.9814 	EXP 	pixel: fillColor = <psychopy.colors.Color: white, alpha=1.0>
13.9981 	EXP 	pixel: fillColor = <psychopy.colors.Color: black, alpha=1.0>
14.0147 	EXP 	pixel: fillColor = <psychopy.colors.Color: white, alpha=1.0>
14.0314 	EXP 	pixel: fillColor = <psychopy.colors.Color: black, alpha=1.0>
14.0482 	EXP 	pixel: fillColor = <psychopy.colors.Color: white, alpha=1.0>
14.0647 	EXP 	pixel: fillColor = <psychopy.colors.Color: black, alpha=1.0>
14.0814 	EXP 	pixel: fillColor = <psychopy.colors.Color: white, alpha=1.0>
14.0982 	EXP 	pixel: fillColor = <psychopy.colors.Color: black, alpha=1.0>
14.1146 	EXP 	pixel: fillColor = <psychopy.colors.Color: white, alpha=1.0>
14.1370 	EXP 	pixel: fillColor = <psychopy.colors.Color: black, alpha=1.0>
14.1513 	EXP 	pixel: fillColor = <psychopy.colors.Color: white, alpha=1.0>
14.1659 	EXP 	pixel: fillColor = <psychopy.colors.Color: black, alpha=1.0>
14.1818 	EXP 	pixel: fillColor = <psychopy.colors.Color: white, alpha=1.0>
14.1980 	EXP 	pixel: fillColor = <psychopy.colors.Color: black, alpha=1.0>
14.2149 	EXP 	pixel: fillColor = <psychopy.colors.Color: white, alpha=1.0>
14.2316 	EXP 	pixel: fillColor = <psychopy.colors.Color: black, alpha=1.0>
14.2479 	EXP 	pixel: fillColor = <psychopy.colors.Color: white, alpha=1.0>
14.2648 	EXP 	pixel: fillColor = <psychopy.colors.Color: black, alpha=1.0>
14.2816 	EXP 	pixel: fillColor = <psychopy.colors.Color: white, alpha=1.0>
14.2980 	EXP 	pixel: fillColor = <psychopy.colors.Color: black, alpha=1.0>
14.3149 	EXP 	pixel: fillColor = <psychopy.colors.Color: white, alpha=1.0>
14.3316 	EXP 	pixel: fillColor = <psychopy.colors.Color: black, alpha=1.0>
14.3480 	EXP 	pixel: fillColor = <psychopy.colors.Color: white, alpha=1.0>
14.3650 	EXP 	pixel: fillColor = <psychopy.colors.Color: black, alpha=1.0>
14.3815 	EXP 	pixel: fillColor = <psychopy.colors.Color: white, alpha=1.0>
14.3981 	EXP 	pixel: fillColor = <psychopy.colors.Color: black, alpha=1.0>
14.4150 	EXP 	pixel: fillColor = <psychopy.colors.Color: white, alpha=1.0>
14.4315 	EXP 	pixel: fillColor = <psychopy.colors.Color: black, alpha=1.0>
14.4483 	EXP 	pixel: fillColor = <psychopy.colors.Color: white, alpha=1.0>
14.4648 	EXP 	pixel: fillColor = <psychopy.colors.Color: black, alpha=1.0>
14.4817 	EXP 	pixel: fillColor = <psychopy.colors.Color: white, alpha=1.0>
14.4981 	EXP 	pixel: fillColor = <psychopy.colors.Color: black, alpha=1.0>
14.5150 	EXP 	pixel: fillColor = <psychopy.colors.Color: white, alpha=1.0>
14.5314 	EXP 	pixel: fillColor = <psychopy.colors.Color: black, alpha=1.0>
14.5484 	EXP 	pixel: fillColor = <psychopy.colors.Color: white, alpha=1.0>
14.5649 	EXP 	pixel: fillColor = <psychopy.colors.Color: black, alpha=1.0>
14.5816 	EXP 	pixel: fillColor = <psychopy.colors.Color: white, alpha=1.0>
14.5983 	EXP 	pixel: fillColor = <psychopy.colors.Color: black, alpha=1.0>
14.6148 	EXP 	pixel: fillColor = <psychopy.colors.Color: white, alpha=1.0>
14.6314 	EXP 	pixel: fillColor = <psychopy.colors.Color: black, alpha=1.0>
14.6483 	EXP 	pixel: fillColor = <psychopy.colors.Color: white, alpha=1.0>
14.6648 	EXP 	pixel: fillColor = <psychopy.colors.Color: black, alpha=1.0>
14.6815 	EXP 	pixel: fillColor = <psychopy.colors.Color: white, alpha=1.0>
14.6983 	EXP 	pixel: fillColor = <psychopy.colors.Color: black, alpha=1.0>
14.7150 	EXP 	pixel: fillColor = <psychopy.colors.Color: white, alpha=1.0>
14.7316 	EXP 	pixel: fillColor = <psychopy.colors.Color: black, alpha=1.0>
14.7482 	EXP 	pixel: fillColor = <psychopy.colors.Color: white, alpha=1.0>
14.7650 	EXP 	pixel: fillColor = <psychopy.colors.Color: black, alpha=1.0>
14.7814 	EXP 	pixel: fillColor = <psychopy.colors.Color: white, alpha=1.0>
14.7983 	EXP 	pixel: fillColor = <psychopy.colors.Color: black, alpha=1.0>
14.8151 	EXP 	pixel: fillColor = <psychopy.colors.Color: white, alpha=1.0>
14.8316 	EXP 	pixel: fillColor = <psychopy.colors.Color: black, alpha=1.0>
14.8485 	EXP 	pixel: fillColor = <psychopy.colors.Color: white, alpha=1.0>
14.8649 	EXP 	pixel: fillColor = <psychopy.colors.Color: black, alpha=1.0>
14.8816 	EXP 	pixel: fillColor = <psychopy.colors.Color: white, alpha=1.0>
14.8983 	EXP 	pixel: fillColor = <psychopy.colors.Color: black, alpha=1.0>
14.9150 	EXP 	pixel: fillColor = <psychopy.colors.Color: white, alpha=1.0>
14.9401 	EXP 	pixel: fillColor = <psychopy.colors.Color: black, alpha=1.0>
14.9401 	EXP 	gradcpt_image: autoDraw = False
14.9401 	EXP 	pixel: autoDraw = False
14.9401 	EXP 	debrief_text: height = 0.03
14.9401 	EXP 	debrief_text: height = 0.03
14.9401 	EXP 	debrief_text: height = 0.03
14.9401 	EXP 	debrief_text: text = 'Some debriefing text.'
14.9401 	EXP 	debrief_text: autoDraw = True
18.7881 	DATA 	Keypress: space
18.7998 	EXP 	debrief_text: autoDraw = False
18.7998 	EXP 	thanks_text: autoDraw = True
18.9518 	DATA 	Keypress: space
21.5525 	DATA 	Keypress: space
23.8010 	EXP 	thanks_text: autoDraw = False
23.8010 	EXP 	thanks_text: autoDraw = False
23.8011 	EXP 	gradcptpy: status = STOPPED
23.9532 	EXP 	window1: mouseVisible = True
