9.8410 	DEBUG 	Fullscreen settings ignored as running in pilot mode.
9.8426 	INFO 	Loaded monitor calibration from ['2024_09_16 16:06']
10.2428 	EXP 	Created window1 = Window(allowGUI=True, allowStencil=False, autoLog=True, backendConf=UNKNOWN, backgroundFit=<method-wrapper '__getattribute__' of attributeSetter object at 0x0000014E1FD72CB0>, backgroundImage=<method-wrapper '__getattribute__' of attributeSetter object at 0x0000014E1FD72C50>, bitsMode=UNKNOWN, blendMode='avg', bpc=(8, 8, 8), color=array([0, 0, 0]), colorSpace='rgb', depthBits=8, fullscr=<method-wrapper '__getattribute__' of attributeSetter object at 0x0000014E1FD72AA0>, gamma=None, gammaErrorPolicy='raise', infoMsg=UNKNOWN, lms=UNKNOWN, monitor=<psychopy.monitors.calibTools.Monitor object at 0x0000014E20BE52D0>, multiSample=False, name='window1', numSamples=2, pos=[560.0, 240.0], screen=0, size=array([800, 600]), stencilBits=0, stereo=False, title='PsychoPy', units='height', useFBO=True, useRetina=False, viewOri=0.0, viewPos=None, viewScale=None, waitBlanking=True, winType='pyglet')
10.2432 	EXP 	window1: backgroundImage = ''
10.2432 	EXP 	window1: backgroundFit = 'none'
10.2437 	EXP 	window1: mouseVisible = <method-wrapper '__getattribute__' of attributeSetter object at 0x0000014E1FD71720>
10.2440 	EXP 	window1: mouseVisible = <method-wrapper '__getattribute__' of attributeSetter object at 0x0000014E1FD71720>
10.2495 	EXP 	window1: mouseVisible = <method-wrapper '__getattribute__' of attributeSetter object at 0x0000014E1FD71720>
10.2505 	EXP 	window1: mouseVisible = <method-wrapper '__getattribute__' of attributeSetter object at 0x0000014E1FD71720>
10.2593 	DEBUG 	TextBox2 loaded 1 chars with 0 blanks and 1 valid
10.2610 	DEBUG 	TextBox2 loaded 1 chars with 0 blanks and 1 valid
10.2626 	DEBUG 	TextBox2 loaded 1 chars with 0 blanks and 1 valid
10.2644 	DEBUG 	TextBox2 loaded 1 chars with 0 blanks and 1 valid
10.2662 	DEBUG 	TextBox2 loaded 1 chars with 0 blanks and 1 valid
10.2678 	DEBUG 	TextBox2 loaded 1 chars with 0 blanks and 1 valid
10.2697 	DEBUG 	TextBox2 loaded 1 chars with 0 blanks and 1 valid
10.2715 	DEBUG 	TextBox2 loaded 1 chars with 0 blanks and 1 valid
10.2726 	DEBUG 	TextBox2 loaded 1 chars with 0 blanks and 1 valid
10.2737 	DEBUG 	TextBox2 loaded 1 chars with 0 blanks and 1 valid
10.2753 	DEBUG 	TextBox2 loaded 1 chars with 0 blanks and 1 valid
10.2769 	DEBUG 	TextBox2 loaded 1 chars with 0 blanks and 1 valid
10.2784 	DEBUG 	TextBox2 loaded 1 chars with 0 blanks and 1 valid
10.2799 	DEBUG 	TextBox2 loaded 1 chars with 0 blanks and 1 valid
10.2814 	DEBUG 	TextBox2 loaded 1 chars with 0 blanks and 1 valid
10.2831 	DEBUG 	TextBox2 loaded 1 chars with 0 blanks and 1 valid
10.2852 	DEBUG 	TextBox2 loaded 1 chars with 0 blanks and 1 valid
10.2865 	DEBUG 	TextBox2 loaded 1 chars with 0 blanks and 1 valid
10.2879 	DEBUG 	TextBox2 loaded 1 chars with 0 blanks and 1 valid
10.2898 	DEBUG 	TextBox2 loaded 1 chars with 0 blanks and 1 valid
10.2910 	DEBUG 	TextBox2 loaded 1 chars with 0 blanks and 1 valid
10.2915 	DEBUG 	Uploading Texture Font fontname to graphics card
10.2986 	DEBUG 	Upload of Texture Font fontname complete
10.3004 	EXP 	window1: mouseVisible = <method-wrapper '__getattribute__' of attributeSetter object at 0x0000014E1FD71720>
10.3006 	EXP 	window1: mouseVisible = <method-wrapper '__getattribute__' of attributeSetter object at 0x0000014E1FD71720>
10.3015 	EXP 	window1: mouseVisible = <method-wrapper '__getattribute__' of attributeSetter object at 0x0000014E1FD71720>
10.3022 	EXP 	window1: mouseVisible = <method-wrapper '__getattribute__' of attributeSetter object at 0x0000014E1FD71720>
10.3087 	DEBUG 	TextBox2 loaded 1 chars with 0 blanks and 1 valid
10.3107 	DEBUG 	TextBox2 loaded 1 chars with 0 blanks and 1 valid
10.3125 	DEBUG 	TextBox2 loaded 1 chars with 0 blanks and 1 valid
10.3129 	DEBUG 	Uploading Texture Font fontname to graphics card
10.3224 	DEBUG 	Upload of Texture Font fontname complete
10.3249 	EXP 	window1: Attempting to measure frame rate of screen (0) ...
10.3250 	EXP 	window1: recordFrameIntervals = False
10.5267 	EXP 	window1: recordFrameIntervals = True
10.6410 	WARNING 	t of last frame was 20.29ms (=1/49)
10.6743 	WARNING 	t of last frame was 20.19ms (=1/49)
10.7243 	WARNING 	t of last frame was 20.20ms (=1/49)
10.7578 	WARNING 	t of last frame was 20.59ms (=1/48)
10.7912 	WARNING 	Multiple dropped frames have occurred - I'll stop bothering you about them!
11.1206 	EXP 	Screen (0) actual frame rate measured at 60.09Hz
11.1207 	EXP 	window1: recordFrameIntervals = False
11.1208 	EXP 	window1: mouseVisible = False
11.1212 	EXP 	window1: mouseVisible = False
11.1213 	EXP 	window1: mouseVisible = False
11.1221 	EXP 	window1: mouseVisible = False
11.1227 	EXP 	window1: mouseVisible = False
11.1291 	DEBUG 	TextBox2 loaded 1 chars with 0 blanks and 1 valid
11.1303 	DEBUG 	TextBox2 loaded 1 chars with 0 blanks and 1 valid
11.1320 	DEBUG 	TextBox2 loaded 1 chars with 0 blanks and 1 valid
11.1340 	DEBUG 	TextBox2 loaded 1 chars with 0 blanks and 1 valid
11.1361 	DEBUG 	TextBox2 loaded 1 chars with 0 blanks and 1 valid
11.1381 	DEBUG 	TextBox2 loaded 1 chars with 0 blanks and 1 valid
11.1394 	DEBUG 	TextBox2 loaded 1 chars with 0 blanks and 1 valid
11.1411 	DEBUG 	TextBox2 loaded 1 chars with 0 blanks and 1 valid
11.1430 	DEBUG 	TextBox2 loaded 1 chars with 0 blanks and 1 valid
11.1447 	DEBUG 	TextBox2 loaded 1 chars with 0 blanks and 1 valid
11.1452 	DEBUG 	Uploading Texture Font fontname to graphics card
11.1459 	DEBUG 	Upload of Texture Font fontname complete
11.1476 	EXP 	window1: mouseVisible = False
11.1477 	EXP 	window1: mouseVisible = False
11.1483 	EXP 	window1: mouseVisible = False
11.1490 	EXP 	window1: mouseVisible = False
11.1786 	WARNING 	launchHubServer: If using the iohub mouse or eyetracker devices, fullScr should be True.
16.0133 	INFO 	keyboard.Keyboard is using iohub backend.
16.0134 	INFO 	keyboard.Keyboard is using iohub backend.
16.0134 	INFO 	keyboard.Keyboard is using iohub backend.
16.0135 	INFO 	keyboard.Keyboard is using iohub backend.
16.0135 	EXP 	gradcptpy: status = STARTED
16.1308 	EXP 	window1: mouseVisible = False
16.2457 	EXP 	Created frame_rate_prompt = TextStim(__class__=<class 'psychopy.visual.text.TextStim'>, alignHoriz=method-wrapper(...), alignText='center', alignVert=method-wrapper(...), anchorHoriz='center', anchorVert='center', antialias=True, autoDraw=False, autoLog=True, bold=False, color=array([-1., -1., -1.]), colorSpace='rgb', contrast=1.0, depth=-2.0, draggable=False, flipHoriz=False, flipVert=False, font='Open Sans', fontFiles=[], height=0.05, italic=False, languageStyle='LTR', name='frame_rate_prompt', opacity=1, ori=0.0, pos=array([0., 0.]), rgb=UNKNOWN, text='Trying to estimate frame rate....', units='height', win=Window(...), wrapWidth=1)
16.2458 	EXP 	window1: mouseVisible = False
16.2688 	EXP 	Created welcome_text = TextStim(__class__=<class 'psychopy.visual.text.TextStim'>, alignHoriz=method-wrapper(...), alignText='center', alignVert=method-wrapper(...), anchorHoriz='center', anchorVert='center', antialias=True, autoDraw=False, autoLog=True, bold=False, color=array([-1., -1., -1.]), colorSpace='rgb', contrast=1.0, depth=-1.0, draggable=False, flipHoriz=False, flipVert=False, font='Open Sans', fontFiles=[], height=0.05, italic=False, languageStyle='LTR', name='welcome_text', opacity=1, ori=0.0, pos=array([0., 0.]), rgb=UNKNOWN, text=str(...), units='height', win=Window(...), wrapWidth=1)
16.2690 	EXP 	window1: mouseVisible = False
16.2703 	EXP 	Created gradcpt_prep_text = TextStim(__class__=<class 'psychopy.visual.text.TextStim'>, alignHoriz=method-wrapper(...), alignText='center', alignVert=method-wrapper(...), anchorHoriz='center', anchorVert='center', antialias=True, autoDraw=False, autoLog=True, bold=False, color=array([-1., -1., -1.]), colorSpace='rgb', contrast=1.0, depth=-1.0, draggable=False, flipHoriz=False, flipVert=False, font='Open Sans', fontFiles=[], height=0.03, italic=False, languageStyle='LTR', name='gradcpt_prep_text', opacity=1, ori=0.0, pos=array([0., 0.]), rgb=UNKNOWN, text='', units='height', win=Window(...), wrapWidth=1)
16.2704 	EXP 	window1: mouseVisible = False
16.2771 	EXP 	Created gradcpt_image = ImageStim(__class__=<class 'psychopy.visual.image.ImageStim'>, anchor=('center', 'center'), autoLog=True, color=array([1., 1., 1.]), colorSpace='rgb', contrast=1.0, depth=-1.0, draggable=False, flipHoriz=False, flipVert=False, image='default.png', interpolate=True, mask=None, maskParams=None, name='gradcpt_image', opacity=1, ori=0.0, pos=array([0., 0.]), size=array([0.5, 0.5]), texRes=128.0, units='height', win=Window(...))
16.2772 	EXP 	window1: mouseVisible = False
16.2788 	EXP 	Created pixel = Rect(__class__=<class 'psychopy.visual.rect.Rect'>, anchor=('center', 'center'), autoDraw=False, autoLog=True, closeShape=True, color=method-wrapper(...), colorSpace='rgb', contrast=None, depth=-2.0, draggable=False, fillColor=array([1, 1, 1]), fillColorSpace='rgb', fillRGB=array([1, 1, 1]), interpolate=True, lineColor=array([1., 1., 1.]), lineColorSpace='rgb', lineRGB=array([1, 1, 1]), lineWidth=0.0, name='pixel', opacity=1, ori=0.0, pos=array([0., 0.]), size=array([0.05, 0.05]), units='height', vertices=ndarray(...), win=Window(...))
16.2789 	EXP 	window1: mouseVisible = False
16.2797 	EXP 	Created debrief_text = TextStim(__class__=<class 'psychopy.visual.text.TextStim'>, alignHoriz=method-wrapper(...), alignText='center', alignVert=method-wrapper(...), anchorHoriz='center', anchorVert='center', antialias=True, autoDraw=False, autoLog=True, bold=False, color=array([-1., -1., -1.]), colorSpace='rgb', contrast=1.0, depth=0.0, draggable=False, flipHoriz=False, flipVert=False, font='Open Sans', fontFiles=[], height=0.03, italic=False, languageStyle='LTR', name='debrief_text', opacity=1, ori=0.0, pos=array([0., 0.]), rgb=UNKNOWN, text='', units='height', win=Window(...), wrapWidth=1)
16.2798 	EXP 	window1: mouseVisible = False
16.2858 	EXP 	Created thanks_text = TextStim(__class__=<class 'psychopy.visual.text.TextStim'>, alignHoriz=method-wrapper(...), alignText='center', alignVert=method-wrapper(...), anchorHoriz='center', anchorVert='center', antialias=True, autoDraw=False, autoLog=True, bold=False, color=array([-1., -1., -1.]), colorSpace='rgb', contrast=1.0, depth=0.0, draggable=False, flipHoriz=False, flipVert=False, font='Open Sans', fontFiles=[], height=0.05, italic=False, languageStyle='LTR', name='thanks_text', opacity=1, ori=0.0, pos=array([0., 0.]), rgb=UNKNOWN, text='Thank you for your participation!', units='height', win=Window(...), wrapWidth=1)
0.0218 	EXP 	window1: mouseVisible = False
0.0361 	EXP 	frame_rate_prompt: autoDraw = True
5.0083 	EXP 	window1: mouseVisible = False
5.0227 	INFO 	Keyboard events cleared
5.0223 	EXP 	frame_rate_prompt: autoDraw = False
5.0223 	EXP 	welcome_text: autoDraw = True
6.3431 	DATA 	Keypress: space
6.3543 	INFO 	Keyboard events cleared
6.3538 	EXP 	welcome_text: autoDraw = False
6.3538 	EXP 	gradcpt_prep_text: height = 0.03
6.3538 	EXP 	gradcpt_prep_text: height = 0.03
6.3538 	EXP 	gradcpt_prep_text: height = 0.03
6.3538 	EXP 	gradcpt_prep_text: text = 'Now you will perform the attention task. A series of pictures will gradually be presented on the screen one after another. In this phase of the experiment, you will press the f key when you see a picture of a city scene, and you will press nothing when you see a picture of a mountain scene. It is important to respond as quickly and accurately as possible and to keep both hands on the keyboard at all times.\n\nWhen you answer thought probes during this phase, remember to again be as honest as possible. Whether you indicate that your attention was or was not on task will not affect your participation. \n\nPress the space bar to see the response mappings one more time before beginning.'
6.3538 	EXP 	gradcpt_prep_text: autoDraw = True
6.6264 	INFO 	keyboard.Keyboard is using iohub backend.
6.6489 	DATA 	Keypress: space
6.6714 	EXP 	gradcpt_prep_text: autoDraw = False
6.6714 	EXP 	pixel: fillColor = <psychopy.colors.Color: black, alpha=1.0>
6.6714 	EXP 	gradcpt_image: autoDraw = True
6.6714 	EXP 	pixel: autoDraw = True
6.6893 	EXP 	pixel: fillColor = <psychopy.colors.Color: white, alpha=1.0>
6.7060 	EXP 	pixel: fillColor = <psychopy.colors.Color: black, alpha=1.0>
6.7227 	EXP 	pixel: fillColor = <psychopy.colors.Color: white, alpha=1.0>
6.7393 	EXP 	pixel: fillColor = <psychopy.colors.Color: black, alpha=1.0>
6.7558 	EXP 	pixel: fillColor = <psychopy.colors.Color: white, alpha=1.0>
6.7727 	EXP 	pixel: fillColor = <psychopy.colors.Color: black, alpha=1.0>
6.7894 	EXP 	pixel: fillColor = <psychopy.colors.Color: white, alpha=1.0>
6.8059 	EXP 	pixel: fillColor = <psychopy.colors.Color: black, alpha=1.0>
6.8225 	EXP 	pixel: fillColor = <psychopy.colors.Color: white, alpha=1.0>
6.8395 	EXP 	pixel: fillColor = <psychopy.colors.Color: black, alpha=1.0>
6.8568 	EXP 	pixel: fillColor = <psychopy.colors.Color: white, alpha=1.0>
6.8734 	EXP 	pixel: fillColor = <psychopy.colors.Color: black, alpha=1.0>
6.8899 	EXP 	pixel: fillColor = <psychopy.colors.Color: white, alpha=1.0>
6.9068 	EXP 	pixel: fillColor = <psychopy.colors.Color: black, alpha=1.0>
6.9231 	EXP 	pixel: fillColor = <psychopy.colors.Color: white, alpha=1.0>
6.9401 	EXP 	pixel: fillColor = <psychopy.colors.Color: black, alpha=1.0>
6.9569 	EXP 	pixel: fillColor = <psychopy.colors.Color: white, alpha=1.0>
6.9730 	EXP 	pixel: fillColor = <psychopy.colors.Color: black, alpha=1.0>
6.9901 	EXP 	pixel: fillColor = <psychopy.colors.Color: white, alpha=1.0>
7.0060 	EXP 	pixel: fillColor = <psychopy.colors.Color: black, alpha=1.0>
7.0229 	EXP 	pixel: fillColor = <psychopy.colors.Color: white, alpha=1.0>
7.0398 	EXP 	pixel: fillColor = <psychopy.colors.Color: black, alpha=1.0>
7.0566 	EXP 	pixel: fillColor = <psychopy.colors.Color: white, alpha=1.0>
7.0733 	EXP 	pixel: fillColor = <psychopy.colors.Color: black, alpha=1.0>
7.0900 	EXP 	pixel: fillColor = <psychopy.colors.Color: white, alpha=1.0>
7.1061 	EXP 	pixel: fillColor = <psychopy.colors.Color: black, alpha=1.0>
7.1227 	EXP 	pixel: fillColor = <psychopy.colors.Color: white, alpha=1.0>
7.1394 	EXP 	pixel: fillColor = <psychopy.colors.Color: black, alpha=1.0>
7.1560 	EXP 	pixel: fillColor = <psychopy.colors.Color: white, alpha=1.0>
7.1728 	EXP 	pixel: fillColor = <psychopy.colors.Color: black, alpha=1.0>
7.1894 	EXP 	pixel: fillColor = <psychopy.colors.Color: white, alpha=1.0>
7.2064 	EXP 	pixel: fillColor = <psychopy.colors.Color: black, alpha=1.0>
7.2232 	EXP 	pixel: fillColor = <psychopy.colors.Color: white, alpha=1.0>
7.2399 	EXP 	pixel: fillColor = <psychopy.colors.Color: black, alpha=1.0>
7.2565 	EXP 	pixel: fillColor = <psychopy.colors.Color: white, alpha=1.0>
7.2733 	EXP 	pixel: fillColor = <psychopy.colors.Color: black, alpha=1.0>
7.2899 	EXP 	pixel: fillColor = <psychopy.colors.Color: white, alpha=1.0>
7.3065 	EXP 	pixel: fillColor = <psychopy.colors.Color: black, alpha=1.0>
7.3232 	EXP 	pixel: fillColor = <psychopy.colors.Color: white, alpha=1.0>
7.3401 	EXP 	pixel: fillColor = <psychopy.colors.Color: black, alpha=1.0>
7.3570 	EXP 	pixel: fillColor = <psychopy.colors.Color: white, alpha=1.0>
7.3735 	EXP 	pixel: fillColor = <psychopy.colors.Color: black, alpha=1.0>
7.3899 	EXP 	pixel: fillColor = <psychopy.colors.Color: white, alpha=1.0>
7.4066 	EXP 	pixel: fillColor = <psychopy.colors.Color: black, alpha=1.0>
7.4232 	EXP 	pixel: fillColor = <psychopy.colors.Color: white, alpha=1.0>
7.4401 	EXP 	pixel: fillColor = <psychopy.colors.Color: black, alpha=1.0>
7.4566 	EXP 	pixel: fillColor = <psychopy.colors.Color: white, alpha=1.0>
7.4890 	EXP 	pixel: fillColor = <psychopy.colors.Color: black, alpha=1.0>
7.5067 	EXP 	pixel: fillColor = <psychopy.colors.Color: white, alpha=1.0>
7.5233 	EXP 	pixel: fillColor = <psychopy.colors.Color: black, alpha=1.0>
7.5400 	EXP 	pixel: fillColor = <psychopy.colors.Color: white, alpha=1.0>
7.5568 	EXP 	pixel: fillColor = <psychopy.colors.Color: black, alpha=1.0>
7.5732 	EXP 	pixel: fillColor = <psychopy.colors.Color: white, alpha=1.0>
7.5900 	EXP 	pixel: fillColor = <psychopy.colors.Color: black, alpha=1.0>
7.6068 	EXP 	pixel: fillColor = <psychopy.colors.Color: white, alpha=1.0>
7.6233 	EXP 	pixel: fillColor = <psychopy.colors.Color: black, alpha=1.0>
7.6399 	EXP 	pixel: fillColor = <psychopy.colors.Color: white, alpha=1.0>
7.6568 	EXP 	pixel: fillColor = <psychopy.colors.Color: black, alpha=1.0>
7.6734 	EXP 	pixel: fillColor = <psychopy.colors.Color: white, alpha=1.0>
7.6899 	EXP 	pixel: fillColor = <psychopy.colors.Color: black, alpha=1.0>
7.7067 	EXP 	pixel: fillColor = <psychopy.colors.Color: white, alpha=1.0>
7.7232 	EXP 	pixel: fillColor = <psychopy.colors.Color: black, alpha=1.0>
7.7401 	EXP 	pixel: fillColor = <psychopy.colors.Color: white, alpha=1.0>
7.7567 	EXP 	pixel: fillColor = <psychopy.colors.Color: black, alpha=1.0>
7.7735 	EXP 	pixel: fillColor = <psychopy.colors.Color: white, alpha=1.0>
7.7900 	EXP 	pixel: fillColor = <psychopy.colors.Color: black, alpha=1.0>
7.8066 	EXP 	pixel: fillColor = <psychopy.colors.Color: white, alpha=1.0>
7.8233 	EXP 	pixel: fillColor = <psychopy.colors.Color: black, alpha=1.0>
7.8400 	EXP 	pixel: fillColor = <psychopy.colors.Color: white, alpha=1.0>
7.8568 	EXP 	pixel: fillColor = <psychopy.colors.Color: black, alpha=1.0>
7.8735 	EXP 	pixel: fillColor = <psychopy.colors.Color: white, alpha=1.0>
7.8900 	EXP 	pixel: fillColor = <psychopy.colors.Color: black, alpha=1.0>
7.9069 	EXP 	pixel: fillColor = <psychopy.colors.Color: white, alpha=1.0>
7.9234 	EXP 	pixel: fillColor = <psychopy.colors.Color: black, alpha=1.0>
7.9402 	EXP 	pixel: fillColor = <psychopy.colors.Color: white, alpha=1.0>
7.9569 	EXP 	pixel: fillColor = <psychopy.colors.Color: black, alpha=1.0>
7.9734 	EXP 	pixel: fillColor = <psychopy.colors.Color: white, alpha=1.0>
7.9900 	EXP 	pixel: fillColor = <psychopy.colors.Color: black, alpha=1.0>
8.0067 	EXP 	pixel: fillColor = <psychopy.colors.Color: white, alpha=1.0>
8.0236 	EXP 	pixel: fillColor = <psychopy.colors.Color: black, alpha=1.0>
8.0402 	EXP 	pixel: fillColor = <psychopy.colors.Color: white, alpha=1.0>
8.0568 	EXP 	pixel: fillColor = <psychopy.colors.Color: black, alpha=1.0>
8.0734 	EXP 	pixel: fillColor = <psychopy.colors.Color: white, alpha=1.0>
8.0901 	EXP 	pixel: fillColor = <psychopy.colors.Color: black, alpha=1.0>
8.1071 	EXP 	pixel: fillColor = <psychopy.colors.Color: white, alpha=1.0>
8.1235 	EXP 	pixel: fillColor = <psychopy.colors.Color: black, alpha=1.0>
8.1401 	EXP 	pixel: fillColor = <psychopy.colors.Color: white, alpha=1.0>
8.1569 	EXP 	pixel: fillColor = <psychopy.colors.Color: black, alpha=1.0>
8.1733 	EXP 	pixel: fillColor = <psychopy.colors.Color: white, alpha=1.0>
8.1903 	EXP 	pixel: fillColor = <psychopy.colors.Color: black, alpha=1.0>
8.2071 	EXP 	pixel: fillColor = <psychopy.colors.Color: white, alpha=1.0>
8.2231 	EXP 	pixel: fillColor = <psychopy.colors.Color: black, alpha=1.0>
8.2401 	EXP 	pixel: fillColor = <psychopy.colors.Color: white, alpha=1.0>
8.2568 	EXP 	pixel: fillColor = <psychopy.colors.Color: black, alpha=1.0>
8.2735 	EXP 	pixel: fillColor = <psychopy.colors.Color: white, alpha=1.0>
8.3060 	EXP 	pixel: fillColor = <psychopy.colors.Color: black, alpha=1.0>
8.3236 	EXP 	pixel: fillColor = <psychopy.colors.Color: white, alpha=1.0>
8.3403 	EXP 	pixel: fillColor = <psychopy.colors.Color: black, alpha=1.0>
8.3569 	EXP 	pixel: fillColor = <psychopy.colors.Color: white, alpha=1.0>
8.3735 	EXP 	pixel: fillColor = <psychopy.colors.Color: black, alpha=1.0>
8.3902 	EXP 	pixel: fillColor = <psychopy.colors.Color: white, alpha=1.0>
8.4069 	EXP 	pixel: fillColor = <psychopy.colors.Color: black, alpha=1.0>
8.4236 	EXP 	pixel: fillColor = <psychopy.colors.Color: white, alpha=1.0>
8.4402 	EXP 	pixel: fillColor = <psychopy.colors.Color: black, alpha=1.0>
8.4568 	EXP 	pixel: fillColor = <psychopy.colors.Color: white, alpha=1.0>
8.4735 	EXP 	pixel: fillColor = <psychopy.colors.Color: black, alpha=1.0>
8.4903 	EXP 	pixel: fillColor = <psychopy.colors.Color: white, alpha=1.0>
8.5069 	EXP 	pixel: fillColor = <psychopy.colors.Color: black, alpha=1.0>
8.5234 	EXP 	pixel: fillColor = <psychopy.colors.Color: white, alpha=1.0>
8.5402 	EXP 	pixel: fillColor = <psychopy.colors.Color: black, alpha=1.0>
8.5570 	EXP 	pixel: fillColor = <psychopy.colors.Color: white, alpha=1.0>
8.5736 	EXP 	pixel: fillColor = <psychopy.colors.Color: black, alpha=1.0>
8.5903 	EXP 	pixel: fillColor = <psychopy.colors.Color: white, alpha=1.0>
8.6069 	EXP 	pixel: fillColor = <psychopy.colors.Color: black, alpha=1.0>
8.6236 	EXP 	pixel: fillColor = <psychopy.colors.Color: white, alpha=1.0>
8.6405 	EXP 	pixel: fillColor = <psychopy.colors.Color: black, alpha=1.0>
8.6570 	EXP 	pixel: fillColor = <psychopy.colors.Color: white, alpha=1.0>
8.6737 	EXP 	pixel: fillColor = <psychopy.colors.Color: black, alpha=1.0>
8.6903 	EXP 	pixel: fillColor = <psychopy.colors.Color: white, alpha=1.0>
8.7071 	EXP 	pixel: fillColor = <psychopy.colors.Color: black, alpha=1.0>
8.7238 	EXP 	pixel: fillColor = <psychopy.colors.Color: white, alpha=1.0>
8.7403 	EXP 	pixel: fillColor = <psychopy.colors.Color: black, alpha=1.0>
8.7571 	EXP 	pixel: fillColor = <psychopy.colors.Color: white, alpha=1.0>
8.7737 	EXP 	pixel: fillColor = <psychopy.colors.Color: black, alpha=1.0>
8.7903 	EXP 	pixel: fillColor = <psychopy.colors.Color: white, alpha=1.0>
8.8070 	EXP 	pixel: fillColor = <psychopy.colors.Color: black, alpha=1.0>
8.8237 	EXP 	pixel: fillColor = <psychopy.colors.Color: white, alpha=1.0>
8.8402 	EXP 	pixel: fillColor = <psychopy.colors.Color: black, alpha=1.0>
8.8569 	EXP 	pixel: fillColor = <psychopy.colors.Color: white, alpha=1.0>
8.8736 	EXP 	pixel: fillColor = <psychopy.colors.Color: black, alpha=1.0>
8.8906 	EXP 	pixel: fillColor = <psychopy.colors.Color: white, alpha=1.0>
8.9071 	EXP 	pixel: fillColor = <psychopy.colors.Color: black, alpha=1.0>
8.9237 	EXP 	pixel: fillColor = <psychopy.colors.Color: white, alpha=1.0>
8.9405 	EXP 	pixel: fillColor = <psychopy.colors.Color: black, alpha=1.0>
8.9570 	EXP 	pixel: fillColor = <psychopy.colors.Color: white, alpha=1.0>
8.9738 	EXP 	pixel: fillColor = <psychopy.colors.Color: black, alpha=1.0>
8.9906 	EXP 	pixel: fillColor = <psychopy.colors.Color: white, alpha=1.0>
9.0072 	EXP 	pixel: fillColor = <psychopy.colors.Color: black, alpha=1.0>
9.0237 	EXP 	pixel: fillColor = <psychopy.colors.Color: white, alpha=1.0>
9.0403 	EXP 	pixel: fillColor = <psychopy.colors.Color: black, alpha=1.0>
9.0572 	EXP 	pixel: fillColor = <psychopy.colors.Color: white, alpha=1.0>
9.0737 	EXP 	pixel: fillColor = <psychopy.colors.Color: black, alpha=1.0>
9.0906 	EXP 	pixel: fillColor = <psychopy.colors.Color: white, alpha=1.0>
9.1229 	EXP 	pixel: fillColor = <psychopy.colors.Color: black, alpha=1.0>
9.1407 	EXP 	pixel: fillColor = <psychopy.colors.Color: white, alpha=1.0>
9.1571 	EXP 	pixel: fillColor = <psychopy.colors.Color: black, alpha=1.0>
9.1737 	EXP 	pixel: fillColor = <psychopy.colors.Color: white, alpha=1.0>
9.1903 	EXP 	pixel: fillColor = <psychopy.colors.Color: black, alpha=1.0>
9.2072 	EXP 	pixel: fillColor = <psychopy.colors.Color: white, alpha=1.0>
9.2238 	EXP 	pixel: fillColor = <psychopy.colors.Color: black, alpha=1.0>
9.2405 	EXP 	pixel: fillColor = <psychopy.colors.Color: white, alpha=1.0>
9.2570 	EXP 	pixel: fillColor = <psychopy.colors.Color: black, alpha=1.0>
9.2738 	EXP 	pixel: fillColor = <psychopy.colors.Color: white, alpha=1.0>
9.2906 	EXP 	pixel: fillColor = <psychopy.colors.Color: black, alpha=1.0>
9.3071 	EXP 	pixel: fillColor = <psychopy.colors.Color: white, alpha=1.0>
9.3239 	EXP 	pixel: fillColor = <psychopy.colors.Color: black, alpha=1.0>
9.3407 	EXP 	pixel: fillColor = <psychopy.colors.Color: white, alpha=1.0>
9.3571 	EXP 	pixel: fillColor = <psychopy.colors.Color: black, alpha=1.0>
9.3739 	EXP 	pixel: fillColor = <psychopy.colors.Color: white, alpha=1.0>
9.3905 	EXP 	pixel: fillColor = <psychopy.colors.Color: black, alpha=1.0>
9.4071 	EXP 	pixel: fillColor = <psychopy.colors.Color: white, alpha=1.0>
9.4240 	EXP 	pixel: fillColor = <psychopy.colors.Color: black, alpha=1.0>
9.4405 	EXP 	pixel: fillColor = <psychopy.colors.Color: white, alpha=1.0>
9.4574 	EXP 	pixel: fillColor = <psychopy.colors.Color: black, alpha=1.0>
9.4738 	EXP 	pixel: fillColor = <psychopy.colors.Color: white, alpha=1.0>
9.4905 	EXP 	pixel: fillColor = <psychopy.colors.Color: black, alpha=1.0>
9.5072 	EXP 	pixel: fillColor = <psychopy.colors.Color: white, alpha=1.0>
9.5239 	EXP 	pixel: fillColor = <psychopy.colors.Color: black, alpha=1.0>
9.5406 	EXP 	pixel: fillColor = <psychopy.colors.Color: white, alpha=1.0>
9.5575 	EXP 	pixel: fillColor = <psychopy.colors.Color: black, alpha=1.0>
9.5739 	EXP 	pixel: fillColor = <psychopy.colors.Color: white, alpha=1.0>
9.5908 	EXP 	pixel: fillColor = <psychopy.colors.Color: black, alpha=1.0>
9.6072 	EXP 	pixel: fillColor = <psychopy.colors.Color: white, alpha=1.0>
9.6239 	EXP 	pixel: fillColor = <psychopy.colors.Color: black, alpha=1.0>
9.6407 	EXP 	pixel: fillColor = <psychopy.colors.Color: white, alpha=1.0>
9.6573 	EXP 	pixel: fillColor = <psychopy.colors.Color: black, alpha=1.0>
9.6739 	EXP 	pixel: fillColor = <psychopy.colors.Color: white, alpha=1.0>
9.6908 	EXP 	pixel: fillColor = <psychopy.colors.Color: black, alpha=1.0>
9.7075 	EXP 	pixel: fillColor = <psychopy.colors.Color: white, alpha=1.0>
9.7240 	EXP 	pixel: fillColor = <psychopy.colors.Color: black, alpha=1.0>
9.7407 	EXP 	pixel: fillColor = <psychopy.colors.Color: white, alpha=1.0>
9.7573 	EXP 	pixel: fillColor = <psychopy.colors.Color: black, alpha=1.0>
9.7740 	EXP 	pixel: fillColor = <psychopy.colors.Color: white, alpha=1.0>
9.7906 	EXP 	pixel: fillColor = <psychopy.colors.Color: black, alpha=1.0>
9.8075 	EXP 	pixel: fillColor = <psychopy.colors.Color: white, alpha=1.0>
9.8239 	EXP 	pixel: fillColor = <psychopy.colors.Color: black, alpha=1.0>
9.8407 	EXP 	pixel: fillColor = <psychopy.colors.Color: white, alpha=1.0>
9.8573 	EXP 	pixel: fillColor = <psychopy.colors.Color: black, alpha=1.0>
9.8740 	EXP 	pixel: fillColor = <psychopy.colors.Color: white, alpha=1.0>
9.8906 	EXP 	pixel: fillColor = <psychopy.colors.Color: black, alpha=1.0>
9.9072 	EXP 	pixel: fillColor = <psychopy.colors.Color: white, alpha=1.0>
9.9399 	EXP 	pixel: fillColor = <psychopy.colors.Color: black, alpha=1.0>
9.9573 	EXP 	pixel: fillColor = <psychopy.colors.Color: white, alpha=1.0>
9.9738 	EXP 	pixel: fillColor = <psychopy.colors.Color: black, alpha=1.0>
9.9907 	EXP 	pixel: fillColor = <psychopy.colors.Color: white, alpha=1.0>
10.0076 	EXP 	pixel: fillColor = <psychopy.colors.Color: black, alpha=1.0>
10.0241 	EXP 	pixel: fillColor = <psychopy.colors.Color: white, alpha=1.0>
10.0407 	EXP 	pixel: fillColor = <psychopy.colors.Color: black, alpha=1.0>
10.0576 	EXP 	pixel: fillColor = <psychopy.colors.Color: white, alpha=1.0>
10.0743 	EXP 	pixel: fillColor = <psychopy.colors.Color: black, alpha=1.0>
10.0907 	EXP 	pixel: fillColor = <psychopy.colors.Color: white, alpha=1.0>
10.1073 	EXP 	pixel: fillColor = <psychopy.colors.Color: black, alpha=1.0>
10.1241 	EXP 	pixel: fillColor = <psychopy.colors.Color: white, alpha=1.0>
10.1410 	EXP 	pixel: fillColor = <psychopy.colors.Color: black, alpha=1.0>
10.1573 	EXP 	pixel: fillColor = <psychopy.colors.Color: white, alpha=1.0>
10.1741 	EXP 	pixel: fillColor = <psychopy.colors.Color: black, alpha=1.0>
10.1907 	EXP 	pixel: fillColor = <psychopy.colors.Color: white, alpha=1.0>
10.2073 	EXP 	pixel: fillColor = <psychopy.colors.Color: black, alpha=1.0>
10.2244 	EXP 	pixel: fillColor = <psychopy.colors.Color: white, alpha=1.0>
10.2409 	EXP 	pixel: fillColor = <psychopy.colors.Color: black, alpha=1.0>
10.2576 	EXP 	pixel: fillColor = <psychopy.colors.Color: white, alpha=1.0>
10.2744 	EXP 	pixel: fillColor = <psychopy.colors.Color: black, alpha=1.0>
10.2908 	EXP 	pixel: fillColor = <psychopy.colors.Color: white, alpha=1.0>
10.3075 	EXP 	pixel: fillColor = <psychopy.colors.Color: black, alpha=1.0>
10.3242 	EXP 	pixel: fillColor = <psychopy.colors.Color: white, alpha=1.0>
10.3408 	EXP 	pixel: fillColor = <psychopy.colors.Color: black, alpha=1.0>
10.3576 	EXP 	pixel: fillColor = <psychopy.colors.Color: white, alpha=1.0>
10.3742 	EXP 	pixel: fillColor = <psychopy.colors.Color: black, alpha=1.0>
10.3908 	EXP 	pixel: fillColor = <psychopy.colors.Color: white, alpha=1.0>
10.4074 	EXP 	pixel: fillColor = <psychopy.colors.Color: black, alpha=1.0>
10.4243 	EXP 	pixel: fillColor = <psychopy.colors.Color: white, alpha=1.0>
10.4403 	EXP 	pixel: fillColor = <psychopy.colors.Color: black, alpha=1.0>
10.4576 	EXP 	pixel: fillColor = <psychopy.colors.Color: white, alpha=1.0>
10.4744 	EXP 	pixel: fillColor = <psychopy.colors.Color: black, alpha=1.0>
10.4910 	EXP 	pixel: fillColor = <psychopy.colors.Color: white, alpha=1.0>
10.5075 	EXP 	pixel: fillColor = <psychopy.colors.Color: black, alpha=1.0>
10.5242 	EXP 	pixel: fillColor = <psychopy.colors.Color: white, alpha=1.0>
10.5409 	EXP 	pixel: fillColor = <psychopy.colors.Color: black, alpha=1.0>
10.5577 	EXP 	pixel: fillColor = <psychopy.colors.Color: white, alpha=1.0>
10.5742 	EXP 	pixel: fillColor = <psychopy.colors.Color: black, alpha=1.0>
10.5908 	EXP 	pixel: fillColor = <psychopy.colors.Color: white, alpha=1.0>
10.6077 	EXP 	pixel: fillColor = <psychopy.colors.Color: black, alpha=1.0>
10.6242 	EXP 	pixel: fillColor = <psychopy.colors.Color: white, alpha=1.0>
10.6409 	EXP 	pixel: fillColor = <psychopy.colors.Color: black, alpha=1.0>
10.6577 	EXP 	pixel: fillColor = <psychopy.colors.Color: white, alpha=1.0>
10.6743 	EXP 	pixel: fillColor = <psychopy.colors.Color: black, alpha=1.0>
10.6908 	EXP 	pixel: fillColor = <psychopy.colors.Color: white, alpha=1.0>
10.7075 	EXP 	pixel: fillColor = <psychopy.colors.Color: black, alpha=1.0>
10.7244 	EXP 	pixel: fillColor = <psychopy.colors.Color: white, alpha=1.0>
10.7567 	EXP 	pixel: fillColor = <psychopy.colors.Color: black, alpha=1.0>
10.7744 	EXP 	pixel: fillColor = <psychopy.colors.Color: white, alpha=1.0>
10.7911 	EXP 	pixel: fillColor = <psychopy.colors.Color: black, alpha=1.0>
10.8076 	EXP 	pixel: fillColor = <psychopy.colors.Color: white, alpha=1.0>
10.8243 	EXP 	pixel: fillColor = <psychopy.colors.Color: black, alpha=1.0>
10.8410 	EXP 	pixel: fillColor = <psychopy.colors.Color: white, alpha=1.0>
10.8578 	EXP 	pixel: fillColor = <psychopy.colors.Color: black, alpha=1.0>
10.8742 	EXP 	pixel: fillColor = <psychopy.colors.Color: white, alpha=1.0>
10.8910 	EXP 	pixel: fillColor = <psychopy.colors.Color: black, alpha=1.0>
10.9076 	EXP 	pixel: fillColor = <psychopy.colors.Color: white, alpha=1.0>
10.9243 	EXP 	pixel: fillColor = <psychopy.colors.Color: black, alpha=1.0>
10.9412 	EXP 	pixel: fillColor = <psychopy.colors.Color: white, alpha=1.0>
10.9577 	EXP 	pixel: fillColor = <psychopy.colors.Color: black, alpha=1.0>
10.9743 	EXP 	pixel: fillColor = <psychopy.colors.Color: white, alpha=1.0>
10.9911 	EXP 	pixel: fillColor = <psychopy.colors.Color: black, alpha=1.0>
11.0075 	EXP 	pixel: fillColor = <psychopy.colors.Color: white, alpha=1.0>
11.0244 	EXP 	pixel: fillColor = <psychopy.colors.Color: black, alpha=1.0>
11.0409 	EXP 	pixel: fillColor = <psychopy.colors.Color: white, alpha=1.0>
11.0576 	EXP 	pixel: fillColor = <psychopy.colors.Color: black, alpha=1.0>
11.0743 	EXP 	pixel: fillColor = <psychopy.colors.Color: white, alpha=1.0>
11.0910 	EXP 	pixel: fillColor = <psychopy.colors.Color: black, alpha=1.0>
11.1076 	EXP 	pixel: fillColor = <psychopy.colors.Color: white, alpha=1.0>
11.1243 	EXP 	pixel: fillColor = <psychopy.colors.Color: black, alpha=1.0>
11.1412 	EXP 	pixel: fillColor = <psychopy.colors.Color: white, alpha=1.0>
11.1579 	EXP 	pixel: fillColor = <psychopy.colors.Color: black, alpha=1.0>
11.1744 	EXP 	pixel: fillColor = <psychopy.colors.Color: white, alpha=1.0>
11.1908 	EXP 	pixel: fillColor = <psychopy.colors.Color: black, alpha=1.0>
11.2076 	EXP 	pixel: fillColor = <psychopy.colors.Color: white, alpha=1.0>
11.2246 	EXP 	pixel: fillColor = <psychopy.colors.Color: black, alpha=1.0>
11.2410 	EXP 	pixel: fillColor = <psychopy.colors.Color: white, alpha=1.0>
11.2579 	EXP 	pixel: fillColor = <psychopy.colors.Color: black, alpha=1.0>
11.2744 	EXP 	pixel: fillColor = <psychopy.colors.Color: white, alpha=1.0>
11.2913 	EXP 	pixel: fillColor = <psychopy.colors.Color: black, alpha=1.0>
11.3078 	EXP 	pixel: fillColor = <psychopy.colors.Color: white, alpha=1.0>
11.3244 	EXP 	pixel: fillColor = <psychopy.colors.Color: black, alpha=1.0>
11.3411 	EXP 	pixel: fillColor = <psychopy.colors.Color: white, alpha=1.0>
11.3577 	EXP 	pixel: fillColor = <psychopy.colors.Color: black, alpha=1.0>
11.3745 	EXP 	pixel: fillColor = <psychopy.colors.Color: white, alpha=1.0>
11.3911 	EXP 	pixel: fillColor = <psychopy.colors.Color: black, alpha=1.0>
11.4078 	EXP 	pixel: fillColor = <psychopy.colors.Color: white, alpha=1.0>
11.4245 	EXP 	pixel: fillColor = <psychopy.colors.Color: black, alpha=1.0>
11.4411 	EXP 	pixel: fillColor = <psychopy.colors.Color: white, alpha=1.0>
11.4578 	EXP 	pixel: fillColor = <psychopy.colors.Color: black, alpha=1.0>
11.4745 	EXP 	pixel: fillColor = <psychopy.colors.Color: white, alpha=1.0>
11.4913 	EXP 	pixel: fillColor = <psychopy.colors.Color: black, alpha=1.0>
11.5078 	EXP 	pixel: fillColor = <psychopy.colors.Color: white, alpha=1.0>
11.5247 	EXP 	pixel: fillColor = <psychopy.colors.Color: black, alpha=1.0>
11.5412 	EXP 	pixel: fillColor = <psychopy.colors.Color: white, alpha=1.0>
11.5735 	EXP 	pixel: fillColor = <psychopy.colors.Color: black, alpha=1.0>
11.5914 	EXP 	pixel: fillColor = <psychopy.colors.Color: white, alpha=1.0>
11.6078 	EXP 	pixel: fillColor = <psychopy.colors.Color: black, alpha=1.0>
11.6245 	EXP 	pixel: fillColor = <psychopy.colors.Color: white, alpha=1.0>
11.6411 	EXP 	pixel: fillColor = <psychopy.colors.Color: black, alpha=1.0>
11.6578 	EXP 	pixel: fillColor = <psychopy.colors.Color: white, alpha=1.0>
11.6745 	EXP 	pixel: fillColor = <psychopy.colors.Color: black, alpha=1.0>
11.6912 	EXP 	pixel: fillColor = <psychopy.colors.Color: white, alpha=1.0>
11.7079 	EXP 	pixel: fillColor = <psychopy.colors.Color: black, alpha=1.0>
11.7246 	EXP 	pixel: fillColor = <psychopy.colors.Color: white, alpha=1.0>
11.7413 	EXP 	pixel: fillColor = <psychopy.colors.Color: black, alpha=1.0>
11.7579 	EXP 	pixel: fillColor = <psychopy.colors.Color: white, alpha=1.0>
11.7745 	EXP 	pixel: fillColor = <psychopy.colors.Color: black, alpha=1.0>
11.7914 	EXP 	pixel: fillColor = <psychopy.colors.Color: white, alpha=1.0>
11.8079 	EXP 	pixel: fillColor = <psychopy.colors.Color: black, alpha=1.0>
11.8246 	EXP 	pixel: fillColor = <psychopy.colors.Color: white, alpha=1.0>
11.8413 	EXP 	pixel: fillColor = <psychopy.colors.Color: black, alpha=1.0>
11.8581 	EXP 	pixel: fillColor = <psychopy.colors.Color: white, alpha=1.0>
11.8745 	EXP 	pixel: fillColor = <psychopy.colors.Color: black, alpha=1.0>
11.8912 	EXP 	pixel: fillColor = <psychopy.colors.Color: white, alpha=1.0>
11.9080 	EXP 	pixel: fillColor = <psychopy.colors.Color: black, alpha=1.0>
11.9249 	EXP 	pixel: fillColor = <psychopy.colors.Color: white, alpha=1.0>
11.9413 	EXP 	pixel: fillColor = <psychopy.colors.Color: black, alpha=1.0>
11.9579 	EXP 	pixel: fillColor = <psychopy.colors.Color: white, alpha=1.0>
11.9746 	EXP 	pixel: fillColor = <psychopy.colors.Color: black, alpha=1.0>
11.9915 	EXP 	pixel: fillColor = <psychopy.colors.Color: white, alpha=1.0>
12.0080 	EXP 	pixel: fillColor = <psychopy.colors.Color: black, alpha=1.0>
12.0246 	EXP 	pixel: fillColor = <psychopy.colors.Color: white, alpha=1.0>
12.0416 	EXP 	pixel: fillColor = <psychopy.colors.Color: black, alpha=1.0>
12.0580 	EXP 	pixel: fillColor = <psychopy.colors.Color: white, alpha=1.0>
12.0747 	EXP 	pixel: fillColor = <psychopy.colors.Color: black, alpha=1.0>
12.0914 	EXP 	pixel: fillColor = <psychopy.colors.Color: white, alpha=1.0>
12.1081 	EXP 	pixel: fillColor = <psychopy.colors.Color: black, alpha=1.0>
12.1247 	EXP 	pixel: fillColor = <psychopy.colors.Color: white, alpha=1.0>
12.1418 	EXP 	pixel: fillColor = <psychopy.colors.Color: black, alpha=1.0>
12.1581 	EXP 	pixel: fillColor = <psychopy.colors.Color: white, alpha=1.0>
12.1747 	EXP 	pixel: fillColor = <psychopy.colors.Color: black, alpha=1.0>
12.1913 	EXP 	pixel: fillColor = <psychopy.colors.Color: white, alpha=1.0>
12.2083 	EXP 	pixel: fillColor = <psychopy.colors.Color: black, alpha=1.0>
12.2247 	EXP 	pixel: fillColor = <psychopy.colors.Color: white, alpha=1.0>
12.2413 	EXP 	pixel: fillColor = <psychopy.colors.Color: black, alpha=1.0>
12.2579 	EXP 	pixel: fillColor = <psychopy.colors.Color: white, alpha=1.0>
12.2747 	EXP 	pixel: fillColor = <psychopy.colors.Color: black, alpha=1.0>
12.2913 	EXP 	pixel: fillColor = <psychopy.colors.Color: white, alpha=1.0>
12.3080 	EXP 	pixel: fillColor = <psychopy.colors.Color: black, alpha=1.0>
12.3249 	EXP 	pixel: fillColor = <psychopy.colors.Color: white, alpha=1.0>
12.3414 	EXP 	pixel: fillColor = <psychopy.colors.Color: black, alpha=1.0>
12.3583 	EXP 	pixel: fillColor = <psychopy.colors.Color: white, alpha=1.0>
12.3906 	EXP 	pixel: fillColor = <psychopy.colors.Color: black, alpha=1.0>
12.4082 	EXP 	pixel: fillColor = <psychopy.colors.Color: white, alpha=1.0>
12.4246 	EXP 	pixel: fillColor = <psychopy.colors.Color: black, alpha=1.0>
12.4414 	EXP 	pixel: fillColor = <psychopy.colors.Color: white, alpha=1.0>
12.4583 	EXP 	pixel: fillColor = <psychopy.colors.Color: black, alpha=1.0>
12.4747 	EXP 	pixel: fillColor = <psychopy.colors.Color: white, alpha=1.0>
12.4913 	EXP 	pixel: fillColor = <psychopy.colors.Color: black, alpha=1.0>
12.5082 	EXP 	pixel: fillColor = <psychopy.colors.Color: white, alpha=1.0>
12.5247 	EXP 	pixel: fillColor = <psychopy.colors.Color: black, alpha=1.0>
12.5413 	EXP 	pixel: fillColor = <psychopy.colors.Color: white, alpha=1.0>
12.5584 	EXP 	pixel: fillColor = <psychopy.colors.Color: black, alpha=1.0>
12.5748 	EXP 	pixel: fillColor = <psychopy.colors.Color: white, alpha=1.0>
12.5915 	EXP 	pixel: fillColor = <psychopy.colors.Color: black, alpha=1.0>
12.6081 	EXP 	pixel: fillColor = <psychopy.colors.Color: white, alpha=1.0>
12.6248 	EXP 	pixel: fillColor = <psychopy.colors.Color: black, alpha=1.0>
12.6414 	EXP 	pixel: fillColor = <psychopy.colors.Color: white, alpha=1.0>
12.6582 	EXP 	pixel: fillColor = <psychopy.colors.Color: black, alpha=1.0>
12.6748 	EXP 	pixel: fillColor = <psychopy.colors.Color: white, alpha=1.0>
12.6914 	EXP 	pixel: fillColor = <psychopy.colors.Color: black, alpha=1.0>
12.7082 	EXP 	pixel: fillColor = <psychopy.colors.Color: white, alpha=1.0>
12.7248 	EXP 	pixel: fillColor = <psychopy.colors.Color: black, alpha=1.0>
12.7417 	EXP 	pixel: fillColor = <psychopy.colors.Color: white, alpha=1.0>
12.7583 	EXP 	pixel: fillColor = <psychopy.colors.Color: black, alpha=1.0>
12.7748 	EXP 	pixel: fillColor = <psychopy.colors.Color: white, alpha=1.0>
12.7914 	EXP 	pixel: fillColor = <psychopy.colors.Color: black, alpha=1.0>
12.8081 	EXP 	pixel: fillColor = <psychopy.colors.Color: white, alpha=1.0>
12.8251 	EXP 	pixel: fillColor = <psychopy.colors.Color: black, alpha=1.0>
12.8416 	EXP 	pixel: fillColor = <psychopy.colors.Color: white, alpha=1.0>
12.8583 	EXP 	pixel: fillColor = <psychopy.colors.Color: black, alpha=1.0>
12.8749 	EXP 	pixel: fillColor = <psychopy.colors.Color: white, alpha=1.0>
12.8917 	EXP 	pixel: fillColor = <psychopy.colors.Color: black, alpha=1.0>
12.9085 	EXP 	pixel: fillColor = <psychopy.colors.Color: white, alpha=1.0>
12.9248 	EXP 	pixel: fillColor = <psychopy.colors.Color: black, alpha=1.0>
12.9414 	EXP 	pixel: fillColor = <psychopy.colors.Color: white, alpha=1.0>
12.9583 	EXP 	pixel: fillColor = <psychopy.colors.Color: black, alpha=1.0>
12.9750 	EXP 	pixel: fillColor = <psychopy.colors.Color: white, alpha=1.0>
12.9912 	EXP 	pixel: fillColor = <psychopy.colors.Color: black, alpha=1.0>
13.0082 	EXP 	pixel: fillColor = <psychopy.colors.Color: white, alpha=1.0>
13.0249 	EXP 	pixel: fillColor = <psychopy.colors.Color: black, alpha=1.0>
13.0417 	EXP 	pixel: fillColor = <psychopy.colors.Color: white, alpha=1.0>
13.0583 	EXP 	pixel: fillColor = <psychopy.colors.Color: black, alpha=1.0>
13.0751 	EXP 	pixel: fillColor = <psychopy.colors.Color: white, alpha=1.0>
13.0917 	EXP 	pixel: fillColor = <psychopy.colors.Color: black, alpha=1.0>
13.1084 	EXP 	pixel: fillColor = <psychopy.colors.Color: white, alpha=1.0>
13.1250 	EXP 	pixel: fillColor = <psychopy.colors.Color: black, alpha=1.0>
13.1421 	EXP 	pixel: fillColor = <psychopy.colors.Color: white, alpha=1.0>
13.1583 	EXP 	pixel: fillColor = <psychopy.colors.Color: black, alpha=1.0>
13.1750 	EXP 	pixel: fillColor = <psychopy.colors.Color: white, alpha=1.0>
13.2073 	EXP 	pixel: fillColor = <psychopy.colors.Color: black, alpha=1.0>
13.2251 	EXP 	pixel: fillColor = <psychopy.colors.Color: white, alpha=1.0>
13.2418 	EXP 	pixel: fillColor = <psychopy.colors.Color: black, alpha=1.0>
13.2584 	EXP 	pixel: fillColor = <psychopy.colors.Color: white, alpha=1.0>
13.2750 	EXP 	pixel: fillColor = <psychopy.colors.Color: black, alpha=1.0>
13.2916 	EXP 	pixel: fillColor = <psychopy.colors.Color: white, alpha=1.0>
13.3085 	EXP 	pixel: fillColor = <psychopy.colors.Color: black, alpha=1.0>
13.3253 	EXP 	pixel: fillColor = <psychopy.colors.Color: white, alpha=1.0>
13.3417 	EXP 	pixel: fillColor = <psychopy.colors.Color: black, alpha=1.0>
13.3583 	EXP 	pixel: fillColor = <psychopy.colors.Color: white, alpha=1.0>
13.3752 	EXP 	pixel: fillColor = <psychopy.colors.Color: black, alpha=1.0>
13.3917 	EXP 	pixel: fillColor = <psychopy.colors.Color: white, alpha=1.0>
13.4082 	EXP 	pixel: fillColor = <psychopy.colors.Color: black, alpha=1.0>
13.4251 	EXP 	pixel: fillColor = <psychopy.colors.Color: white, alpha=1.0>
13.4419 	EXP 	pixel: fillColor = <psychopy.colors.Color: black, alpha=1.0>
13.4585 	EXP 	pixel: fillColor = <psychopy.colors.Color: white, alpha=1.0>
13.4751 	EXP 	pixel: fillColor = <psychopy.colors.Color: black, alpha=1.0>
13.4918 	EXP 	pixel: fillColor = <psychopy.colors.Color: white, alpha=1.0>
13.5085 	EXP 	pixel: fillColor = <psychopy.colors.Color: black, alpha=1.0>
13.5252 	EXP 	pixel: fillColor = <psychopy.colors.Color: white, alpha=1.0>
13.5418 	EXP 	pixel: fillColor = <psychopy.colors.Color: black, alpha=1.0>
13.5585 	EXP 	pixel: fillColor = <psychopy.colors.Color: white, alpha=1.0>
13.5752 	EXP 	pixel: fillColor = <psychopy.colors.Color: black, alpha=1.0>
13.5919 	EXP 	pixel: fillColor = <psychopy.colors.Color: white, alpha=1.0>
13.6083 	EXP 	pixel: fillColor = <psychopy.colors.Color: black, alpha=1.0>
13.6251 	EXP 	pixel: fillColor = <psychopy.colors.Color: white, alpha=1.0>
13.6418 	EXP 	pixel: fillColor = <psychopy.colors.Color: black, alpha=1.0>
13.6586 	EXP 	pixel: fillColor = <psychopy.colors.Color: white, alpha=1.0>
13.6750 	EXP 	pixel: fillColor = <psychopy.colors.Color: black, alpha=1.0>
13.6920 	EXP 	pixel: fillColor = <psychopy.colors.Color: white, alpha=1.0>
13.7085 	EXP 	pixel: fillColor = <psychopy.colors.Color: black, alpha=1.0>
13.7252 	EXP 	pixel: fillColor = <psychopy.colors.Color: white, alpha=1.0>
13.7419 	EXP 	pixel: fillColor = <psychopy.colors.Color: black, alpha=1.0>
13.7586 	EXP 	pixel: fillColor = <psychopy.colors.Color: white, alpha=1.0>
13.7751 	EXP 	pixel: fillColor = <psychopy.colors.Color: black, alpha=1.0>
13.7921 	EXP 	pixel: fillColor = <psychopy.colors.Color: white, alpha=1.0>
13.8084 	EXP 	pixel: fillColor = <psychopy.colors.Color: black, alpha=1.0>
13.8252 	EXP 	pixel: fillColor = <psychopy.colors.Color: white, alpha=1.0>
13.8421 	EXP 	pixel: fillColor = <psychopy.colors.Color: black, alpha=1.0>
13.8587 	EXP 	pixel: fillColor = <psychopy.colors.Color: white, alpha=1.0>
13.8752 	EXP 	pixel: fillColor = <psychopy.colors.Color: black, alpha=1.0>
13.8920 	EXP 	pixel: fillColor = <psychopy.colors.Color: white, alpha=1.0>
13.9086 	EXP 	pixel: fillColor = <psychopy.colors.Color: black, alpha=1.0>
13.9254 	EXP 	pixel: fillColor = <psychopy.colors.Color: white, alpha=1.0>
13.9420 	EXP 	pixel: fillColor = <psychopy.colors.Color: black, alpha=1.0>
13.9586 	EXP 	pixel: fillColor = <psychopy.colors.Color: white, alpha=1.0>
13.9753 	EXP 	pixel: fillColor = <psychopy.colors.Color: black, alpha=1.0>
13.9919 	EXP 	pixel: fillColor = <psychopy.colors.Color: white, alpha=1.0>
14.0243 	EXP 	pixel: fillColor = <psychopy.colors.Color: black, alpha=1.0>
14.0419 	EXP 	pixel: fillColor = <psychopy.colors.Color: white, alpha=1.0>
14.0585 	EXP 	pixel: fillColor = <psychopy.colors.Color: black, alpha=1.0>
14.0753 	EXP 	pixel: fillColor = <psychopy.colors.Color: white, alpha=1.0>
14.0919 	EXP 	pixel: fillColor = <psychopy.colors.Color: black, alpha=1.0>
14.1086 	EXP 	pixel: fillColor = <psychopy.colors.Color: white, alpha=1.0>
14.1253 	EXP 	pixel: fillColor = <psychopy.colors.Color: black, alpha=1.0>
14.1425 	EXP 	pixel: fillColor = <psychopy.colors.Color: white, alpha=1.0>
14.1587 	EXP 	pixel: fillColor = <psychopy.colors.Color: black, alpha=1.0>
14.1754 	EXP 	pixel: fillColor = <psychopy.colors.Color: white, alpha=1.0>
14.1920 	EXP 	pixel: fillColor = <psychopy.colors.Color: black, alpha=1.0>
14.2085 	EXP 	pixel: fillColor = <psychopy.colors.Color: white, alpha=1.0>
14.2253 	EXP 	pixel: fillColor = <psychopy.colors.Color: black, alpha=1.0>
14.2422 	EXP 	pixel: fillColor = <psychopy.colors.Color: white, alpha=1.0>
14.2587 	EXP 	pixel: fillColor = <psychopy.colors.Color: black, alpha=1.0>
14.2754 	EXP 	pixel: fillColor = <psychopy.colors.Color: white, alpha=1.0>
14.2921 	EXP 	pixel: fillColor = <psychopy.colors.Color: black, alpha=1.0>
14.3086 	EXP 	pixel: fillColor = <psychopy.colors.Color: white, alpha=1.0>
14.3253 	EXP 	pixel: fillColor = <psychopy.colors.Color: black, alpha=1.0>
14.3421 	EXP 	pixel: fillColor = <psychopy.colors.Color: white, alpha=1.0>
14.3586 	EXP 	pixel: fillColor = <psychopy.colors.Color: black, alpha=1.0>
14.3755 	EXP 	pixel: fillColor = <psychopy.colors.Color: white, alpha=1.0>
14.3921 	EXP 	pixel: fillColor = <psychopy.colors.Color: black, alpha=1.0>
14.4089 	EXP 	pixel: fillColor = <psychopy.colors.Color: white, alpha=1.0>
14.4254 	EXP 	pixel: fillColor = <psychopy.colors.Color: black, alpha=1.0>
14.4420 	EXP 	pixel: fillColor = <psychopy.colors.Color: white, alpha=1.0>
14.4588 	EXP 	pixel: fillColor = <psychopy.colors.Color: black, alpha=1.0>
14.4750 	EXP 	pixel: fillColor = <psychopy.colors.Color: white, alpha=1.0>
14.4923 	EXP 	pixel: fillColor = <psychopy.colors.Color: black, alpha=1.0>
14.5087 	EXP 	pixel: fillColor = <psychopy.colors.Color: white, alpha=1.0>
14.5253 	EXP 	pixel: fillColor = <psychopy.colors.Color: black, alpha=1.0>
14.5423 	EXP 	pixel: fillColor = <psychopy.colors.Color: white, alpha=1.0>
14.5587 	EXP 	pixel: fillColor = <psychopy.colors.Color: black, alpha=1.0>
14.5753 	EXP 	pixel: fillColor = <psychopy.colors.Color: white, alpha=1.0>
14.5920 	EXP 	pixel: fillColor = <psychopy.colors.Color: black, alpha=1.0>
14.6087 	EXP 	pixel: fillColor = <psychopy.colors.Color: white, alpha=1.0>
14.6254 	EXP 	pixel: fillColor = <psychopy.colors.Color: black, alpha=1.0>
14.6421 	EXP 	pixel: fillColor = <psychopy.colors.Color: white, alpha=1.0>
14.6588 	EXP 	pixel: fillColor = <psychopy.colors.Color: black, alpha=1.0>
14.6755 	EXP 	pixel: fillColor = <psychopy.colors.Color: white, alpha=1.0>
14.6922 	EXP 	pixel: fillColor = <psychopy.colors.Color: black, alpha=1.0>
14.7088 	EXP 	pixel: fillColor = <psychopy.colors.Color: white, alpha=1.0>
14.7254 	EXP 	pixel: fillColor = <psychopy.colors.Color: black, alpha=1.0>
14.7422 	EXP 	pixel: fillColor = <psychopy.colors.Color: white, alpha=1.0>
14.7591 	EXP 	pixel: fillColor = <psychopy.colors.Color: black, alpha=1.0>
14.7755 	EXP 	pixel: fillColor = <psychopy.colors.Color: white, alpha=1.0>
14.7923 	EXP 	pixel: fillColor = <psychopy.colors.Color: black, alpha=1.0>
14.8089 	EXP 	pixel: fillColor = <psychopy.colors.Color: white, alpha=1.0>
14.8401 	INFO 	Keyboard events cleared
14.8397 	EXP 	pixel: fillColor = <psychopy.colors.Color: black, alpha=1.0>
14.8397 	EXP 	gradcpt_image: autoDraw = False
14.8397 	EXP 	pixel: autoDraw = False
14.8397 	EXP 	debrief_text: height = 0.03
14.8397 	EXP 	debrief_text: height = 0.03
14.8397 	EXP 	debrief_text: height = 0.03
14.8397 	EXP 	debrief_text: text = 'Some debriefing text.'
14.8397 	EXP 	debrief_text: autoDraw = True
20.9155 	DATA 	Keypress: space
20.9266 	EXP 	debrief_text: autoDraw = False
20.9266 	EXP 	thanks_text: autoDraw = True
21.0642 	DATA 	Keypress: space
25.9287 	EXP 	thanks_text: autoDraw = False
25.9314 	EXP 	gradcptpy: status = STOPPED
25.9641 	INFO 	saved data to 'C:\\Users\\zhw\\Projects\\test\\gradcptpy\\data/891873_gradcptpy_2024-09-19_17h43.01.182.csv'
25.9671 	INFO 	saved data to C:\Users\zhw\Projects\test\gradcptpy\data/891873_gradcptpy_2024-09-19_17h43.01.182.psydat
26.0665 	EXP 	window1: mouseVisible = True
26.6144 	DEBUG 	Saving data for gradcptpy ExperimentHandler
